                                      1 ;--------------------------------------------------------
                                      2 ; File Created by SDCC : free open source ANSI-C Compiler
                                      3 ; Version 3.5.5 #9380 (Linux)
                                      4 ; This file was generated Tue Nov 17 16:52:51 2015
                                      5 ;--------------------------------------------------------
                                      6 	.module announcement
                                      7 	.optsdcc -mmcs51 --model-large
                                      8 	
                                      9 ;--------------------------------------------------------
                                     10 ; Public variables in this module
                                     11 ;--------------------------------------------------------
                                     12 	.globl _list_item_next
                                     13 	.globl _list_remove
                                     14 	.globl _list_add
                                     15 	.globl _list_head
                                     16 	.globl _list_init
                                     17 	.globl _announcement_init
                                     18 	.globl _announcement_register
                                     19 	.globl _announcement_remove
                                     20 	.globl _announcement_remove_value
                                     21 	.globl _announcement_set_value
                                     22 	.globl _announcement_bump
                                     23 	.globl _announcement_listen
                                     24 	.globl _announcement_register_listen_callback
                                     25 	.globl _announcement_register_observer_callback
                                     26 	.globl _announcement_list
                                     27 	.globl _announcement_heard
                                     28 ;--------------------------------------------------------
                                     29 ; special function registers
                                     30 ;--------------------------------------------------------
                                     31 	.area RSEG    (ABS,DATA)
      000000                         32 	.org 0x0000
                                     33 ;--------------------------------------------------------
                                     34 ; special function bits
                                     35 ;--------------------------------------------------------
                                     36 	.area RSEG    (ABS,DATA)
      000000                         37 	.org 0x0000
                                     38 ;--------------------------------------------------------
                                     39 ; overlayable register banks
                                     40 ;--------------------------------------------------------
                                     41 	.area REG_BANK_0	(REL,OVR,DATA)
      000000                         42 	.ds 8
                                     43 ;--------------------------------------------------------
                                     44 ; internal ram data
                                     45 ;--------------------------------------------------------
                                     46 	.area DSEG    (DATA)
                                     47 ;--------------------------------------------------------
                                     48 ; overlayable items in internal ram 
                                     49 ;--------------------------------------------------------
                                     50 ;--------------------------------------------------------
                                     51 ; indirectly addressable internal ram data
                                     52 ;--------------------------------------------------------
                                     53 	.area ISEG    (DATA)
                                     54 ;--------------------------------------------------------
                                     55 ; absolute internal ram data
                                     56 ;--------------------------------------------------------
                                     57 	.area IABS    (ABS,DATA)
                                     58 	.area IABS    (ABS,DATA)
                                     59 ;--------------------------------------------------------
                                     60 ; bit data
                                     61 ;--------------------------------------------------------
                                     62 	.area BSEG    (BIT)
                                     63 ;--------------------------------------------------------
                                     64 ; paged external ram data
                                     65 ;--------------------------------------------------------
                                     66 	.area PSEG    (PAG,XDATA)
                                     67 ;--------------------------------------------------------
                                     68 ; external ram data
                                     69 ;--------------------------------------------------------
                                     70 	.area XSEG    (XDATA)
      000000                         71 _listen_callback:
      000000                         72 	.ds 2
      000002                         73 _observer_callback:
      000002                         74 	.ds 2
                                     75 ;--------------------------------------------------------
                                     76 ; absolute external ram data
                                     77 ;--------------------------------------------------------
                                     78 	.area XABS    (ABS,XDATA)
                                     79 ;--------------------------------------------------------
                                     80 ; external initialized ram data
                                     81 ;--------------------------------------------------------
                                     82 	.area XISEG   (XDATA)
      000000                         83 _announcements_list:
      000000                         84 	.ds 3
      000003                         85 _announcements:
      000003                         86 	.ds 3
                                     87 	.area HOME    (CODE)
                                     88 	.area GSINIT0 (CODE)
                                     89 	.area GSINIT1 (CODE)
                                     90 	.area GSINIT2 (CODE)
                                     91 	.area GSINIT3 (CODE)
                                     92 	.area GSINIT4 (CODE)
                                     93 	.area GSINIT5 (CODE)
                                     94 	.area GSINIT  (CODE)
                                     95 	.area GSFINAL (CODE)
                                     96 	.area CSEG    (CODE)
                                     97 ;--------------------------------------------------------
                                     98 ; global & static initialisations
                                     99 ;--------------------------------------------------------
                                    100 	.area HOME    (CODE)
                                    101 	.area GSINIT  (CODE)
                                    102 	.area GSFINAL (CODE)
                                    103 	.area GSINIT  (CODE)
                                    104 ;--------------------------------------------------------
                                    105 ; Home
                                    106 ;--------------------------------------------------------
                                    107 	.area HOME    (CODE)
                                    108 	.area HOME    (CODE)
                                    109 ;--------------------------------------------------------
                                    110 ; code
                                    111 ;--------------------------------------------------------
                                    112 	.area CSEG    (CODE)
                                    113 ;------------------------------------------------------------
                                    114 ;Allocation info for local variables in function 'announcement_init'
                                    115 ;------------------------------------------------------------
                                    116 ;	/opt/contiki/core/net/rime/announcement.c:56: announcement_init(void)
                                    117 ;	-----------------------------------------
                                    118 ;	 function announcement_init
                                    119 ;	-----------------------------------------
      000000                        120 _announcement_init:
                           000007   121 	ar7 = 0x07
                           000006   122 	ar6 = 0x06
                           000005   123 	ar5 = 0x05
                           000004   124 	ar4 = 0x04
                           000003   125 	ar3 = 0x03
                           000002   126 	ar2 = 0x02
                           000001   127 	ar1 = 0x01
                           000000   128 	ar0 = 0x00
                                    129 ;	/opt/contiki/core/net/rime/announcement.c:58: list_init(announcements);
      000000 90r00r03         [24]  130 	mov	dptr,#_announcements
      000003 E0               [24]  131 	movx	a,@dptr
      000004 FD               [12]  132 	mov	r5,a
      000005 A3               [24]  133 	inc	dptr
      000006 E0               [24]  134 	movx	a,@dptr
      000007 FE               [12]  135 	mov	r6,a
      000008 A3               [24]  136 	inc	dptr
      000009 E0               [24]  137 	movx	a,@dptr
      00000A FF               [12]  138 	mov	r7,a
      00000B 8D 82            [24]  139 	mov	dpl,r5
      00000D 8E 83            [24]  140 	mov	dph,r6
      00000F 8F F0            [24]  141 	mov	b,r7
      000011 02r00r00         [24]  142 	ljmp	_list_init
                                    143 ;------------------------------------------------------------
                                    144 ;Allocation info for local variables in function 'announcement_register'
                                    145 ;------------------------------------------------------------
                                    146 ;id                        Allocated to stack - sp -12
                                    147 ;callback                  Allocated to stack - sp -14
                                    148 ;a                         Allocated to stack - sp -8
                                    149 ;sloc0                     Allocated to stack - sp -2
                                    150 ;sloc1                     Allocated to stack - sp -5
                                    151 ;------------------------------------------------------------
                                    152 ;	/opt/contiki/core/net/rime/announcement.c:62: announcement_register(struct announcement *a, uint16_t id,
                                    153 ;	-----------------------------------------
                                    154 ;	 function announcement_register
                                    155 ;	-----------------------------------------
      000014                        156 _announcement_register:
      000014 C0 82            [24]  157 	push	dpl
      000016 C0 83            [24]  158 	push	dph
      000018 C0 F0            [24]  159 	push	b
      00001A E5 81            [12]  160 	mov	a,sp
      00001C 24 06            [12]  161 	add	a,#0x06
                                    162 ;	/opt/contiki/core/net/rime/announcement.c:65: a->id = id;
      00001E F5 81            [12]  163 	mov	sp,a
      000020 24 F8            [12]  164 	add	a,#0xf8
      000022 F8               [12]  165 	mov	r0,a
      000023 74 03            [12]  166 	mov	a,#0x03
      000025 26               [12]  167 	add	a,@r0
      000026 FA               [12]  168 	mov	r2,a
      000027 E4               [12]  169 	clr	a
      000028 08               [12]  170 	inc	r0
      000029 36               [12]  171 	addc	a,@r0
      00002A FB               [12]  172 	mov	r3,a
      00002B 08               [12]  173 	inc	r0
      00002C 86 04            [24]  174 	mov	ar4,@r0
      00002E 8A 82            [24]  175 	mov	dpl,r2
      000030 8B 83            [24]  176 	mov	dph,r3
      000032 8C F0            [24]  177 	mov	b,r4
      000034 E5 81            [12]  178 	mov	a,sp
      000036 24 F4            [12]  179 	add	a,#0xf4
      000038 F8               [12]  180 	mov	r0,a
      000039 E6               [12]  181 	mov	a,@r0
      00003A 12r00r00         [24]  182 	lcall	__gptrput
      00003D A3               [24]  183 	inc	dptr
      00003E 08               [12]  184 	inc	r0
      00003F E6               [12]  185 	mov	a,@r0
      000040 12r00r00         [24]  186 	lcall	__gptrput
                                    187 ;	/opt/contiki/core/net/rime/announcement.c:66: a->has_value = 0;
      000043 E5 81            [12]  188 	mov	a,sp
      000045 24 F8            [12]  189 	add	a,#0xf8
      000047 F8               [12]  190 	mov	r0,a
      000048 A9 81            [24]  191 	mov	r1,sp
      00004A 19               [12]  192 	dec	r1
      00004B 19               [12]  193 	dec	r1
      00004C 74 09            [12]  194 	mov	a,#0x09
      00004E 26               [12]  195 	add	a,@r0
      00004F F7               [12]  196 	mov	@r1,a
      000050 E4               [12]  197 	clr	a
      000051 08               [12]  198 	inc	r0
      000052 36               [12]  199 	addc	a,@r0
      000053 09               [12]  200 	inc	r1
      000054 F7               [12]  201 	mov	@r1,a
      000055 08               [12]  202 	inc	r0
      000056 09               [12]  203 	inc	r1
      000057 E6               [12]  204 	mov	a,@r0
      000058 F7               [12]  205 	mov	@r1,a
      000059 A8 81            [24]  206 	mov	r0,sp
      00005B 18               [12]  207 	dec	r0
      00005C 18               [12]  208 	dec	r0
      00005D 86 82            [24]  209 	mov	dpl,@r0
      00005F 08               [12]  210 	inc	r0
      000060 86 83            [24]  211 	mov	dph,@r0
      000062 08               [12]  212 	inc	r0
      000063 86 F0            [24]  213 	mov	b,@r0
      000065 E4               [12]  214 	clr	a
      000066 12r00r00         [24]  215 	lcall	__gptrput
                                    216 ;	/opt/contiki/core/net/rime/announcement.c:67: a->callback = callback;
      000069 E5 81            [12]  217 	mov	a,sp
      00006B 24 F8            [12]  218 	add	a,#0xf8
      00006D F8               [12]  219 	mov	r0,a
      00006E 74 07            [12]  220 	mov	a,#0x07
      000070 26               [12]  221 	add	a,@r0
      000071 FD               [12]  222 	mov	r5,a
      000072 E4               [12]  223 	clr	a
      000073 08               [12]  224 	inc	r0
      000074 36               [12]  225 	addc	a,@r0
      000075 FE               [12]  226 	mov	r6,a
      000076 08               [12]  227 	inc	r0
      000077 86 07            [24]  228 	mov	ar7,@r0
      000079 8D 82            [24]  229 	mov	dpl,r5
      00007B 8E 83            [24]  230 	mov	dph,r6
      00007D 8F F0            [24]  231 	mov	b,r7
      00007F E5 81            [12]  232 	mov	a,sp
      000081 24 F2            [12]  233 	add	a,#0xf2
      000083 F8               [12]  234 	mov	r0,a
      000084 E6               [12]  235 	mov	a,@r0
      000085 12r00r00         [24]  236 	lcall	__gptrput
      000088 A3               [24]  237 	inc	dptr
      000089 08               [12]  238 	inc	r0
      00008A E6               [12]  239 	mov	a,@r0
      00008B 12r00r00         [24]  240 	lcall	__gptrput
                                    241 ;	/opt/contiki/core/net/rime/announcement.c:68: list_add(announcements, a);
      00008E E5 81            [12]  242 	mov	a,sp
      000090 24 F8            [12]  243 	add	a,#0xf8
      000092 F8               [12]  244 	mov	r0,a
      000093 E5 81            [12]  245 	mov	a,sp
      000095 24 FB            [12]  246 	add	a,#0xfb
      000097 F9               [12]  247 	mov	r1,a
      000098 E6               [12]  248 	mov	a,@r0
      000099 F7               [12]  249 	mov	@r1,a
      00009A 08               [12]  250 	inc	r0
      00009B 09               [12]  251 	inc	r1
      00009C E6               [12]  252 	mov	a,@r0
      00009D F7               [12]  253 	mov	@r1,a
      00009E 08               [12]  254 	inc	r0
      00009F 09               [12]  255 	inc	r1
      0000A0 E6               [12]  256 	mov	a,@r0
      0000A1 F7               [12]  257 	mov	@r1,a
      0000A2 90r00r03         [24]  258 	mov	dptr,#_announcements
      0000A5 E0               [24]  259 	movx	a,@dptr
      0000A6 FD               [12]  260 	mov	r5,a
      0000A7 A3               [24]  261 	inc	dptr
      0000A8 E0               [24]  262 	movx	a,@dptr
      0000A9 FE               [12]  263 	mov	r6,a
      0000AA A3               [24]  264 	inc	dptr
      0000AB E0               [24]  265 	movx	a,@dptr
      0000AC FF               [12]  266 	mov	r7,a
      0000AD C0 04            [24]  267 	push	ar4
      0000AF C0 03            [24]  268 	push	ar3
      0000B1 C0 02            [24]  269 	push	ar2
      0000B3 E5 81            [12]  270 	mov	a,sp
      0000B5 24 F8            [12]  271 	add	a,#0xf8
      0000B7 F8               [12]  272 	mov	r0,a
      0000B8 E6               [12]  273 	mov	a,@r0
      0000B9 C0 E0            [24]  274 	push	acc
      0000BB 08               [12]  275 	inc	r0
      0000BC E6               [12]  276 	mov	a,@r0
      0000BD C0 E0            [24]  277 	push	acc
      0000BF 08               [12]  278 	inc	r0
      0000C0 E6               [12]  279 	mov	a,@r0
      0000C1 C0 E0            [24]  280 	push	acc
      0000C3 8D 82            [24]  281 	mov	dpl,r5
      0000C5 8E 83            [24]  282 	mov	dph,r6
      0000C7 8F F0            [24]  283 	mov	b,r7
      0000C9 12r00r00         [24]  284 	lcall	_list_add
      0000CC 15 81            [12]  285 	dec	sp
      0000CE 15 81            [12]  286 	dec	sp
      0000D0 15 81            [12]  287 	dec	sp
      0000D2 D0 02            [24]  288 	pop	ar2
      0000D4 D0 03            [24]  289 	pop	ar3
      0000D6 D0 04            [24]  290 	pop	ar4
                                    291 ;	/opt/contiki/core/net/rime/announcement.c:69: if(observer_callback) {
      0000D8 90r00r02         [24]  292 	mov	dptr,#_observer_callback
      0000DB E0               [24]  293 	movx	a,@dptr
      0000DC F5 F0            [12]  294 	mov	b,a
      0000DE A3               [24]  295 	inc	dptr
      0000DF E0               [24]  296 	movx	a,@dptr
      0000E0 45 F0            [12]  297 	orl	a,b
      0000E2 60 67            [24]  298 	jz	00103$
                                    299 ;	/opt/contiki/core/net/rime/announcement.c:71: a->value, 0, ANNOUNCEMENT_BUMP);
      0000E4 E5 81            [12]  300 	mov	a,sp
      0000E6 24 F8            [12]  301 	add	a,#0xf8
      0000E8 F8               [12]  302 	mov	r0,a
      0000E9 74 05            [12]  303 	mov	a,#0x05
      0000EB 26               [12]  304 	add	a,@r0
      0000EC FD               [12]  305 	mov	r5,a
      0000ED E4               [12]  306 	clr	a
      0000EE 08               [12]  307 	inc	r0
      0000EF 36               [12]  308 	addc	a,@r0
      0000F0 FE               [12]  309 	mov	r6,a
      0000F1 08               [12]  310 	inc	r0
      0000F2 86 07            [24]  311 	mov	ar7,@r0
      0000F4 8D 82            [24]  312 	mov	dpl,r5
      0000F6 8E 83            [24]  313 	mov	dph,r6
      0000F8 8F F0            [24]  314 	mov	b,r7
      0000FA 12r00r00         [24]  315 	lcall	__gptrget
      0000FD FD               [12]  316 	mov	r5,a
      0000FE A3               [24]  317 	inc	dptr
      0000FF 12r00r00         [24]  318 	lcall	__gptrget
      000102 FE               [12]  319 	mov	r6,a
                                    320 ;	/opt/contiki/core/net/rime/announcement.c:70: observer_callback(a->id, a->has_value,
      000103 A8 81            [24]  321 	mov	r0,sp
      000105 18               [12]  322 	dec	r0
      000106 18               [12]  323 	dec	r0
      000107 86 82            [24]  324 	mov	dpl,@r0
      000109 08               [12]  325 	inc	r0
      00010A 86 83            [24]  326 	mov	dph,@r0
      00010C 08               [12]  327 	inc	r0
      00010D 86 F0            [24]  328 	mov	b,@r0
      00010F 12r00r00         [24]  329 	lcall	__gptrget
      000112 FF               [12]  330 	mov	r7,a
      000113 8A 82            [24]  331 	mov	dpl,r2
      000115 8B 83            [24]  332 	mov	dph,r3
      000117 8C F0            [24]  333 	mov	b,r4
      000119 12r00r00         [24]  334 	lcall	__gptrget
      00011C FA               [12]  335 	mov	r2,a
      00011D A3               [24]  336 	inc	dptr
      00011E 12r00r00         [24]  337 	lcall	__gptrget
      000121 FB               [12]  338 	mov	r3,a
      000122 74 01            [12]  339 	mov	a,#0x01
      000124 C0 E0            [24]  340 	push	acc
      000126 E4               [12]  341 	clr	a
      000127 C0 E0            [24]  342 	push	acc
      000129 C0 E0            [24]  343 	push	acc
      00012B C0 05            [24]  344 	push	ar5
      00012D C0 06            [24]  345 	push	ar6
      00012F C0 07            [24]  346 	push	ar7
      000131 12r01r36         [24]  347 	lcall	00109$
      000134 80 0F            [24]  348 	sjmp	00110$
      000136                        349 00109$:
      000136 90r00r02         [24]  350 	mov	dptr,#_observer_callback
      000139 E0               [24]  351 	movx	a,@dptr
      00013A C0 E0            [24]  352 	push	acc
      00013C A3               [24]  353 	inc	dptr
      00013D E0               [24]  354 	movx	a,@dptr
      00013E C0 E0            [24]  355 	push	acc
      000140 8A 82            [24]  356 	mov	dpl,r2
      000142 8B 83            [24]  357 	mov	dph,r3
      000144 22               [24]  358 	ret
      000145                        359 00110$:
      000145 E5 81            [12]  360 	mov	a,sp
      000147 24 FA            [12]  361 	add	a,#0xfa
      000149 F5 81            [12]  362 	mov	sp,a
      00014B                        363 00103$:
      00014B E5 81            [12]  364 	mov	a,sp
      00014D 24 F7            [12]  365 	add	a,#0xF7
      00014F F5 81            [12]  366 	mov	sp,a
      000151 22               [24]  367 	ret
                                    368 ;------------------------------------------------------------
                                    369 ;Allocation info for local variables in function 'announcement_remove'
                                    370 ;------------------------------------------------------------
                                    371 ;a                         Allocated to registers r5 r6 r7 
                                    372 ;------------------------------------------------------------
                                    373 ;	/opt/contiki/core/net/rime/announcement.c:76: announcement_remove(struct announcement *a)
                                    374 ;	-----------------------------------------
                                    375 ;	 function announcement_remove
                                    376 ;	-----------------------------------------
      000152                        377 _announcement_remove:
      000152 AD 82            [24]  378 	mov	r5,dpl
      000154 AE 83            [24]  379 	mov	r6,dph
      000156 AF F0            [24]  380 	mov	r7,b
                                    381 ;	/opt/contiki/core/net/rime/announcement.c:78: list_remove(announcements, a);
      000158 90r00r03         [24]  382 	mov	dptr,#_announcements
      00015B E0               [24]  383 	movx	a,@dptr
      00015C FA               [12]  384 	mov	r2,a
      00015D A3               [24]  385 	inc	dptr
      00015E E0               [24]  386 	movx	a,@dptr
      00015F FB               [12]  387 	mov	r3,a
      000160 A3               [24]  388 	inc	dptr
      000161 E0               [24]  389 	movx	a,@dptr
      000162 FC               [12]  390 	mov	r4,a
      000163 C0 05            [24]  391 	push	ar5
      000165 C0 06            [24]  392 	push	ar6
      000167 C0 07            [24]  393 	push	ar7
      000169 8A 82            [24]  394 	mov	dpl,r2
      00016B 8B 83            [24]  395 	mov	dph,r3
      00016D 8C F0            [24]  396 	mov	b,r4
      00016F 12r00r00         [24]  397 	lcall	_list_remove
      000172 15 81            [12]  398 	dec	sp
      000174 15 81            [12]  399 	dec	sp
      000176 15 81            [12]  400 	dec	sp
      000178 22               [24]  401 	ret
                                    402 ;------------------------------------------------------------
                                    403 ;Allocation info for local variables in function 'announcement_remove_value'
                                    404 ;------------------------------------------------------------
                                    405 ;a                         Allocated to registers r5 r6 r7 
                                    406 ;------------------------------------------------------------
                                    407 ;	/opt/contiki/core/net/rime/announcement.c:82: announcement_remove_value(struct announcement *a)
                                    408 ;	-----------------------------------------
                                    409 ;	 function announcement_remove_value
                                    410 ;	-----------------------------------------
      000179                        411 _announcement_remove_value:
      000179 AD 82            [24]  412 	mov	r5,dpl
      00017B AE 83            [24]  413 	mov	r6,dph
      00017D AF F0            [24]  414 	mov	r7,b
                                    415 ;	/opt/contiki/core/net/rime/announcement.c:84: a->has_value = 0;
      00017F 74 09            [12]  416 	mov	a,#0x09
      000181 2D               [12]  417 	add	a,r5
      000182 FA               [12]  418 	mov	r2,a
      000183 E4               [12]  419 	clr	a
      000184 3E               [12]  420 	addc	a,r6
      000185 FB               [12]  421 	mov	r3,a
      000186 8F 04            [24]  422 	mov	ar4,r7
      000188 8A 82            [24]  423 	mov	dpl,r2
      00018A 8B 83            [24]  424 	mov	dph,r3
      00018C 8C F0            [24]  425 	mov	b,r4
      00018E E4               [12]  426 	clr	a
      00018F 12r00r00         [24]  427 	lcall	__gptrput
                                    428 ;	/opt/contiki/core/net/rime/announcement.c:85: if(observer_callback) {
      000192 90r00r02         [24]  429 	mov	dptr,#_observer_callback
      000195 E0               [24]  430 	movx	a,@dptr
      000196 F5 F0            [12]  431 	mov	b,a
      000198 A3               [24]  432 	inc	dptr
      000199 E0               [24]  433 	movx	a,@dptr
      00019A 45 F0            [12]  434 	orl	a,b
      00019C 60 3D            [24]  435 	jz	00103$
                                    436 ;	/opt/contiki/core/net/rime/announcement.c:86: observer_callback(a->id, 0, 0, 0, ANNOUNCEMENT_NOBUMP);
      00019E 74 03            [12]  437 	mov	a,#0x03
      0001A0 2D               [12]  438 	add	a,r5
      0001A1 FD               [12]  439 	mov	r5,a
      0001A2 E4               [12]  440 	clr	a
      0001A3 3E               [12]  441 	addc	a,r6
      0001A4 FE               [12]  442 	mov	r6,a
      0001A5 8D 82            [24]  443 	mov	dpl,r5
      0001A7 8E 83            [24]  444 	mov	dph,r6
      0001A9 8F F0            [24]  445 	mov	b,r7
      0001AB 12r00r00         [24]  446 	lcall	__gptrget
      0001AE FD               [12]  447 	mov	r5,a
      0001AF A3               [24]  448 	inc	dptr
      0001B0 12r00r00         [24]  449 	lcall	__gptrget
      0001B3 FE               [12]  450 	mov	r6,a
      0001B4 E4               [12]  451 	clr	a
      0001B5 C0 E0            [24]  452 	push	acc
      0001B7 C0 E0            [24]  453 	push	acc
      0001B9 C0 E0            [24]  454 	push	acc
      0001BB C0 E0            [24]  455 	push	acc
      0001BD C0 E0            [24]  456 	push	acc
      0001BF C0 E0            [24]  457 	push	acc
      0001C1 12r01rC6         [24]  458 	lcall	00109$
      0001C4 80 0F            [24]  459 	sjmp	00110$
      0001C6                        460 00109$:
      0001C6 90r00r02         [24]  461 	mov	dptr,#_observer_callback
      0001C9 E0               [24]  462 	movx	a,@dptr
      0001CA C0 E0            [24]  463 	push	acc
      0001CC A3               [24]  464 	inc	dptr
      0001CD E0               [24]  465 	movx	a,@dptr
      0001CE C0 E0            [24]  466 	push	acc
      0001D0 8D 82            [24]  467 	mov	dpl,r5
      0001D2 8E 83            [24]  468 	mov	dph,r6
      0001D4 22               [24]  469 	ret
      0001D5                        470 00110$:
      0001D5 E5 81            [12]  471 	mov	a,sp
      0001D7 24 FA            [12]  472 	add	a,#0xfa
      0001D9 F5 81            [12]  473 	mov	sp,a
      0001DB                        474 00103$:
      0001DB 22               [24]  475 	ret
                                    476 ;------------------------------------------------------------
                                    477 ;Allocation info for local variables in function 'announcement_set_value'
                                    478 ;------------------------------------------------------------
                                    479 ;value                     Allocated to stack - sp -8
                                    480 ;a                         Allocated to registers r5 r6 r7 
                                    481 ;oldvalue                  Allocated to stack - sp -1
                                    482 ;sloc0                     Allocated to stack - sp -4
                                    483 ;------------------------------------------------------------
                                    484 ;	/opt/contiki/core/net/rime/announcement.c:92: announcement_set_value(struct announcement *a, uint16_t value)
                                    485 ;	-----------------------------------------
                                    486 ;	 function announcement_set_value
                                    487 ;	-----------------------------------------
      0001DC                        488 _announcement_set_value:
      0001DC E5 81            [12]  489 	mov	a,sp
      0001DE 24 05            [12]  490 	add	a,#0x05
      0001E0 F5 81            [12]  491 	mov	sp,a
      0001E2 AD 82            [24]  492 	mov	r5,dpl
      0001E4 AE 83            [24]  493 	mov	r6,dph
      0001E6 AF F0            [24]  494 	mov	r7,b
                                    495 ;	/opt/contiki/core/net/rime/announcement.c:94: uint16_t oldvalue = a->value;
      0001E8 74 05            [12]  496 	mov	a,#0x05
      0001EA 2D               [12]  497 	add	a,r5
      0001EB FA               [12]  498 	mov	r2,a
      0001EC E4               [12]  499 	clr	a
      0001ED 3E               [12]  500 	addc	a,r6
      0001EE FB               [12]  501 	mov	r3,a
      0001EF 8F 04            [24]  502 	mov	ar4,r7
      0001F1 8A 82            [24]  503 	mov	dpl,r2
      0001F3 8B 83            [24]  504 	mov	dph,r3
      0001F5 8C F0            [24]  505 	mov	b,r4
      0001F7 A8 81            [24]  506 	mov	r0,sp
      0001F9 18               [12]  507 	dec	r0
      0001FA 12r00r00         [24]  508 	lcall	__gptrget
      0001FD F6               [12]  509 	mov	@r0,a
      0001FE A3               [24]  510 	inc	dptr
      0001FF 12r00r00         [24]  511 	lcall	__gptrget
      000202 08               [12]  512 	inc	r0
      000203 F6               [12]  513 	mov	@r0,a
                                    514 ;	/opt/contiki/core/net/rime/announcement.c:96: a->has_value = 1;
      000204 E5 81            [12]  515 	mov	a,sp
      000206 24 FC            [12]  516 	add	a,#0xfc
      000208 F8               [12]  517 	mov	r0,a
      000209 74 09            [12]  518 	mov	a,#0x09
      00020B 2D               [12]  519 	add	a,r5
      00020C F6               [12]  520 	mov	@r0,a
      00020D E4               [12]  521 	clr	a
      00020E 3E               [12]  522 	addc	a,r6
      00020F 08               [12]  523 	inc	r0
      000210 F6               [12]  524 	mov	@r0,a
      000211 08               [12]  525 	inc	r0
      000212 A6 07            [24]  526 	mov	@r0,ar7
      000214 E5 81            [12]  527 	mov	a,sp
      000216 24 FC            [12]  528 	add	a,#0xfc
      000218 F8               [12]  529 	mov	r0,a
      000219 86 82            [24]  530 	mov	dpl,@r0
      00021B 08               [12]  531 	inc	r0
      00021C 86 83            [24]  532 	mov	dph,@r0
      00021E 08               [12]  533 	inc	r0
      00021F 86 F0            [24]  534 	mov	b,@r0
      000221 74 01            [12]  535 	mov	a,#0x01
      000223 12r00r00         [24]  536 	lcall	__gptrput
                                    537 ;	/opt/contiki/core/net/rime/announcement.c:97: a->value = value;
      000226 8A 82            [24]  538 	mov	dpl,r2
      000228 8B 83            [24]  539 	mov	dph,r3
      00022A 8C F0            [24]  540 	mov	b,r4
      00022C E5 81            [12]  541 	mov	a,sp
      00022E 24 F8            [12]  542 	add	a,#0xf8
      000230 F8               [12]  543 	mov	r0,a
      000231 E6               [12]  544 	mov	a,@r0
      000232 12r00r00         [24]  545 	lcall	__gptrput
      000235 A3               [24]  546 	inc	dptr
      000236 08               [12]  547 	inc	r0
      000237 E6               [12]  548 	mov	a,@r0
      000238 12r00r00         [24]  549 	lcall	__gptrput
                                    550 ;	/opt/contiki/core/net/rime/announcement.c:98: if(observer_callback) {
      00023B 90r00r02         [24]  551 	mov	dptr,#_observer_callback
      00023E E0               [24]  552 	movx	a,@dptr
      00023F F5 F0            [12]  553 	mov	b,a
      000241 A3               [24]  554 	inc	dptr
      000242 E0               [24]  555 	movx	a,@dptr
      000243 45 F0            [12]  556 	orl	a,b
      000245 60 5D            [24]  557 	jz	00103$
                                    558 ;	/opt/contiki/core/net/rime/announcement.c:99: observer_callback(a->id, a->has_value,
      000247 E5 81            [12]  559 	mov	a,sp
      000249 24 FC            [12]  560 	add	a,#0xfc
      00024B F8               [12]  561 	mov	r0,a
      00024C 86 82            [24]  562 	mov	dpl,@r0
      00024E 08               [12]  563 	inc	r0
      00024F 86 83            [24]  564 	mov	dph,@r0
      000251 08               [12]  565 	inc	r0
      000252 86 F0            [24]  566 	mov	b,@r0
      000254 12r00r00         [24]  567 	lcall	__gptrget
      000257 FC               [12]  568 	mov	r4,a
      000258 74 03            [12]  569 	mov	a,#0x03
      00025A 2D               [12]  570 	add	a,r5
      00025B FD               [12]  571 	mov	r5,a
      00025C E4               [12]  572 	clr	a
      00025D 3E               [12]  573 	addc	a,r6
      00025E FE               [12]  574 	mov	r6,a
      00025F 8D 82            [24]  575 	mov	dpl,r5
      000261 8E 83            [24]  576 	mov	dph,r6
      000263 8F F0            [24]  577 	mov	b,r7
      000265 12r00r00         [24]  578 	lcall	__gptrget
      000268 FD               [12]  579 	mov	r5,a
      000269 A3               [24]  580 	inc	dptr
      00026A 12r00r00         [24]  581 	lcall	__gptrget
      00026D FE               [12]  582 	mov	r6,a
      00026E E4               [12]  583 	clr	a
      00026F C0 E0            [24]  584 	push	acc
      000271 A8 81            [24]  585 	mov	r0,sp
      000273 18               [12]  586 	dec	r0
      000274 18               [12]  587 	dec	r0
      000275 E6               [12]  588 	mov	a,@r0
      000276 C0 E0            [24]  589 	push	acc
      000278 08               [12]  590 	inc	r0
      000279 E6               [12]  591 	mov	a,@r0
      00027A C0 E0            [24]  592 	push	acc
      00027C E5 81            [12]  593 	mov	a,sp
      00027E 24 F5            [12]  594 	add	a,#0xf5
      000280 F8               [12]  595 	mov	r0,a
      000281 E6               [12]  596 	mov	a,@r0
      000282 C0 E0            [24]  597 	push	acc
      000284 08               [12]  598 	inc	r0
      000285 E6               [12]  599 	mov	a,@r0
      000286 C0 E0            [24]  600 	push	acc
      000288 C0 04            [24]  601 	push	ar4
      00028A 12r02r8F         [24]  602 	lcall	00109$
      00028D 80 0F            [24]  603 	sjmp	00110$
      00028F                        604 00109$:
      00028F 90r00r02         [24]  605 	mov	dptr,#_observer_callback
      000292 E0               [24]  606 	movx	a,@dptr
      000293 C0 E0            [24]  607 	push	acc
      000295 A3               [24]  608 	inc	dptr
      000296 E0               [24]  609 	movx	a,@dptr
      000297 C0 E0            [24]  610 	push	acc
      000299 8D 82            [24]  611 	mov	dpl,r5
      00029B 8E 83            [24]  612 	mov	dph,r6
      00029D 22               [24]  613 	ret
      00029E                        614 00110$:
      00029E E5 81            [12]  615 	mov	a,sp
      0002A0 24 FA            [12]  616 	add	a,#0xfa
      0002A2 F5 81            [12]  617 	mov	sp,a
      0002A4                        618 00103$:
      0002A4 E5 81            [12]  619 	mov	a,sp
      0002A6 24 FB            [12]  620 	add	a,#0xFB
      0002A8 F5 81            [12]  621 	mov	sp,a
      0002AA 22               [24]  622 	ret
                                    623 ;------------------------------------------------------------
                                    624 ;Allocation info for local variables in function 'announcement_bump'
                                    625 ;------------------------------------------------------------
                                    626 ;a                         Allocated to registers r5 r6 r7 
                                    627 ;------------------------------------------------------------
                                    628 ;	/opt/contiki/core/net/rime/announcement.c:105: announcement_bump(struct announcement *a)
                                    629 ;	-----------------------------------------
                                    630 ;	 function announcement_bump
                                    631 ;	-----------------------------------------
      0002AB                        632 _announcement_bump:
      0002AB AD 82            [24]  633 	mov	r5,dpl
      0002AD AE 83            [24]  634 	mov	r6,dph
      0002AF AF F0            [24]  635 	mov	r7,b
                                    636 ;	/opt/contiki/core/net/rime/announcement.c:107: if(observer_callback) {
      0002B1 90r00r02         [24]  637 	mov	dptr,#_observer_callback
      0002B4 E0               [24]  638 	movx	a,@dptr
      0002B5 F5 F0            [12]  639 	mov	b,a
      0002B7 A3               [24]  640 	inc	dptr
      0002B8 E0               [24]  641 	movx	a,@dptr
      0002B9 45 F0            [12]  642 	orl	a,b
      0002BB 60 69            [24]  643 	jz	00103$
                                    644 ;	/opt/contiki/core/net/rime/announcement.c:109: a->value, a->value, ANNOUNCEMENT_BUMP);
      0002BD 74 05            [12]  645 	mov	a,#0x05
      0002BF 2D               [12]  646 	add	a,r5
      0002C0 FA               [12]  647 	mov	r2,a
      0002C1 E4               [12]  648 	clr	a
      0002C2 3E               [12]  649 	addc	a,r6
      0002C3 FB               [12]  650 	mov	r3,a
      0002C4 8F 04            [24]  651 	mov	ar4,r7
      0002C6 8A 82            [24]  652 	mov	dpl,r2
      0002C8 8B 83            [24]  653 	mov	dph,r3
      0002CA 8C F0            [24]  654 	mov	b,r4
      0002CC 12r00r00         [24]  655 	lcall	__gptrget
      0002CF FA               [12]  656 	mov	r2,a
      0002D0 A3               [24]  657 	inc	dptr
      0002D1 12r00r00         [24]  658 	lcall	__gptrget
      0002D4 FB               [12]  659 	mov	r3,a
                                    660 ;	/opt/contiki/core/net/rime/announcement.c:108: observer_callback(a->id, a->has_value,
      0002D5 74 09            [12]  661 	mov	a,#0x09
      0002D7 2D               [12]  662 	add	a,r5
      0002D8 F8               [12]  663 	mov	r0,a
      0002D9 E4               [12]  664 	clr	a
      0002DA 3E               [12]  665 	addc	a,r6
      0002DB F9               [12]  666 	mov	r1,a
      0002DC 8F 04            [24]  667 	mov	ar4,r7
      0002DE 88 82            [24]  668 	mov	dpl,r0
      0002E0 89 83            [24]  669 	mov	dph,r1
      0002E2 8C F0            [24]  670 	mov	b,r4
      0002E4 12r00r00         [24]  671 	lcall	__gptrget
      0002E7 F8               [12]  672 	mov	r0,a
      0002E8 74 03            [12]  673 	mov	a,#0x03
      0002EA 2D               [12]  674 	add	a,r5
      0002EB FD               [12]  675 	mov	r5,a
      0002EC E4               [12]  676 	clr	a
      0002ED 3E               [12]  677 	addc	a,r6
      0002EE FE               [12]  678 	mov	r6,a
      0002EF 8D 82            [24]  679 	mov	dpl,r5
      0002F1 8E 83            [24]  680 	mov	dph,r6
      0002F3 8F F0            [24]  681 	mov	b,r7
      0002F5 12r00r00         [24]  682 	lcall	__gptrget
      0002F8 FD               [12]  683 	mov	r5,a
      0002F9 A3               [24]  684 	inc	dptr
      0002FA 12r00r00         [24]  685 	lcall	__gptrget
      0002FD FE               [12]  686 	mov	r6,a
      0002FE 74 01            [12]  687 	mov	a,#0x01
      000300 C0 E0            [24]  688 	push	acc
      000302 C0 02            [24]  689 	push	ar2
      000304 C0 03            [24]  690 	push	ar3
      000306 C0 02            [24]  691 	push	ar2
      000308 C0 03            [24]  692 	push	ar3
      00030A C0 00            [24]  693 	push	ar0
      00030C 12r03r11         [24]  694 	lcall	00109$
      00030F 80 0F            [24]  695 	sjmp	00110$
      000311                        696 00109$:
      000311 90r00r02         [24]  697 	mov	dptr,#_observer_callback
      000314 E0               [24]  698 	movx	a,@dptr
      000315 C0 E0            [24]  699 	push	acc
      000317 A3               [24]  700 	inc	dptr
      000318 E0               [24]  701 	movx	a,@dptr
      000319 C0 E0            [24]  702 	push	acc
      00031B 8D 82            [24]  703 	mov	dpl,r5
      00031D 8E 83            [24]  704 	mov	dph,r6
      00031F 22               [24]  705 	ret
      000320                        706 00110$:
      000320 E5 81            [12]  707 	mov	a,sp
      000322 24 FA            [12]  708 	add	a,#0xfa
      000324 F5 81            [12]  709 	mov	sp,a
      000326                        710 00103$:
      000326 22               [24]  711 	ret
                                    712 ;------------------------------------------------------------
                                    713 ;Allocation info for local variables in function 'announcement_listen'
                                    714 ;------------------------------------------------------------
                                    715 ;time                      Allocated to registers r6 r7 
                                    716 ;------------------------------------------------------------
                                    717 ;	/opt/contiki/core/net/rime/announcement.c:114: announcement_listen(int time)
                                    718 ;	-----------------------------------------
                                    719 ;	 function announcement_listen
                                    720 ;	-----------------------------------------
      000327                        721 _announcement_listen:
      000327 AE 82            [24]  722 	mov	r6,dpl
      000329 AF 83            [24]  723 	mov	r7,dph
                                    724 ;	/opt/contiki/core/net/rime/announcement.c:116: if(listen_callback) {
      00032B 90r00r00         [24]  725 	mov	dptr,#_listen_callback
      00032E E0               [24]  726 	movx	a,@dptr
      00032F FC               [12]  727 	mov	r4,a
      000330 A3               [24]  728 	inc	dptr
      000331 E0               [24]  729 	movx	a,@dptr
      000332 FD               [12]  730 	mov	r5,a
      000333 4C               [12]  731 	orl	a,r4
      000334 60 14            [24]  732 	jz	00103$
                                    733 ;	/opt/contiki/core/net/rime/announcement.c:117: listen_callback(time);
      000336 12r03r3B         [24]  734 	lcall	00109$
      000339 80 0F            [24]  735 	sjmp	00110$
      00033B                        736 00109$:
      00033B 90r00r00         [24]  737 	mov	dptr,#_listen_callback
      00033E E0               [24]  738 	movx	a,@dptr
      00033F C0 E0            [24]  739 	push	acc
      000341 A3               [24]  740 	inc	dptr
      000342 E0               [24]  741 	movx	a,@dptr
      000343 C0 E0            [24]  742 	push	acc
      000345 8E 82            [24]  743 	mov	dpl,r6
      000347 8F 83            [24]  744 	mov	dph,r7
      000349 22               [24]  745 	ret
      00034A                        746 00110$:
      00034A                        747 00103$:
      00034A 22               [24]  748 	ret
                                    749 ;------------------------------------------------------------
                                    750 ;Allocation info for local variables in function 'announcement_register_listen_callback'
                                    751 ;------------------------------------------------------------
                                    752 ;callback                  Allocated to registers 
                                    753 ;------------------------------------------------------------
                                    754 ;	/opt/contiki/core/net/rime/announcement.c:122: announcement_register_listen_callback(void (*callback)(int time))
                                    755 ;	-----------------------------------------
                                    756 ;	 function announcement_register_listen_callback
                                    757 ;	-----------------------------------------
      00034B                        758 _announcement_register_listen_callback:
      00034B AF 83            [24]  759 	mov	r7,dph
      00034D E5 82            [12]  760 	mov	a,dpl
      00034F 90r00r00         [24]  761 	mov	dptr,#_listen_callback
      000352 F0               [24]  762 	movx	@dptr,a
      000353 EF               [12]  763 	mov	a,r7
      000354 A3               [24]  764 	inc	dptr
      000355 F0               [24]  765 	movx	@dptr,a
                                    766 ;	/opt/contiki/core/net/rime/announcement.c:124: listen_callback = callback;
      000356 22               [24]  767 	ret
                                    768 ;------------------------------------------------------------
                                    769 ;Allocation info for local variables in function 'announcement_register_observer_callback'
                                    770 ;------------------------------------------------------------
                                    771 ;callback                  Allocated to registers 
                                    772 ;------------------------------------------------------------
                                    773 ;	/opt/contiki/core/net/rime/announcement.c:128: announcement_register_observer_callback(announcement_observer callback)
                                    774 ;	-----------------------------------------
                                    775 ;	 function announcement_register_observer_callback
                                    776 ;	-----------------------------------------
      000357                        777 _announcement_register_observer_callback:
      000357 AF 83            [24]  778 	mov	r7,dph
      000359 E5 82            [12]  779 	mov	a,dpl
      00035B 90r00r02         [24]  780 	mov	dptr,#_observer_callback
      00035E F0               [24]  781 	movx	@dptr,a
      00035F EF               [12]  782 	mov	a,r7
      000360 A3               [24]  783 	inc	dptr
      000361 F0               [24]  784 	movx	@dptr,a
                                    785 ;	/opt/contiki/core/net/rime/announcement.c:130: observer_callback = callback;
      000362 22               [24]  786 	ret
                                    787 ;------------------------------------------------------------
                                    788 ;Allocation info for local variables in function 'announcement_list'
                                    789 ;------------------------------------------------------------
                                    790 ;	/opt/contiki/core/net/rime/announcement.c:134: announcement_list(void)
                                    791 ;	-----------------------------------------
                                    792 ;	 function announcement_list
                                    793 ;	-----------------------------------------
      000363                        794 _announcement_list:
                                    795 ;	/opt/contiki/core/net/rime/announcement.c:136: return list_head(announcements);
      000363 90r00r03         [24]  796 	mov	dptr,#_announcements
      000366 E0               [24]  797 	movx	a,@dptr
      000367 FD               [12]  798 	mov	r5,a
      000368 A3               [24]  799 	inc	dptr
      000369 E0               [24]  800 	movx	a,@dptr
      00036A FE               [12]  801 	mov	r6,a
      00036B A3               [24]  802 	inc	dptr
      00036C E0               [24]  803 	movx	a,@dptr
      00036D FF               [12]  804 	mov	r7,a
      00036E 8D 82            [24]  805 	mov	dpl,r5
      000370 8E 83            [24]  806 	mov	dph,r6
      000372 8F F0            [24]  807 	mov	b,r7
      000374 02r00r00         [24]  808 	ljmp	_list_head
                                    809 ;------------------------------------------------------------
                                    810 ;Allocation info for local variables in function 'announcement_heard'
                                    811 ;------------------------------------------------------------
                                    812 ;id                        Allocated to stack - sp -5
                                    813 ;value                     Allocated to stack - sp -7
                                    814 ;from                      Allocated to registers r5 r6 r7 
                                    815 ;a                         Allocated to registers r2 r3 r4 
                                    816 ;sloc0                     Allocated to stack - sp -1
                                    817 ;------------------------------------------------------------
                                    818 ;	/opt/contiki/core/net/rime/announcement.c:140: announcement_heard(const linkaddr_t *from, uint16_t id, uint16_t value)
                                    819 ;	-----------------------------------------
                                    820 ;	 function announcement_heard
                                    821 ;	-----------------------------------------
      000377                        822 _announcement_heard:
      000377 05 81            [12]  823 	inc	sp
      000379 05 81            [12]  824 	inc	sp
      00037B AD 82            [24]  825 	mov	r5,dpl
      00037D AE 83            [24]  826 	mov	r6,dph
      00037F AF F0            [24]  827 	mov	r7,b
                                    828 ;	/opt/contiki/core/net/rime/announcement.c:143: for(a = list_head(announcements); a != NULL; a = list_item_next(a)) {
      000381 90r00r03         [24]  829 	mov	dptr,#_announcements
      000384 E0               [24]  830 	movx	a,@dptr
      000385 FA               [12]  831 	mov	r2,a
      000386 A3               [24]  832 	inc	dptr
      000387 E0               [24]  833 	movx	a,@dptr
      000388 FB               [12]  834 	mov	r3,a
      000389 A3               [24]  835 	inc	dptr
      00038A E0               [24]  836 	movx	a,@dptr
      00038B FC               [12]  837 	mov	r4,a
      00038C 8A 82            [24]  838 	mov	dpl,r2
      00038E 8B 83            [24]  839 	mov	dph,r3
      000390 8C F0            [24]  840 	mov	b,r4
      000392 C0 07            [24]  841 	push	ar7
      000394 C0 06            [24]  842 	push	ar6
      000396 C0 05            [24]  843 	push	ar5
      000398 12r00r00         [24]  844 	lcall	_list_head
      00039B AA 82            [24]  845 	mov	r2,dpl
      00039D AB 83            [24]  846 	mov	r3,dph
      00039F AC F0            [24]  847 	mov	r4,b
      0003A1 D0 05            [24]  848 	pop	ar5
      0003A3 D0 06            [24]  849 	pop	ar6
      0003A5 D0 07            [24]  850 	pop	ar7
      0003A7                        851 00107$:
      0003A7 E4               [12]  852 	clr	a
      0003A8 C0 E0            [24]  853 	push	acc
      0003AA C0 E0            [24]  854 	push	acc
      0003AC C0 E0            [24]  855 	push	acc
      0003AE 8A 82            [24]  856 	mov	dpl,r2
      0003B0 8B 83            [24]  857 	mov	dph,r3
      0003B2 8C F0            [24]  858 	mov	b,r4
      0003B4 12r00r00         [24]  859 	lcall	___gptr_cmp
      0003B7 15 81            [12]  860 	dec	sp
      0003B9 15 81            [12]  861 	dec	sp
      0003BB 15 81            [12]  862 	dec	sp
      0003BD 70 03            [24]  863 	jnz	00123$
      0003BF 02r04r8C         [24]  864 	ljmp	00109$
      0003C2                        865 00123$:
                                    866 ;	/opt/contiki/core/net/rime/announcement.c:144: if(a->id == id) {
      0003C2 C0 05            [24]  867 	push	ar5
      0003C4 C0 06            [24]  868 	push	ar6
      0003C6 C0 07            [24]  869 	push	ar7
      0003C8 74 03            [12]  870 	mov	a,#0x03
      0003CA 2A               [12]  871 	add	a,r2
      0003CB FD               [12]  872 	mov	r5,a
      0003CC E4               [12]  873 	clr	a
      0003CD 3B               [12]  874 	addc	a,r3
      0003CE FE               [12]  875 	mov	r6,a
      0003CF 8C 07            [24]  876 	mov	ar7,r4
      0003D1 8D 82            [24]  877 	mov	dpl,r5
      0003D3 8E 83            [24]  878 	mov	dph,r6
      0003D5 8F F0            [24]  879 	mov	b,r7
      0003D7 12r00r00         [24]  880 	lcall	__gptrget
      0003DA FD               [12]  881 	mov	r5,a
      0003DB A3               [24]  882 	inc	dptr
      0003DC 12r00r00         [24]  883 	lcall	__gptrget
      0003DF FE               [12]  884 	mov	r6,a
      0003E0 E5 81            [12]  885 	mov	a,sp
      0003E2 24 F8            [12]  886 	add	a,#0xf8
      0003E4 F8               [12]  887 	mov	r0,a
      0003E5 E6               [12]  888 	mov	a,@r0
      0003E6 B5 05 07         [24]  889 	cjne	a,ar5,00124$
      0003E9 08               [12]  890 	inc	r0
      0003EA E6               [12]  891 	mov	a,@r0
      0003EB B5 06 02         [24]  892 	cjne	a,ar6,00124$
      0003EE 80 08            [24]  893 	sjmp	00125$
      0003F0                        894 00124$:
      0003F0 D0 07            [24]  895 	pop	ar7
      0003F2 D0 06            [24]  896 	pop	ar6
      0003F4 D0 05            [24]  897 	pop	ar5
      0003F6 80 6A            [24]  898 	sjmp	00108$
      0003F8                        899 00125$:
                                    900 ;	/opt/contiki/core/net/rime/announcement.c:145: if(a->callback != NULL) {
      0003F8 74 07            [12]  901 	mov	a,#0x07
      0003FA 2A               [12]  902 	add	a,r2
      0003FB FD               [12]  903 	mov	r5,a
      0003FC E4               [12]  904 	clr	a
      0003FD 3B               [12]  905 	addc	a,r3
      0003FE FE               [12]  906 	mov	r6,a
      0003FF 8C 07            [24]  907 	mov	ar7,r4
      000401 8D 82            [24]  908 	mov	dpl,r5
      000403 8E 83            [24]  909 	mov	dph,r6
      000405 8F F0            [24]  910 	mov	b,r7
      000407 E5 81            [12]  911 	mov	a,sp
      000409 24 FC            [12]  912 	add	a,#0xfc
      00040B F8               [12]  913 	mov	r0,a
      00040C 12r00r00         [24]  914 	lcall	__gptrget
      00040F F6               [12]  915 	mov	@r0,a
      000410 A3               [24]  916 	inc	dptr
      000411 12r00r00         [24]  917 	lcall	__gptrget
      000414 08               [12]  918 	inc	r0
      000415 F6               [12]  919 	mov	@r0,a
      000416 D0 07            [24]  920 	pop	ar7
      000418 D0 06            [24]  921 	pop	ar6
      00041A D0 05            [24]  922 	pop	ar5
      00041C A8 81            [24]  923 	mov	r0,sp
      00041E 18               [12]  924 	dec	r0
      00041F E6               [12]  925 	mov	a,@r0
      000420 08               [12]  926 	inc	r0
      000421 46               [12]  927 	orl	a,@r0
      000422 60 3C            [24]  928 	jz	00102$
                                    929 ;	/opt/contiki/core/net/rime/announcement.c:146: a->callback(a, from, id, value);
      000424 E5 81            [12]  930 	mov	a,sp
      000426 24 F9            [12]  931 	add	a,#0xf9
      000428 F8               [12]  932 	mov	r0,a
      000429 E6               [12]  933 	mov	a,@r0
      00042A C0 E0            [24]  934 	push	acc
      00042C 08               [12]  935 	inc	r0
      00042D E6               [12]  936 	mov	a,@r0
      00042E C0 E0            [24]  937 	push	acc
      000430 E5 81            [12]  938 	mov	a,sp
      000432 24 F9            [12]  939 	add	a,#0xf9
      000434 F8               [12]  940 	mov	r0,a
      000435 E6               [12]  941 	mov	a,@r0
      000436 C0 E0            [24]  942 	push	acc
      000438 08               [12]  943 	inc	r0
      000439 E6               [12]  944 	mov	a,@r0
      00043A C0 E0            [24]  945 	push	acc
      00043C C0 05            [24]  946 	push	ar5
      00043E C0 06            [24]  947 	push	ar6
      000440 C0 07            [24]  948 	push	ar7
      000442 12r04r47         [24]  949 	lcall	00127$
      000445 80 13            [24]  950 	sjmp	00128$
      000447                        951 00127$:
      000447 E5 81            [12]  952 	mov	a,sp
      000449 24 F6            [12]  953 	add	a,#0xf6
      00044B F8               [12]  954 	mov	r0,a
      00044C E6               [12]  955 	mov	a,@r0
      00044D C0 E0            [24]  956 	push	acc
      00044F 08               [12]  957 	inc	r0
      000450 E6               [12]  958 	mov	a,@r0
      000451 C0 E0            [24]  959 	push	acc
      000453 8A 82            [24]  960 	mov	dpl,r2
      000455 8B 83            [24]  961 	mov	dph,r3
      000457 8C F0            [24]  962 	mov	b,r4
      000459 22               [24]  963 	ret
      00045A                        964 00128$:
      00045A E5 81            [12]  965 	mov	a,sp
      00045C 24 F9            [12]  966 	add	a,#0xf9
      00045E F5 81            [12]  967 	mov	sp,a
      000460                        968 00102$:
                                    969 ;	/opt/contiki/core/net/rime/announcement.c:148: return;
      000460 80 2A            [24]  970 	sjmp	00109$
      000462                        971 00108$:
                                    972 ;	/opt/contiki/core/net/rime/announcement.c:143: for(a = list_head(announcements); a != NULL; a = list_item_next(a)) {
      000462 C0 05            [24]  973 	push	ar5
      000464 C0 06            [24]  974 	push	ar6
      000466 C0 07            [24]  975 	push	ar7
      000468 8A 05            [24]  976 	mov	ar5,r2
      00046A 8B 06            [24]  977 	mov	ar6,r3
      00046C 8C 07            [24]  978 	mov	ar7,r4
      00046E 8D 82            [24]  979 	mov	dpl,r5
      000470 8E 83            [24]  980 	mov	dph,r6
      000472 8F F0            [24]  981 	mov	b,r7
      000474 12r00r00         [24]  982 	lcall	_list_item_next
      000477 AD 82            [24]  983 	mov	r5,dpl
      000479 AE 83            [24]  984 	mov	r6,dph
      00047B AF F0            [24]  985 	mov	r7,b
      00047D 8D 02            [24]  986 	mov	ar2,r5
      00047F 8E 03            [24]  987 	mov	ar3,r6
      000481 8F 04            [24]  988 	mov	ar4,r7
      000483 D0 07            [24]  989 	pop	ar7
      000485 D0 06            [24]  990 	pop	ar6
      000487 D0 05            [24]  991 	pop	ar5
      000489 02r03rA7         [24]  992 	ljmp	00107$
      00048C                        993 00109$:
      00048C 15 81            [12]  994 	dec	sp
      00048E 15 81            [12]  995 	dec	sp
      000490 22               [24]  996 	ret
                                    997 	.area CSEG    (CODE)
                                    998 	.area CONST   (CODE)
                                    999 	.area XINIT   (CODE)
      000000                       1000 __xinit__announcements_list:
                                   1001 ; generic printIvalPtr
      000000 00 00 00              1002 	.byte #0x00,#0x00,#0x00
      000003                       1003 __xinit__announcements:
      000003r00s00 00              1004 	.byte _announcements_list, (_announcements_list >> 8),#0x00
                                   1005 	.area CABS    (ABS,CODE)
