                                      1 ;--------------------------------------------------------
                                      2 ; File Created by SDCC : free open source ANSI-C Compiler
                                      3 ; Version 3.5.5 #9380 (Linux)
                                      4 ; This file was generated Tue Nov 17 16:52:51 2015
                                      5 ;--------------------------------------------------------
                                      6 	.module assert
                                      7 	.optsdcc -mmcs51 --model-large
                                      8 	
                                      9 ;--------------------------------------------------------
                                     10 ; Public variables in this module
                                     11 ;--------------------------------------------------------
                                     12 	.globl __xassert
                                     13 	.globl _printf
                                     14 ;--------------------------------------------------------
                                     15 ; special function registers
                                     16 ;--------------------------------------------------------
                                     17 	.area RSEG    (ABS,DATA)
      000000                         18 	.org 0x0000
                                     19 ;--------------------------------------------------------
                                     20 ; special function bits
                                     21 ;--------------------------------------------------------
                                     22 	.area RSEG    (ABS,DATA)
      000000                         23 	.org 0x0000
                                     24 ;--------------------------------------------------------
                                     25 ; overlayable register banks
                                     26 ;--------------------------------------------------------
                                     27 	.area REG_BANK_0	(REL,OVR,DATA)
      000000                         28 	.ds 8
                                     29 ;--------------------------------------------------------
                                     30 ; internal ram data
                                     31 ;--------------------------------------------------------
                                     32 	.area DSEG    (DATA)
                                     33 ;--------------------------------------------------------
                                     34 ; overlayable items in internal ram 
                                     35 ;--------------------------------------------------------
                                     36 ;--------------------------------------------------------
                                     37 ; indirectly addressable internal ram data
                                     38 ;--------------------------------------------------------
                                     39 	.area ISEG    (DATA)
                                     40 ;--------------------------------------------------------
                                     41 ; absolute internal ram data
                                     42 ;--------------------------------------------------------
                                     43 	.area IABS    (ABS,DATA)
                                     44 	.area IABS    (ABS,DATA)
                                     45 ;--------------------------------------------------------
                                     46 ; bit data
                                     47 ;--------------------------------------------------------
                                     48 	.area BSEG    (BIT)
                                     49 ;--------------------------------------------------------
                                     50 ; paged external ram data
                                     51 ;--------------------------------------------------------
                                     52 	.area PSEG    (PAG,XDATA)
                                     53 ;--------------------------------------------------------
                                     54 ; external ram data
                                     55 ;--------------------------------------------------------
                                     56 	.area XSEG    (XDATA)
                                     57 ;--------------------------------------------------------
                                     58 ; absolute external ram data
                                     59 ;--------------------------------------------------------
                                     60 	.area XABS    (ABS,XDATA)
                                     61 ;--------------------------------------------------------
                                     62 ; external initialized ram data
                                     63 ;--------------------------------------------------------
                                     64 	.area XISEG   (XDATA)
                                     65 	.area HOME    (CODE)
                                     66 	.area GSINIT0 (CODE)
                                     67 	.area GSINIT1 (CODE)
                                     68 	.area GSINIT2 (CODE)
                                     69 	.area GSINIT3 (CODE)
                                     70 	.area GSINIT4 (CODE)
                                     71 	.area GSINIT5 (CODE)
                                     72 	.area GSINIT  (CODE)
                                     73 	.area GSFINAL (CODE)
                                     74 	.area CSEG    (CODE)
                                     75 ;--------------------------------------------------------
                                     76 ; global & static initialisations
                                     77 ;--------------------------------------------------------
                                     78 	.area HOME    (CODE)
                                     79 	.area GSINIT  (CODE)
                                     80 	.area GSFINAL (CODE)
                                     81 	.area GSINIT  (CODE)
                                     82 ;--------------------------------------------------------
                                     83 ; Home
                                     84 ;--------------------------------------------------------
                                     85 	.area HOME    (CODE)
                                     86 	.area HOME    (CODE)
                                     87 ;--------------------------------------------------------
                                     88 ; code
                                     89 ;--------------------------------------------------------
                                     90 	.area CSEG    (CODE)
                                     91 ;------------------------------------------------------------
                                     92 ;Allocation info for local variables in function '_xassert'
                                     93 ;------------------------------------------------------------
                                     94 ;lineno                    Allocated to stack - sp -3
                                     95 ;file                      Allocated to registers r5 r6 r7 
                                     96 ;------------------------------------------------------------
                                     97 ;	/opt/contiki/core/lib/assert.c:34: _xassert(const char *file, int lineno)
                                     98 ;	-----------------------------------------
                                     99 ;	 function _xassert
                                    100 ;	-----------------------------------------
      000000                        101 __xassert:
                           000007   102 	ar7 = 0x07
                           000006   103 	ar6 = 0x06
                           000005   104 	ar5 = 0x05
                           000004   105 	ar4 = 0x04
                           000003   106 	ar3 = 0x03
                           000002   107 	ar2 = 0x02
                           000001   108 	ar1 = 0x01
                           000000   109 	ar0 = 0x00
      000000 AD 82            [24]  110 	mov	r5,dpl
      000002 AE 83            [24]  111 	mov	r6,dph
      000004 AF F0            [24]  112 	mov	r7,b
                                    113 ;	/opt/contiki/core/lib/assert.c:36: printf("Assertion failed: file %s, line %d.\n", file, lineno);
      000006 E5 81            [12]  114 	mov	a,sp
      000008 24 FD            [12]  115 	add	a,#0xfd
      00000A F8               [12]  116 	mov	r0,a
      00000B E6               [12]  117 	mov	a,@r0
      00000C C0 E0            [24]  118 	push	acc
      00000E 08               [12]  119 	inc	r0
      00000F E6               [12]  120 	mov	a,@r0
      000010 C0 E0            [24]  121 	push	acc
      000012 C0 05            [24]  122 	push	ar5
      000014 C0 06            [24]  123 	push	ar6
      000016 C0 07            [24]  124 	push	ar7
      000018 74r00            [12]  125 	mov	a,#___str_0
      00001A C0 E0            [24]  126 	push	acc
      00001C 74s00            [12]  127 	mov	a,#(___str_0 >> 8)
      00001E C0 E0            [24]  128 	push	acc
      000020 74 80            [12]  129 	mov	a,#0x80
      000022 C0 E0            [24]  130 	push	acc
      000024 12r00r00         [24]  131 	lcall	_printf
      000027 E5 81            [12]  132 	mov	a,sp
      000029 24 F8            [12]  133 	add	a,#0xf8
      00002B F5 81            [12]  134 	mov	sp,a
      00002D 22               [24]  135 	ret
                                    136 	.area CSEG    (CODE)
                                    137 	.area CONST   (CODE)
      000000                        138 ___str_0:
      000000 41 73 73 65 72 74 69   139 	.ascii "Assertion failed: file %s, line %d."
             6F 6E 20 66 61 69 6C
             65 64 3A 20 66 69 6C
             65 20 25 73 2C 20 6C
             69 6E 65 20 25 64 2E
      000023 0A                     140 	.db 0x0A
      000024 00                     141 	.db 0x00
                                    142 	.area XINIT   (CODE)
                                    143 	.area CABS    (ABS,CODE)
