                                      1 ;--------------------------------------------------------
                                      2 ; File Created by SDCC : free open source ANSI-C Compiler
                                      3 ; Version 3.5.5 #9380 (Linux)
                                      4 ; This file was generated Tue Nov 17 16:52:53 2015
                                      5 ;--------------------------------------------------------
                                      6 	.module collect_link_estimate
                                      7 	.optsdcc -mmcs51 --model-large
                                      8 	
                                      9 ;--------------------------------------------------------
                                     10 ; Public variables in this module
                                     11 ;--------------------------------------------------------
                                     12 	.globl _ACTIVE
                                     13 	.globl _TX_BYTE
                                     14 	.globl _RX_BYTE
                                     15 	.globl _ERR
                                     16 	.globl _FE
                                     17 	.globl _SLAVE
                                     18 	.globl _RE
                                     19 	.globl _MODE
                                     20 	.globl _T3OVFIF
                                     21 	.globl _T3CH0IF
                                     22 	.globl _T3CH1IF
                                     23 	.globl _T4OVFIF
                                     24 	.globl _T4CH0IF
                                     25 	.globl _T4CH1IF
                                     26 	.globl _OVFIM
                                     27 	.globl _B_0
                                     28 	.globl _B_1
                                     29 	.globl _B_2
                                     30 	.globl _B_3
                                     31 	.globl _B_4
                                     32 	.globl _B_5
                                     33 	.globl _B_6
                                     34 	.globl _B_7
                                     35 	.globl _P2IF
                                     36 	.globl _UTX0IF
                                     37 	.globl _UTX1IF
                                     38 	.globl _P1IF
                                     39 	.globl _WDTIF
                                     40 	.globl _ACC_0
                                     41 	.globl _ACC_1
                                     42 	.globl _ACC_2
                                     43 	.globl _ACC_3
                                     44 	.globl _ACC_4
                                     45 	.globl _ACC_5
                                     46 	.globl _ACC_6
                                     47 	.globl _ACC_7
                                     48 	.globl _P
                                     49 	.globl _F1
                                     50 	.globl _OV
                                     51 	.globl _RS0
                                     52 	.globl _RS1
                                     53 	.globl _F0
                                     54 	.globl _AC
                                     55 	.globl _CY
                                     56 	.globl _DMAIF
                                     57 	.globl _T1IF
                                     58 	.globl _T2IF
                                     59 	.globl _T3IF
                                     60 	.globl _T4IF
                                     61 	.globl _P0IF
                                     62 	.globl _STIF
                                     63 	.globl _DMAIE
                                     64 	.globl _T1IE
                                     65 	.globl _T2IE
                                     66 	.globl _T3IE
                                     67 	.globl _T4IE
                                     68 	.globl _P0IE
                                     69 	.globl _RFERRIE
                                     70 	.globl _ADCIE
                                     71 	.globl _URX0IE
                                     72 	.globl _URX1IE
                                     73 	.globl _ENCIE
                                     74 	.globl _STIE
                                     75 	.globl _EA
                                     76 	.globl _P2_0
                                     77 	.globl _P2_1
                                     78 	.globl _P2_2
                                     79 	.globl _P2_3
                                     80 	.globl _P2_4
                                     81 	.globl _P2_5
                                     82 	.globl _P2_6
                                     83 	.globl _P2_7
                                     84 	.globl _ENCIF_0
                                     85 	.globl _ENCIF_1
                                     86 	.globl _P1_0
                                     87 	.globl _P1_1
                                     88 	.globl _P1_2
                                     89 	.globl _P1_3
                                     90 	.globl _P1_4
                                     91 	.globl _P1_5
                                     92 	.globl _P1_6
                                     93 	.globl _P1_7
                                     94 	.globl _IT0
                                     95 	.globl _RFERRIF
                                     96 	.globl _IT1
                                     97 	.globl _URX0IF
                                     98 	.globl _ADCIF
                                     99 	.globl _URX1IF
                                    100 	.globl _P0_0
                                    101 	.globl _P0_1
                                    102 	.globl _P0_2
                                    103 	.globl _P0_3
                                    104 	.globl _P0_4
                                    105 	.globl _P0_5
                                    106 	.globl _P0_6
                                    107 	.globl _P0_7
                                    108 	.globl _WDCTL
                                    109 	.globl _U1GCR
                                    110 	.globl _U1UCR
                                    111 	.globl _U1BAUD
                                    112 	.globl _U1DBUF
                                    113 	.globl _U1CSR
                                    114 	.globl _U0GCR
                                    115 	.globl _U0UCR
                                    116 	.globl _U0BAUD
                                    117 	.globl _U0DBUF
                                    118 	.globl _U0CSR
                                    119 	.globl _TIMIF
                                    120 	.globl _T4CC1
                                    121 	.globl _T4CCTL1
                                    122 	.globl _T4CC0
                                    123 	.globl _T4CCTL0
                                    124 	.globl _T4CTL
                                    125 	.globl _T4CNT
                                    126 	.globl _T3CC1
                                    127 	.globl _T3CCTL1
                                    128 	.globl _T3CC0
                                    129 	.globl _T3CCTL0
                                    130 	.globl _T3CTL
                                    131 	.globl _T3CNT
                                    132 	.globl _T2MSEL
                                    133 	.globl _T2IRQM
                                    134 	.globl _T2MOVF2
                                    135 	.globl _T2MOVF1
                                    136 	.globl _T2MOVF0
                                    137 	.globl _T2M1
                                    138 	.globl _T2M0
                                    139 	.globl _T2IRQF
                                    140 	.globl _T2EVTCFG
                                    141 	.globl _T2CTRL
                                    142 	.globl _T1STAT
                                    143 	.globl _T1CCTL2
                                    144 	.globl _T1CCTL1
                                    145 	.globl _T1CCTL0
                                    146 	.globl _T1CTL
                                    147 	.globl _T1CNTH
                                    148 	.globl _T1CNTL
                                    149 	.globl _T1CC2H
                                    150 	.globl _T1CC2L
                                    151 	.globl _T1CC1H
                                    152 	.globl _T1CC1L
                                    153 	.globl _T1CC0H
                                    154 	.globl _T1CC0L
                                    155 	.globl _CLKCONSTA
                                    156 	.globl _CLKCONCMD
                                    157 	.globl _SLEEPSTA
                                    158 	.globl _SLEEPCMD
                                    159 	.globl _STLOAD
                                    160 	.globl _ST2
                                    161 	.globl _ST1
                                    162 	.globl _ST0
                                    163 	.globl _RFERRF
                                    164 	.globl _RFIRQF0
                                    165 	.globl _RFST
                                    166 	.globl _RFD
                                    167 	.globl _RFIRQF1
                                    168 	.globl _PSBANK
                                    169 	.globl _FMAP
                                    170 	.globl _MEMCTR
                                    171 	.globl __XPAGE
                                    172 	.globl _MPAGE
                                    173 	.globl _PMUX
                                    174 	.globl _P2DIR
                                    175 	.globl _P1DIR
                                    176 	.globl _P0DIR
                                    177 	.globl _P2INP
                                    178 	.globl _P1INP
                                    179 	.globl _P2SEL
                                    180 	.globl _P1SEL
                                    181 	.globl _P0SEL
                                    182 	.globl _APCFG
                                    183 	.globl _PERCFG
                                    184 	.globl _P0INP
                                    185 	.globl _P2IEN
                                    186 	.globl _P1IEN
                                    187 	.globl _P0IEN
                                    188 	.globl _PICTL
                                    189 	.globl _P2IFG
                                    190 	.globl _P1IFG
                                    191 	.globl _P0IFG
                                    192 	.globl _DMAREQ
                                    193 	.globl _DMAARM
                                    194 	.globl _DMA0CFGH
                                    195 	.globl _DMA0CFGL
                                    196 	.globl _DMA1CFGH
                                    197 	.globl _DMA1CFGL
                                    198 	.globl _DMAIRQ
                                    199 	.globl _ENCCS
                                    200 	.globl _ENCDO
                                    201 	.globl _ENCDI
                                    202 	.globl _RNDH
                                    203 	.globl _RNDL
                                    204 	.globl _ADCH
                                    205 	.globl _ADCL
                                    206 	.globl _ADCCON3
                                    207 	.globl _ADCCON2
                                    208 	.globl _ADCCON1
                                    209 	.globl _B
                                    210 	.globl _IRCON2
                                    211 	.globl _ACC
                                    212 	.globl _PSW
                                    213 	.globl _IRCON
                                    214 	.globl _IP1
                                    215 	.globl _IEN1
                                    216 	.globl _IP0
                                    217 	.globl _IEN0
                                    218 	.globl _P2
                                    219 	.globl _S1CON
                                    220 	.globl _IEN2
                                    221 	.globl _S0CON
                                    222 	.globl _DPS
                                    223 	.globl _P1
                                    224 	.globl _TCON
                                    225 	.globl _PCON
                                    226 	.globl _DPH1
                                    227 	.globl _DPL1
                                    228 	.globl _DPH0
                                    229 	.globl _DPL0
                                    230 	.globl _SP
                                    231 	.globl _P0
                                    232 	.globl _X_IEEE_ADDR
                                    233 	.globl _X_INFOPAGE
                                    234 	.globl _X_P2DIR
                                    235 	.globl _X_P1DIR
                                    236 	.globl _X_P0DIR
                                    237 	.globl _X_U1GCR
                                    238 	.globl _X_U1UCR
                                    239 	.globl _X_U1BAUD
                                    240 	.globl _X_U1DBUF
                                    241 	.globl _X_U1CSR
                                    242 	.globl _X_P2INP
                                    243 	.globl _X_P1INP
                                    244 	.globl _X_P2SEL
                                    245 	.globl _X_P1SEL
                                    246 	.globl _X_P0SEL
                                    247 	.globl _X_APCFG
                                    248 	.globl _X_PERCFG
                                    249 	.globl _X_T4CC1
                                    250 	.globl _X_T4CCTL1
                                    251 	.globl _X_T4CC0
                                    252 	.globl _X_T4CCTL0
                                    253 	.globl _X_T4CTL
                                    254 	.globl _X_T4CNT
                                    255 	.globl _X_RFIRQF0
                                    256 	.globl _X_T1CCTL2
                                    257 	.globl _X_T1CCTL1
                                    258 	.globl _X_T1CCTL0
                                    259 	.globl _X_T1CTL
                                    260 	.globl _X_T1CNTH
                                    261 	.globl _X_T1CNTL
                                    262 	.globl _X_RFST
                                    263 	.globl _X_T1CC2H
                                    264 	.globl _X_T1CC2L
                                    265 	.globl _X_T1CC1H
                                    266 	.globl _X_T1CC1L
                                    267 	.globl _X_T1CC0H
                                    268 	.globl _X_T1CC0L
                                    269 	.globl _X_RFD
                                    270 	.globl _X_TIMIF
                                    271 	.globl _X_DMAREQ
                                    272 	.globl _X_DMAARM
                                    273 	.globl _X_DMA0CFGH
                                    274 	.globl _X_DMA0CFGL
                                    275 	.globl _X_DMA1CFGH
                                    276 	.globl _X_DMA1CFGL
                                    277 	.globl _X_DMAIRQ
                                    278 	.globl _X_T3CC1
                                    279 	.globl _X_T3CCTL1
                                    280 	.globl _X_T3CC0
                                    281 	.globl _X_T3CCTL0
                                    282 	.globl _X_T3CTL
                                    283 	.globl _X_T3CNT
                                    284 	.globl _X_WDCTL
                                    285 	.globl _X_MEMCTR
                                    286 	.globl _X_CLKCONCMD
                                    287 	.globl _X_U0GCR
                                    288 	.globl _X_U0UCR
                                    289 	.globl _X_T2MSEL
                                    290 	.globl _X_U0BAUD
                                    291 	.globl _X_U0DBUF
                                    292 	.globl _X_RFERRF
                                    293 	.globl _X_SLEEPCMD
                                    294 	.globl _X_RNDH
                                    295 	.globl _X_RNDL
                                    296 	.globl _X_ADCH
                                    297 	.globl _X_ADCL
                                    298 	.globl _X_ADCCON3
                                    299 	.globl _X_ADCCON2
                                    300 	.globl _X_ADCCON1
                                    301 	.globl _X_ENCCS
                                    302 	.globl _X_ENCDO
                                    303 	.globl _X_ENCDI
                                    304 	.globl _X_T1STAT
                                    305 	.globl _X_PMUX
                                    306 	.globl _X_STLOAD
                                    307 	.globl _X_P2IEN
                                    308 	.globl _X_P0IEN
                                    309 	.globl _X_T2IRQM
                                    310 	.globl _X_T2MOVF2
                                    311 	.globl _X_T2MOVF1
                                    312 	.globl _X_T2MOVF0
                                    313 	.globl _X_T2M1
                                    314 	.globl _X_T2M0
                                    315 	.globl _X_T2IRQF
                                    316 	.globl _X_P2
                                    317 	.globl _X_PSBANK
                                    318 	.globl _X_FMAP
                                    319 	.globl _X_CLKCONSTA
                                    320 	.globl _X_SLEEPSTA
                                    321 	.globl _X_T2EVTCFG
                                    322 	.globl _X_ST2
                                    323 	.globl _X_ST1
                                    324 	.globl _X_ST0
                                    325 	.globl _X_T2CTRL
                                    326 	.globl _X__XPAGE
                                    327 	.globl _X_MPAGE
                                    328 	.globl _X_RFIRQF1
                                    329 	.globl _X_P1
                                    330 	.globl _X_P0INP
                                    331 	.globl _X_P1IEN
                                    332 	.globl _X_PICTL
                                    333 	.globl _X_P2IFG
                                    334 	.globl _X_P1IFG
                                    335 	.globl _X_P0IFG
                                    336 	.globl _X_U0CSR
                                    337 	.globl _X_P0
                                    338 	.globl _USBF5
                                    339 	.globl _USBF4
                                    340 	.globl _USBF3
                                    341 	.globl _USBF2
                                    342 	.globl _USBF1
                                    343 	.globl _USBF0
                                    344 	.globl _USBCNTH
                                    345 	.globl _USBCNTL
                                    346 	.globl _USBCNT0
                                    347 	.globl _USBCSOH
                                    348 	.globl _USBCSOL
                                    349 	.globl _USBMAXO
                                    350 	.globl _USBCSIH
                                    351 	.globl _USBCSIL
                                    352 	.globl _USBCS0
                                    353 	.globl _USBMAXI
                                    354 	.globl _USBCTRL
                                    355 	.globl _USBINDEX
                                    356 	.globl _USBFRMH
                                    357 	.globl _USBFRML
                                    358 	.globl _USBCIE
                                    359 	.globl _USBOIE
                                    360 	.globl _USBIIE
                                    361 	.globl _USBCIF
                                    362 	.globl _USBOIF
                                    363 	.globl _USBIIF
                                    364 	.globl _USBPOW
                                    365 	.globl _USBADDR
                                    366 	.globl _CSPT
                                    367 	.globl _CSPZ
                                    368 	.globl _CSPY
                                    369 	.globl _CSPX
                                    370 	.globl _CSPSTAT
                                    371 	.globl _CSPCTRL
                                    372 	.globl _CSPPROG23
                                    373 	.globl _CSPPROG22
                                    374 	.globl _CSPPROG21
                                    375 	.globl _CSPPROG20
                                    376 	.globl _CSPPROG19
                                    377 	.globl _CSPPROG18
                                    378 	.globl _CSPPROG17
                                    379 	.globl _CSPPROG16
                                    380 	.globl _CSPPROG15
                                    381 	.globl _CSPPROG14
                                    382 	.globl _CSPPROG13
                                    383 	.globl _CSPPROG12
                                    384 	.globl _CSPPROG11
                                    385 	.globl _CSPPROG10
                                    386 	.globl _CSPPROG9
                                    387 	.globl _CSPPROG8
                                    388 	.globl _CSPPROG7
                                    389 	.globl _CSPPROG6
                                    390 	.globl _CSPPROG5
                                    391 	.globl _CSPPROG4
                                    392 	.globl _CSPPROG3
                                    393 	.globl _CSPPROG2
                                    394 	.globl _CSPPROG1
                                    395 	.globl _CSPPROG0
                                    396 	.globl _RFC_OBS_CTRL2
                                    397 	.globl _RFC_OBS_CTRL1
                                    398 	.globl _RFC_OBS_CTRL0
                                    399 	.globl _TXFILTCFG
                                    400 	.globl _PTEST1
                                    401 	.globl _PTEST0
                                    402 	.globl _ATEST
                                    403 	.globl _DACTEST2
                                    404 	.globl _DACTEST1
                                    405 	.globl _DACTEST0
                                    406 	.globl _MDMTEST1
                                    407 	.globl _MDMTEST0
                                    408 	.globl _ADCTEST2
                                    409 	.globl _ADCTEST1
                                    410 	.globl _ADCTEST0
                                    411 	.globl _AGCCTRL3
                                    412 	.globl _AGCCTRL2
                                    413 	.globl _AGCCTRL1
                                    414 	.globl _AGCCTRL0
                                    415 	.globl _FSCAL3
                                    416 	.globl _FSCAL2
                                    417 	.globl _FSCAL1
                                    418 	.globl _FSCAL0
                                    419 	.globl _FSCTRL
                                    420 	.globl _RXCTRL
                                    421 	.globl _FREQEST
                                    422 	.globl _MDMCTRL1
                                    423 	.globl _MDMCTRL0
                                    424 	.globl _RFRND
                                    425 	.globl _RFERRM
                                    426 	.globl _RFIRQM1
                                    427 	.globl _RFIRQM0
                                    428 	.globl _TXLAST_PTR
                                    429 	.globl _TXFIRST_PTR
                                    430 	.globl _RXP1_PTR
                                    431 	.globl _RXLAST_PTR
                                    432 	.globl _RXFIRST_PTR
                                    433 	.globl _TXFIFOCNT
                                    434 	.globl _RXFIFOCNT
                                    435 	.globl _RXFIRST
                                    436 	.globl _RSSISTAT
                                    437 	.globl _RSSI
                                    438 	.globl _CCACTRL1
                                    439 	.globl _CCACTRL0
                                    440 	.globl _FSMCTRL
                                    441 	.globl _FIFOPCTRL
                                    442 	.globl _FSMSTAT1
                                    443 	.globl _FSMSTAT0
                                    444 	.globl _TXCTRL
                                    445 	.globl _TXPOWER
                                    446 	.globl _FREQCTRL
                                    447 	.globl _FREQTUNE
                                    448 	.globl _RXMASKCLR
                                    449 	.globl _RXMASKSET
                                    450 	.globl _RXENABLE
                                    451 	.globl _FRMCTRL1
                                    452 	.globl _FRMCTRL0
                                    453 	.globl _SRCEXTEN2
                                    454 	.globl _SRCEXTEN1
                                    455 	.globl _SRCEXTEN0
                                    456 	.globl _SRCSHORTEN2
                                    457 	.globl _SRCSHORTEN1
                                    458 	.globl _SRCSHORTEN0
                                    459 	.globl _SRCMATCH
                                    460 	.globl _FRMFILT1
                                    461 	.globl _FRMFILT0
                                    462 	.globl _SHORT_ADDR1
                                    463 	.globl _SHORT_ADDR0
                                    464 	.globl _PAN_ID1
                                    465 	.globl _PAN_ID0
                                    466 	.globl _EXT_ADDR7
                                    467 	.globl _EXT_ADDR6
                                    468 	.globl _EXT_ADDR5
                                    469 	.globl _EXT_ADDR4
                                    470 	.globl _EXT_ADDR3
                                    471 	.globl _EXT_ADDR2
                                    472 	.globl _EXT_ADDR1
                                    473 	.globl _EXT_ADDR0
                                    474 	.globl _SRCSHORTPENDEN2
                                    475 	.globl _SRCSHORTPENDEN1
                                    476 	.globl _SRCSHORTPENDEN0
                                    477 	.globl _SRCEXTPENDEN2
                                    478 	.globl _SRCEXTPENDEN1
                                    479 	.globl _SRCEXTPENDEN0
                                    480 	.globl _SRCRESINDEX
                                    481 	.globl _SRCRESMASK2
                                    482 	.globl _SRCRESMASK1
                                    483 	.globl _SRCRESMASK0
                                    484 	.globl _SRC_ADDR_TABLE
                                    485 	.globl _TXFIFO
                                    486 	.globl _RXFIFO
                                    487 	.globl _RFCORE_RAM
                                    488 	.globl _CMPCTL
                                    489 	.globl _OPAMPS
                                    490 	.globl _OPAMPC
                                    491 	.globl _STCV2
                                    492 	.globl _STCV1
                                    493 	.globl _STCV0
                                    494 	.globl _STCS
                                    495 	.globl _STCC
                                    496 	.globl _T1CC4H
                                    497 	.globl _T1CC4L
                                    498 	.globl _T1CC3H
                                    499 	.globl _T1CC3L
                                    500 	.globl _XX_T1CC2H
                                    501 	.globl _XX_T1CC2L
                                    502 	.globl _XX_T1CC1H
                                    503 	.globl _XX_T1CC1L
                                    504 	.globl _XX_T1CC0H
                                    505 	.globl _XX_T1CC0L
                                    506 	.globl _T1CCTL4
                                    507 	.globl _T1CCTL3
                                    508 	.globl _XX_T1CCTL2
                                    509 	.globl _XX_T1CCTL1
                                    510 	.globl _XX_T1CCTL0
                                    511 	.globl _CLD
                                    512 	.globl _IRCTL
                                    513 	.globl _CHIPINFO1
                                    514 	.globl _CHIPINFO0
                                    515 	.globl _FWDATA
                                    516 	.globl _FADDRH
                                    517 	.globl _FADDRL
                                    518 	.globl _FCTL
                                    519 	.globl _IVCTRL
                                    520 	.globl _BATTMON
                                    521 	.globl _SRCRC
                                    522 	.globl _DBGDATA
                                    523 	.globl _TESTREG0
                                    524 	.globl _CHIPID
                                    525 	.globl _CHVER
                                    526 	.globl _OBSSEL5
                                    527 	.globl _OBSSEL4
                                    528 	.globl _OBSSEL3
                                    529 	.globl _OBSSEL2
                                    530 	.globl _OBSSEL1
                                    531 	.globl _OBSSEL0
                                    532 	.globl _I2CIO
                                    533 	.globl _I2CWC
                                    534 	.globl _I2CADDR
                                    535 	.globl _I2CDATA
                                    536 	.globl _I2CSTAT
                                    537 	.globl _I2CCFG
                                    538 	.globl _OPAMPMC
                                    539 	.globl _MONMUX
                                    540 	.globl _collect_link_estimate_new
                                    541 	.globl _collect_link_estimate_update_tx
                                    542 	.globl _collect_link_estimate_update_tx_fail
                                    543 	.globl _collect_link_estimate_update_rx
                                    544 	.globl _collect_link_estimate
                                    545 	.globl _collect_link_estimate_num_estimates
                                    546 ;--------------------------------------------------------
                                    547 ; special function registers
                                    548 ;--------------------------------------------------------
                                    549 	.area RSEG    (ABS,DATA)
      000000                        550 	.org 0x0000
                           000080   551 _P0	=	0x0080
                           000081   552 _SP	=	0x0081
                           000082   553 _DPL0	=	0x0082
                           000083   554 _DPH0	=	0x0083
                           000084   555 _DPL1	=	0x0084
                           000085   556 _DPH1	=	0x0085
                           000087   557 _PCON	=	0x0087
                           000088   558 _TCON	=	0x0088
                           000090   559 _P1	=	0x0090
                           000092   560 _DPS	=	0x0092
                           000098   561 _S0CON	=	0x0098
                           00009A   562 _IEN2	=	0x009a
                           00009B   563 _S1CON	=	0x009b
                           0000A0   564 _P2	=	0x00a0
                           0000A8   565 _IEN0	=	0x00a8
                           0000A9   566 _IP0	=	0x00a9
                           0000B8   567 _IEN1	=	0x00b8
                           0000B9   568 _IP1	=	0x00b9
                           0000C0   569 _IRCON	=	0x00c0
                           0000D0   570 _PSW	=	0x00d0
                           0000E0   571 _ACC	=	0x00e0
                           0000E8   572 _IRCON2	=	0x00e8
                           0000F0   573 _B	=	0x00f0
                           0000B4   574 _ADCCON1	=	0x00b4
                           0000B5   575 _ADCCON2	=	0x00b5
                           0000B6   576 _ADCCON3	=	0x00b6
                           0000BA   577 _ADCL	=	0x00ba
                           0000BB   578 _ADCH	=	0x00bb
                           0000BC   579 _RNDL	=	0x00bc
                           0000BD   580 _RNDH	=	0x00bd
                           0000B1   581 _ENCDI	=	0x00b1
                           0000B2   582 _ENCDO	=	0x00b2
                           0000B3   583 _ENCCS	=	0x00b3
                           0000D1   584 _DMAIRQ	=	0x00d1
                           0000D2   585 _DMA1CFGL	=	0x00d2
                           0000D3   586 _DMA1CFGH	=	0x00d3
                           0000D4   587 _DMA0CFGL	=	0x00d4
                           0000D5   588 _DMA0CFGH	=	0x00d5
                           0000D6   589 _DMAARM	=	0x00d6
                           0000D7   590 _DMAREQ	=	0x00d7
                           000089   591 _P0IFG	=	0x0089
                           00008A   592 _P1IFG	=	0x008a
                           00008B   593 _P2IFG	=	0x008b
                           00008C   594 _PICTL	=	0x008c
                           0000AB   595 _P0IEN	=	0x00ab
                           00008D   596 _P1IEN	=	0x008d
                           0000AC   597 _P2IEN	=	0x00ac
                           00008F   598 _P0INP	=	0x008f
                           0000F1   599 _PERCFG	=	0x00f1
                           0000F2   600 _APCFG	=	0x00f2
                           0000F3   601 _P0SEL	=	0x00f3
                           0000F4   602 _P1SEL	=	0x00f4
                           0000F5   603 _P2SEL	=	0x00f5
                           0000F6   604 _P1INP	=	0x00f6
                           0000F7   605 _P2INP	=	0x00f7
                           0000FD   606 _P0DIR	=	0x00fd
                           0000FE   607 _P1DIR	=	0x00fe
                           0000FF   608 _P2DIR	=	0x00ff
                           0000AE   609 _PMUX	=	0x00ae
                           000093   610 _MPAGE	=	0x0093
                           000093   611 __XPAGE	=	0x0093
                           0000C7   612 _MEMCTR	=	0x00c7
                           00009F   613 _FMAP	=	0x009f
                           00009F   614 _PSBANK	=	0x009f
                           000091   615 _RFIRQF1	=	0x0091
                           0000D9   616 _RFD	=	0x00d9
                           0000E1   617 _RFST	=	0x00e1
                           0000E9   618 _RFIRQF0	=	0x00e9
                           0000BF   619 _RFERRF	=	0x00bf
                           000095   620 _ST0	=	0x0095
                           000096   621 _ST1	=	0x0096
                           000097   622 _ST2	=	0x0097
                           0000AD   623 _STLOAD	=	0x00ad
                           0000BE   624 _SLEEPCMD	=	0x00be
                           00009D   625 _SLEEPSTA	=	0x009d
                           0000C6   626 _CLKCONCMD	=	0x00c6
                           00009E   627 _CLKCONSTA	=	0x009e
                           0000DA   628 _T1CC0L	=	0x00da
                           0000DB   629 _T1CC0H	=	0x00db
                           0000DC   630 _T1CC1L	=	0x00dc
                           0000DD   631 _T1CC1H	=	0x00dd
                           0000DE   632 _T1CC2L	=	0x00de
                           0000DF   633 _T1CC2H	=	0x00df
                           0000E2   634 _T1CNTL	=	0x00e2
                           0000E3   635 _T1CNTH	=	0x00e3
                           0000E4   636 _T1CTL	=	0x00e4
                           0000E5   637 _T1CCTL0	=	0x00e5
                           0000E6   638 _T1CCTL1	=	0x00e6
                           0000E7   639 _T1CCTL2	=	0x00e7
                           0000AF   640 _T1STAT	=	0x00af
                           000094   641 _T2CTRL	=	0x0094
                           00009C   642 _T2EVTCFG	=	0x009c
                           0000A1   643 _T2IRQF	=	0x00a1
                           0000A2   644 _T2M0	=	0x00a2
                           0000A3   645 _T2M1	=	0x00a3
                           0000A4   646 _T2MOVF0	=	0x00a4
                           0000A5   647 _T2MOVF1	=	0x00a5
                           0000A6   648 _T2MOVF2	=	0x00a6
                           0000A7   649 _T2IRQM	=	0x00a7
                           0000C3   650 _T2MSEL	=	0x00c3
                           0000CA   651 _T3CNT	=	0x00ca
                           0000CB   652 _T3CTL	=	0x00cb
                           0000CC   653 _T3CCTL0	=	0x00cc
                           0000CD   654 _T3CC0	=	0x00cd
                           0000CE   655 _T3CCTL1	=	0x00ce
                           0000CF   656 _T3CC1	=	0x00cf
                           0000EA   657 _T4CNT	=	0x00ea
                           0000EB   658 _T4CTL	=	0x00eb
                           0000EC   659 _T4CCTL0	=	0x00ec
                           0000ED   660 _T4CC0	=	0x00ed
                           0000EE   661 _T4CCTL1	=	0x00ee
                           0000EF   662 _T4CC1	=	0x00ef
                           0000D8   663 _TIMIF	=	0x00d8
                           000086   664 _U0CSR	=	0x0086
                           0000C1   665 _U0DBUF	=	0x00c1
                           0000C2   666 _U0BAUD	=	0x00c2
                           0000C4   667 _U0UCR	=	0x00c4
                           0000C5   668 _U0GCR	=	0x00c5
                           0000F8   669 _U1CSR	=	0x00f8
                           0000F9   670 _U1DBUF	=	0x00f9
                           0000FA   671 _U1BAUD	=	0x00fa
                           0000FB   672 _U1UCR	=	0x00fb
                           0000FC   673 _U1GCR	=	0x00fc
                           0000C9   674 _WDCTL	=	0x00c9
                                    675 ;--------------------------------------------------------
                                    676 ; special function bits
                                    677 ;--------------------------------------------------------
                                    678 	.area RSEG    (ABS,DATA)
      000000                        679 	.org 0x0000
                           000087   680 _P0_7	=	0x0087
                           000086   681 _P0_6	=	0x0086
                           000085   682 _P0_5	=	0x0085
                           000084   683 _P0_4	=	0x0084
                           000083   684 _P0_3	=	0x0083
                           000082   685 _P0_2	=	0x0082
                           000081   686 _P0_1	=	0x0081
                           000080   687 _P0_0	=	0x0080
                           00008F   688 _URX1IF	=	0x008f
                           00008D   689 _ADCIF	=	0x008d
                           00008B   690 _URX0IF	=	0x008b
                           00008A   691 _IT1	=	0x008a
                           000089   692 _RFERRIF	=	0x0089
                           000088   693 _IT0	=	0x0088
                           000097   694 _P1_7	=	0x0097
                           000096   695 _P1_6	=	0x0096
                           000095   696 _P1_5	=	0x0095
                           000094   697 _P1_4	=	0x0094
                           000093   698 _P1_3	=	0x0093
                           000092   699 _P1_2	=	0x0092
                           000091   700 _P1_1	=	0x0091
                           000090   701 _P1_0	=	0x0090
                           000099   702 _ENCIF_1	=	0x0099
                           000098   703 _ENCIF_0	=	0x0098
                           0000A7   704 _P2_7	=	0x00a7
                           0000A6   705 _P2_6	=	0x00a6
                           0000A5   706 _P2_5	=	0x00a5
                           0000A4   707 _P2_4	=	0x00a4
                           0000A3   708 _P2_3	=	0x00a3
                           0000A2   709 _P2_2	=	0x00a2
                           0000A1   710 _P2_1	=	0x00a1
                           0000A0   711 _P2_0	=	0x00a0
                           0000AF   712 _EA	=	0x00af
                           0000AD   713 _STIE	=	0x00ad
                           0000AC   714 _ENCIE	=	0x00ac
                           0000AB   715 _URX1IE	=	0x00ab
                           0000AA   716 _URX0IE	=	0x00aa
                           0000A9   717 _ADCIE	=	0x00a9
                           0000A8   718 _RFERRIE	=	0x00a8
                           0000BD   719 _P0IE	=	0x00bd
                           0000BC   720 _T4IE	=	0x00bc
                           0000BB   721 _T3IE	=	0x00bb
                           0000BA   722 _T2IE	=	0x00ba
                           0000B9   723 _T1IE	=	0x00b9
                           0000B8   724 _DMAIE	=	0x00b8
                           0000C7   725 _STIF	=	0x00c7
                           0000C5   726 _P0IF	=	0x00c5
                           0000C4   727 _T4IF	=	0x00c4
                           0000C3   728 _T3IF	=	0x00c3
                           0000C2   729 _T2IF	=	0x00c2
                           0000C1   730 _T1IF	=	0x00c1
                           0000C0   731 _DMAIF	=	0x00c0
                           0000D7   732 _CY	=	0x00d7
                           0000D6   733 _AC	=	0x00d6
                           0000D5   734 _F0	=	0x00d5
                           0000D4   735 _RS1	=	0x00d4
                           0000D3   736 _RS0	=	0x00d3
                           0000D2   737 _OV	=	0x00d2
                           0000D1   738 _F1	=	0x00d1
                           0000D0   739 _P	=	0x00d0
                           0000E7   740 _ACC_7	=	0x00e7
                           0000E6   741 _ACC_6	=	0x00e6
                           0000E5   742 _ACC_5	=	0x00e5
                           0000E4   743 _ACC_4	=	0x00e4
                           0000E3   744 _ACC_3	=	0x00e3
                           0000E2   745 _ACC_2	=	0x00e2
                           0000E1   746 _ACC_1	=	0x00e1
                           0000E0   747 _ACC_0	=	0x00e0
                           0000EC   748 _WDTIF	=	0x00ec
                           0000EB   749 _P1IF	=	0x00eb
                           0000EA   750 _UTX1IF	=	0x00ea
                           0000E9   751 _UTX0IF	=	0x00e9
                           0000E8   752 _P2IF	=	0x00e8
                           0000F7   753 _B_7	=	0x00f7
                           0000F6   754 _B_6	=	0x00f6
                           0000F5   755 _B_5	=	0x00f5
                           0000F4   756 _B_4	=	0x00f4
                           0000F3   757 _B_3	=	0x00f3
                           0000F2   758 _B_2	=	0x00f2
                           0000F1   759 _B_1	=	0x00f1
                           0000F0   760 _B_0	=	0x00f0
                           0000DE   761 _OVFIM	=	0x00de
                           0000DD   762 _T4CH1IF	=	0x00dd
                           0000DC   763 _T4CH0IF	=	0x00dc
                           0000DB   764 _T4OVFIF	=	0x00db
                           0000DA   765 _T3CH1IF	=	0x00da
                           0000D9   766 _T3CH0IF	=	0x00d9
                           0000D8   767 _T3OVFIF	=	0x00d8
                           0000FF   768 _MODE	=	0x00ff
                           0000FE   769 _RE	=	0x00fe
                           0000FD   770 _SLAVE	=	0x00fd
                           0000FC   771 _FE	=	0x00fc
                           0000FB   772 _ERR	=	0x00fb
                           0000FA   773 _RX_BYTE	=	0x00fa
                           0000F9   774 _TX_BYTE	=	0x00f9
                           0000F8   775 _ACTIVE	=	0x00f8
                                    776 ;--------------------------------------------------------
                                    777 ; overlayable register banks
                                    778 ;--------------------------------------------------------
                                    779 	.area REG_BANK_0	(REL,OVR,DATA)
      000000                        780 	.ds 8
                                    781 ;--------------------------------------------------------
                                    782 ; internal ram data
                                    783 ;--------------------------------------------------------
                                    784 	.area DSEG    (DATA)
                                    785 ;--------------------------------------------------------
                                    786 ; overlayable items in internal ram 
                                    787 ;--------------------------------------------------------
                                    788 ;--------------------------------------------------------
                                    789 ; indirectly addressable internal ram data
                                    790 ;--------------------------------------------------------
                                    791 	.area ISEG    (DATA)
                                    792 ;--------------------------------------------------------
                                    793 ; absolute internal ram data
                                    794 ;--------------------------------------------------------
                                    795 	.area IABS    (ABS,DATA)
                                    796 	.area IABS    (ABS,DATA)
                                    797 ;--------------------------------------------------------
                                    798 ; bit data
                                    799 ;--------------------------------------------------------
                                    800 	.area BSEG    (BIT)
                                    801 ;--------------------------------------------------------
                                    802 ; paged external ram data
                                    803 ;--------------------------------------------------------
                                    804 	.area PSEG    (PAG,XDATA)
                                    805 ;--------------------------------------------------------
                                    806 ; external ram data
                                    807 ;--------------------------------------------------------
                                    808 	.area XSEG    (XDATA)
                           0061A6   809 _MONMUX	=	0x61a6
                           0061A6   810 _OPAMPMC	=	0x61a6
                           006230   811 _I2CCFG	=	0x6230
                           006231   812 _I2CSTAT	=	0x6231
                           006232   813 _I2CDATA	=	0x6232
                           006233   814 _I2CADDR	=	0x6233
                           006234   815 _I2CWC	=	0x6234
                           006235   816 _I2CIO	=	0x6235
                           006243   817 _OBSSEL0	=	0x6243
                           006244   818 _OBSSEL1	=	0x6244
                           006245   819 _OBSSEL2	=	0x6245
                           006246   820 _OBSSEL3	=	0x6246
                           006247   821 _OBSSEL4	=	0x6247
                           006248   822 _OBSSEL5	=	0x6248
                           006249   823 _CHVER	=	0x6249
                           00624A   824 _CHIPID	=	0x624a
                           00624B   825 _TESTREG0	=	0x624b
                           006260   826 _DBGDATA	=	0x6260
                           006262   827 _SRCRC	=	0x6262
                           006264   828 _BATTMON	=	0x6264
                           006265   829 _IVCTRL	=	0x6265
                           006270   830 _FCTL	=	0x6270
                           006271   831 _FADDRL	=	0x6271
                           006272   832 _FADDRH	=	0x6272
                           006273   833 _FWDATA	=	0x6273
                           006276   834 _CHIPINFO0	=	0x6276
                           006277   835 _CHIPINFO1	=	0x6277
                           006281   836 _IRCTL	=	0x6281
                           006290   837 _CLD	=	0x6290
                           0062A0   838 _XX_T1CCTL0	=	0x62a0
                           0062A1   839 _XX_T1CCTL1	=	0x62a1
                           0062A2   840 _XX_T1CCTL2	=	0x62a2
                           0062A3   841 _T1CCTL3	=	0x62a3
                           0062A4   842 _T1CCTL4	=	0x62a4
                           0062A6   843 _XX_T1CC0L	=	0x62a6
                           0062A7   844 _XX_T1CC0H	=	0x62a7
                           0062A8   845 _XX_T1CC1L	=	0x62a8
                           0062A9   846 _XX_T1CC1H	=	0x62a9
                           0062AA   847 _XX_T1CC2L	=	0x62aa
                           0062AB   848 _XX_T1CC2H	=	0x62ab
                           0062AC   849 _T1CC3L	=	0x62ac
                           0062AD   850 _T1CC3H	=	0x62ad
                           0062AE   851 _T1CC4L	=	0x62ae
                           0062AF   852 _T1CC4H	=	0x62af
                           0062B0   853 _STCC	=	0x62b0
                           0062B1   854 _STCS	=	0x62b1
                           0062B2   855 _STCV0	=	0x62b2
                           0062B3   856 _STCV1	=	0x62b3
                           0062B4   857 _STCV2	=	0x62b4
                           0062C0   858 _OPAMPC	=	0x62c0
                           0062C1   859 _OPAMPS	=	0x62c1
                           0062D0   860 _CMPCTL	=	0x62d0
                           006000   861 _RFCORE_RAM	=	0x6000
                           006000   862 _RXFIFO	=	0x6000
                           006080   863 _TXFIFO	=	0x6080
                           006100   864 _SRC_ADDR_TABLE	=	0x6100
                           006160   865 _SRCRESMASK0	=	0x6160
                           006161   866 _SRCRESMASK1	=	0x6161
                           006162   867 _SRCRESMASK2	=	0x6162
                           006163   868 _SRCRESINDEX	=	0x6163
                           006164   869 _SRCEXTPENDEN0	=	0x6164
                           006165   870 _SRCEXTPENDEN1	=	0x6165
                           006166   871 _SRCEXTPENDEN2	=	0x6166
                           006167   872 _SRCSHORTPENDEN0	=	0x6167
                           006168   873 _SRCSHORTPENDEN1	=	0x6168
                           006169   874 _SRCSHORTPENDEN2	=	0x6169
                           00616A   875 _EXT_ADDR0	=	0x616a
                           00616B   876 _EXT_ADDR1	=	0x616b
                           00616C   877 _EXT_ADDR2	=	0x616c
                           00616D   878 _EXT_ADDR3	=	0x616d
                           00616E   879 _EXT_ADDR4	=	0x616e
                           00616F   880 _EXT_ADDR5	=	0x616f
                           006170   881 _EXT_ADDR6	=	0x6170
                           006171   882 _EXT_ADDR7	=	0x6171
                           006172   883 _PAN_ID0	=	0x6172
                           006173   884 _PAN_ID1	=	0x6173
                           006174   885 _SHORT_ADDR0	=	0x6174
                           006175   886 _SHORT_ADDR1	=	0x6175
                           006180   887 _FRMFILT0	=	0x6180
                           006181   888 _FRMFILT1	=	0x6181
                           006182   889 _SRCMATCH	=	0x6182
                           006183   890 _SRCSHORTEN0	=	0x6183
                           006184   891 _SRCSHORTEN1	=	0x6184
                           006185   892 _SRCSHORTEN2	=	0x6185
                           006186   893 _SRCEXTEN0	=	0x6186
                           006187   894 _SRCEXTEN1	=	0x6187
                           006188   895 _SRCEXTEN2	=	0x6188
                           006189   896 _FRMCTRL0	=	0x6189
                           00618A   897 _FRMCTRL1	=	0x618a
                           00618B   898 _RXENABLE	=	0x618b
                           00618C   899 _RXMASKSET	=	0x618c
                           00618D   900 _RXMASKCLR	=	0x618d
                           00618E   901 _FREQTUNE	=	0x618e
                           00618F   902 _FREQCTRL	=	0x618f
                           006190   903 _TXPOWER	=	0x6190
                           006191   904 _TXCTRL	=	0x6191
                           006192   905 _FSMSTAT0	=	0x6192
                           006193   906 _FSMSTAT1	=	0x6193
                           006194   907 _FIFOPCTRL	=	0x6194
                           006195   908 _FSMCTRL	=	0x6195
                           006196   909 _CCACTRL0	=	0x6196
                           006197   910 _CCACTRL1	=	0x6197
                           006198   911 _RSSI	=	0x6198
                           006199   912 _RSSISTAT	=	0x6199
                           00619A   913 _RXFIRST	=	0x619a
                           00619B   914 _RXFIFOCNT	=	0x619b
                           00619C   915 _TXFIFOCNT	=	0x619c
                           00619D   916 _RXFIRST_PTR	=	0x619d
                           00619E   917 _RXLAST_PTR	=	0x619e
                           00619F   918 _RXP1_PTR	=	0x619f
                           0061A1   919 _TXFIRST_PTR	=	0x61a1
                           0061A2   920 _TXLAST_PTR	=	0x61a2
                           0061A3   921 _RFIRQM0	=	0x61a3
                           0061A4   922 _RFIRQM1	=	0x61a4
                           0061A5   923 _RFERRM	=	0x61a5
                           0061A7   924 _RFRND	=	0x61a7
                           0061A8   925 _MDMCTRL0	=	0x61a8
                           0061A9   926 _MDMCTRL1	=	0x61a9
                           0061AA   927 _FREQEST	=	0x61aa
                           0061AB   928 _RXCTRL	=	0x61ab
                           0061AC   929 _FSCTRL	=	0x61ac
                           0061AD   930 _FSCAL0	=	0x61ad
                           0061AE   931 _FSCAL1	=	0x61ae
                           0061AF   932 _FSCAL2	=	0x61af
                           0061B0   933 _FSCAL3	=	0x61b0
                           0061B1   934 _AGCCTRL0	=	0x61b1
                           0061B2   935 _AGCCTRL1	=	0x61b2
                           0061B3   936 _AGCCTRL2	=	0x61b3
                           0061B4   937 _AGCCTRL3	=	0x61b4
                           0061B5   938 _ADCTEST0	=	0x61b5
                           0061B6   939 _ADCTEST1	=	0x61b6
                           0061B7   940 _ADCTEST2	=	0x61b7
                           0061B8   941 _MDMTEST0	=	0x61b8
                           0061B9   942 _MDMTEST1	=	0x61b9
                           0061BA   943 _DACTEST0	=	0x61ba
                           0061BB   944 _DACTEST1	=	0x61bb
                           0061BC   945 _DACTEST2	=	0x61bc
                           0061BD   946 _ATEST	=	0x61bd
                           0061BE   947 _PTEST0	=	0x61be
                           0061BF   948 _PTEST1	=	0x61bf
                           0061FA   949 _TXFILTCFG	=	0x61fa
                           0061EB   950 _RFC_OBS_CTRL0	=	0x61eb
                           0061EC   951 _RFC_OBS_CTRL1	=	0x61ec
                           0061ED   952 _RFC_OBS_CTRL2	=	0x61ed
                           0061C0   953 _CSPPROG0	=	0x61c0
                           0061C1   954 _CSPPROG1	=	0x61c1
                           0061C2   955 _CSPPROG2	=	0x61c2
                           0061C3   956 _CSPPROG3	=	0x61c3
                           0061C4   957 _CSPPROG4	=	0x61c4
                           0061C5   958 _CSPPROG5	=	0x61c5
                           0061C6   959 _CSPPROG6	=	0x61c6
                           0061C7   960 _CSPPROG7	=	0x61c7
                           0061C8   961 _CSPPROG8	=	0x61c8
                           0061C9   962 _CSPPROG9	=	0x61c9
                           0061CA   963 _CSPPROG10	=	0x61ca
                           0061CB   964 _CSPPROG11	=	0x61cb
                           0061CC   965 _CSPPROG12	=	0x61cc
                           0061CD   966 _CSPPROG13	=	0x61cd
                           0061CE   967 _CSPPROG14	=	0x61ce
                           0061CF   968 _CSPPROG15	=	0x61cf
                           0061D0   969 _CSPPROG16	=	0x61d0
                           0061D1   970 _CSPPROG17	=	0x61d1
                           0061D2   971 _CSPPROG18	=	0x61d2
                           0061D3   972 _CSPPROG19	=	0x61d3
                           0061D4   973 _CSPPROG20	=	0x61d4
                           0061D5   974 _CSPPROG21	=	0x61d5
                           0061D6   975 _CSPPROG22	=	0x61d6
                           0061D7   976 _CSPPROG23	=	0x61d7
                           0061E0   977 _CSPCTRL	=	0x61e0
                           0061E1   978 _CSPSTAT	=	0x61e1
                           0061E2   979 _CSPX	=	0x61e2
                           0061E3   980 _CSPY	=	0x61e3
                           0061E4   981 _CSPZ	=	0x61e4
                           0061E5   982 _CSPT	=	0x61e5
                           006200   983 _USBADDR	=	0x6200
                           006201   984 _USBPOW	=	0x6201
                           006202   985 _USBIIF	=	0x6202
                           006204   986 _USBOIF	=	0x6204
                           006206   987 _USBCIF	=	0x6206
                           006207   988 _USBIIE	=	0x6207
                           006209   989 _USBOIE	=	0x6209
                           00620B   990 _USBCIE	=	0x620b
                           00620C   991 _USBFRML	=	0x620c
                           00620D   992 _USBFRMH	=	0x620d
                           00620E   993 _USBINDEX	=	0x620e
                           00620F   994 _USBCTRL	=	0x620f
                           006210   995 _USBMAXI	=	0x6210
                           006211   996 _USBCS0	=	0x6211
                           006211   997 _USBCSIL	=	0x6211
                           006212   998 _USBCSIH	=	0x6212
                           006213   999 _USBMAXO	=	0x6213
                           006214  1000 _USBCSOL	=	0x6214
                           006215  1001 _USBCSOH	=	0x6215
                           006216  1002 _USBCNT0	=	0x6216
                           006216  1003 _USBCNTL	=	0x6216
                           006217  1004 _USBCNTH	=	0x6217
                           006220  1005 _USBF0	=	0x6220
                           006222  1006 _USBF1	=	0x6222
                           006224  1007 _USBF2	=	0x6224
                           006226  1008 _USBF3	=	0x6226
                           006228  1009 _USBF4	=	0x6228
                           00622A  1010 _USBF5	=	0x622a
                           007080  1011 _X_P0	=	0x7080
                           007086  1012 _X_U0CSR	=	0x7086
                           007089  1013 _X_P0IFG	=	0x7089
                           00708A  1014 _X_P1IFG	=	0x708a
                           00708B  1015 _X_P2IFG	=	0x708b
                           00708C  1016 _X_PICTL	=	0x708c
                           00708D  1017 _X_P1IEN	=	0x708d
                           00708F  1018 _X_P0INP	=	0x708f
                           007090  1019 _X_P1	=	0x7090
                           007091  1020 _X_RFIRQF1	=	0x7091
                           007093  1021 _X_MPAGE	=	0x7093
                           007093  1022 _X__XPAGE	=	0x7093
                           007094  1023 _X_T2CTRL	=	0x7094
                           007095  1024 _X_ST0	=	0x7095
                           007096  1025 _X_ST1	=	0x7096
                           007097  1026 _X_ST2	=	0x7097
                           00709C  1027 _X_T2EVTCFG	=	0x709c
                           00709D  1028 _X_SLEEPSTA	=	0x709d
                           00709E  1029 _X_CLKCONSTA	=	0x709e
                           00709F  1030 _X_FMAP	=	0x709f
                           00709F  1031 _X_PSBANK	=	0x709f
                           0070A0  1032 _X_P2	=	0x70a0
                           0070A1  1033 _X_T2IRQF	=	0x70a1
                           0070A2  1034 _X_T2M0	=	0x70a2
                           0070A3  1035 _X_T2M1	=	0x70a3
                           0070A4  1036 _X_T2MOVF0	=	0x70a4
                           0070A5  1037 _X_T2MOVF1	=	0x70a5
                           0070A6  1038 _X_T2MOVF2	=	0x70a6
                           0070A7  1039 _X_T2IRQM	=	0x70a7
                           0070AB  1040 _X_P0IEN	=	0x70ab
                           0070AC  1041 _X_P2IEN	=	0x70ac
                           0070AD  1042 _X_STLOAD	=	0x70ad
                           0070AE  1043 _X_PMUX	=	0x70ae
                           0070AF  1044 _X_T1STAT	=	0x70af
                           0070B1  1045 _X_ENCDI	=	0x70b1
                           0070B2  1046 _X_ENCDO	=	0x70b2
                           0070B3  1047 _X_ENCCS	=	0x70b3
                           0070B4  1048 _X_ADCCON1	=	0x70b4
                           0070B5  1049 _X_ADCCON2	=	0x70b5
                           0070B6  1050 _X_ADCCON3	=	0x70b6
                           0070BA  1051 _X_ADCL	=	0x70ba
                           0070BB  1052 _X_ADCH	=	0x70bb
                           0070BC  1053 _X_RNDL	=	0x70bc
                           0070BD  1054 _X_RNDH	=	0x70bd
                           0070BE  1055 _X_SLEEPCMD	=	0x70be
                           0070BF  1056 _X_RFERRF	=	0x70bf
                           0070C1  1057 _X_U0DBUF	=	0x70c1
                           0070C2  1058 _X_U0BAUD	=	0x70c2
                           0070C3  1059 _X_T2MSEL	=	0x70c3
                           0070C4  1060 _X_U0UCR	=	0x70c4
                           0070C5  1061 _X_U0GCR	=	0x70c5
                           0070C6  1062 _X_CLKCONCMD	=	0x70c6
                           0070C7  1063 _X_MEMCTR	=	0x70c7
                           0070C9  1064 _X_WDCTL	=	0x70c9
                           0070CA  1065 _X_T3CNT	=	0x70ca
                           0070CB  1066 _X_T3CTL	=	0x70cb
                           0070CC  1067 _X_T3CCTL0	=	0x70cc
                           0070CD  1068 _X_T3CC0	=	0x70cd
                           0070CE  1069 _X_T3CCTL1	=	0x70ce
                           0070CF  1070 _X_T3CC1	=	0x70cf
                           0070D1  1071 _X_DMAIRQ	=	0x70d1
                           0070D2  1072 _X_DMA1CFGL	=	0x70d2
                           0070D3  1073 _X_DMA1CFGH	=	0x70d3
                           0070D4  1074 _X_DMA0CFGL	=	0x70d4
                           0070D5  1075 _X_DMA0CFGH	=	0x70d5
                           0070D6  1076 _X_DMAARM	=	0x70d6
                           0070D7  1077 _X_DMAREQ	=	0x70d7
                           0070D8  1078 _X_TIMIF	=	0x70d8
                           0070D9  1079 _X_RFD	=	0x70d9
                           0070DA  1080 _X_T1CC0L	=	0x70da
                           0070DB  1081 _X_T1CC0H	=	0x70db
                           0070DC  1082 _X_T1CC1L	=	0x70dc
                           0070DD  1083 _X_T1CC1H	=	0x70dd
                           0070DE  1084 _X_T1CC2L	=	0x70de
                           0070DF  1085 _X_T1CC2H	=	0x70df
                           0070E1  1086 _X_RFST	=	0x70e1
                           0070E2  1087 _X_T1CNTL	=	0x70e2
                           0070E3  1088 _X_T1CNTH	=	0x70e3
                           0070E4  1089 _X_T1CTL	=	0x70e4
                           0070E5  1090 _X_T1CCTL0	=	0x70e5
                           0070E6  1091 _X_T1CCTL1	=	0x70e6
                           0070E7  1092 _X_T1CCTL2	=	0x70e7
                           0070E9  1093 _X_RFIRQF0	=	0x70e9
                           0070EA  1094 _X_T4CNT	=	0x70ea
                           0070EB  1095 _X_T4CTL	=	0x70eb
                           0070EC  1096 _X_T4CCTL0	=	0x70ec
                           0070ED  1097 _X_T4CC0	=	0x70ed
                           0070EE  1098 _X_T4CCTL1	=	0x70ee
                           0070EF  1099 _X_T4CC1	=	0x70ef
                           0070F1  1100 _X_PERCFG	=	0x70f1
                           0070F2  1101 _X_APCFG	=	0x70f2
                           0070F3  1102 _X_P0SEL	=	0x70f3
                           0070F4  1103 _X_P1SEL	=	0x70f4
                           0070F5  1104 _X_P2SEL	=	0x70f5
                           0070F6  1105 _X_P1INP	=	0x70f6
                           0070F7  1106 _X_P2INP	=	0x70f7
                           0070F8  1107 _X_U1CSR	=	0x70f8
                           0070F9  1108 _X_U1DBUF	=	0x70f9
                           0070FA  1109 _X_U1BAUD	=	0x70fa
                           0070FB  1110 _X_U1UCR	=	0x70fb
                           0070FC  1111 _X_U1GCR	=	0x70fc
                           0070FD  1112 _X_P0DIR	=	0x70fd
                           0070FE  1113 _X_P1DIR	=	0x70fe
                           0070FF  1114 _X_P2DIR	=	0x70ff
                           007800  1115 _X_INFOPAGE	=	0x7800
                           00780C  1116 _X_IEEE_ADDR	=	0x780c
                                   1117 ;--------------------------------------------------------
                                   1118 ; absolute external ram data
                                   1119 ;--------------------------------------------------------
                                   1120 	.area XABS    (ABS,XDATA)
                                   1121 ;--------------------------------------------------------
                                   1122 ; external initialized ram data
                                   1123 ;--------------------------------------------------------
                                   1124 	.area XISEG   (XDATA)
                                   1125 	.area HOME    (CODE)
                                   1126 	.area GSINIT0 (CODE)
                                   1127 	.area GSINIT1 (CODE)
                                   1128 	.area GSINIT2 (CODE)
                                   1129 	.area GSINIT3 (CODE)
                                   1130 	.area GSINIT4 (CODE)
                                   1131 	.area GSINIT5 (CODE)
                                   1132 	.area GSINIT  (CODE)
                                   1133 	.area GSFINAL (CODE)
                                   1134 	.area CSEG    (CODE)
                                   1135 ;--------------------------------------------------------
                                   1136 ; global & static initialisations
                                   1137 ;--------------------------------------------------------
                                   1138 	.area HOME    (CODE)
                                   1139 	.area GSINIT  (CODE)
                                   1140 	.area GSFINAL (CODE)
                                   1141 	.area GSINIT  (CODE)
                                   1142 ;--------------------------------------------------------
                                   1143 ; Home
                                   1144 ;--------------------------------------------------------
                                   1145 	.area HOME    (CODE)
                                   1146 	.area HOME    (CODE)
                                   1147 ;--------------------------------------------------------
                                   1148 ; code
                                   1149 ;--------------------------------------------------------
                                   1150 	.area CSEG    (CODE)
                                   1151 ;------------------------------------------------------------
                                   1152 ;Allocation info for local variables in function 'collect_link_estimate_new'
                                   1153 ;------------------------------------------------------------
                                   1154 ;le                        Allocated to registers r5 r6 r7 
                                   1155 ;------------------------------------------------------------
                                   1156 ;	/opt/contiki/core/net/rime/collect-link-estimate.c:64: collect_link_estimate_new(struct collect_link_estimate *le)
                                   1157 ;	-----------------------------------------
                                   1158 ;	 function collect_link_estimate_new
                                   1159 ;	-----------------------------------------
      000000                       1160 _collect_link_estimate_new:
                           000007  1161 	ar7 = 0x07
                           000006  1162 	ar6 = 0x06
                           000005  1163 	ar5 = 0x05
                           000004  1164 	ar4 = 0x04
                           000003  1165 	ar3 = 0x03
                           000002  1166 	ar2 = 0x02
                           000001  1167 	ar1 = 0x01
                           000000  1168 	ar0 = 0x00
      000000 AD 82            [24] 1169 	mov	r5,dpl
      000002 AE 83            [24] 1170 	mov	r6,dph
      000004 AF F0            [24] 1171 	mov	r7,b
                                   1172 ;	/opt/contiki/core/net/rime/collect-link-estimate.c:66: if(le == NULL) {
      000006 ED               [12] 1173 	mov	a,r5
      000007 4E               [12] 1174 	orl	a,r6
      000008 70 01            [24] 1175 	jnz	00102$
                                   1176 ;	/opt/contiki/core/net/rime/collect-link-estimate.c:67: return;
      00000A 22               [24] 1177 	ret
      00000B                       1178 00102$:
                                   1179 ;	/opt/contiki/core/net/rime/collect-link-estimate.c:69: le->num_estimates = 0;
      00000B 74 04            [12] 1180 	mov	a,#0x04
      00000D 2D               [12] 1181 	add	a,r5
      00000E FA               [12] 1182 	mov	r2,a
      00000F E4               [12] 1183 	clr	a
      000010 3E               [12] 1184 	addc	a,r6
      000011 FB               [12] 1185 	mov	r3,a
      000012 8F 04            [24] 1186 	mov	ar4,r7
      000014 8A 82            [24] 1187 	mov	dpl,r2
      000016 8B 83            [24] 1188 	mov	dph,r3
      000018 8C F0            [24] 1189 	mov	b,r4
      00001A E4               [12] 1190 	clr	a
      00001B 12r00r00         [24] 1191 	lcall	__gptrput
                                   1192 ;	/opt/contiki/core/net/rime/collect-link-estimate.c:70: le->etx_accumulator = COLLECT_LINK_ESTIMATE_UNIT;
      00001E 8D 82            [24] 1193 	mov	dpl,r5
      000020 8E 83            [24] 1194 	mov	dph,r6
      000022 8F F0            [24] 1195 	mov	b,r7
      000024 74 08            [12] 1196 	mov	a,#0x08
      000026 12r00r00         [24] 1197 	lcall	__gptrput
      000029 A3               [24] 1198 	inc	dptr
      00002A E4               [12] 1199 	clr	a
      00002B 12r00r00         [24] 1200 	lcall	__gptrput
      00002E A3               [24] 1201 	inc	dptr
      00002F 12r00r00         [24] 1202 	lcall	__gptrput
      000032 A3               [24] 1203 	inc	dptr
      000033 02r00r00         [24] 1204 	ljmp	__gptrput
                                   1205 ;------------------------------------------------------------
                                   1206 ;Allocation info for local variables in function 'collect_link_estimate_update_tx'
                                   1207 ;------------------------------------------------------------
                                   1208 ;tx                        Allocated to stack - sp -9
                                   1209 ;le                        Allocated to stack - sp -6
                                   1210 ;sloc0                     Allocated to stack - sp -3
                                   1211 ;------------------------------------------------------------
                                   1212 ;	/opt/contiki/core/net/rime/collect-link-estimate.c:74: collect_link_estimate_update_tx(struct collect_link_estimate *le, uint8_t tx)
                                   1213 ;	-----------------------------------------
                                   1214 ;	 function collect_link_estimate_update_tx
                                   1215 ;	-----------------------------------------
      000036                       1216 _collect_link_estimate_update_tx:
      000036 C0 82            [24] 1217 	push	dpl
      000038 C0 83            [24] 1218 	push	dph
      00003A C0 F0            [24] 1219 	push	b
      00003C E5 81            [12] 1220 	mov	a,sp
      00003E 24 04            [12] 1221 	add	a,#0x04
                                   1222 ;	/opt/contiki/core/net/rime/collect-link-estimate.c:76: if(le == NULL) {
      000040 F5 81            [12] 1223 	mov	sp,a
      000042 24 FA            [12] 1224 	add	a,#0xfa
      000044 F8               [12] 1225 	mov	r0,a
      000045 E6               [12] 1226 	mov	a,@r0
      000046 08               [12] 1227 	inc	r0
      000047 46               [12] 1228 	orl	a,@r0
      000048 70 03            [24] 1229 	jnz	00102$
                                   1230 ;	/opt/contiki/core/net/rime/collect-link-estimate.c:77: return;
      00004A 02r01rA3         [24] 1231 	ljmp	00111$
      00004D                       1232 00102$:
                                   1233 ;	/opt/contiki/core/net/rime/collect-link-estimate.c:79: if(tx == 0) {
      00004D E5 81            [12] 1234 	mov	a,sp
      00004F 24 F7            [12] 1235 	add	a,#0xf7
      000051 F8               [12] 1236 	mov	r0,a
      000052 E6               [12] 1237 	mov	a,@r0
      000053 70 03            [24] 1238 	jnz	00104$
                                   1239 ;	/opt/contiki/core/net/rime/collect-link-estimate.c:81: return;
      000055 02r01rA3         [24] 1240 	ljmp	00111$
      000058                       1241 00104$:
                                   1242 ;	/opt/contiki/core/net/rime/collect-link-estimate.c:83: if(le != NULL) {
      000058 E5 81            [12] 1243 	mov	a,sp
      00005A 24 FA            [12] 1244 	add	a,#0xfa
      00005C F8               [12] 1245 	mov	r0,a
      00005D E6               [12] 1246 	mov	a,@r0
      00005E 08               [12] 1247 	inc	r0
      00005F 46               [12] 1248 	orl	a,@r0
      000060 70 03            [24] 1249 	jnz	00130$
      000062 02r01rA3         [24] 1250 	ljmp	00111$
      000065                       1251 00130$:
                                   1252 ;	/opt/contiki/core/net/rime/collect-link-estimate.c:84: if(le->num_estimates == 0) {
      000065 E5 81            [12] 1253 	mov	a,sp
      000067 24 FA            [12] 1254 	add	a,#0xfa
      000069 F8               [12] 1255 	mov	r0,a
      00006A 74 04            [12] 1256 	mov	a,#0x04
      00006C 26               [12] 1257 	add	a,@r0
      00006D FA               [12] 1258 	mov	r2,a
      00006E E4               [12] 1259 	clr	a
      00006F 08               [12] 1260 	inc	r0
      000070 36               [12] 1261 	addc	a,@r0
      000071 FB               [12] 1262 	mov	r3,a
      000072 08               [12] 1263 	inc	r0
      000073 86 04            [24] 1264 	mov	ar4,@r0
      000075 8A 82            [24] 1265 	mov	dpl,r2
      000077 8B 83            [24] 1266 	mov	dph,r3
      000079 8C F0            [24] 1267 	mov	b,r4
      00007B 12r00r00         [24] 1268 	lcall	__gptrget
      00007E 70 40            [24] 1269 	jnz	00106$
                                   1270 ;	/opt/contiki/core/net/rime/collect-link-estimate.c:85: le->etx_accumulator = tx * COLLECT_LINK_ESTIMATE_UNIT;
      000080 C0 02            [24] 1271 	push	ar2
      000082 C0 03            [24] 1272 	push	ar3
      000084 C0 04            [24] 1273 	push	ar4
      000086 E5 81            [12] 1274 	mov	a,sp
      000088 24 F4            [12] 1275 	add	a,#0xf4
      00008A F8               [12] 1276 	mov	r0,a
      00008B E6               [12] 1277 	mov	a,@r0
      00008C 75 F0 08         [24] 1278 	mov	b,#0x08
      00008F A4               [48] 1279 	mul	ab
      000090 FB               [12] 1280 	mov	r3,a
      000091 AC F0            [24] 1281 	mov	r4,b
      000093 EC               [12] 1282 	mov	a,r4
      000094 FA               [12] 1283 	mov	r2,a
      000095 33               [12] 1284 	rlc	a
      000096 95 E0            [12] 1285 	subb	a,acc
      000098 FC               [12] 1286 	mov	r4,a
      000099 FF               [12] 1287 	mov	r7,a
      00009A E5 81            [12] 1288 	mov	a,sp
      00009C 24 F7            [12] 1289 	add	a,#0xf7
      00009E F8               [12] 1290 	mov	r0,a
      00009F 86 82            [24] 1291 	mov	dpl,@r0
      0000A1 08               [12] 1292 	inc	r0
      0000A2 86 83            [24] 1293 	mov	dph,@r0
      0000A4 08               [12] 1294 	inc	r0
      0000A5 86 F0            [24] 1295 	mov	b,@r0
      0000A7 EB               [12] 1296 	mov	a,r3
      0000A8 12r00r00         [24] 1297 	lcall	__gptrput
      0000AB A3               [24] 1298 	inc	dptr
      0000AC EA               [12] 1299 	mov	a,r2
      0000AD 12r00r00         [24] 1300 	lcall	__gptrput
      0000B0 A3               [24] 1301 	inc	dptr
      0000B1 EC               [12] 1302 	mov	a,r4
      0000B2 12r00r00         [24] 1303 	lcall	__gptrput
      0000B5 A3               [24] 1304 	inc	dptr
      0000B6 EF               [12] 1305 	mov	a,r7
      0000B7 12r00r00         [24] 1306 	lcall	__gptrput
                                   1307 ;	/opt/contiki/core/net/rime/collect-link-estimate.c:94: le->etx_accumulator * (COLLECT_LINK_ESTIMATE_UNIT -
      0000BA D0 04            [24] 1308 	pop	ar4
      0000BC D0 03            [24] 1309 	pop	ar3
      0000BE D0 02            [24] 1310 	pop	ar2
                                   1311 ;	/opt/contiki/core/net/rime/collect-link-estimate.c:85: le->etx_accumulator = tx * COLLECT_LINK_ESTIMATE_UNIT;
      0000C0                       1312 00106$:
                                   1313 ;	/opt/contiki/core/net/rime/collect-link-estimate.c:88: if(le->num_estimates < MAX_ESTIMATES) {
      0000C0 8A 82            [24] 1314 	mov	dpl,r2
      0000C2 8B 83            [24] 1315 	mov	dph,r3
      0000C4 8C F0            [24] 1316 	mov	b,r4
      0000C6 12r00r00         [24] 1317 	lcall	__gptrget
      0000C9 FF               [12] 1318 	mov	r7,a
      0000CA BF FF 00         [24] 1319 	cjne	r7,#0xFF,00132$
      0000CD                       1320 00132$:
      0000CD 50 0B            [24] 1321 	jnc	00108$
                                   1322 ;	/opt/contiki/core/net/rime/collect-link-estimate.c:89: le->num_estimates++;
      0000CF 0F               [12] 1323 	inc	r7
      0000D0 8A 82            [24] 1324 	mov	dpl,r2
      0000D2 8B 83            [24] 1325 	mov	dph,r3
      0000D4 8C F0            [24] 1326 	mov	b,r4
      0000D6 EF               [12] 1327 	mov	a,r7
      0000D7 12r00r00         [24] 1328 	lcall	__gptrput
      0000DA                       1329 00108$:
                                   1330 ;	/opt/contiki/core/net/rime/collect-link-estimate.c:92: le->etx_accumulator = (((uint32_t)tx * COLLECT_LINK_ESTIMATE_UNIT) *
      0000DA E5 81            [12] 1331 	mov	a,sp
      0000DC 24 F7            [12] 1332 	add	a,#0xf7
      0000DE F8               [12] 1333 	mov	r0,a
      0000DF 86 04            [24] 1334 	mov	ar4,@r0
      0000E1 7D 00            [12] 1335 	mov	r5,#0x00
      0000E3 7E 00            [12] 1336 	mov	r6,#0x00
      0000E5 7F 00            [12] 1337 	mov	r7,#0x00
      0000E7 C0 04            [24] 1338 	push	ar4
      0000E9 C0 05            [24] 1339 	push	ar5
      0000EB C0 06            [24] 1340 	push	ar6
      0000ED C0 07            [24] 1341 	push	ar7
                                   1342 ;	/opt/contiki/core/net/rime/collect-link-estimate.c:94: le->etx_accumulator * (COLLECT_LINK_ESTIMATE_UNIT -
      0000EF 90 00 18         [24] 1343 	mov	dptr,#(0x18&0x00ff)
      0000F2 E4               [12] 1344 	clr	a
      0000F3 F5 F0            [12] 1345 	mov	b,a
      0000F5 12r00r00         [24] 1346 	lcall	__mullong
      0000F8 C8               [12] 1347 	xch	a,r0
      0000F9 E5 81            [12] 1348 	mov	a,sp
      0000FB 24 F9            [12] 1349 	add	a,#0xf9
      0000FD C8               [12] 1350 	xch	a,r0
      0000FE A6 82            [24] 1351 	mov	@r0,dpl
      000100 08               [12] 1352 	inc	r0
      000101 A6 83            [24] 1353 	mov	@r0,dph
      000103 08               [12] 1354 	inc	r0
      000104 A6 F0            [24] 1355 	mov	@r0,b
      000106 08               [12] 1356 	inc	r0
      000107 F6               [12] 1357 	mov	@r0,a
      000108 E5 81            [12] 1358 	mov	a,sp
      00010A 24 FC            [12] 1359 	add	a,#0xfc
      00010C F5 81            [12] 1360 	mov	sp,a
      00010E 24 FA            [12] 1361 	add	a,#0xfa
      000110 F8               [12] 1362 	mov	r0,a
      000111 86 82            [24] 1363 	mov	dpl,@r0
      000113 08               [12] 1364 	inc	r0
      000114 86 83            [24] 1365 	mov	dph,@r0
      000116 08               [12] 1366 	inc	r0
      000117 86 F0            [24] 1367 	mov	b,@r0
      000119 12r00r00         [24] 1368 	lcall	__gptrget
      00011C FA               [12] 1369 	mov	r2,a
      00011D A3               [24] 1370 	inc	dptr
      00011E 12r00r00         [24] 1371 	lcall	__gptrget
      000121 FB               [12] 1372 	mov	r3,a
      000122 A3               [24] 1373 	inc	dptr
      000123 12r00r00         [24] 1374 	lcall	__gptrget
      000126 FE               [12] 1375 	mov	r6,a
      000127 A3               [24] 1376 	inc	dptr
      000128 12r00r00         [24] 1377 	lcall	__gptrget
      00012B FF               [12] 1378 	mov	r7,a
      00012C C0 02            [24] 1379 	push	ar2
      00012E C0 03            [24] 1380 	push	ar3
      000130 C0 06            [24] 1381 	push	ar6
      000132 C0 07            [24] 1382 	push	ar7
      000134 90 00 05         [24] 1383 	mov	dptr,#(0x05&0x00ff)
      000137 E4               [12] 1384 	clr	a
      000138 F5 F0            [12] 1385 	mov	b,a
      00013A 12r00r00         [24] 1386 	lcall	__mullong
      00013D AC 82            [24] 1387 	mov	r4,dpl
      00013F AD 83            [24] 1388 	mov	r5,dph
      000141 AE F0            [24] 1389 	mov	r6,b
      000143 FF               [12] 1390 	mov	r7,a
      000144 E5 81            [12] 1391 	mov	a,sp
      000146 24 FC            [12] 1392 	add	a,#0xfc
      000148 F5 81            [12] 1393 	mov	sp,a
      00014A 24 FD            [12] 1394 	add	a,#0xfd
      00014C F8               [12] 1395 	mov	r0,a
      00014D EC               [12] 1396 	mov	a,r4
      00014E 26               [12] 1397 	add	a,@r0
      00014F FC               [12] 1398 	mov	r4,a
      000150 ED               [12] 1399 	mov	a,r5
      000151 08               [12] 1400 	inc	r0
      000152 36               [12] 1401 	addc	a,@r0
      000153 FD               [12] 1402 	mov	r5,a
      000154 EE               [12] 1403 	mov	a,r6
      000155 08               [12] 1404 	inc	r0
      000156 36               [12] 1405 	addc	a,@r0
      000157 FE               [12] 1406 	mov	r6,a
      000158 EF               [12] 1407 	mov	a,r7
      000159 08               [12] 1408 	inc	r0
      00015A 36               [12] 1409 	addc	a,@r0
      00015B FF               [12] 1410 	mov	r7,a
      00015C ED               [12] 1411 	mov	a,r5
      00015D C4               [12] 1412 	swap	a
      00015E 23               [12] 1413 	rl	a
      00015F CC               [12] 1414 	xch	a,r4
      000160 C4               [12] 1415 	swap	a
      000161 23               [12] 1416 	rl	a
      000162 54 1F            [12] 1417 	anl	a,#0x1F
      000164 6C               [12] 1418 	xrl	a,r4
      000165 CC               [12] 1419 	xch	a,r4
      000166 54 1F            [12] 1420 	anl	a,#0x1F
      000168 CC               [12] 1421 	xch	a,r4
      000169 6C               [12] 1422 	xrl	a,r4
      00016A CC               [12] 1423 	xch	a,r4
      00016B FD               [12] 1424 	mov	r5,a
      00016C EE               [12] 1425 	mov	a,r6
      00016D C4               [12] 1426 	swap	a
      00016E 23               [12] 1427 	rl	a
      00016F 54 E0            [12] 1428 	anl	a,#0xE0
      000171 4D               [12] 1429 	orl	a,r5
      000172 FD               [12] 1430 	mov	r5,a
      000173 EF               [12] 1431 	mov	a,r7
      000174 C4               [12] 1432 	swap	a
      000175 23               [12] 1433 	rl	a
      000176 CE               [12] 1434 	xch	a,r6
      000177 C4               [12] 1435 	swap	a
      000178 23               [12] 1436 	rl	a
      000179 54 1F            [12] 1437 	anl	a,#0x1F
      00017B 6E               [12] 1438 	xrl	a,r6
      00017C CE               [12] 1439 	xch	a,r6
      00017D 54 1F            [12] 1440 	anl	a,#0x1F
      00017F CE               [12] 1441 	xch	a,r6
      000180 6E               [12] 1442 	xrl	a,r6
      000181 CE               [12] 1443 	xch	a,r6
      000182 FF               [12] 1444 	mov	r7,a
      000183 E5 81            [12] 1445 	mov	a,sp
      000185 24 FA            [12] 1446 	add	a,#0xfa
      000187 F8               [12] 1447 	mov	r0,a
      000188 86 82            [24] 1448 	mov	dpl,@r0
      00018A 08               [12] 1449 	inc	r0
      00018B 86 83            [24] 1450 	mov	dph,@r0
      00018D 08               [12] 1451 	inc	r0
      00018E 86 F0            [24] 1452 	mov	b,@r0
      000190 EC               [12] 1453 	mov	a,r4
      000191 12r00r00         [24] 1454 	lcall	__gptrput
      000194 A3               [24] 1455 	inc	dptr
      000195 ED               [12] 1456 	mov	a,r5
      000196 12r00r00         [24] 1457 	lcall	__gptrput
      000199 A3               [24] 1458 	inc	dptr
      00019A EE               [12] 1459 	mov	a,r6
      00019B 12r00r00         [24] 1460 	lcall	__gptrput
      00019E A3               [24] 1461 	inc	dptr
      00019F EF               [12] 1462 	mov	a,r7
      0001A0 12r00r00         [24] 1463 	lcall	__gptrput
      0001A3                       1464 00111$:
      0001A3 E5 81            [12] 1465 	mov	a,sp
      0001A5 24 F9            [12] 1466 	add	a,#0xF9
      0001A7 F5 81            [12] 1467 	mov	sp,a
      0001A9 22               [24] 1468 	ret
                                   1469 ;------------------------------------------------------------
                                   1470 ;Allocation info for local variables in function 'collect_link_estimate_update_tx_fail'
                                   1471 ;------------------------------------------------------------
                                   1472 ;tx                        Allocated to stack - sp -2
                                   1473 ;le                        Allocated to registers r5 r6 r7 
                                   1474 ;------------------------------------------------------------
                                   1475 ;	/opt/contiki/core/net/rime/collect-link-estimate.c:102: collect_link_estimate_update_tx_fail(struct collect_link_estimate *le,
                                   1476 ;	-----------------------------------------
                                   1477 ;	 function collect_link_estimate_update_tx_fail
                                   1478 ;	-----------------------------------------
      0001AA                       1479 _collect_link_estimate_update_tx_fail:
      0001AA AD 82            [24] 1480 	mov	r5,dpl
      0001AC AE 83            [24] 1481 	mov	r6,dph
      0001AE AF F0            [24] 1482 	mov	r7,b
                                   1483 ;	/opt/contiki/core/net/rime/collect-link-estimate.c:105: if(le == NULL) {
      0001B0 ED               [12] 1484 	mov	a,r5
      0001B1 4E               [12] 1485 	orl	a,r6
      0001B2 70 01            [24] 1486 	jnz	00102$
                                   1487 ;	/opt/contiki/core/net/rime/collect-link-estimate.c:106: return;
      0001B4 22               [24] 1488 	ret
      0001B5                       1489 00102$:
                                   1490 ;	/opt/contiki/core/net/rime/collect-link-estimate.c:108: collect_link_estimate_update_tx(le, tx * 2);
      0001B5 A8 81            [24] 1491 	mov	r0,sp
      0001B7 18               [12] 1492 	dec	r0
      0001B8 18               [12] 1493 	dec	r0
      0001B9 E6               [12] 1494 	mov	a,@r0
      0001BA 25 E0            [12] 1495 	add	a,acc
      0001BC FC               [12] 1496 	mov	r4,a
      0001BD C0 04            [24] 1497 	push	ar4
      0001BF 8D 82            [24] 1498 	mov	dpl,r5
      0001C1 8E 83            [24] 1499 	mov	dph,r6
      0001C3 8F F0            [24] 1500 	mov	b,r7
      0001C5 12r00r36         [24] 1501 	lcall	_collect_link_estimate_update_tx
      0001C8 15 81            [12] 1502 	dec	sp
      0001CA 22               [24] 1503 	ret
                                   1504 ;------------------------------------------------------------
                                   1505 ;Allocation info for local variables in function 'collect_link_estimate_update_rx'
                                   1506 ;------------------------------------------------------------
                                   1507 ;n                         Allocated to registers 
                                   1508 ;------------------------------------------------------------
                                   1509 ;	/opt/contiki/core/net/rime/collect-link-estimate.c:112: collect_link_estimate_update_rx(struct collect_link_estimate *n)
                                   1510 ;	-----------------------------------------
                                   1511 ;	 function collect_link_estimate_update_rx
                                   1512 ;	-----------------------------------------
      0001CB                       1513 _collect_link_estimate_update_rx:
                                   1514 ;	/opt/contiki/core/net/rime/collect-link-estimate.c:115: }
      0001CB 22               [24] 1515 	ret
                                   1516 ;------------------------------------------------------------
                                   1517 ;Allocation info for local variables in function 'collect_link_estimate'
                                   1518 ;------------------------------------------------------------
                                   1519 ;le                        Allocated to registers r5 r6 r7 
                                   1520 ;------------------------------------------------------------
                                   1521 ;	/opt/contiki/core/net/rime/collect-link-estimate.c:118: collect_link_estimate(struct collect_link_estimate *le)
                                   1522 ;	-----------------------------------------
                                   1523 ;	 function collect_link_estimate
                                   1524 ;	-----------------------------------------
      0001CC                       1525 _collect_link_estimate:
      0001CC AD 82            [24] 1526 	mov	r5,dpl
      0001CE AE 83            [24] 1527 	mov	r6,dph
      0001D0 AF F0            [24] 1528 	mov	r7,b
                                   1529 ;	/opt/contiki/core/net/rime/collect-link-estimate.c:120: if(le == NULL) {
      0001D2 ED               [12] 1530 	mov	a,r5
      0001D3 4E               [12] 1531 	orl	a,r6
      0001D4 70 04            [24] 1532 	jnz	00102$
                                   1533 ;	/opt/contiki/core/net/rime/collect-link-estimate.c:121: return 0;
      0001D6 90 00 00         [24] 1534 	mov	dptr,#0x0000
      0001D9 22               [24] 1535 	ret
      0001DA                       1536 00102$:
                                   1537 ;	/opt/contiki/core/net/rime/collect-link-estimate.c:123: if(le->num_estimates == 0) {
      0001DA 74 04            [12] 1538 	mov	a,#0x04
      0001DC 2D               [12] 1539 	add	a,r5
      0001DD FA               [12] 1540 	mov	r2,a
      0001DE E4               [12] 1541 	clr	a
      0001DF 3E               [12] 1542 	addc	a,r6
      0001E0 FB               [12] 1543 	mov	r3,a
      0001E1 8F 04            [24] 1544 	mov	ar4,r7
      0001E3 8A 82            [24] 1545 	mov	dpl,r2
      0001E5 8B 83            [24] 1546 	mov	dph,r3
      0001E7 8C F0            [24] 1547 	mov	b,r4
      0001E9 12r00r00         [24] 1548 	lcall	__gptrget
      0001EC 70 04            [24] 1549 	jnz	00104$
                                   1550 ;	/opt/contiki/core/net/rime/collect-link-estimate.c:124: return INITIAL_LINK_ESTIMATE * COLLECT_LINK_ESTIMATE_UNIT;
      0001EE 90 00 80         [24] 1551 	mov	dptr,#0x0080
      0001F1 22               [24] 1552 	ret
      0001F2                       1553 00104$:
                                   1554 ;	/opt/contiki/core/net/rime/collect-link-estimate.c:127: return le->etx_accumulator;
      0001F2 8D 82            [24] 1555 	mov	dpl,r5
      0001F4 8E 83            [24] 1556 	mov	dph,r6
      0001F6 8F F0            [24] 1557 	mov	b,r7
      0001F8 12r00r00         [24] 1558 	lcall	__gptrget
      0001FB FD               [12] 1559 	mov	r5,a
      0001FC A3               [24] 1560 	inc	dptr
      0001FD 12r00r00         [24] 1561 	lcall	__gptrget
      000200 FE               [12] 1562 	mov	r6,a
      000201 A3               [24] 1563 	inc	dptr
      000202 12r00r00         [24] 1564 	lcall	__gptrget
      000205 A3               [24] 1565 	inc	dptr
      000206 12r00r00         [24] 1566 	lcall	__gptrget
      000209 8D 82            [24] 1567 	mov	dpl,r5
      00020B 8E 83            [24] 1568 	mov	dph,r6
      00020D 22               [24] 1569 	ret
                                   1570 ;------------------------------------------------------------
                                   1571 ;Allocation info for local variables in function 'collect_link_estimate_num_estimates'
                                   1572 ;------------------------------------------------------------
                                   1573 ;le                        Allocated to registers r5 r6 r7 
                                   1574 ;------------------------------------------------------------
                                   1575 ;	/opt/contiki/core/net/rime/collect-link-estimate.c:131: collect_link_estimate_num_estimates(struct collect_link_estimate *le)
                                   1576 ;	-----------------------------------------
                                   1577 ;	 function collect_link_estimate_num_estimates
                                   1578 ;	-----------------------------------------
      00020E                       1579 _collect_link_estimate_num_estimates:
      00020E AD 82            [24] 1580 	mov	r5,dpl
      000210 AE 83            [24] 1581 	mov	r6,dph
      000212 AF F0            [24] 1582 	mov	r7,b
                                   1583 ;	/opt/contiki/core/net/rime/collect-link-estimate.c:133: if(le != NULL) {
      000214 ED               [12] 1584 	mov	a,r5
      000215 4E               [12] 1585 	orl	a,r6
      000216 60 18            [24] 1586 	jz	00102$
                                   1587 ;	/opt/contiki/core/net/rime/collect-link-estimate.c:134: return le->num_estimates;
      000218 74 04            [12] 1588 	mov	a,#0x04
      00021A 2D               [12] 1589 	add	a,r5
      00021B FD               [12] 1590 	mov	r5,a
      00021C E4               [12] 1591 	clr	a
      00021D 3E               [12] 1592 	addc	a,r6
      00021E FE               [12] 1593 	mov	r6,a
      00021F 8D 82            [24] 1594 	mov	dpl,r5
      000221 8E 83            [24] 1595 	mov	dph,r6
      000223 8F F0            [24] 1596 	mov	b,r7
      000225 12r00r00         [24] 1597 	lcall	__gptrget
      000228 FD               [12] 1598 	mov	r5,a
      000229 7F 00            [12] 1599 	mov	r7,#0x00
      00022B 8D 82            [24] 1600 	mov	dpl,r5
      00022D 8F 83            [24] 1601 	mov	dph,r7
      00022F 22               [24] 1602 	ret
      000230                       1603 00102$:
                                   1604 ;	/opt/contiki/core/net/rime/collect-link-estimate.c:136: return 0;
      000230 90 00 00         [24] 1605 	mov	dptr,#0x0000
      000233 22               [24] 1606 	ret
                                   1607 	.area CSEG    (CODE)
                                   1608 	.area CONST   (CODE)
                                   1609 	.area XINIT   (CODE)
                                   1610 	.area CABS    (ABS,CODE)
