                                      1 ;--------------------------------------------------------
                                      2 ; File Created by SDCC : free open source ANSI-C Compiler
                                      3 ; Version 3.5.5 #9380 (Linux)
                                      4 ; This file was generated Tue Nov 17 16:52:50 2015
                                      5 ;--------------------------------------------------------
                                      6 	.module list
                                      7 	.optsdcc -mmcs51 --model-large
                                      8 	
                                      9 ;--------------------------------------------------------
                                     10 ; Public variables in this module
                                     11 ;--------------------------------------------------------
                                     12 	.globl _list_init
                                     13 	.globl _list_head
                                     14 	.globl _list_copy
                                     15 	.globl _list_tail
                                     16 	.globl _list_add
                                     17 	.globl _list_push
                                     18 	.globl _list_chop
                                     19 	.globl _list_pop
                                     20 	.globl _list_remove
                                     21 	.globl _list_length
                                     22 	.globl _list_insert
                                     23 	.globl _list_item_next
                                     24 ;--------------------------------------------------------
                                     25 ; special function registers
                                     26 ;--------------------------------------------------------
                                     27 	.area RSEG    (ABS,DATA)
      000000                         28 	.org 0x0000
                                     29 ;--------------------------------------------------------
                                     30 ; special function bits
                                     31 ;--------------------------------------------------------
                                     32 	.area RSEG    (ABS,DATA)
      000000                         33 	.org 0x0000
                                     34 ;--------------------------------------------------------
                                     35 ; overlayable register banks
                                     36 ;--------------------------------------------------------
                                     37 	.area REG_BANK_0	(REL,OVR,DATA)
      000000                         38 	.ds 8
                                     39 ;--------------------------------------------------------
                                     40 ; internal ram data
                                     41 ;--------------------------------------------------------
                                     42 	.area DSEG    (DATA)
                                     43 ;--------------------------------------------------------
                                     44 ; overlayable items in internal ram 
                                     45 ;--------------------------------------------------------
                                     46 ;--------------------------------------------------------
                                     47 ; indirectly addressable internal ram data
                                     48 ;--------------------------------------------------------
                                     49 	.area ISEG    (DATA)
                                     50 ;--------------------------------------------------------
                                     51 ; absolute internal ram data
                                     52 ;--------------------------------------------------------
                                     53 	.area IABS    (ABS,DATA)
                                     54 	.area IABS    (ABS,DATA)
                                     55 ;--------------------------------------------------------
                                     56 ; bit data
                                     57 ;--------------------------------------------------------
                                     58 	.area BSEG    (BIT)
                                     59 ;--------------------------------------------------------
                                     60 ; paged external ram data
                                     61 ;--------------------------------------------------------
                                     62 	.area PSEG    (PAG,XDATA)
                                     63 ;--------------------------------------------------------
                                     64 ; external ram data
                                     65 ;--------------------------------------------------------
                                     66 	.area XSEG    (XDATA)
                                     67 ;--------------------------------------------------------
                                     68 ; absolute external ram data
                                     69 ;--------------------------------------------------------
                                     70 	.area XABS    (ABS,XDATA)
                                     71 ;--------------------------------------------------------
                                     72 ; external initialized ram data
                                     73 ;--------------------------------------------------------
                                     74 	.area XISEG   (XDATA)
                                     75 	.area HOME    (CODE)
                                     76 	.area GSINIT0 (CODE)
                                     77 	.area GSINIT1 (CODE)
                                     78 	.area GSINIT2 (CODE)
                                     79 	.area GSINIT3 (CODE)
                                     80 	.area GSINIT4 (CODE)
                                     81 	.area GSINIT5 (CODE)
                                     82 	.area GSINIT  (CODE)
                                     83 	.area GSFINAL (CODE)
                                     84 	.area CSEG    (CODE)
                                     85 ;--------------------------------------------------------
                                     86 ; global & static initialisations
                                     87 ;--------------------------------------------------------
                                     88 	.area HOME    (CODE)
                                     89 	.area GSINIT  (CODE)
                                     90 	.area GSFINAL (CODE)
                                     91 	.area GSINIT  (CODE)
                                     92 ;--------------------------------------------------------
                                     93 ; Home
                                     94 ;--------------------------------------------------------
                                     95 	.area HOME    (CODE)
                                     96 	.area HOME    (CODE)
                                     97 ;--------------------------------------------------------
                                     98 ; code
                                     99 ;--------------------------------------------------------
                                    100 	.area CSEG    (CODE)
                                    101 ;------------------------------------------------------------
                                    102 ;Allocation info for local variables in function 'list_init'
                                    103 ;------------------------------------------------------------
                                    104 ;list                      Allocated to registers r5 r6 r7 
                                    105 ;------------------------------------------------------------
                                    106 ;	/opt/contiki/core/lib/list.c:66: list_init(list_t list)
                                    107 ;	-----------------------------------------
                                    108 ;	 function list_init
                                    109 ;	-----------------------------------------
      000000                        110 _list_init:
                           000007   111 	ar7 = 0x07
                           000006   112 	ar6 = 0x06
                           000005   113 	ar5 = 0x05
                           000004   114 	ar4 = 0x04
                           000003   115 	ar3 = 0x03
                           000002   116 	ar2 = 0x02
                           000001   117 	ar1 = 0x01
                           000000   118 	ar0 = 0x00
                                    119 ;	/opt/contiki/core/lib/list.c:68: *list = NULL;
      000000 E4               [12]  120 	clr	a
      000001 12r00r00         [24]  121 	lcall	__gptrput
      000004 A3               [24]  122 	inc	dptr
      000005 12r00r00         [24]  123 	lcall	__gptrput
      000008 A3               [24]  124 	inc	dptr
      000009 02r00r00         [24]  125 	ljmp	__gptrput
                                    126 ;------------------------------------------------------------
                                    127 ;Allocation info for local variables in function 'list_head'
                                    128 ;------------------------------------------------------------
                                    129 ;list                      Allocated to registers r5 r6 r7 
                                    130 ;------------------------------------------------------------
                                    131 ;	/opt/contiki/core/lib/list.c:83: list_head(list_t list)
                                    132 ;	-----------------------------------------
                                    133 ;	 function list_head
                                    134 ;	-----------------------------------------
      00000C                        135 _list_head:
                                    136 ;	/opt/contiki/core/lib/list.c:85: return *list;
      00000C 12r00r00         [24]  137 	lcall	__gptrget
      00000F FD               [12]  138 	mov	r5,a
      000010 A3               [24]  139 	inc	dptr
      000011 12r00r00         [24]  140 	lcall	__gptrget
      000014 FE               [12]  141 	mov	r6,a
      000015 A3               [24]  142 	inc	dptr
      000016 12r00r00         [24]  143 	lcall	__gptrget
      000019 FF               [12]  144 	mov	r7,a
      00001A 8D 82            [24]  145 	mov	dpl,r5
      00001C 8E 83            [24]  146 	mov	dph,r6
      00001E 8F F0            [24]  147 	mov	b,r7
      000020 22               [24]  148 	ret
                                    149 ;------------------------------------------------------------
                                    150 ;Allocation info for local variables in function 'list_copy'
                                    151 ;------------------------------------------------------------
                                    152 ;src                       Allocated to stack - sp -4
                                    153 ;dest                      Allocated to registers r5 r6 r7 
                                    154 ;------------------------------------------------------------
                                    155 ;	/opt/contiki/core/lib/list.c:101: list_copy(list_t dest, list_t src)
                                    156 ;	-----------------------------------------
                                    157 ;	 function list_copy
                                    158 ;	-----------------------------------------
      000021                        159 _list_copy:
      000021 AD 82            [24]  160 	mov	r5,dpl
      000023 AE 83            [24]  161 	mov	r6,dph
      000025 AF F0            [24]  162 	mov	r7,b
                                    163 ;	/opt/contiki/core/lib/list.c:103: *dest = *src;
      000027 E5 81            [12]  164 	mov	a,sp
      000029 24 FC            [12]  165 	add	a,#0xfc
      00002B F8               [12]  166 	mov	r0,a
      00002C 86 02            [24]  167 	mov	ar2,@r0
      00002E 08               [12]  168 	inc	r0
      00002F 86 03            [24]  169 	mov	ar3,@r0
      000031 08               [12]  170 	inc	r0
      000032 86 04            [24]  171 	mov	ar4,@r0
      000034 8A 82            [24]  172 	mov	dpl,r2
      000036 8B 83            [24]  173 	mov	dph,r3
      000038 8C F0            [24]  174 	mov	b,r4
      00003A 12r00r00         [24]  175 	lcall	__gptrget
      00003D FA               [12]  176 	mov	r2,a
      00003E A3               [24]  177 	inc	dptr
      00003F 12r00r00         [24]  178 	lcall	__gptrget
      000042 FB               [12]  179 	mov	r3,a
      000043 A3               [24]  180 	inc	dptr
      000044 12r00r00         [24]  181 	lcall	__gptrget
      000047 FC               [12]  182 	mov	r4,a
      000048 8D 82            [24]  183 	mov	dpl,r5
      00004A 8E 83            [24]  184 	mov	dph,r6
      00004C 8F F0            [24]  185 	mov	b,r7
      00004E EA               [12]  186 	mov	a,r2
      00004F 12r00r00         [24]  187 	lcall	__gptrput
      000052 A3               [24]  188 	inc	dptr
      000053 EB               [12]  189 	mov	a,r3
      000054 12r00r00         [24]  190 	lcall	__gptrput
      000057 A3               [24]  191 	inc	dptr
      000058 EC               [12]  192 	mov	a,r4
      000059 02r00r00         [24]  193 	ljmp	__gptrput
                                    194 ;------------------------------------------------------------
                                    195 ;Allocation info for local variables in function 'list_tail'
                                    196 ;------------------------------------------------------------
                                    197 ;list                      Allocated to registers r5 r6 r7 
                                    198 ;l                         Allocated to registers r5 r6 r7 
                                    199 ;------------------------------------------------------------
                                    200 ;	/opt/contiki/core/lib/list.c:118: list_tail(list_t list)
                                    201 ;	-----------------------------------------
                                    202 ;	 function list_tail
                                    203 ;	-----------------------------------------
      00005C                        204 _list_tail:
                                    205 ;	/opt/contiki/core/lib/list.c:122: if(*list == NULL) {
      00005C 12r00r00         [24]  206 	lcall	__gptrget
      00005F FD               [12]  207 	mov	r5,a
      000060 A3               [24]  208 	inc	dptr
      000061 12r00r00         [24]  209 	lcall	__gptrget
      000064 FE               [12]  210 	mov	r6,a
      000065 A3               [24]  211 	inc	dptr
      000066 12r00r00         [24]  212 	lcall	__gptrget
      000069 FF               [12]  213 	mov	r7,a
      00006A ED               [12]  214 	mov	a,r5
      00006B 4E               [12]  215 	orl	a,r6
                                    216 ;	/opt/contiki/core/lib/list.c:123: return NULL;
      00006C 70 06            [24]  217 	jnz	00102$
      00006E 90 00 00         [24]  218 	mov	dptr,#0x0000
      000071 F5 F0            [12]  219 	mov	b,a
      000073 22               [24]  220 	ret
      000074                        221 00102$:
                                    222 ;	/opt/contiki/core/lib/list.c:126: for(l = *list; l->next != NULL; l = l->next);
      000074                        223 00105$:
      000074 8D 82            [24]  224 	mov	dpl,r5
      000076 8E 83            [24]  225 	mov	dph,r6
      000078 8F F0            [24]  226 	mov	b,r7
      00007A 12r00r00         [24]  227 	lcall	__gptrget
      00007D FA               [12]  228 	mov	r2,a
      00007E A3               [24]  229 	inc	dptr
      00007F 12r00r00         [24]  230 	lcall	__gptrget
      000082 FB               [12]  231 	mov	r3,a
      000083 A3               [24]  232 	inc	dptr
      000084 12r00r00         [24]  233 	lcall	__gptrget
      000087 FC               [12]  234 	mov	r4,a
      000088 E4               [12]  235 	clr	a
      000089 C0 E0            [24]  236 	push	acc
      00008B C0 E0            [24]  237 	push	acc
      00008D C0 E0            [24]  238 	push	acc
      00008F 8A 82            [24]  239 	mov	dpl,r2
      000091 8B 83            [24]  240 	mov	dph,r3
      000093 8C F0            [24]  241 	mov	b,r4
      000095 12r00r00         [24]  242 	lcall	___gptr_cmp
      000098 15 81            [12]  243 	dec	sp
      00009A 15 81            [12]  244 	dec	sp
      00009C 15 81            [12]  245 	dec	sp
      00009E 60 08            [24]  246 	jz	00103$
      0000A0 8A 05            [24]  247 	mov	ar5,r2
      0000A2 8B 06            [24]  248 	mov	ar6,r3
      0000A4 8C 07            [24]  249 	mov	ar7,r4
      0000A6 80 CC            [24]  250 	sjmp	00105$
      0000A8                        251 00103$:
                                    252 ;	/opt/contiki/core/lib/list.c:128: return l;
      0000A8 8D 82            [24]  253 	mov	dpl,r5
      0000AA 8E 83            [24]  254 	mov	dph,r6
      0000AC 8F F0            [24]  255 	mov	b,r7
      0000AE 22               [24]  256 	ret
                                    257 ;------------------------------------------------------------
                                    258 ;Allocation info for local variables in function 'list_add'
                                    259 ;------------------------------------------------------------
                                    260 ;item                      Allocated to stack - sp -7
                                    261 ;list                      Allocated to registers r5 r6 r7 
                                    262 ;l                         Allocated to stack - sp -2
                                    263 ;------------------------------------------------------------
                                    264 ;	/opt/contiki/core/lib/list.c:143: list_add(list_t list, void *item)
                                    265 ;	-----------------------------------------
                                    266 ;	 function list_add
                                    267 ;	-----------------------------------------
      0000AF                        268 _list_add:
      0000AF 05 81            [12]  269 	inc	sp
      0000B1 05 81            [12]  270 	inc	sp
      0000B3 05 81            [12]  271 	inc	sp
      0000B5 AD 82            [24]  272 	mov	r5,dpl
      0000B7 AE 83            [24]  273 	mov	r6,dph
      0000B9 AF F0            [24]  274 	mov	r7,b
                                    275 ;	/opt/contiki/core/lib/list.c:148: list_remove(list, item);
      0000BB C0 07            [24]  276 	push	ar7
      0000BD C0 06            [24]  277 	push	ar6
      0000BF C0 05            [24]  278 	push	ar5
      0000C1 E5 81            [12]  279 	mov	a,sp
      0000C3 24 F6            [12]  280 	add	a,#0xf6
      0000C5 F8               [12]  281 	mov	r0,a
      0000C6 E6               [12]  282 	mov	a,@r0
      0000C7 C0 E0            [24]  283 	push	acc
      0000C9 08               [12]  284 	inc	r0
      0000CA E6               [12]  285 	mov	a,@r0
      0000CB C0 E0            [24]  286 	push	acc
      0000CD 08               [12]  287 	inc	r0
      0000CE E6               [12]  288 	mov	a,@r0
      0000CF C0 E0            [24]  289 	push	acc
      0000D1 8D 82            [24]  290 	mov	dpl,r5
      0000D3 8E 83            [24]  291 	mov	dph,r6
      0000D5 8F F0            [24]  292 	mov	b,r7
      0000D7 12r03rC2         [24]  293 	lcall	_list_remove
      0000DA 15 81            [12]  294 	dec	sp
      0000DC 15 81            [12]  295 	dec	sp
      0000DE 15 81            [12]  296 	dec	sp
      0000E0 D0 05            [24]  297 	pop	ar5
      0000E2 D0 06            [24]  298 	pop	ar6
      0000E4 D0 07            [24]  299 	pop	ar7
                                    300 ;	/opt/contiki/core/lib/list.c:150: ((struct list *)item)->next = NULL;
      0000E6 E5 81            [12]  301 	mov	a,sp
      0000E8 24 F9            [12]  302 	add	a,#0xf9
      0000EA F8               [12]  303 	mov	r0,a
      0000EB 86 02            [24]  304 	mov	ar2,@r0
      0000ED 08               [12]  305 	inc	r0
      0000EE 86 03            [24]  306 	mov	ar3,@r0
      0000F0 08               [12]  307 	inc	r0
      0000F1 86 04            [24]  308 	mov	ar4,@r0
      0000F3 8A 82            [24]  309 	mov	dpl,r2
      0000F5 8B 83            [24]  310 	mov	dph,r3
      0000F7 8C F0            [24]  311 	mov	b,r4
      0000F9 E4               [12]  312 	clr	a
      0000FA 12r00r00         [24]  313 	lcall	__gptrput
      0000FD A3               [24]  314 	inc	dptr
      0000FE 12r00r00         [24]  315 	lcall	__gptrput
      000101 A3               [24]  316 	inc	dptr
      000102 12r00r00         [24]  317 	lcall	__gptrput
                                    318 ;	/opt/contiki/core/lib/list.c:152: l = list_tail(list);
      000105 8D 82            [24]  319 	mov	dpl,r5
      000107 8E 83            [24]  320 	mov	dph,r6
      000109 8F F0            [24]  321 	mov	b,r7
      00010B C0 07            [24]  322 	push	ar7
      00010D C0 06            [24]  323 	push	ar6
      00010F C0 05            [24]  324 	push	ar5
      000111 12r00r5C         [24]  325 	lcall	_list_tail
      000114 AA 82            [24]  326 	mov	r2,dpl
      000116 AB 83            [24]  327 	mov	r3,dph
      000118 AC F0            [24]  328 	mov	r4,b
      00011A D0 05            [24]  329 	pop	ar5
      00011C D0 06            [24]  330 	pop	ar6
      00011E D0 07            [24]  331 	pop	ar7
      000120 A8 81            [24]  332 	mov	r0,sp
      000122 18               [12]  333 	dec	r0
      000123 18               [12]  334 	dec	r0
      000124 A6 02            [24]  335 	mov	@r0,ar2
      000126 08               [12]  336 	inc	r0
      000127 A6 03            [24]  337 	mov	@r0,ar3
      000129 08               [12]  338 	inc	r0
      00012A A6 04            [24]  339 	mov	@r0,ar4
      00012C A8 81            [24]  340 	mov	r0,sp
      00012E 18               [12]  341 	dec	r0
      00012F 18               [12]  342 	dec	r0
      000130 86 02            [24]  343 	mov	ar2,@r0
      000132 08               [12]  344 	inc	r0
      000133 86 03            [24]  345 	mov	ar3,@r0
      000135 08               [12]  346 	inc	r0
      000136 86 04            [24]  347 	mov	ar4,@r0
                                    348 ;	/opt/contiki/core/lib/list.c:154: if(l == NULL) {
      000138 A8 81            [24]  349 	mov	r0,sp
      00013A 18               [12]  350 	dec	r0
      00013B 18               [12]  351 	dec	r0
      00013C E6               [12]  352 	mov	a,@r0
      00013D 08               [12]  353 	inc	r0
      00013E 46               [12]  354 	orl	a,@r0
      00013F 70 1D            [24]  355 	jnz	00102$
                                    356 ;	/opt/contiki/core/lib/list.c:155: *list = item;
      000141 8D 82            [24]  357 	mov	dpl,r5
      000143 8E 83            [24]  358 	mov	dph,r6
      000145 8F F0            [24]  359 	mov	b,r7
      000147 E5 81            [12]  360 	mov	a,sp
      000149 24 F9            [12]  361 	add	a,#0xf9
      00014B F8               [12]  362 	mov	r0,a
      00014C E6               [12]  363 	mov	a,@r0
      00014D 12r00r00         [24]  364 	lcall	__gptrput
      000150 A3               [24]  365 	inc	dptr
      000151 08               [12]  366 	inc	r0
      000152 E6               [12]  367 	mov	a,@r0
      000153 12r00r00         [24]  368 	lcall	__gptrput
      000156 A3               [24]  369 	inc	dptr
      000157 08               [12]  370 	inc	r0
      000158 E6               [12]  371 	mov	a,@r0
      000159 12r00r00         [24]  372 	lcall	__gptrput
      00015C 80 21            [24]  373 	sjmp	00104$
      00015E                        374 00102$:
                                    375 ;	/opt/contiki/core/lib/list.c:157: l->next = item;
      00015E E5 81            [12]  376 	mov	a,sp
      000160 24 F9            [12]  377 	add	a,#0xf9
      000162 F8               [12]  378 	mov	r0,a
      000163 86 05            [24]  379 	mov	ar5,@r0
      000165 08               [12]  380 	inc	r0
      000166 86 06            [24]  381 	mov	ar6,@r0
      000168 08               [12]  382 	inc	r0
      000169 86 07            [24]  383 	mov	ar7,@r0
      00016B 8A 82            [24]  384 	mov	dpl,r2
      00016D 8B 83            [24]  385 	mov	dph,r3
      00016F 8C F0            [24]  386 	mov	b,r4
      000171 ED               [12]  387 	mov	a,r5
      000172 12r00r00         [24]  388 	lcall	__gptrput
      000175 A3               [24]  389 	inc	dptr
      000176 EE               [12]  390 	mov	a,r6
      000177 12r00r00         [24]  391 	lcall	__gptrput
      00017A A3               [24]  392 	inc	dptr
      00017B EF               [12]  393 	mov	a,r7
      00017C 12r00r00         [24]  394 	lcall	__gptrput
      00017F                        395 00104$:
      00017F 15 81            [12]  396 	dec	sp
      000181 15 81            [12]  397 	dec	sp
      000183 15 81            [12]  398 	dec	sp
      000185 22               [24]  399 	ret
                                    400 ;------------------------------------------------------------
                                    401 ;Allocation info for local variables in function 'list_push'
                                    402 ;------------------------------------------------------------
                                    403 ;item                      Allocated to stack - sp -7
                                    404 ;list                      Allocated to stack - sp -2
                                    405 ;------------------------------------------------------------
                                    406 ;	/opt/contiki/core/lib/list.c:165: list_push(list_t list, void *item)
                                    407 ;	-----------------------------------------
                                    408 ;	 function list_push
                                    409 ;	-----------------------------------------
      000186                        410 _list_push:
      000186 C0 82            [24]  411 	push	dpl
      000188 C0 83            [24]  412 	push	dph
      00018A C0 F0            [24]  413 	push	b
                                    414 ;	/opt/contiki/core/lib/list.c:170: list_remove(list, item);
      00018C E5 81            [12]  415 	mov	a,sp
      00018E 24 F9            [12]  416 	add	a,#0xf9
      000190 F8               [12]  417 	mov	r0,a
      000191 E6               [12]  418 	mov	a,@r0
      000192 C0 E0            [24]  419 	push	acc
      000194 08               [12]  420 	inc	r0
      000195 E6               [12]  421 	mov	a,@r0
      000196 C0 E0            [24]  422 	push	acc
      000198 08               [12]  423 	inc	r0
      000199 E6               [12]  424 	mov	a,@r0
      00019A C0 E0            [24]  425 	push	acc
      00019C E5 81            [12]  426 	mov	a,sp
      00019E 24 FB            [12]  427 	add	a,#0xfb
      0001A0 F8               [12]  428 	mov	r0,a
      0001A1 86 82            [24]  429 	mov	dpl,@r0
      0001A3 08               [12]  430 	inc	r0
      0001A4 86 83            [24]  431 	mov	dph,@r0
      0001A6 08               [12]  432 	inc	r0
      0001A7 86 F0            [24]  433 	mov	b,@r0
      0001A9 12r03rC2         [24]  434 	lcall	_list_remove
      0001AC 15 81            [12]  435 	dec	sp
      0001AE 15 81            [12]  436 	dec	sp
      0001B0 15 81            [12]  437 	dec	sp
                                    438 ;	/opt/contiki/core/lib/list.c:172: ((struct list *)item)->next = *list;
      0001B2 E5 81            [12]  439 	mov	a,sp
      0001B4 24 F9            [12]  440 	add	a,#0xf9
      0001B6 F8               [12]  441 	mov	r0,a
      0001B7 86 02            [24]  442 	mov	ar2,@r0
      0001B9 08               [12]  443 	inc	r0
      0001BA 86 03            [24]  444 	mov	ar3,@r0
      0001BC 08               [12]  445 	inc	r0
      0001BD 86 04            [24]  446 	mov	ar4,@r0
      0001BF A8 81            [24]  447 	mov	r0,sp
      0001C1 18               [12]  448 	dec	r0
      0001C2 18               [12]  449 	dec	r0
      0001C3 86 82            [24]  450 	mov	dpl,@r0
      0001C5 08               [12]  451 	inc	r0
      0001C6 86 83            [24]  452 	mov	dph,@r0
      0001C8 08               [12]  453 	inc	r0
      0001C9 86 F0            [24]  454 	mov	b,@r0
      0001CB 12r00r00         [24]  455 	lcall	__gptrget
      0001CE FD               [12]  456 	mov	r5,a
      0001CF A3               [24]  457 	inc	dptr
      0001D0 12r00r00         [24]  458 	lcall	__gptrget
      0001D3 FE               [12]  459 	mov	r6,a
      0001D4 A3               [24]  460 	inc	dptr
      0001D5 12r00r00         [24]  461 	lcall	__gptrget
      0001D8 FF               [12]  462 	mov	r7,a
      0001D9 8A 82            [24]  463 	mov	dpl,r2
      0001DB 8B 83            [24]  464 	mov	dph,r3
      0001DD 8C F0            [24]  465 	mov	b,r4
      0001DF ED               [12]  466 	mov	a,r5
      0001E0 12r00r00         [24]  467 	lcall	__gptrput
      0001E3 A3               [24]  468 	inc	dptr
      0001E4 EE               [12]  469 	mov	a,r6
      0001E5 12r00r00         [24]  470 	lcall	__gptrput
      0001E8 A3               [24]  471 	inc	dptr
      0001E9 EF               [12]  472 	mov	a,r7
      0001EA 12r00r00         [24]  473 	lcall	__gptrput
                                    474 ;	/opt/contiki/core/lib/list.c:173: *list = item;
      0001ED A8 81            [24]  475 	mov	r0,sp
      0001EF 18               [12]  476 	dec	r0
      0001F0 18               [12]  477 	dec	r0
      0001F1 86 82            [24]  478 	mov	dpl,@r0
      0001F3 08               [12]  479 	inc	r0
      0001F4 86 83            [24]  480 	mov	dph,@r0
      0001F6 08               [12]  481 	inc	r0
      0001F7 86 F0            [24]  482 	mov	b,@r0
      0001F9 E5 81            [12]  483 	mov	a,sp
      0001FB 24 F9            [12]  484 	add	a,#0xf9
      0001FD F9               [12]  485 	mov	r1,a
      0001FE E7               [12]  486 	mov	a,@r1
      0001FF 12r00r00         [24]  487 	lcall	__gptrput
      000202 A3               [24]  488 	inc	dptr
      000203 09               [12]  489 	inc	r1
      000204 E7               [12]  490 	mov	a,@r1
      000205 12r00r00         [24]  491 	lcall	__gptrput
      000208 A3               [24]  492 	inc	dptr
      000209 09               [12]  493 	inc	r1
      00020A E7               [12]  494 	mov	a,@r1
      00020B 12r00r00         [24]  495 	lcall	__gptrput
      00020E 15 81            [12]  496 	dec	sp
      000210 15 81            [12]  497 	dec	sp
      000212 15 81            [12]  498 	dec	sp
      000214 22               [24]  499 	ret
                                    500 ;------------------------------------------------------------
                                    501 ;Allocation info for local variables in function 'list_chop'
                                    502 ;------------------------------------------------------------
                                    503 ;list                      Allocated to stack - sp -5
                                    504 ;l                         Allocated to stack - sp -2
                                    505 ;r                         Allocated to registers r5 r6 r7 
                                    506 ;------------------------------------------------------------
                                    507 ;	/opt/contiki/core/lib/list.c:186: list_chop(list_t list)
                                    508 ;	-----------------------------------------
                                    509 ;	 function list_chop
                                    510 ;	-----------------------------------------
      000215                        511 _list_chop:
      000215 C0 82            [24]  512 	push	dpl
      000217 C0 83            [24]  513 	push	dph
      000219 C0 F0            [24]  514 	push	b
      00021B 05 81            [12]  515 	inc	sp
      00021D 05 81            [12]  516 	inc	sp
      00021F 05 81            [12]  517 	inc	sp
                                    518 ;	/opt/contiki/core/lib/list.c:190: if(*list == NULL) {
      000221 E5 81            [12]  519 	mov	a,sp
      000223 24 FB            [12]  520 	add	a,#0xfb
      000225 F8               [12]  521 	mov	r0,a
      000226 86 82            [24]  522 	mov	dpl,@r0
      000228 08               [12]  523 	inc	r0
      000229 86 83            [24]  524 	mov	dph,@r0
      00022B 08               [12]  525 	inc	r0
      00022C 86 F0            [24]  526 	mov	b,@r0
      00022E 12r00r00         [24]  527 	lcall	__gptrget
      000231 FA               [12]  528 	mov	r2,a
      000232 A3               [24]  529 	inc	dptr
      000233 12r00r00         [24]  530 	lcall	__gptrget
      000236 FB               [12]  531 	mov	r3,a
      000237 A3               [24]  532 	inc	dptr
      000238 12r00r00         [24]  533 	lcall	__gptrget
      00023B FC               [12]  534 	mov	r4,a
      00023C EA               [12]  535 	mov	a,r2
      00023D 4B               [12]  536 	orl	a,r3
                                    537 ;	/opt/contiki/core/lib/list.c:191: return NULL;
      00023E 70 08            [24]  538 	jnz	00102$
      000240 90 00 00         [24]  539 	mov	dptr,#0x0000
      000243 F5 F0            [12]  540 	mov	b,a
      000245 02r03r50         [24]  541 	ljmp	00109$
      000248                        542 00102$:
                                    543 ;	/opt/contiki/core/lib/list.c:193: if(((struct list *)*list)->next == NULL) {
      000248 8A 05            [24]  544 	mov	ar5,r2
      00024A 8B 06            [24]  545 	mov	ar6,r3
      00024C 8C 07            [24]  546 	mov	ar7,r4
      00024E 8D 82            [24]  547 	mov	dpl,r5
      000250 8E 83            [24]  548 	mov	dph,r6
      000252 8F F0            [24]  549 	mov	b,r7
      000254 12r00r00         [24]  550 	lcall	__gptrget
      000257 FD               [12]  551 	mov	r5,a
      000258 A3               [24]  552 	inc	dptr
      000259 12r00r00         [24]  553 	lcall	__gptrget
      00025C FE               [12]  554 	mov	r6,a
      00025D A3               [24]  555 	inc	dptr
      00025E 12r00r00         [24]  556 	lcall	__gptrget
      000261 FF               [12]  557 	mov	r7,a
      000262 ED               [12]  558 	mov	a,r5
      000263 4E               [12]  559 	orl	a,r6
      000264 70 40            [24]  560 	jnz	00104$
                                    561 ;	/opt/contiki/core/lib/list.c:194: l = *list;
      000266 8A 05            [24]  562 	mov	ar5,r2
      000268 8B 06            [24]  563 	mov	ar6,r3
      00026A 8C 07            [24]  564 	mov	ar7,r4
      00026C A8 81            [24]  565 	mov	r0,sp
      00026E 18               [12]  566 	dec	r0
      00026F 18               [12]  567 	dec	r0
      000270 A6 05            [24]  568 	mov	@r0,ar5
      000272 08               [12]  569 	inc	r0
      000273 A6 06            [24]  570 	mov	@r0,ar6
      000275 08               [12]  571 	inc	r0
      000276 A6 07            [24]  572 	mov	@r0,ar7
                                    573 ;	/opt/contiki/core/lib/list.c:195: *list = NULL;
      000278 E5 81            [12]  574 	mov	a,sp
      00027A 24 FB            [12]  575 	add	a,#0xfb
      00027C F8               [12]  576 	mov	r0,a
      00027D 86 82            [24]  577 	mov	dpl,@r0
      00027F 08               [12]  578 	inc	r0
      000280 86 83            [24]  579 	mov	dph,@r0
      000282 08               [12]  580 	inc	r0
      000283 86 F0            [24]  581 	mov	b,@r0
      000285 E4               [12]  582 	clr	a
      000286 12r00r00         [24]  583 	lcall	__gptrput
      000289 A3               [24]  584 	inc	dptr
      00028A 12r00r00         [24]  585 	lcall	__gptrput
      00028D A3               [24]  586 	inc	dptr
      00028E 12r00r00         [24]  587 	lcall	__gptrput
                                    588 ;	/opt/contiki/core/lib/list.c:196: return l;
      000291 A8 81            [24]  589 	mov	r0,sp
      000293 18               [12]  590 	dec	r0
      000294 18               [12]  591 	dec	r0
      000295 86 05            [24]  592 	mov	ar5,@r0
      000297 08               [12]  593 	inc	r0
      000298 86 06            [24]  594 	mov	ar6,@r0
      00029A 08               [12]  595 	inc	r0
      00029B 86 07            [24]  596 	mov	ar7,@r0
      00029D 8D 82            [24]  597 	mov	dpl,r5
      00029F 8E 83            [24]  598 	mov	dph,r6
      0002A1 8F F0            [24]  599 	mov	b,r7
      0002A3 02r03r50         [24]  600 	ljmp	00109$
      0002A6                        601 00104$:
                                    602 ;	/opt/contiki/core/lib/list.c:199: for(l = *list; l->next->next != NULL; l = l->next);
      0002A6 A8 81            [24]  603 	mov	r0,sp
      0002A8 18               [12]  604 	dec	r0
      0002A9 18               [12]  605 	dec	r0
      0002AA A6 02            [24]  606 	mov	@r0,ar2
      0002AC 08               [12]  607 	inc	r0
      0002AD A6 03            [24]  608 	mov	@r0,ar3
      0002AF 08               [12]  609 	inc	r0
      0002B0 A6 04            [24]  610 	mov	@r0,ar4
      0002B2                        611 00107$:
      0002B2 A8 81            [24]  612 	mov	r0,sp
      0002B4 18               [12]  613 	dec	r0
      0002B5 18               [12]  614 	dec	r0
      0002B6 86 82            [24]  615 	mov	dpl,@r0
      0002B8 08               [12]  616 	inc	r0
      0002B9 86 83            [24]  617 	mov	dph,@r0
      0002BB 08               [12]  618 	inc	r0
      0002BC 86 F0            [24]  619 	mov	b,@r0
      0002BE 12r00r00         [24]  620 	lcall	__gptrget
      0002C1 FD               [12]  621 	mov	r5,a
      0002C2 A3               [24]  622 	inc	dptr
      0002C3 12r00r00         [24]  623 	lcall	__gptrget
      0002C6 FE               [12]  624 	mov	r6,a
      0002C7 A3               [24]  625 	inc	dptr
      0002C8 12r00r00         [24]  626 	lcall	__gptrget
      0002CB FF               [12]  627 	mov	r7,a
      0002CC 8D 82            [24]  628 	mov	dpl,r5
      0002CE 8E 83            [24]  629 	mov	dph,r6
      0002D0 8F F0            [24]  630 	mov	b,r7
      0002D2 12r00r00         [24]  631 	lcall	__gptrget
      0002D5 FD               [12]  632 	mov	r5,a
      0002D6 A3               [24]  633 	inc	dptr
      0002D7 12r00r00         [24]  634 	lcall	__gptrget
      0002DA FE               [12]  635 	mov	r6,a
      0002DB A3               [24]  636 	inc	dptr
      0002DC 12r00r00         [24]  637 	lcall	__gptrget
      0002DF FF               [12]  638 	mov	r7,a
      0002E0 E4               [12]  639 	clr	a
      0002E1 C0 E0            [24]  640 	push	acc
      0002E3 C0 E0            [24]  641 	push	acc
      0002E5 C0 E0            [24]  642 	push	acc
      0002E7 8D 82            [24]  643 	mov	dpl,r5
      0002E9 8E 83            [24]  644 	mov	dph,r6
      0002EB 8F F0            [24]  645 	mov	b,r7
      0002ED 12r00r00         [24]  646 	lcall	___gptr_cmp
      0002F0 15 81            [12]  647 	dec	sp
      0002F2 15 81            [12]  648 	dec	sp
      0002F4 15 81            [12]  649 	dec	sp
      0002F6 60 20            [24]  650 	jz	00105$
      0002F8 A8 81            [24]  651 	mov	r0,sp
      0002FA 18               [12]  652 	dec	r0
      0002FB 18               [12]  653 	dec	r0
      0002FC 86 82            [24]  654 	mov	dpl,@r0
      0002FE 08               [12]  655 	inc	r0
      0002FF 86 83            [24]  656 	mov	dph,@r0
      000301 08               [12]  657 	inc	r0
      000302 86 F0            [24]  658 	mov	b,@r0
      000304 12r00r00         [24]  659 	lcall	__gptrget
      000307 18               [12]  660 	dec	r0
      000308 18               [12]  661 	dec	r0
      000309 F6               [12]  662 	mov	@r0,a
      00030A A3               [24]  663 	inc	dptr
      00030B 12r00r00         [24]  664 	lcall	__gptrget
      00030E 08               [12]  665 	inc	r0
      00030F F6               [12]  666 	mov	@r0,a
      000310 A3               [24]  667 	inc	dptr
      000311 12r00r00         [24]  668 	lcall	__gptrget
      000314 08               [12]  669 	inc	r0
      000315 F6               [12]  670 	mov	@r0,a
      000316 80 9A            [24]  671 	sjmp	00107$
      000318                        672 00105$:
                                    673 ;	/opt/contiki/core/lib/list.c:201: r = l->next;
      000318 A8 81            [24]  674 	mov	r0,sp
      00031A 18               [12]  675 	dec	r0
      00031B 18               [12]  676 	dec	r0
      00031C 86 82            [24]  677 	mov	dpl,@r0
      00031E 08               [12]  678 	inc	r0
      00031F 86 83            [24]  679 	mov	dph,@r0
      000321 08               [12]  680 	inc	r0
      000322 86 F0            [24]  681 	mov	b,@r0
      000324 12r00r00         [24]  682 	lcall	__gptrget
      000327 FD               [12]  683 	mov	r5,a
      000328 A3               [24]  684 	inc	dptr
      000329 12r00r00         [24]  685 	lcall	__gptrget
      00032C FE               [12]  686 	mov	r6,a
      00032D A3               [24]  687 	inc	dptr
      00032E 12r00r00         [24]  688 	lcall	__gptrget
      000331 FF               [12]  689 	mov	r7,a
                                    690 ;	/opt/contiki/core/lib/list.c:202: l->next = NULL;
      000332 A8 81            [24]  691 	mov	r0,sp
      000334 18               [12]  692 	dec	r0
      000335 18               [12]  693 	dec	r0
      000336 86 82            [24]  694 	mov	dpl,@r0
      000338 08               [12]  695 	inc	r0
      000339 86 83            [24]  696 	mov	dph,@r0
      00033B 08               [12]  697 	inc	r0
      00033C 86 F0            [24]  698 	mov	b,@r0
      00033E E4               [12]  699 	clr	a
      00033F 12r00r00         [24]  700 	lcall	__gptrput
      000342 A3               [24]  701 	inc	dptr
      000343 12r00r00         [24]  702 	lcall	__gptrput
      000346 A3               [24]  703 	inc	dptr
      000347 12r00r00         [24]  704 	lcall	__gptrput
                                    705 ;	/opt/contiki/core/lib/list.c:204: return r;
      00034A 8D 82            [24]  706 	mov	dpl,r5
      00034C 8E 83            [24]  707 	mov	dph,r6
      00034E 8F F0            [24]  708 	mov	b,r7
      000350                        709 00109$:
      000350 E5 81            [12]  710 	mov	a,sp
      000352 24 FA            [12]  711 	add	a,#0xFA
      000354 F5 81            [12]  712 	mov	sp,a
      000356 22               [24]  713 	ret
                                    714 ;------------------------------------------------------------
                                    715 ;Allocation info for local variables in function 'list_pop'
                                    716 ;------------------------------------------------------------
                                    717 ;list                      Allocated to registers r5 r6 r7 
                                    718 ;l                         Allocated to stack - sp -2
                                    719 ;------------------------------------------------------------
                                    720 ;	/opt/contiki/core/lib/list.c:218: list_pop(list_t list)
                                    721 ;	-----------------------------------------
                                    722 ;	 function list_pop
                                    723 ;	-----------------------------------------
      000357                        724 _list_pop:
      000357 05 81            [12]  725 	inc	sp
      000359 05 81            [12]  726 	inc	sp
      00035B 05 81            [12]  727 	inc	sp
                                    728 ;	/opt/contiki/core/lib/list.c:221: l = *list;
      00035D AD 82            [24]  729 	mov	r5,dpl
      00035F AE 83            [24]  730 	mov	r6,dph
      000361 AF F0            [24]  731 	mov	r7,b
      000363 12r00r00         [24]  732 	lcall	__gptrget
      000366 FA               [12]  733 	mov	r2,a
      000367 A3               [24]  734 	inc	dptr
      000368 12r00r00         [24]  735 	lcall	__gptrget
      00036B FB               [12]  736 	mov	r3,a
      00036C A3               [24]  737 	inc	dptr
      00036D 12r00r00         [24]  738 	lcall	__gptrget
      000370 FC               [12]  739 	mov	r4,a
      000371 A8 81            [24]  740 	mov	r0,sp
      000373 18               [12]  741 	dec	r0
      000374 18               [12]  742 	dec	r0
      000375 A6 02            [24]  743 	mov	@r0,ar2
      000377 08               [12]  744 	inc	r0
      000378 A6 03            [24]  745 	mov	@r0,ar3
      00037A 08               [12]  746 	inc	r0
      00037B A6 04            [24]  747 	mov	@r0,ar4
                                    748 ;	/opt/contiki/core/lib/list.c:222: if(*list != NULL) {
      00037D EA               [12]  749 	mov	a,r2
      00037E 4B               [12]  750 	orl	a,r3
      00037F 60 28            [24]  751 	jz	00102$
                                    752 ;	/opt/contiki/core/lib/list.c:223: *list = ((struct list *)*list)->next;
      000381 8A 82            [24]  753 	mov	dpl,r2
      000383 8B 83            [24]  754 	mov	dph,r3
      000385 8C F0            [24]  755 	mov	b,r4
      000387 12r00r00         [24]  756 	lcall	__gptrget
      00038A FA               [12]  757 	mov	r2,a
      00038B A3               [24]  758 	inc	dptr
      00038C 12r00r00         [24]  759 	lcall	__gptrget
      00038F FB               [12]  760 	mov	r3,a
      000390 A3               [24]  761 	inc	dptr
      000391 12r00r00         [24]  762 	lcall	__gptrget
      000394 FC               [12]  763 	mov	r4,a
      000395 8D 82            [24]  764 	mov	dpl,r5
      000397 8E 83            [24]  765 	mov	dph,r6
      000399 8F F0            [24]  766 	mov	b,r7
      00039B EA               [12]  767 	mov	a,r2
      00039C 12r00r00         [24]  768 	lcall	__gptrput
      00039F A3               [24]  769 	inc	dptr
      0003A0 EB               [12]  770 	mov	a,r3
      0003A1 12r00r00         [24]  771 	lcall	__gptrput
      0003A4 A3               [24]  772 	inc	dptr
      0003A5 EC               [12]  773 	mov	a,r4
      0003A6 12r00r00         [24]  774 	lcall	__gptrput
      0003A9                        775 00102$:
                                    776 ;	/opt/contiki/core/lib/list.c:226: return l;
      0003A9 A8 81            [24]  777 	mov	r0,sp
      0003AB 18               [12]  778 	dec	r0
      0003AC 18               [12]  779 	dec	r0
      0003AD 86 05            [24]  780 	mov	ar5,@r0
      0003AF 08               [12]  781 	inc	r0
      0003B0 86 06            [24]  782 	mov	ar6,@r0
      0003B2 08               [12]  783 	inc	r0
      0003B3 86 07            [24]  784 	mov	ar7,@r0
      0003B5 8D 82            [24]  785 	mov	dpl,r5
      0003B7 8E 83            [24]  786 	mov	dph,r6
      0003B9 8F F0            [24]  787 	mov	b,r7
      0003BB 15 81            [12]  788 	dec	sp
      0003BD 15 81            [12]  789 	dec	sp
      0003BF 15 81            [12]  790 	dec	sp
      0003C1 22               [24]  791 	ret
                                    792 ;------------------------------------------------------------
                                    793 ;Allocation info for local variables in function 'list_remove'
                                    794 ;------------------------------------------------------------
                                    795 ;item                      Allocated to stack - sp -10
                                    796 ;list                      Allocated to stack - sp -5
                                    797 ;l                         Allocated to stack - sp -2
                                    798 ;r                         Allocated to registers r5 r6 r7 
                                    799 ;------------------------------------------------------------
                                    800 ;	/opt/contiki/core/lib/list.c:240: list_remove(list_t list, void *item)
                                    801 ;	-----------------------------------------
                                    802 ;	 function list_remove
                                    803 ;	-----------------------------------------
      0003C2                        804 _list_remove:
      0003C2 C0 82            [24]  805 	push	dpl
      0003C4 C0 83            [24]  806 	push	dph
      0003C6 C0 F0            [24]  807 	push	b
      0003C8 05 81            [12]  808 	inc	sp
      0003CA 05 81            [12]  809 	inc	sp
      0003CC 05 81            [12]  810 	inc	sp
                                    811 ;	/opt/contiki/core/lib/list.c:244: if(*list == NULL) {
      0003CE E5 81            [12]  812 	mov	a,sp
      0003D0 24 FB            [12]  813 	add	a,#0xfb
      0003D2 F8               [12]  814 	mov	r0,a
      0003D3 86 82            [24]  815 	mov	dpl,@r0
      0003D5 08               [12]  816 	inc	r0
      0003D6 86 83            [24]  817 	mov	dph,@r0
      0003D8 08               [12]  818 	inc	r0
      0003D9 86 F0            [24]  819 	mov	b,@r0
      0003DB 12r00r00         [24]  820 	lcall	__gptrget
      0003DE FA               [12]  821 	mov	r2,a
      0003DF A3               [24]  822 	inc	dptr
      0003E0 12r00r00         [24]  823 	lcall	__gptrget
      0003E3 FB               [12]  824 	mov	r3,a
      0003E4 A3               [24]  825 	inc	dptr
      0003E5 12r00r00         [24]  826 	lcall	__gptrget
      0003E8 FC               [12]  827 	mov	r4,a
      0003E9 EA               [12]  828 	mov	a,r2
      0003EA 4B               [12]  829 	orl	a,r3
      0003EB 70 03            [24]  830 	jnz	00102$
                                    831 ;	/opt/contiki/core/lib/list.c:245: return;
      0003ED 02r05r13         [24]  832 	ljmp	00112$
      0003F0                        833 00102$:
                                    834 ;	/opt/contiki/core/lib/list.c:248: r = NULL;
      0003F0 7D 00            [12]  835 	mov	r5,#0x00
      0003F2 7E 00            [12]  836 	mov	r6,#0x00
      0003F4 7F 00            [12]  837 	mov	r7,#0x00
                                    838 ;	/opt/contiki/core/lib/list.c:249: for(l = *list; l != NULL; l = l->next) {
      0003F6 A8 81            [24]  839 	mov	r0,sp
      0003F8 18               [12]  840 	dec	r0
      0003F9 18               [12]  841 	dec	r0
      0003FA A6 02            [24]  842 	mov	@r0,ar2
      0003FC 08               [12]  843 	inc	r0
      0003FD A6 03            [24]  844 	mov	@r0,ar3
      0003FF 08               [12]  845 	inc	r0
      000400 A6 04            [24]  846 	mov	@r0,ar4
      000402                        847 00110$:
      000402 A8 81            [24]  848 	mov	r0,sp
      000404 18               [12]  849 	dec	r0
      000405 18               [12]  850 	dec	r0
      000406 E4               [12]  851 	clr	a
      000407 C0 E0            [24]  852 	push	acc
      000409 C0 E0            [24]  853 	push	acc
      00040B C0 E0            [24]  854 	push	acc
      00040D 86 82            [24]  855 	mov	dpl,@r0
      00040F 08               [12]  856 	inc	r0
      000410 86 83            [24]  857 	mov	dph,@r0
      000412 08               [12]  858 	inc	r0
      000413 86 F0            [24]  859 	mov	b,@r0
      000415 12r00r00         [24]  860 	lcall	___gptr_cmp
      000418 15 81            [12]  861 	dec	sp
      00041A 15 81            [12]  862 	dec	sp
      00041C 15 81            [12]  863 	dec	sp
      00041E 70 03            [24]  864 	jnz	00130$
      000420 02r05r13         [24]  865 	ljmp	00112$
      000423                        866 00130$:
                                    867 ;	/opt/contiki/core/lib/list.c:250: if(l == item) {
      000423 C0 05            [24]  868 	push	ar5
      000425 C0 06            [24]  869 	push	ar6
      000427 C0 07            [24]  870 	push	ar7
      000429 E5 81            [12]  871 	mov	a,sp
      00042B 24 F3            [12]  872 	add	a,#0xf3
      00042D F8               [12]  873 	mov	r0,a
      00042E 86 05            [24]  874 	mov	ar5,@r0
      000430 08               [12]  875 	inc	r0
      000431 86 06            [24]  876 	mov	ar6,@r0
      000433 08               [12]  877 	inc	r0
      000434 86 07            [24]  878 	mov	ar7,@r0
      000436 E5 81            [12]  879 	mov	a,sp
      000438 24 FB            [12]  880 	add	a,#0xfb
      00043A F8               [12]  881 	mov	r0,a
      00043B C0 05            [24]  882 	push	ar5
      00043D C0 06            [24]  883 	push	ar6
      00043F C0 07            [24]  884 	push	ar7
      000441 86 82            [24]  885 	mov	dpl,@r0
      000443 08               [12]  886 	inc	r0
      000444 86 83            [24]  887 	mov	dph,@r0
      000446 08               [12]  888 	inc	r0
      000447 86 F0            [24]  889 	mov	b,@r0
      000449 12r00r00         [24]  890 	lcall	___gptr_cmp
      00044C 15 81            [12]  891 	dec	sp
      00044E 15 81            [12]  892 	dec	sp
      000450 15 81            [12]  893 	dec	sp
      000452 60 09            [24]  894 	jz	00132$
      000454 D0 07            [24]  895 	pop	ar7
      000456 D0 06            [24]  896 	pop	ar6
      000458 D0 05            [24]  897 	pop	ar5
      00045A 02r04rE6         [24]  898 	ljmp	00107$
      00045D                        899 00132$:
      00045D D0 07            [24]  900 	pop	ar7
      00045F D0 06            [24]  901 	pop	ar6
      000461 D0 05            [24]  902 	pop	ar5
                                    903 ;	/opt/contiki/core/lib/list.c:251: if(r == NULL) {
      000463 ED               [12]  904 	mov	a,r5
      000464 4E               [12]  905 	orl	a,r6
      000465 70 37            [24]  906 	jnz	00104$
                                    907 ;	/opt/contiki/core/lib/list.c:253: *list = l->next;
      000467 A8 81            [24]  908 	mov	r0,sp
      000469 18               [12]  909 	dec	r0
      00046A 18               [12]  910 	dec	r0
      00046B 86 82            [24]  911 	mov	dpl,@r0
      00046D 08               [12]  912 	inc	r0
      00046E 86 83            [24]  913 	mov	dph,@r0
      000470 08               [12]  914 	inc	r0
      000471 86 F0            [24]  915 	mov	b,@r0
      000473 12r00r00         [24]  916 	lcall	__gptrget
      000476 FA               [12]  917 	mov	r2,a
      000477 A3               [24]  918 	inc	dptr
      000478 12r00r00         [24]  919 	lcall	__gptrget
      00047B FB               [12]  920 	mov	r3,a
      00047C A3               [24]  921 	inc	dptr
      00047D 12r00r00         [24]  922 	lcall	__gptrget
      000480 FC               [12]  923 	mov	r4,a
      000481 E5 81            [12]  924 	mov	a,sp
      000483 24 FB            [12]  925 	add	a,#0xfb
      000485 F8               [12]  926 	mov	r0,a
      000486 86 82            [24]  927 	mov	dpl,@r0
      000488 08               [12]  928 	inc	r0
      000489 86 83            [24]  929 	mov	dph,@r0
      00048B 08               [12]  930 	inc	r0
      00048C 86 F0            [24]  931 	mov	b,@r0
      00048E EA               [12]  932 	mov	a,r2
      00048F 12r00r00         [24]  933 	lcall	__gptrput
      000492 A3               [24]  934 	inc	dptr
      000493 EB               [12]  935 	mov	a,r3
      000494 12r00r00         [24]  936 	lcall	__gptrput
      000497 A3               [24]  937 	inc	dptr
      000498 EC               [12]  938 	mov	a,r4
      000499 12r00r00         [24]  939 	lcall	__gptrput
      00049C 80 2E            [24]  940 	sjmp	00105$
      00049E                        941 00104$:
                                    942 ;	/opt/contiki/core/lib/list.c:256: r->next = l->next;
      00049E A8 81            [24]  943 	mov	r0,sp
      0004A0 18               [12]  944 	dec	r0
      0004A1 18               [12]  945 	dec	r0
      0004A2 86 82            [24]  946 	mov	dpl,@r0
      0004A4 08               [12]  947 	inc	r0
      0004A5 86 83            [24]  948 	mov	dph,@r0
      0004A7 08               [12]  949 	inc	r0
      0004A8 86 F0            [24]  950 	mov	b,@r0
      0004AA 12r00r00         [24]  951 	lcall	__gptrget
      0004AD FA               [12]  952 	mov	r2,a
      0004AE A3               [24]  953 	inc	dptr
      0004AF 12r00r00         [24]  954 	lcall	__gptrget
      0004B2 FB               [12]  955 	mov	r3,a
      0004B3 A3               [24]  956 	inc	dptr
      0004B4 12r00r00         [24]  957 	lcall	__gptrget
      0004B7 FC               [12]  958 	mov	r4,a
      0004B8 8D 82            [24]  959 	mov	dpl,r5
      0004BA 8E 83            [24]  960 	mov	dph,r6
      0004BC 8F F0            [24]  961 	mov	b,r7
      0004BE EA               [12]  962 	mov	a,r2
      0004BF 12r00r00         [24]  963 	lcall	__gptrput
      0004C2 A3               [24]  964 	inc	dptr
      0004C3 EB               [12]  965 	mov	a,r3
      0004C4 12r00r00         [24]  966 	lcall	__gptrput
      0004C7 A3               [24]  967 	inc	dptr
      0004C8 EC               [12]  968 	mov	a,r4
      0004C9 12r00r00         [24]  969 	lcall	__gptrput
      0004CC                        970 00105$:
                                    971 ;	/opt/contiki/core/lib/list.c:258: l->next = NULL;
      0004CC A8 81            [24]  972 	mov	r0,sp
      0004CE 18               [12]  973 	dec	r0
      0004CF 18               [12]  974 	dec	r0
      0004D0 86 82            [24]  975 	mov	dpl,@r0
      0004D2 08               [12]  976 	inc	r0
      0004D3 86 83            [24]  977 	mov	dph,@r0
      0004D5 08               [12]  978 	inc	r0
      0004D6 86 F0            [24]  979 	mov	b,@r0
      0004D8 E4               [12]  980 	clr	a
      0004D9 12r00r00         [24]  981 	lcall	__gptrput
      0004DC A3               [24]  982 	inc	dptr
      0004DD 12r00r00         [24]  983 	lcall	__gptrput
      0004E0 A3               [24]  984 	inc	dptr
      0004E1 12r00r00         [24]  985 	lcall	__gptrput
                                    986 ;	/opt/contiki/core/lib/list.c:259: return;
      0004E4 80 2D            [24]  987 	sjmp	00112$
      0004E6                        988 00107$:
                                    989 ;	/opt/contiki/core/lib/list.c:261: r = l;
      0004E6 A8 81            [24]  990 	mov	r0,sp
      0004E8 18               [12]  991 	dec	r0
      0004E9 18               [12]  992 	dec	r0
      0004EA 86 05            [24]  993 	mov	ar5,@r0
      0004EC 08               [12]  994 	inc	r0
      0004ED 86 06            [24]  995 	mov	ar6,@r0
      0004EF 08               [12]  996 	inc	r0
      0004F0 86 07            [24]  997 	mov	ar7,@r0
                                    998 ;	/opt/contiki/core/lib/list.c:249: for(l = *list; l != NULL; l = l->next) {
      0004F2 A8 81            [24]  999 	mov	r0,sp
      0004F4 18               [12] 1000 	dec	r0
      0004F5 18               [12] 1001 	dec	r0
      0004F6 86 82            [24] 1002 	mov	dpl,@r0
      0004F8 08               [12] 1003 	inc	r0
      0004F9 86 83            [24] 1004 	mov	dph,@r0
      0004FB 08               [12] 1005 	inc	r0
      0004FC 86 F0            [24] 1006 	mov	b,@r0
      0004FE 12r00r00         [24] 1007 	lcall	__gptrget
      000501 18               [12] 1008 	dec	r0
      000502 18               [12] 1009 	dec	r0
      000503 F6               [12] 1010 	mov	@r0,a
      000504 A3               [24] 1011 	inc	dptr
      000505 12r00r00         [24] 1012 	lcall	__gptrget
      000508 08               [12] 1013 	inc	r0
      000509 F6               [12] 1014 	mov	@r0,a
      00050A A3               [24] 1015 	inc	dptr
      00050B 12r00r00         [24] 1016 	lcall	__gptrget
      00050E 08               [12] 1017 	inc	r0
      00050F F6               [12] 1018 	mov	@r0,a
      000510 02r04r02         [24] 1019 	ljmp	00110$
      000513                       1020 00112$:
      000513 E5 81            [12] 1021 	mov	a,sp
      000515 24 FA            [12] 1022 	add	a,#0xFA
      000517 F5 81            [12] 1023 	mov	sp,a
      000519 22               [24] 1024 	ret
                                   1025 ;------------------------------------------------------------
                                   1026 ;Allocation info for local variables in function 'list_length'
                                   1027 ;------------------------------------------------------------
                                   1028 ;list                      Allocated to registers r5 r6 r7 
                                   1029 ;l                         Allocated to registers r5 r6 r7 
                                   1030 ;n                         Allocated to registers r3 r4 
                                   1031 ;------------------------------------------------------------
                                   1032 ;	/opt/contiki/core/lib/list.c:275: list_length(list_t list)
                                   1033 ;	-----------------------------------------
                                   1034 ;	 function list_length
                                   1035 ;	-----------------------------------------
      00051A                       1036 _list_length:
                                   1037 ;	/opt/contiki/core/lib/list.c:280: for(l = *list; l != NULL; l = l->next) {
      00051A 12r00r00         [24] 1038 	lcall	__gptrget
      00051D FD               [12] 1039 	mov	r5,a
      00051E A3               [24] 1040 	inc	dptr
      00051F 12r00r00         [24] 1041 	lcall	__gptrget
      000522 FE               [12] 1042 	mov	r6,a
      000523 A3               [24] 1043 	inc	dptr
      000524 12r00r00         [24] 1044 	lcall	__gptrget
      000527 FF               [12] 1045 	mov	r7,a
      000528 7B 00            [12] 1046 	mov	r3,#0x00
      00052A 7C 00            [12] 1047 	mov	r4,#0x00
      00052C                       1048 00103$:
      00052C E4               [12] 1049 	clr	a
      00052D C0 E0            [24] 1050 	push	acc
      00052F C0 E0            [24] 1051 	push	acc
      000531 C0 E0            [24] 1052 	push	acc
      000533 8D 82            [24] 1053 	mov	dpl,r5
      000535 8E 83            [24] 1054 	mov	dph,r6
      000537 8F F0            [24] 1055 	mov	b,r7
      000539 12r00r00         [24] 1056 	lcall	___gptr_cmp
      00053C 15 81            [12] 1057 	dec	sp
      00053E 15 81            [12] 1058 	dec	sp
      000540 15 81            [12] 1059 	dec	sp
      000542 60 1B            [24] 1060 	jz	00101$
                                   1061 ;	/opt/contiki/core/lib/list.c:281: ++n;
      000544 0B               [12] 1062 	inc	r3
      000545 BB 00 01         [24] 1063 	cjne	r3,#0x00,00115$
      000548 0C               [12] 1064 	inc	r4
      000549                       1065 00115$:
                                   1066 ;	/opt/contiki/core/lib/list.c:280: for(l = *list; l != NULL; l = l->next) {
      000549 8D 82            [24] 1067 	mov	dpl,r5
      00054B 8E 83            [24] 1068 	mov	dph,r6
      00054D 8F F0            [24] 1069 	mov	b,r7
      00054F 12r00r00         [24] 1070 	lcall	__gptrget
      000552 FD               [12] 1071 	mov	r5,a
      000553 A3               [24] 1072 	inc	dptr
      000554 12r00r00         [24] 1073 	lcall	__gptrget
      000557 FE               [12] 1074 	mov	r6,a
      000558 A3               [24] 1075 	inc	dptr
      000559 12r00r00         [24] 1076 	lcall	__gptrget
      00055C FF               [12] 1077 	mov	r7,a
      00055D 80 CD            [24] 1078 	sjmp	00103$
      00055F                       1079 00101$:
                                   1080 ;	/opt/contiki/core/lib/list.c:284: return n;
      00055F 8B 82            [24] 1081 	mov	dpl,r3
      000561 8C 83            [24] 1082 	mov	dph,r4
      000563 22               [24] 1083 	ret
                                   1084 ;------------------------------------------------------------
                                   1085 ;Allocation info for local variables in function 'list_insert'
                                   1086 ;------------------------------------------------------------
                                   1087 ;previtem                  Allocated to stack - sp -7
                                   1088 ;newitem                   Allocated to stack - sp -10
                                   1089 ;list                      Allocated to registers r5 r6 r7 
                                   1090 ;sloc0                     Allocated to stack - sp -2
                                   1091 ;------------------------------------------------------------
                                   1092 ;	/opt/contiki/core/lib/list.c:303: list_insert(list_t list, void *previtem, void *newitem)
                                   1093 ;	-----------------------------------------
                                   1094 ;	 function list_insert
                                   1095 ;	-----------------------------------------
      000564                       1096 _list_insert:
      000564 05 81            [12] 1097 	inc	sp
      000566 05 81            [12] 1098 	inc	sp
      000568 05 81            [12] 1099 	inc	sp
      00056A AD 82            [24] 1100 	mov	r5,dpl
      00056C AE 83            [24] 1101 	mov	r6,dph
      00056E AF F0            [24] 1102 	mov	r7,b
                                   1103 ;	/opt/contiki/core/lib/list.c:305: if(previtem == NULL) {
      000570 E5 81            [12] 1104 	mov	a,sp
      000572 24 F9            [12] 1105 	add	a,#0xf9
      000574 F8               [12] 1106 	mov	r0,a
      000575 E6               [12] 1107 	mov	a,@r0
      000576 08               [12] 1108 	inc	r0
      000577 46               [12] 1109 	orl	a,@r0
      000578 70 21            [24] 1110 	jnz	00102$
                                   1111 ;	/opt/contiki/core/lib/list.c:306: list_push(list, newitem);
      00057A E5 81            [12] 1112 	mov	a,sp
      00057C 24 F6            [12] 1113 	add	a,#0xf6
      00057E F8               [12] 1114 	mov	r0,a
      00057F E6               [12] 1115 	mov	a,@r0
      000580 C0 E0            [24] 1116 	push	acc
      000582 08               [12] 1117 	inc	r0
      000583 E6               [12] 1118 	mov	a,@r0
      000584 C0 E0            [24] 1119 	push	acc
      000586 08               [12] 1120 	inc	r0
      000587 E6               [12] 1121 	mov	a,@r0
      000588 C0 E0            [24] 1122 	push	acc
      00058A 8D 82            [24] 1123 	mov	dpl,r5
      00058C 8E 83            [24] 1124 	mov	dph,r6
      00058E 8F F0            [24] 1125 	mov	b,r7
      000590 12r01r86         [24] 1126 	lcall	_list_push
      000593 15 81            [12] 1127 	dec	sp
      000595 15 81            [12] 1128 	dec	sp
      000597 15 81            [12] 1129 	dec	sp
      000599 80 6F            [24] 1130 	sjmp	00104$
      00059B                       1131 00102$:
                                   1132 ;	/opt/contiki/core/lib/list.c:309: ((struct list *)newitem)->next = ((struct list *)previtem)->next;
      00059B E5 81            [12] 1133 	mov	a,sp
      00059D 24 F6            [12] 1134 	add	a,#0xf6
      00059F F8               [12] 1135 	mov	r0,a
      0005A0 A9 81            [24] 1136 	mov	r1,sp
      0005A2 19               [12] 1137 	dec	r1
      0005A3 19               [12] 1138 	dec	r1
      0005A4 E6               [12] 1139 	mov	a,@r0
      0005A5 F7               [12] 1140 	mov	@r1,a
      0005A6 08               [12] 1141 	inc	r0
      0005A7 09               [12] 1142 	inc	r1
      0005A8 E6               [12] 1143 	mov	a,@r0
      0005A9 F7               [12] 1144 	mov	@r1,a
      0005AA 08               [12] 1145 	inc	r0
      0005AB 09               [12] 1146 	inc	r1
      0005AC E6               [12] 1147 	mov	a,@r0
      0005AD F7               [12] 1148 	mov	@r1,a
      0005AE E5 81            [12] 1149 	mov	a,sp
      0005B0 24 F9            [12] 1150 	add	a,#0xf9
      0005B2 F8               [12] 1151 	mov	r0,a
      0005B3 86 02            [24] 1152 	mov	ar2,@r0
      0005B5 08               [12] 1153 	inc	r0
      0005B6 86 03            [24] 1154 	mov	ar3,@r0
      0005B8 08               [12] 1155 	inc	r0
      0005B9 86 04            [24] 1156 	mov	ar4,@r0
      0005BB 8A 82            [24] 1157 	mov	dpl,r2
      0005BD 8B 83            [24] 1158 	mov	dph,r3
      0005BF 8C F0            [24] 1159 	mov	b,r4
      0005C1 12r00r00         [24] 1160 	lcall	__gptrget
      0005C4 FD               [12] 1161 	mov	r5,a
      0005C5 A3               [24] 1162 	inc	dptr
      0005C6 12r00r00         [24] 1163 	lcall	__gptrget
      0005C9 FE               [12] 1164 	mov	r6,a
      0005CA A3               [24] 1165 	inc	dptr
      0005CB 12r00r00         [24] 1166 	lcall	__gptrget
      0005CE FF               [12] 1167 	mov	r7,a
      0005CF A8 81            [24] 1168 	mov	r0,sp
      0005D1 18               [12] 1169 	dec	r0
      0005D2 18               [12] 1170 	dec	r0
      0005D3 86 82            [24] 1171 	mov	dpl,@r0
      0005D5 08               [12] 1172 	inc	r0
      0005D6 86 83            [24] 1173 	mov	dph,@r0
      0005D8 08               [12] 1174 	inc	r0
      0005D9 86 F0            [24] 1175 	mov	b,@r0
      0005DB ED               [12] 1176 	mov	a,r5
      0005DC 12r00r00         [24] 1177 	lcall	__gptrput
      0005DF A3               [24] 1178 	inc	dptr
      0005E0 EE               [12] 1179 	mov	a,r6
      0005E1 12r00r00         [24] 1180 	lcall	__gptrput
      0005E4 A3               [24] 1181 	inc	dptr
      0005E5 EF               [12] 1182 	mov	a,r7
      0005E6 12r00r00         [24] 1183 	lcall	__gptrput
                                   1184 ;	/opt/contiki/core/lib/list.c:310: ((struct list *)previtem)->next = newitem;
      0005E9 E5 81            [12] 1185 	mov	a,sp
      0005EB 24 F6            [12] 1186 	add	a,#0xf6
      0005ED F8               [12] 1187 	mov	r0,a
      0005EE 86 05            [24] 1188 	mov	ar5,@r0
      0005F0 08               [12] 1189 	inc	r0
      0005F1 86 06            [24] 1190 	mov	ar6,@r0
      0005F3 08               [12] 1191 	inc	r0
      0005F4 86 07            [24] 1192 	mov	ar7,@r0
      0005F6 8A 82            [24] 1193 	mov	dpl,r2
      0005F8 8B 83            [24] 1194 	mov	dph,r3
      0005FA 8C F0            [24] 1195 	mov	b,r4
      0005FC ED               [12] 1196 	mov	a,r5
      0005FD 12r00r00         [24] 1197 	lcall	__gptrput
      000600 A3               [24] 1198 	inc	dptr
      000601 EE               [12] 1199 	mov	a,r6
      000602 12r00r00         [24] 1200 	lcall	__gptrput
      000605 A3               [24] 1201 	inc	dptr
      000606 EF               [12] 1202 	mov	a,r7
      000607 12r00r00         [24] 1203 	lcall	__gptrput
      00060A                       1204 00104$:
      00060A 15 81            [12] 1205 	dec	sp
      00060C 15 81            [12] 1206 	dec	sp
      00060E 15 81            [12] 1207 	dec	sp
      000610 22               [24] 1208 	ret
                                   1209 ;------------------------------------------------------------
                                   1210 ;Allocation info for local variables in function 'list_item_next'
                                   1211 ;------------------------------------------------------------
                                   1212 ;item                      Allocated to registers r5 r6 r7 
                                   1213 ;------------------------------------------------------------
                                   1214 ;	/opt/contiki/core/lib/list.c:325: list_item_next(void *item)
                                   1215 ;	-----------------------------------------
                                   1216 ;	 function list_item_next
                                   1217 ;	-----------------------------------------
      000611                       1218 _list_item_next:
      000611 AD 82            [24] 1219 	mov	r5,dpl
      000613 AE 83            [24] 1220 	mov	r6,dph
      000615 AF F0            [24] 1221 	mov	r7,b
                                   1222 ;	/opt/contiki/core/lib/list.c:327: return item == NULL? NULL: ((struct list *)item)->next;
      000617 ED               [12] 1223 	mov	a,r5
      000618 4E               [12] 1224 	orl	a,r6
      000619 70 05            [24] 1225 	jnz	00103$
      00061B FA               [12] 1226 	mov	r2,a
      00061C FB               [12] 1227 	mov	r3,a
      00061D FC               [12] 1228 	mov	r4,a
      00061E 80 14            [24] 1229 	sjmp	00104$
      000620                       1230 00103$:
      000620 8D 82            [24] 1231 	mov	dpl,r5
      000622 8E 83            [24] 1232 	mov	dph,r6
      000624 8F F0            [24] 1233 	mov	b,r7
      000626 12r00r00         [24] 1234 	lcall	__gptrget
      000629 FA               [12] 1235 	mov	r2,a
      00062A A3               [24] 1236 	inc	dptr
      00062B 12r00r00         [24] 1237 	lcall	__gptrget
      00062E FB               [12] 1238 	mov	r3,a
      00062F A3               [24] 1239 	inc	dptr
      000630 12r00r00         [24] 1240 	lcall	__gptrget
      000633 FC               [12] 1241 	mov	r4,a
      000634                       1242 00104$:
      000634 8A 82            [24] 1243 	mov	dpl,r2
      000636 8B 83            [24] 1244 	mov	dph,r3
      000638 8C F0            [24] 1245 	mov	b,r4
      00063A 22               [24] 1246 	ret
                                   1247 	.area CSEG    (CODE)
                                   1248 	.area CONST   (CODE)
                                   1249 	.area XINIT   (CODE)
                                   1250 	.area CABS    (ABS,CODE)
