                                      1 ;--------------------------------------------------------
                                      2 ; File Created by SDCC : free open source ANSI-C Compiler
                                      3 ; Version 3.5.5 #9380 (Linux)
                                      4 ; This file was generated Tue Nov 17 16:52:53 2015
                                      5 ;--------------------------------------------------------
                                      6 	.module mac_sequence
                                      7 	.optsdcc -mmcs51 --model-large
                                      8 	
                                      9 ;--------------------------------------------------------
                                     10 ; Public variables in this module
                                     11 ;--------------------------------------------------------
                                     12 	.globl _packetbuf_addr
                                     13 	.globl _packetbuf_attr
                                     14 	.globl _linkaddr_cmp
                                     15 	.globl _linkaddr_copy
                                     16 	.globl _memcpy
                                     17 	.globl _ACTIVE
                                     18 	.globl _TX_BYTE
                                     19 	.globl _RX_BYTE
                                     20 	.globl _ERR
                                     21 	.globl _FE
                                     22 	.globl _SLAVE
                                     23 	.globl _RE
                                     24 	.globl _MODE
                                     25 	.globl _T3OVFIF
                                     26 	.globl _T3CH0IF
                                     27 	.globl _T3CH1IF
                                     28 	.globl _T4OVFIF
                                     29 	.globl _T4CH0IF
                                     30 	.globl _T4CH1IF
                                     31 	.globl _OVFIM
                                     32 	.globl _B_0
                                     33 	.globl _B_1
                                     34 	.globl _B_2
                                     35 	.globl _B_3
                                     36 	.globl _B_4
                                     37 	.globl _B_5
                                     38 	.globl _B_6
                                     39 	.globl _B_7
                                     40 	.globl _P2IF
                                     41 	.globl _UTX0IF
                                     42 	.globl _UTX1IF
                                     43 	.globl _P1IF
                                     44 	.globl _WDTIF
                                     45 	.globl _ACC_0
                                     46 	.globl _ACC_1
                                     47 	.globl _ACC_2
                                     48 	.globl _ACC_3
                                     49 	.globl _ACC_4
                                     50 	.globl _ACC_5
                                     51 	.globl _ACC_6
                                     52 	.globl _ACC_7
                                     53 	.globl _P
                                     54 	.globl _F1
                                     55 	.globl _OV
                                     56 	.globl _RS0
                                     57 	.globl _RS1
                                     58 	.globl _F0
                                     59 	.globl _AC
                                     60 	.globl _CY
                                     61 	.globl _DMAIF
                                     62 	.globl _T1IF
                                     63 	.globl _T2IF
                                     64 	.globl _T3IF
                                     65 	.globl _T4IF
                                     66 	.globl _P0IF
                                     67 	.globl _STIF
                                     68 	.globl _DMAIE
                                     69 	.globl _T1IE
                                     70 	.globl _T2IE
                                     71 	.globl _T3IE
                                     72 	.globl _T4IE
                                     73 	.globl _P0IE
                                     74 	.globl _RFERRIE
                                     75 	.globl _ADCIE
                                     76 	.globl _URX0IE
                                     77 	.globl _URX1IE
                                     78 	.globl _ENCIE
                                     79 	.globl _STIE
                                     80 	.globl _EA
                                     81 	.globl _P2_0
                                     82 	.globl _P2_1
                                     83 	.globl _P2_2
                                     84 	.globl _P2_3
                                     85 	.globl _P2_4
                                     86 	.globl _P2_5
                                     87 	.globl _P2_6
                                     88 	.globl _P2_7
                                     89 	.globl _ENCIF_0
                                     90 	.globl _ENCIF_1
                                     91 	.globl _P1_0
                                     92 	.globl _P1_1
                                     93 	.globl _P1_2
                                     94 	.globl _P1_3
                                     95 	.globl _P1_4
                                     96 	.globl _P1_5
                                     97 	.globl _P1_6
                                     98 	.globl _P1_7
                                     99 	.globl _IT0
                                    100 	.globl _RFERRIF
                                    101 	.globl _IT1
                                    102 	.globl _URX0IF
                                    103 	.globl _ADCIF
                                    104 	.globl _URX1IF
                                    105 	.globl _P0_0
                                    106 	.globl _P0_1
                                    107 	.globl _P0_2
                                    108 	.globl _P0_3
                                    109 	.globl _P0_4
                                    110 	.globl _P0_5
                                    111 	.globl _P0_6
                                    112 	.globl _P0_7
                                    113 	.globl _WDCTL
                                    114 	.globl _U1GCR
                                    115 	.globl _U1UCR
                                    116 	.globl _U1BAUD
                                    117 	.globl _U1DBUF
                                    118 	.globl _U1CSR
                                    119 	.globl _U0GCR
                                    120 	.globl _U0UCR
                                    121 	.globl _U0BAUD
                                    122 	.globl _U0DBUF
                                    123 	.globl _U0CSR
                                    124 	.globl _TIMIF
                                    125 	.globl _T4CC1
                                    126 	.globl _T4CCTL1
                                    127 	.globl _T4CC0
                                    128 	.globl _T4CCTL0
                                    129 	.globl _T4CTL
                                    130 	.globl _T4CNT
                                    131 	.globl _T3CC1
                                    132 	.globl _T3CCTL1
                                    133 	.globl _T3CC0
                                    134 	.globl _T3CCTL0
                                    135 	.globl _T3CTL
                                    136 	.globl _T3CNT
                                    137 	.globl _T2MSEL
                                    138 	.globl _T2IRQM
                                    139 	.globl _T2MOVF2
                                    140 	.globl _T2MOVF1
                                    141 	.globl _T2MOVF0
                                    142 	.globl _T2M1
                                    143 	.globl _T2M0
                                    144 	.globl _T2IRQF
                                    145 	.globl _T2EVTCFG
                                    146 	.globl _T2CTRL
                                    147 	.globl _T1STAT
                                    148 	.globl _T1CCTL2
                                    149 	.globl _T1CCTL1
                                    150 	.globl _T1CCTL0
                                    151 	.globl _T1CTL
                                    152 	.globl _T1CNTH
                                    153 	.globl _T1CNTL
                                    154 	.globl _T1CC2H
                                    155 	.globl _T1CC2L
                                    156 	.globl _T1CC1H
                                    157 	.globl _T1CC1L
                                    158 	.globl _T1CC0H
                                    159 	.globl _T1CC0L
                                    160 	.globl _CLKCONSTA
                                    161 	.globl _CLKCONCMD
                                    162 	.globl _SLEEPSTA
                                    163 	.globl _SLEEPCMD
                                    164 	.globl _STLOAD
                                    165 	.globl _ST2
                                    166 	.globl _ST1
                                    167 	.globl _ST0
                                    168 	.globl _RFERRF
                                    169 	.globl _RFIRQF0
                                    170 	.globl _RFST
                                    171 	.globl _RFD
                                    172 	.globl _RFIRQF1
                                    173 	.globl _PSBANK
                                    174 	.globl _FMAP
                                    175 	.globl _MEMCTR
                                    176 	.globl __XPAGE
                                    177 	.globl _MPAGE
                                    178 	.globl _PMUX
                                    179 	.globl _P2DIR
                                    180 	.globl _P1DIR
                                    181 	.globl _P0DIR
                                    182 	.globl _P2INP
                                    183 	.globl _P1INP
                                    184 	.globl _P2SEL
                                    185 	.globl _P1SEL
                                    186 	.globl _P0SEL
                                    187 	.globl _APCFG
                                    188 	.globl _PERCFG
                                    189 	.globl _P0INP
                                    190 	.globl _P2IEN
                                    191 	.globl _P1IEN
                                    192 	.globl _P0IEN
                                    193 	.globl _PICTL
                                    194 	.globl _P2IFG
                                    195 	.globl _P1IFG
                                    196 	.globl _P0IFG
                                    197 	.globl _DMAREQ
                                    198 	.globl _DMAARM
                                    199 	.globl _DMA0CFGH
                                    200 	.globl _DMA0CFGL
                                    201 	.globl _DMA1CFGH
                                    202 	.globl _DMA1CFGL
                                    203 	.globl _DMAIRQ
                                    204 	.globl _ENCCS
                                    205 	.globl _ENCDO
                                    206 	.globl _ENCDI
                                    207 	.globl _RNDH
                                    208 	.globl _RNDL
                                    209 	.globl _ADCH
                                    210 	.globl _ADCL
                                    211 	.globl _ADCCON3
                                    212 	.globl _ADCCON2
                                    213 	.globl _ADCCON1
                                    214 	.globl _B
                                    215 	.globl _IRCON2
                                    216 	.globl _ACC
                                    217 	.globl _PSW
                                    218 	.globl _IRCON
                                    219 	.globl _IP1
                                    220 	.globl _IEN1
                                    221 	.globl _IP0
                                    222 	.globl _IEN0
                                    223 	.globl _P2
                                    224 	.globl _S1CON
                                    225 	.globl _IEN2
                                    226 	.globl _S0CON
                                    227 	.globl _DPS
                                    228 	.globl _P1
                                    229 	.globl _TCON
                                    230 	.globl _PCON
                                    231 	.globl _DPH1
                                    232 	.globl _DPL1
                                    233 	.globl _DPH0
                                    234 	.globl _DPL0
                                    235 	.globl _SP
                                    236 	.globl _P0
                                    237 	.globl _X_IEEE_ADDR
                                    238 	.globl _X_INFOPAGE
                                    239 	.globl _X_P2DIR
                                    240 	.globl _X_P1DIR
                                    241 	.globl _X_P0DIR
                                    242 	.globl _X_U1GCR
                                    243 	.globl _X_U1UCR
                                    244 	.globl _X_U1BAUD
                                    245 	.globl _X_U1DBUF
                                    246 	.globl _X_U1CSR
                                    247 	.globl _X_P2INP
                                    248 	.globl _X_P1INP
                                    249 	.globl _X_P2SEL
                                    250 	.globl _X_P1SEL
                                    251 	.globl _X_P0SEL
                                    252 	.globl _X_APCFG
                                    253 	.globl _X_PERCFG
                                    254 	.globl _X_T4CC1
                                    255 	.globl _X_T4CCTL1
                                    256 	.globl _X_T4CC0
                                    257 	.globl _X_T4CCTL0
                                    258 	.globl _X_T4CTL
                                    259 	.globl _X_T4CNT
                                    260 	.globl _X_RFIRQF0
                                    261 	.globl _X_T1CCTL2
                                    262 	.globl _X_T1CCTL1
                                    263 	.globl _X_T1CCTL0
                                    264 	.globl _X_T1CTL
                                    265 	.globl _X_T1CNTH
                                    266 	.globl _X_T1CNTL
                                    267 	.globl _X_RFST
                                    268 	.globl _X_T1CC2H
                                    269 	.globl _X_T1CC2L
                                    270 	.globl _X_T1CC1H
                                    271 	.globl _X_T1CC1L
                                    272 	.globl _X_T1CC0H
                                    273 	.globl _X_T1CC0L
                                    274 	.globl _X_RFD
                                    275 	.globl _X_TIMIF
                                    276 	.globl _X_DMAREQ
                                    277 	.globl _X_DMAARM
                                    278 	.globl _X_DMA0CFGH
                                    279 	.globl _X_DMA0CFGL
                                    280 	.globl _X_DMA1CFGH
                                    281 	.globl _X_DMA1CFGL
                                    282 	.globl _X_DMAIRQ
                                    283 	.globl _X_T3CC1
                                    284 	.globl _X_T3CCTL1
                                    285 	.globl _X_T3CC0
                                    286 	.globl _X_T3CCTL0
                                    287 	.globl _X_T3CTL
                                    288 	.globl _X_T3CNT
                                    289 	.globl _X_WDCTL
                                    290 	.globl _X_MEMCTR
                                    291 	.globl _X_CLKCONCMD
                                    292 	.globl _X_U0GCR
                                    293 	.globl _X_U0UCR
                                    294 	.globl _X_T2MSEL
                                    295 	.globl _X_U0BAUD
                                    296 	.globl _X_U0DBUF
                                    297 	.globl _X_RFERRF
                                    298 	.globl _X_SLEEPCMD
                                    299 	.globl _X_RNDH
                                    300 	.globl _X_RNDL
                                    301 	.globl _X_ADCH
                                    302 	.globl _X_ADCL
                                    303 	.globl _X_ADCCON3
                                    304 	.globl _X_ADCCON2
                                    305 	.globl _X_ADCCON1
                                    306 	.globl _X_ENCCS
                                    307 	.globl _X_ENCDO
                                    308 	.globl _X_ENCDI
                                    309 	.globl _X_T1STAT
                                    310 	.globl _X_PMUX
                                    311 	.globl _X_STLOAD
                                    312 	.globl _X_P2IEN
                                    313 	.globl _X_P0IEN
                                    314 	.globl _X_T2IRQM
                                    315 	.globl _X_T2MOVF2
                                    316 	.globl _X_T2MOVF1
                                    317 	.globl _X_T2MOVF0
                                    318 	.globl _X_T2M1
                                    319 	.globl _X_T2M0
                                    320 	.globl _X_T2IRQF
                                    321 	.globl _X_P2
                                    322 	.globl _X_PSBANK
                                    323 	.globl _X_FMAP
                                    324 	.globl _X_CLKCONSTA
                                    325 	.globl _X_SLEEPSTA
                                    326 	.globl _X_T2EVTCFG
                                    327 	.globl _X_ST2
                                    328 	.globl _X_ST1
                                    329 	.globl _X_ST0
                                    330 	.globl _X_T2CTRL
                                    331 	.globl _X__XPAGE
                                    332 	.globl _X_MPAGE
                                    333 	.globl _X_RFIRQF1
                                    334 	.globl _X_P1
                                    335 	.globl _X_P0INP
                                    336 	.globl _X_P1IEN
                                    337 	.globl _X_PICTL
                                    338 	.globl _X_P2IFG
                                    339 	.globl _X_P1IFG
                                    340 	.globl _X_P0IFG
                                    341 	.globl _X_U0CSR
                                    342 	.globl _X_P0
                                    343 	.globl _USBF5
                                    344 	.globl _USBF4
                                    345 	.globl _USBF3
                                    346 	.globl _USBF2
                                    347 	.globl _USBF1
                                    348 	.globl _USBF0
                                    349 	.globl _USBCNTH
                                    350 	.globl _USBCNTL
                                    351 	.globl _USBCNT0
                                    352 	.globl _USBCSOH
                                    353 	.globl _USBCSOL
                                    354 	.globl _USBMAXO
                                    355 	.globl _USBCSIH
                                    356 	.globl _USBCSIL
                                    357 	.globl _USBCS0
                                    358 	.globl _USBMAXI
                                    359 	.globl _USBCTRL
                                    360 	.globl _USBINDEX
                                    361 	.globl _USBFRMH
                                    362 	.globl _USBFRML
                                    363 	.globl _USBCIE
                                    364 	.globl _USBOIE
                                    365 	.globl _USBIIE
                                    366 	.globl _USBCIF
                                    367 	.globl _USBOIF
                                    368 	.globl _USBIIF
                                    369 	.globl _USBPOW
                                    370 	.globl _USBADDR
                                    371 	.globl _CSPT
                                    372 	.globl _CSPZ
                                    373 	.globl _CSPY
                                    374 	.globl _CSPX
                                    375 	.globl _CSPSTAT
                                    376 	.globl _CSPCTRL
                                    377 	.globl _CSPPROG23
                                    378 	.globl _CSPPROG22
                                    379 	.globl _CSPPROG21
                                    380 	.globl _CSPPROG20
                                    381 	.globl _CSPPROG19
                                    382 	.globl _CSPPROG18
                                    383 	.globl _CSPPROG17
                                    384 	.globl _CSPPROG16
                                    385 	.globl _CSPPROG15
                                    386 	.globl _CSPPROG14
                                    387 	.globl _CSPPROG13
                                    388 	.globl _CSPPROG12
                                    389 	.globl _CSPPROG11
                                    390 	.globl _CSPPROG10
                                    391 	.globl _CSPPROG9
                                    392 	.globl _CSPPROG8
                                    393 	.globl _CSPPROG7
                                    394 	.globl _CSPPROG6
                                    395 	.globl _CSPPROG5
                                    396 	.globl _CSPPROG4
                                    397 	.globl _CSPPROG3
                                    398 	.globl _CSPPROG2
                                    399 	.globl _CSPPROG1
                                    400 	.globl _CSPPROG0
                                    401 	.globl _RFC_OBS_CTRL2
                                    402 	.globl _RFC_OBS_CTRL1
                                    403 	.globl _RFC_OBS_CTRL0
                                    404 	.globl _TXFILTCFG
                                    405 	.globl _PTEST1
                                    406 	.globl _PTEST0
                                    407 	.globl _ATEST
                                    408 	.globl _DACTEST2
                                    409 	.globl _DACTEST1
                                    410 	.globl _DACTEST0
                                    411 	.globl _MDMTEST1
                                    412 	.globl _MDMTEST0
                                    413 	.globl _ADCTEST2
                                    414 	.globl _ADCTEST1
                                    415 	.globl _ADCTEST0
                                    416 	.globl _AGCCTRL3
                                    417 	.globl _AGCCTRL2
                                    418 	.globl _AGCCTRL1
                                    419 	.globl _AGCCTRL0
                                    420 	.globl _FSCAL3
                                    421 	.globl _FSCAL2
                                    422 	.globl _FSCAL1
                                    423 	.globl _FSCAL0
                                    424 	.globl _FSCTRL
                                    425 	.globl _RXCTRL
                                    426 	.globl _FREQEST
                                    427 	.globl _MDMCTRL1
                                    428 	.globl _MDMCTRL0
                                    429 	.globl _RFRND
                                    430 	.globl _RFERRM
                                    431 	.globl _RFIRQM1
                                    432 	.globl _RFIRQM0
                                    433 	.globl _TXLAST_PTR
                                    434 	.globl _TXFIRST_PTR
                                    435 	.globl _RXP1_PTR
                                    436 	.globl _RXLAST_PTR
                                    437 	.globl _RXFIRST_PTR
                                    438 	.globl _TXFIFOCNT
                                    439 	.globl _RXFIFOCNT
                                    440 	.globl _RXFIRST
                                    441 	.globl _RSSISTAT
                                    442 	.globl _RSSI
                                    443 	.globl _CCACTRL1
                                    444 	.globl _CCACTRL0
                                    445 	.globl _FSMCTRL
                                    446 	.globl _FIFOPCTRL
                                    447 	.globl _FSMSTAT1
                                    448 	.globl _FSMSTAT0
                                    449 	.globl _TXCTRL
                                    450 	.globl _TXPOWER
                                    451 	.globl _FREQCTRL
                                    452 	.globl _FREQTUNE
                                    453 	.globl _RXMASKCLR
                                    454 	.globl _RXMASKSET
                                    455 	.globl _RXENABLE
                                    456 	.globl _FRMCTRL1
                                    457 	.globl _FRMCTRL0
                                    458 	.globl _SRCEXTEN2
                                    459 	.globl _SRCEXTEN1
                                    460 	.globl _SRCEXTEN0
                                    461 	.globl _SRCSHORTEN2
                                    462 	.globl _SRCSHORTEN1
                                    463 	.globl _SRCSHORTEN0
                                    464 	.globl _SRCMATCH
                                    465 	.globl _FRMFILT1
                                    466 	.globl _FRMFILT0
                                    467 	.globl _SHORT_ADDR1
                                    468 	.globl _SHORT_ADDR0
                                    469 	.globl _PAN_ID1
                                    470 	.globl _PAN_ID0
                                    471 	.globl _EXT_ADDR7
                                    472 	.globl _EXT_ADDR6
                                    473 	.globl _EXT_ADDR5
                                    474 	.globl _EXT_ADDR4
                                    475 	.globl _EXT_ADDR3
                                    476 	.globl _EXT_ADDR2
                                    477 	.globl _EXT_ADDR1
                                    478 	.globl _EXT_ADDR0
                                    479 	.globl _SRCSHORTPENDEN2
                                    480 	.globl _SRCSHORTPENDEN1
                                    481 	.globl _SRCSHORTPENDEN0
                                    482 	.globl _SRCEXTPENDEN2
                                    483 	.globl _SRCEXTPENDEN1
                                    484 	.globl _SRCEXTPENDEN0
                                    485 	.globl _SRCRESINDEX
                                    486 	.globl _SRCRESMASK2
                                    487 	.globl _SRCRESMASK1
                                    488 	.globl _SRCRESMASK0
                                    489 	.globl _SRC_ADDR_TABLE
                                    490 	.globl _TXFIFO
                                    491 	.globl _RXFIFO
                                    492 	.globl _RFCORE_RAM
                                    493 	.globl _CMPCTL
                                    494 	.globl _OPAMPS
                                    495 	.globl _OPAMPC
                                    496 	.globl _STCV2
                                    497 	.globl _STCV1
                                    498 	.globl _STCV0
                                    499 	.globl _STCS
                                    500 	.globl _STCC
                                    501 	.globl _T1CC4H
                                    502 	.globl _T1CC4L
                                    503 	.globl _T1CC3H
                                    504 	.globl _T1CC3L
                                    505 	.globl _XX_T1CC2H
                                    506 	.globl _XX_T1CC2L
                                    507 	.globl _XX_T1CC1H
                                    508 	.globl _XX_T1CC1L
                                    509 	.globl _XX_T1CC0H
                                    510 	.globl _XX_T1CC0L
                                    511 	.globl _T1CCTL4
                                    512 	.globl _T1CCTL3
                                    513 	.globl _XX_T1CCTL2
                                    514 	.globl _XX_T1CCTL1
                                    515 	.globl _XX_T1CCTL0
                                    516 	.globl _CLD
                                    517 	.globl _IRCTL
                                    518 	.globl _CHIPINFO1
                                    519 	.globl _CHIPINFO0
                                    520 	.globl _FWDATA
                                    521 	.globl _FADDRH
                                    522 	.globl _FADDRL
                                    523 	.globl _FCTL
                                    524 	.globl _IVCTRL
                                    525 	.globl _BATTMON
                                    526 	.globl _SRCRC
                                    527 	.globl _DBGDATA
                                    528 	.globl _TESTREG0
                                    529 	.globl _CHIPID
                                    530 	.globl _CHVER
                                    531 	.globl _OBSSEL5
                                    532 	.globl _OBSSEL4
                                    533 	.globl _OBSSEL3
                                    534 	.globl _OBSSEL2
                                    535 	.globl _OBSSEL1
                                    536 	.globl _OBSSEL0
                                    537 	.globl _I2CIO
                                    538 	.globl _I2CWC
                                    539 	.globl _I2CADDR
                                    540 	.globl _I2CDATA
                                    541 	.globl _I2CSTAT
                                    542 	.globl _I2CCFG
                                    543 	.globl _OPAMPMC
                                    544 	.globl _MONMUX
                                    545 	.globl _mac_sequence_is_duplicate
                                    546 	.globl _mac_sequence_register_seqno
                                    547 ;--------------------------------------------------------
                                    548 ; special function registers
                                    549 ;--------------------------------------------------------
                                    550 	.area RSEG    (ABS,DATA)
      000000                        551 	.org 0x0000
                           000080   552 _P0	=	0x0080
                           000081   553 _SP	=	0x0081
                           000082   554 _DPL0	=	0x0082
                           000083   555 _DPH0	=	0x0083
                           000084   556 _DPL1	=	0x0084
                           000085   557 _DPH1	=	0x0085
                           000087   558 _PCON	=	0x0087
                           000088   559 _TCON	=	0x0088
                           000090   560 _P1	=	0x0090
                           000092   561 _DPS	=	0x0092
                           000098   562 _S0CON	=	0x0098
                           00009A   563 _IEN2	=	0x009a
                           00009B   564 _S1CON	=	0x009b
                           0000A0   565 _P2	=	0x00a0
                           0000A8   566 _IEN0	=	0x00a8
                           0000A9   567 _IP0	=	0x00a9
                           0000B8   568 _IEN1	=	0x00b8
                           0000B9   569 _IP1	=	0x00b9
                           0000C0   570 _IRCON	=	0x00c0
                           0000D0   571 _PSW	=	0x00d0
                           0000E0   572 _ACC	=	0x00e0
                           0000E8   573 _IRCON2	=	0x00e8
                           0000F0   574 _B	=	0x00f0
                           0000B4   575 _ADCCON1	=	0x00b4
                           0000B5   576 _ADCCON2	=	0x00b5
                           0000B6   577 _ADCCON3	=	0x00b6
                           0000BA   578 _ADCL	=	0x00ba
                           0000BB   579 _ADCH	=	0x00bb
                           0000BC   580 _RNDL	=	0x00bc
                           0000BD   581 _RNDH	=	0x00bd
                           0000B1   582 _ENCDI	=	0x00b1
                           0000B2   583 _ENCDO	=	0x00b2
                           0000B3   584 _ENCCS	=	0x00b3
                           0000D1   585 _DMAIRQ	=	0x00d1
                           0000D2   586 _DMA1CFGL	=	0x00d2
                           0000D3   587 _DMA1CFGH	=	0x00d3
                           0000D4   588 _DMA0CFGL	=	0x00d4
                           0000D5   589 _DMA0CFGH	=	0x00d5
                           0000D6   590 _DMAARM	=	0x00d6
                           0000D7   591 _DMAREQ	=	0x00d7
                           000089   592 _P0IFG	=	0x0089
                           00008A   593 _P1IFG	=	0x008a
                           00008B   594 _P2IFG	=	0x008b
                           00008C   595 _PICTL	=	0x008c
                           0000AB   596 _P0IEN	=	0x00ab
                           00008D   597 _P1IEN	=	0x008d
                           0000AC   598 _P2IEN	=	0x00ac
                           00008F   599 _P0INP	=	0x008f
                           0000F1   600 _PERCFG	=	0x00f1
                           0000F2   601 _APCFG	=	0x00f2
                           0000F3   602 _P0SEL	=	0x00f3
                           0000F4   603 _P1SEL	=	0x00f4
                           0000F5   604 _P2SEL	=	0x00f5
                           0000F6   605 _P1INP	=	0x00f6
                           0000F7   606 _P2INP	=	0x00f7
                           0000FD   607 _P0DIR	=	0x00fd
                           0000FE   608 _P1DIR	=	0x00fe
                           0000FF   609 _P2DIR	=	0x00ff
                           0000AE   610 _PMUX	=	0x00ae
                           000093   611 _MPAGE	=	0x0093
                           000093   612 __XPAGE	=	0x0093
                           0000C7   613 _MEMCTR	=	0x00c7
                           00009F   614 _FMAP	=	0x009f
                           00009F   615 _PSBANK	=	0x009f
                           000091   616 _RFIRQF1	=	0x0091
                           0000D9   617 _RFD	=	0x00d9
                           0000E1   618 _RFST	=	0x00e1
                           0000E9   619 _RFIRQF0	=	0x00e9
                           0000BF   620 _RFERRF	=	0x00bf
                           000095   621 _ST0	=	0x0095
                           000096   622 _ST1	=	0x0096
                           000097   623 _ST2	=	0x0097
                           0000AD   624 _STLOAD	=	0x00ad
                           0000BE   625 _SLEEPCMD	=	0x00be
                           00009D   626 _SLEEPSTA	=	0x009d
                           0000C6   627 _CLKCONCMD	=	0x00c6
                           00009E   628 _CLKCONSTA	=	0x009e
                           0000DA   629 _T1CC0L	=	0x00da
                           0000DB   630 _T1CC0H	=	0x00db
                           0000DC   631 _T1CC1L	=	0x00dc
                           0000DD   632 _T1CC1H	=	0x00dd
                           0000DE   633 _T1CC2L	=	0x00de
                           0000DF   634 _T1CC2H	=	0x00df
                           0000E2   635 _T1CNTL	=	0x00e2
                           0000E3   636 _T1CNTH	=	0x00e3
                           0000E4   637 _T1CTL	=	0x00e4
                           0000E5   638 _T1CCTL0	=	0x00e5
                           0000E6   639 _T1CCTL1	=	0x00e6
                           0000E7   640 _T1CCTL2	=	0x00e7
                           0000AF   641 _T1STAT	=	0x00af
                           000094   642 _T2CTRL	=	0x0094
                           00009C   643 _T2EVTCFG	=	0x009c
                           0000A1   644 _T2IRQF	=	0x00a1
                           0000A2   645 _T2M0	=	0x00a2
                           0000A3   646 _T2M1	=	0x00a3
                           0000A4   647 _T2MOVF0	=	0x00a4
                           0000A5   648 _T2MOVF1	=	0x00a5
                           0000A6   649 _T2MOVF2	=	0x00a6
                           0000A7   650 _T2IRQM	=	0x00a7
                           0000C3   651 _T2MSEL	=	0x00c3
                           0000CA   652 _T3CNT	=	0x00ca
                           0000CB   653 _T3CTL	=	0x00cb
                           0000CC   654 _T3CCTL0	=	0x00cc
                           0000CD   655 _T3CC0	=	0x00cd
                           0000CE   656 _T3CCTL1	=	0x00ce
                           0000CF   657 _T3CC1	=	0x00cf
                           0000EA   658 _T4CNT	=	0x00ea
                           0000EB   659 _T4CTL	=	0x00eb
                           0000EC   660 _T4CCTL0	=	0x00ec
                           0000ED   661 _T4CC0	=	0x00ed
                           0000EE   662 _T4CCTL1	=	0x00ee
                           0000EF   663 _T4CC1	=	0x00ef
                           0000D8   664 _TIMIF	=	0x00d8
                           000086   665 _U0CSR	=	0x0086
                           0000C1   666 _U0DBUF	=	0x00c1
                           0000C2   667 _U0BAUD	=	0x00c2
                           0000C4   668 _U0UCR	=	0x00c4
                           0000C5   669 _U0GCR	=	0x00c5
                           0000F8   670 _U1CSR	=	0x00f8
                           0000F9   671 _U1DBUF	=	0x00f9
                           0000FA   672 _U1BAUD	=	0x00fa
                           0000FB   673 _U1UCR	=	0x00fb
                           0000FC   674 _U1GCR	=	0x00fc
                           0000C9   675 _WDCTL	=	0x00c9
                                    676 ;--------------------------------------------------------
                                    677 ; special function bits
                                    678 ;--------------------------------------------------------
                                    679 	.area RSEG    (ABS,DATA)
      000000                        680 	.org 0x0000
                           000087   681 _P0_7	=	0x0087
                           000086   682 _P0_6	=	0x0086
                           000085   683 _P0_5	=	0x0085
                           000084   684 _P0_4	=	0x0084
                           000083   685 _P0_3	=	0x0083
                           000082   686 _P0_2	=	0x0082
                           000081   687 _P0_1	=	0x0081
                           000080   688 _P0_0	=	0x0080
                           00008F   689 _URX1IF	=	0x008f
                           00008D   690 _ADCIF	=	0x008d
                           00008B   691 _URX0IF	=	0x008b
                           00008A   692 _IT1	=	0x008a
                           000089   693 _RFERRIF	=	0x0089
                           000088   694 _IT0	=	0x0088
                           000097   695 _P1_7	=	0x0097
                           000096   696 _P1_6	=	0x0096
                           000095   697 _P1_5	=	0x0095
                           000094   698 _P1_4	=	0x0094
                           000093   699 _P1_3	=	0x0093
                           000092   700 _P1_2	=	0x0092
                           000091   701 _P1_1	=	0x0091
                           000090   702 _P1_0	=	0x0090
                           000099   703 _ENCIF_1	=	0x0099
                           000098   704 _ENCIF_0	=	0x0098
                           0000A7   705 _P2_7	=	0x00a7
                           0000A6   706 _P2_6	=	0x00a6
                           0000A5   707 _P2_5	=	0x00a5
                           0000A4   708 _P2_4	=	0x00a4
                           0000A3   709 _P2_3	=	0x00a3
                           0000A2   710 _P2_2	=	0x00a2
                           0000A1   711 _P2_1	=	0x00a1
                           0000A0   712 _P2_0	=	0x00a0
                           0000AF   713 _EA	=	0x00af
                           0000AD   714 _STIE	=	0x00ad
                           0000AC   715 _ENCIE	=	0x00ac
                           0000AB   716 _URX1IE	=	0x00ab
                           0000AA   717 _URX0IE	=	0x00aa
                           0000A9   718 _ADCIE	=	0x00a9
                           0000A8   719 _RFERRIE	=	0x00a8
                           0000BD   720 _P0IE	=	0x00bd
                           0000BC   721 _T4IE	=	0x00bc
                           0000BB   722 _T3IE	=	0x00bb
                           0000BA   723 _T2IE	=	0x00ba
                           0000B9   724 _T1IE	=	0x00b9
                           0000B8   725 _DMAIE	=	0x00b8
                           0000C7   726 _STIF	=	0x00c7
                           0000C5   727 _P0IF	=	0x00c5
                           0000C4   728 _T4IF	=	0x00c4
                           0000C3   729 _T3IF	=	0x00c3
                           0000C2   730 _T2IF	=	0x00c2
                           0000C1   731 _T1IF	=	0x00c1
                           0000C0   732 _DMAIF	=	0x00c0
                           0000D7   733 _CY	=	0x00d7
                           0000D6   734 _AC	=	0x00d6
                           0000D5   735 _F0	=	0x00d5
                           0000D4   736 _RS1	=	0x00d4
                           0000D3   737 _RS0	=	0x00d3
                           0000D2   738 _OV	=	0x00d2
                           0000D1   739 _F1	=	0x00d1
                           0000D0   740 _P	=	0x00d0
                           0000E7   741 _ACC_7	=	0x00e7
                           0000E6   742 _ACC_6	=	0x00e6
                           0000E5   743 _ACC_5	=	0x00e5
                           0000E4   744 _ACC_4	=	0x00e4
                           0000E3   745 _ACC_3	=	0x00e3
                           0000E2   746 _ACC_2	=	0x00e2
                           0000E1   747 _ACC_1	=	0x00e1
                           0000E0   748 _ACC_0	=	0x00e0
                           0000EC   749 _WDTIF	=	0x00ec
                           0000EB   750 _P1IF	=	0x00eb
                           0000EA   751 _UTX1IF	=	0x00ea
                           0000E9   752 _UTX0IF	=	0x00e9
                           0000E8   753 _P2IF	=	0x00e8
                           0000F7   754 _B_7	=	0x00f7
                           0000F6   755 _B_6	=	0x00f6
                           0000F5   756 _B_5	=	0x00f5
                           0000F4   757 _B_4	=	0x00f4
                           0000F3   758 _B_3	=	0x00f3
                           0000F2   759 _B_2	=	0x00f2
                           0000F1   760 _B_1	=	0x00f1
                           0000F0   761 _B_0	=	0x00f0
                           0000DE   762 _OVFIM	=	0x00de
                           0000DD   763 _T4CH1IF	=	0x00dd
                           0000DC   764 _T4CH0IF	=	0x00dc
                           0000DB   765 _T4OVFIF	=	0x00db
                           0000DA   766 _T3CH1IF	=	0x00da
                           0000D9   767 _T3CH0IF	=	0x00d9
                           0000D8   768 _T3OVFIF	=	0x00d8
                           0000FF   769 _MODE	=	0x00ff
                           0000FE   770 _RE	=	0x00fe
                           0000FD   771 _SLAVE	=	0x00fd
                           0000FC   772 _FE	=	0x00fc
                           0000FB   773 _ERR	=	0x00fb
                           0000FA   774 _RX_BYTE	=	0x00fa
                           0000F9   775 _TX_BYTE	=	0x00f9
                           0000F8   776 _ACTIVE	=	0x00f8
                                    777 ;--------------------------------------------------------
                                    778 ; overlayable register banks
                                    779 ;--------------------------------------------------------
                                    780 	.area REG_BANK_0	(REL,OVR,DATA)
      000000                        781 	.ds 8
                                    782 ;--------------------------------------------------------
                                    783 ; internal ram data
                                    784 ;--------------------------------------------------------
                                    785 	.area DSEG    (DATA)
                                    786 ;--------------------------------------------------------
                                    787 ; overlayable items in internal ram 
                                    788 ;--------------------------------------------------------
                                    789 ;--------------------------------------------------------
                                    790 ; indirectly addressable internal ram data
                                    791 ;--------------------------------------------------------
                                    792 	.area ISEG    (DATA)
                                    793 ;--------------------------------------------------------
                                    794 ; absolute internal ram data
                                    795 ;--------------------------------------------------------
                                    796 	.area IABS    (ABS,DATA)
                                    797 	.area IABS    (ABS,DATA)
                                    798 ;--------------------------------------------------------
                                    799 ; bit data
                                    800 ;--------------------------------------------------------
                                    801 	.area BSEG    (BIT)
                                    802 ;--------------------------------------------------------
                                    803 ; paged external ram data
                                    804 ;--------------------------------------------------------
                                    805 	.area PSEG    (PAG,XDATA)
                                    806 ;--------------------------------------------------------
                                    807 ; external ram data
                                    808 ;--------------------------------------------------------
                                    809 	.area XSEG    (XDATA)
                           0061A6   810 _MONMUX	=	0x61a6
                           0061A6   811 _OPAMPMC	=	0x61a6
                           006230   812 _I2CCFG	=	0x6230
                           006231   813 _I2CSTAT	=	0x6231
                           006232   814 _I2CDATA	=	0x6232
                           006233   815 _I2CADDR	=	0x6233
                           006234   816 _I2CWC	=	0x6234
                           006235   817 _I2CIO	=	0x6235
                           006243   818 _OBSSEL0	=	0x6243
                           006244   819 _OBSSEL1	=	0x6244
                           006245   820 _OBSSEL2	=	0x6245
                           006246   821 _OBSSEL3	=	0x6246
                           006247   822 _OBSSEL4	=	0x6247
                           006248   823 _OBSSEL5	=	0x6248
                           006249   824 _CHVER	=	0x6249
                           00624A   825 _CHIPID	=	0x624a
                           00624B   826 _TESTREG0	=	0x624b
                           006260   827 _DBGDATA	=	0x6260
                           006262   828 _SRCRC	=	0x6262
                           006264   829 _BATTMON	=	0x6264
                           006265   830 _IVCTRL	=	0x6265
                           006270   831 _FCTL	=	0x6270
                           006271   832 _FADDRL	=	0x6271
                           006272   833 _FADDRH	=	0x6272
                           006273   834 _FWDATA	=	0x6273
                           006276   835 _CHIPINFO0	=	0x6276
                           006277   836 _CHIPINFO1	=	0x6277
                           006281   837 _IRCTL	=	0x6281
                           006290   838 _CLD	=	0x6290
                           0062A0   839 _XX_T1CCTL0	=	0x62a0
                           0062A1   840 _XX_T1CCTL1	=	0x62a1
                           0062A2   841 _XX_T1CCTL2	=	0x62a2
                           0062A3   842 _T1CCTL3	=	0x62a3
                           0062A4   843 _T1CCTL4	=	0x62a4
                           0062A6   844 _XX_T1CC0L	=	0x62a6
                           0062A7   845 _XX_T1CC0H	=	0x62a7
                           0062A8   846 _XX_T1CC1L	=	0x62a8
                           0062A9   847 _XX_T1CC1H	=	0x62a9
                           0062AA   848 _XX_T1CC2L	=	0x62aa
                           0062AB   849 _XX_T1CC2H	=	0x62ab
                           0062AC   850 _T1CC3L	=	0x62ac
                           0062AD   851 _T1CC3H	=	0x62ad
                           0062AE   852 _T1CC4L	=	0x62ae
                           0062AF   853 _T1CC4H	=	0x62af
                           0062B0   854 _STCC	=	0x62b0
                           0062B1   855 _STCS	=	0x62b1
                           0062B2   856 _STCV0	=	0x62b2
                           0062B3   857 _STCV1	=	0x62b3
                           0062B4   858 _STCV2	=	0x62b4
                           0062C0   859 _OPAMPC	=	0x62c0
                           0062C1   860 _OPAMPS	=	0x62c1
                           0062D0   861 _CMPCTL	=	0x62d0
                           006000   862 _RFCORE_RAM	=	0x6000
                           006000   863 _RXFIFO	=	0x6000
                           006080   864 _TXFIFO	=	0x6080
                           006100   865 _SRC_ADDR_TABLE	=	0x6100
                           006160   866 _SRCRESMASK0	=	0x6160
                           006161   867 _SRCRESMASK1	=	0x6161
                           006162   868 _SRCRESMASK2	=	0x6162
                           006163   869 _SRCRESINDEX	=	0x6163
                           006164   870 _SRCEXTPENDEN0	=	0x6164
                           006165   871 _SRCEXTPENDEN1	=	0x6165
                           006166   872 _SRCEXTPENDEN2	=	0x6166
                           006167   873 _SRCSHORTPENDEN0	=	0x6167
                           006168   874 _SRCSHORTPENDEN1	=	0x6168
                           006169   875 _SRCSHORTPENDEN2	=	0x6169
                           00616A   876 _EXT_ADDR0	=	0x616a
                           00616B   877 _EXT_ADDR1	=	0x616b
                           00616C   878 _EXT_ADDR2	=	0x616c
                           00616D   879 _EXT_ADDR3	=	0x616d
                           00616E   880 _EXT_ADDR4	=	0x616e
                           00616F   881 _EXT_ADDR5	=	0x616f
                           006170   882 _EXT_ADDR6	=	0x6170
                           006171   883 _EXT_ADDR7	=	0x6171
                           006172   884 _PAN_ID0	=	0x6172
                           006173   885 _PAN_ID1	=	0x6173
                           006174   886 _SHORT_ADDR0	=	0x6174
                           006175   887 _SHORT_ADDR1	=	0x6175
                           006180   888 _FRMFILT0	=	0x6180
                           006181   889 _FRMFILT1	=	0x6181
                           006182   890 _SRCMATCH	=	0x6182
                           006183   891 _SRCSHORTEN0	=	0x6183
                           006184   892 _SRCSHORTEN1	=	0x6184
                           006185   893 _SRCSHORTEN2	=	0x6185
                           006186   894 _SRCEXTEN0	=	0x6186
                           006187   895 _SRCEXTEN1	=	0x6187
                           006188   896 _SRCEXTEN2	=	0x6188
                           006189   897 _FRMCTRL0	=	0x6189
                           00618A   898 _FRMCTRL1	=	0x618a
                           00618B   899 _RXENABLE	=	0x618b
                           00618C   900 _RXMASKSET	=	0x618c
                           00618D   901 _RXMASKCLR	=	0x618d
                           00618E   902 _FREQTUNE	=	0x618e
                           00618F   903 _FREQCTRL	=	0x618f
                           006190   904 _TXPOWER	=	0x6190
                           006191   905 _TXCTRL	=	0x6191
                           006192   906 _FSMSTAT0	=	0x6192
                           006193   907 _FSMSTAT1	=	0x6193
                           006194   908 _FIFOPCTRL	=	0x6194
                           006195   909 _FSMCTRL	=	0x6195
                           006196   910 _CCACTRL0	=	0x6196
                           006197   911 _CCACTRL1	=	0x6197
                           006198   912 _RSSI	=	0x6198
                           006199   913 _RSSISTAT	=	0x6199
                           00619A   914 _RXFIRST	=	0x619a
                           00619B   915 _RXFIFOCNT	=	0x619b
                           00619C   916 _TXFIFOCNT	=	0x619c
                           00619D   917 _RXFIRST_PTR	=	0x619d
                           00619E   918 _RXLAST_PTR	=	0x619e
                           00619F   919 _RXP1_PTR	=	0x619f
                           0061A1   920 _TXFIRST_PTR	=	0x61a1
                           0061A2   921 _TXLAST_PTR	=	0x61a2
                           0061A3   922 _RFIRQM0	=	0x61a3
                           0061A4   923 _RFIRQM1	=	0x61a4
                           0061A5   924 _RFERRM	=	0x61a5
                           0061A7   925 _RFRND	=	0x61a7
                           0061A8   926 _MDMCTRL0	=	0x61a8
                           0061A9   927 _MDMCTRL1	=	0x61a9
                           0061AA   928 _FREQEST	=	0x61aa
                           0061AB   929 _RXCTRL	=	0x61ab
                           0061AC   930 _FSCTRL	=	0x61ac
                           0061AD   931 _FSCAL0	=	0x61ad
                           0061AE   932 _FSCAL1	=	0x61ae
                           0061AF   933 _FSCAL2	=	0x61af
                           0061B0   934 _FSCAL3	=	0x61b0
                           0061B1   935 _AGCCTRL0	=	0x61b1
                           0061B2   936 _AGCCTRL1	=	0x61b2
                           0061B3   937 _AGCCTRL2	=	0x61b3
                           0061B4   938 _AGCCTRL3	=	0x61b4
                           0061B5   939 _ADCTEST0	=	0x61b5
                           0061B6   940 _ADCTEST1	=	0x61b6
                           0061B7   941 _ADCTEST2	=	0x61b7
                           0061B8   942 _MDMTEST0	=	0x61b8
                           0061B9   943 _MDMTEST1	=	0x61b9
                           0061BA   944 _DACTEST0	=	0x61ba
                           0061BB   945 _DACTEST1	=	0x61bb
                           0061BC   946 _DACTEST2	=	0x61bc
                           0061BD   947 _ATEST	=	0x61bd
                           0061BE   948 _PTEST0	=	0x61be
                           0061BF   949 _PTEST1	=	0x61bf
                           0061FA   950 _TXFILTCFG	=	0x61fa
                           0061EB   951 _RFC_OBS_CTRL0	=	0x61eb
                           0061EC   952 _RFC_OBS_CTRL1	=	0x61ec
                           0061ED   953 _RFC_OBS_CTRL2	=	0x61ed
                           0061C0   954 _CSPPROG0	=	0x61c0
                           0061C1   955 _CSPPROG1	=	0x61c1
                           0061C2   956 _CSPPROG2	=	0x61c2
                           0061C3   957 _CSPPROG3	=	0x61c3
                           0061C4   958 _CSPPROG4	=	0x61c4
                           0061C5   959 _CSPPROG5	=	0x61c5
                           0061C6   960 _CSPPROG6	=	0x61c6
                           0061C7   961 _CSPPROG7	=	0x61c7
                           0061C8   962 _CSPPROG8	=	0x61c8
                           0061C9   963 _CSPPROG9	=	0x61c9
                           0061CA   964 _CSPPROG10	=	0x61ca
                           0061CB   965 _CSPPROG11	=	0x61cb
                           0061CC   966 _CSPPROG12	=	0x61cc
                           0061CD   967 _CSPPROG13	=	0x61cd
                           0061CE   968 _CSPPROG14	=	0x61ce
                           0061CF   969 _CSPPROG15	=	0x61cf
                           0061D0   970 _CSPPROG16	=	0x61d0
                           0061D1   971 _CSPPROG17	=	0x61d1
                           0061D2   972 _CSPPROG18	=	0x61d2
                           0061D3   973 _CSPPROG19	=	0x61d3
                           0061D4   974 _CSPPROG20	=	0x61d4
                           0061D5   975 _CSPPROG21	=	0x61d5
                           0061D6   976 _CSPPROG22	=	0x61d6
                           0061D7   977 _CSPPROG23	=	0x61d7
                           0061E0   978 _CSPCTRL	=	0x61e0
                           0061E1   979 _CSPSTAT	=	0x61e1
                           0061E2   980 _CSPX	=	0x61e2
                           0061E3   981 _CSPY	=	0x61e3
                           0061E4   982 _CSPZ	=	0x61e4
                           0061E5   983 _CSPT	=	0x61e5
                           006200   984 _USBADDR	=	0x6200
                           006201   985 _USBPOW	=	0x6201
                           006202   986 _USBIIF	=	0x6202
                           006204   987 _USBOIF	=	0x6204
                           006206   988 _USBCIF	=	0x6206
                           006207   989 _USBIIE	=	0x6207
                           006209   990 _USBOIE	=	0x6209
                           00620B   991 _USBCIE	=	0x620b
                           00620C   992 _USBFRML	=	0x620c
                           00620D   993 _USBFRMH	=	0x620d
                           00620E   994 _USBINDEX	=	0x620e
                           00620F   995 _USBCTRL	=	0x620f
                           006210   996 _USBMAXI	=	0x6210
                           006211   997 _USBCS0	=	0x6211
                           006211   998 _USBCSIL	=	0x6211
                           006212   999 _USBCSIH	=	0x6212
                           006213  1000 _USBMAXO	=	0x6213
                           006214  1001 _USBCSOL	=	0x6214
                           006215  1002 _USBCSOH	=	0x6215
                           006216  1003 _USBCNT0	=	0x6216
                           006216  1004 _USBCNTL	=	0x6216
                           006217  1005 _USBCNTH	=	0x6217
                           006220  1006 _USBF0	=	0x6220
                           006222  1007 _USBF1	=	0x6222
                           006224  1008 _USBF2	=	0x6224
                           006226  1009 _USBF3	=	0x6226
                           006228  1010 _USBF4	=	0x6228
                           00622A  1011 _USBF5	=	0x622a
                           007080  1012 _X_P0	=	0x7080
                           007086  1013 _X_U0CSR	=	0x7086
                           007089  1014 _X_P0IFG	=	0x7089
                           00708A  1015 _X_P1IFG	=	0x708a
                           00708B  1016 _X_P2IFG	=	0x708b
                           00708C  1017 _X_PICTL	=	0x708c
                           00708D  1018 _X_P1IEN	=	0x708d
                           00708F  1019 _X_P0INP	=	0x708f
                           007090  1020 _X_P1	=	0x7090
                           007091  1021 _X_RFIRQF1	=	0x7091
                           007093  1022 _X_MPAGE	=	0x7093
                           007093  1023 _X__XPAGE	=	0x7093
                           007094  1024 _X_T2CTRL	=	0x7094
                           007095  1025 _X_ST0	=	0x7095
                           007096  1026 _X_ST1	=	0x7096
                           007097  1027 _X_ST2	=	0x7097
                           00709C  1028 _X_T2EVTCFG	=	0x709c
                           00709D  1029 _X_SLEEPSTA	=	0x709d
                           00709E  1030 _X_CLKCONSTA	=	0x709e
                           00709F  1031 _X_FMAP	=	0x709f
                           00709F  1032 _X_PSBANK	=	0x709f
                           0070A0  1033 _X_P2	=	0x70a0
                           0070A1  1034 _X_T2IRQF	=	0x70a1
                           0070A2  1035 _X_T2M0	=	0x70a2
                           0070A3  1036 _X_T2M1	=	0x70a3
                           0070A4  1037 _X_T2MOVF0	=	0x70a4
                           0070A5  1038 _X_T2MOVF1	=	0x70a5
                           0070A6  1039 _X_T2MOVF2	=	0x70a6
                           0070A7  1040 _X_T2IRQM	=	0x70a7
                           0070AB  1041 _X_P0IEN	=	0x70ab
                           0070AC  1042 _X_P2IEN	=	0x70ac
                           0070AD  1043 _X_STLOAD	=	0x70ad
                           0070AE  1044 _X_PMUX	=	0x70ae
                           0070AF  1045 _X_T1STAT	=	0x70af
                           0070B1  1046 _X_ENCDI	=	0x70b1
                           0070B2  1047 _X_ENCDO	=	0x70b2
                           0070B3  1048 _X_ENCCS	=	0x70b3
                           0070B4  1049 _X_ADCCON1	=	0x70b4
                           0070B5  1050 _X_ADCCON2	=	0x70b5
                           0070B6  1051 _X_ADCCON3	=	0x70b6
                           0070BA  1052 _X_ADCL	=	0x70ba
                           0070BB  1053 _X_ADCH	=	0x70bb
                           0070BC  1054 _X_RNDL	=	0x70bc
                           0070BD  1055 _X_RNDH	=	0x70bd
                           0070BE  1056 _X_SLEEPCMD	=	0x70be
                           0070BF  1057 _X_RFERRF	=	0x70bf
                           0070C1  1058 _X_U0DBUF	=	0x70c1
                           0070C2  1059 _X_U0BAUD	=	0x70c2
                           0070C3  1060 _X_T2MSEL	=	0x70c3
                           0070C4  1061 _X_U0UCR	=	0x70c4
                           0070C5  1062 _X_U0GCR	=	0x70c5
                           0070C6  1063 _X_CLKCONCMD	=	0x70c6
                           0070C7  1064 _X_MEMCTR	=	0x70c7
                           0070C9  1065 _X_WDCTL	=	0x70c9
                           0070CA  1066 _X_T3CNT	=	0x70ca
                           0070CB  1067 _X_T3CTL	=	0x70cb
                           0070CC  1068 _X_T3CCTL0	=	0x70cc
                           0070CD  1069 _X_T3CC0	=	0x70cd
                           0070CE  1070 _X_T3CCTL1	=	0x70ce
                           0070CF  1071 _X_T3CC1	=	0x70cf
                           0070D1  1072 _X_DMAIRQ	=	0x70d1
                           0070D2  1073 _X_DMA1CFGL	=	0x70d2
                           0070D3  1074 _X_DMA1CFGH	=	0x70d3
                           0070D4  1075 _X_DMA0CFGL	=	0x70d4
                           0070D5  1076 _X_DMA0CFGH	=	0x70d5
                           0070D6  1077 _X_DMAARM	=	0x70d6
                           0070D7  1078 _X_DMAREQ	=	0x70d7
                           0070D8  1079 _X_TIMIF	=	0x70d8
                           0070D9  1080 _X_RFD	=	0x70d9
                           0070DA  1081 _X_T1CC0L	=	0x70da
                           0070DB  1082 _X_T1CC0H	=	0x70db
                           0070DC  1083 _X_T1CC1L	=	0x70dc
                           0070DD  1084 _X_T1CC1H	=	0x70dd
                           0070DE  1085 _X_T1CC2L	=	0x70de
                           0070DF  1086 _X_T1CC2H	=	0x70df
                           0070E1  1087 _X_RFST	=	0x70e1
                           0070E2  1088 _X_T1CNTL	=	0x70e2
                           0070E3  1089 _X_T1CNTH	=	0x70e3
                           0070E4  1090 _X_T1CTL	=	0x70e4
                           0070E5  1091 _X_T1CCTL0	=	0x70e5
                           0070E6  1092 _X_T1CCTL1	=	0x70e6
                           0070E7  1093 _X_T1CCTL2	=	0x70e7
                           0070E9  1094 _X_RFIRQF0	=	0x70e9
                           0070EA  1095 _X_T4CNT	=	0x70ea
                           0070EB  1096 _X_T4CTL	=	0x70eb
                           0070EC  1097 _X_T4CCTL0	=	0x70ec
                           0070ED  1098 _X_T4CC0	=	0x70ed
                           0070EE  1099 _X_T4CCTL1	=	0x70ee
                           0070EF  1100 _X_T4CC1	=	0x70ef
                           0070F1  1101 _X_PERCFG	=	0x70f1
                           0070F2  1102 _X_APCFG	=	0x70f2
                           0070F3  1103 _X_P0SEL	=	0x70f3
                           0070F4  1104 _X_P1SEL	=	0x70f4
                           0070F5  1105 _X_P2SEL	=	0x70f5
                           0070F6  1106 _X_P1INP	=	0x70f6
                           0070F7  1107 _X_P2INP	=	0x70f7
                           0070F8  1108 _X_U1CSR	=	0x70f8
                           0070F9  1109 _X_U1DBUF	=	0x70f9
                           0070FA  1110 _X_U1BAUD	=	0x70fa
                           0070FB  1111 _X_U1UCR	=	0x70fb
                           0070FC  1112 _X_U1GCR	=	0x70fc
                           0070FD  1113 _X_P0DIR	=	0x70fd
                           0070FE  1114 _X_P1DIR	=	0x70fe
                           0070FF  1115 _X_P2DIR	=	0x70ff
                           007800  1116 _X_INFOPAGE	=	0x7800
                           00780C  1117 _X_IEEE_ADDR	=	0x780c
      000000                       1118 _received_seqnos:
      000000                       1119 	.ds 48
                                   1120 ;--------------------------------------------------------
                                   1121 ; absolute external ram data
                                   1122 ;--------------------------------------------------------
                                   1123 	.area XABS    (ABS,XDATA)
                                   1124 ;--------------------------------------------------------
                                   1125 ; external initialized ram data
                                   1126 ;--------------------------------------------------------
                                   1127 	.area XISEG   (XDATA)
                                   1128 	.area HOME    (CODE)
                                   1129 	.area GSINIT0 (CODE)
                                   1130 	.area GSINIT1 (CODE)
                                   1131 	.area GSINIT2 (CODE)
                                   1132 	.area GSINIT3 (CODE)
                                   1133 	.area GSINIT4 (CODE)
                                   1134 	.area GSINIT5 (CODE)
                                   1135 	.area GSINIT  (CODE)
                                   1136 	.area GSFINAL (CODE)
                                   1137 	.area CSEG    (CODE)
                                   1138 ;--------------------------------------------------------
                                   1139 ; global & static initialisations
                                   1140 ;--------------------------------------------------------
                                   1141 	.area HOME    (CODE)
                                   1142 	.area GSINIT  (CODE)
                                   1143 	.area GSFINAL (CODE)
                                   1144 	.area GSINIT  (CODE)
                                   1145 ;--------------------------------------------------------
                                   1146 ; Home
                                   1147 ;--------------------------------------------------------
                                   1148 	.area HOME    (CODE)
                                   1149 	.area HOME    (CODE)
                                   1150 ;--------------------------------------------------------
                                   1151 ; code
                                   1152 ;--------------------------------------------------------
                                   1153 	.area CSEG    (CODE)
                                   1154 ;------------------------------------------------------------
                                   1155 ;Allocation info for local variables in function 'mac_sequence_is_duplicate'
                                   1156 ;------------------------------------------------------------
                                   1157 ;i                         Allocated to registers r6 r7 
                                   1158 ;sloc0                     Allocated to stack - sp -5
                                   1159 ;sloc1                     Allocated to stack - sp -2
                                   1160 ;------------------------------------------------------------
                                   1161 ;	/opt/contiki/core/net/mac/mac-sequence.c:66: mac_sequence_is_duplicate(void)
                                   1162 ;	-----------------------------------------
                                   1163 ;	 function mac_sequence_is_duplicate
                                   1164 ;	-----------------------------------------
      000000                       1165 _mac_sequence_is_duplicate:
                           000007  1166 	ar7 = 0x07
                           000006  1167 	ar6 = 0x06
                           000005  1168 	ar5 = 0x05
                           000004  1169 	ar4 = 0x04
                           000003  1170 	ar3 = 0x03
                           000002  1171 	ar2 = 0x02
                           000001  1172 	ar1 = 0x01
                           000000  1173 	ar0 = 0x00
      000000 E5 81            [12] 1174 	mov	a,sp
      000002 24 06            [12] 1175 	add	a,#0x06
      000004 F5 81            [12] 1176 	mov	sp,a
                                   1177 ;	/opt/contiki/core/net/mac/mac-sequence.c:74: for(i = 0; i < MAX_SEQNOS; ++i) {
      000006 7E 00            [12] 1178 	mov	r6,#0x00
      000008 7F 00            [12] 1179 	mov	r7,#0x00
      00000A 7C 00            [12] 1180 	mov	r4,#0x00
      00000C 7D 00            [12] 1181 	mov	r5,#0x00
      00000E                       1182 00106$:
                                   1183 ;	/opt/contiki/core/net/mac/mac-sequence.c:76: &received_seqnos[i].sender)) {
      00000E C0 06            [24] 1184 	push	ar6
      000010 C0 07            [24] 1185 	push	ar7
      000012 EC               [12] 1186 	mov	a,r4
      000013 24r00            [12] 1187 	add	a,#_received_seqnos
      000015 FA               [12] 1188 	mov	r2,a
      000016 ED               [12] 1189 	mov	a,r5
      000017 34s00            [12] 1190 	addc	a,#(_received_seqnos >> 8)
      000019 FB               [12] 1191 	mov	r3,a
      00001A E5 81            [12] 1192 	mov	a,sp
      00001C 24 F9            [12] 1193 	add	a,#0xf9
      00001E F8               [12] 1194 	mov	r0,a
      00001F A6 02            [24] 1195 	mov	@r0,ar2
      000021 08               [12] 1196 	inc	r0
      000022 A6 03            [24] 1197 	mov	@r0,ar3
      000024 08               [12] 1198 	inc	r0
      000025 76 00            [12] 1199 	mov	@r0,#0x00
                                   1200 ;	/opt/contiki/core/net/mac/mac-sequence.c:75: if(linkaddr_cmp(packetbuf_addr(PACKETBUF_ADDR_SENDER),
      000027 75 82 1A         [24] 1201 	mov	dpl,#0x1A
      00002A C0 07            [24] 1202 	push	ar7
      00002C C0 06            [24] 1203 	push	ar6
      00002E C0 05            [24] 1204 	push	ar5
      000030 C0 04            [24] 1205 	push	ar4
      000032 12r00r00         [24] 1206 	lcall	_packetbuf_addr
      000035 C8               [12] 1207 	xch	a,r0
      000036 E5 81            [12] 1208 	mov	a,sp
      000038 24 F8            [12] 1209 	add	a,#0xf8
      00003A C8               [12] 1210 	xch	a,r0
      00003B A6 82            [24] 1211 	mov	@r0,dpl
      00003D 08               [12] 1212 	inc	r0
      00003E A6 83            [24] 1213 	mov	@r0,dph
      000040 08               [12] 1214 	inc	r0
      000041 A6 F0            [24] 1215 	mov	@r0,b
      000043 E5 81            [12] 1216 	mov	a,sp
      000045 24 F5            [12] 1217 	add	a,#0xf5
      000047 F8               [12] 1218 	mov	r0,a
      000048 E6               [12] 1219 	mov	a,@r0
      000049 C0 E0            [24] 1220 	push	acc
      00004B 08               [12] 1221 	inc	r0
      00004C E6               [12] 1222 	mov	a,@r0
      00004D C0 E0            [24] 1223 	push	acc
      00004F 08               [12] 1224 	inc	r0
      000050 E6               [12] 1225 	mov	a,@r0
      000051 C0 E0            [24] 1226 	push	acc
      000053 E5 81            [12] 1227 	mov	a,sp
      000055 24 F5            [12] 1228 	add	a,#0xf5
      000057 F8               [12] 1229 	mov	r0,a
      000058 86 82            [24] 1230 	mov	dpl,@r0
      00005A 08               [12] 1231 	inc	r0
      00005B 86 83            [24] 1232 	mov	dph,@r0
      00005D 08               [12] 1233 	inc	r0
      00005E 86 F0            [24] 1234 	mov	b,@r0
      000060 12r00r00         [24] 1235 	lcall	_linkaddr_cmp
      000063 AA 82            [24] 1236 	mov	r2,dpl
      000065 AB 83            [24] 1237 	mov	r3,dph
      000067 15 81            [12] 1238 	dec	sp
      000069 15 81            [12] 1239 	dec	sp
      00006B 15 81            [12] 1240 	dec	sp
      00006D D0 04            [24] 1241 	pop	ar4
      00006F D0 05            [24] 1242 	pop	ar5
      000071 D0 06            [24] 1243 	pop	ar6
      000073 D0 07            [24] 1244 	pop	ar7
      000075 D0 07            [24] 1245 	pop	ar7
      000077 D0 06            [24] 1246 	pop	ar6
      000079 EA               [12] 1247 	mov	a,r2
      00007A 4B               [12] 1248 	orl	a,r3
      00007B 60 31            [24] 1249 	jz	00107$
                                   1250 ;	/opt/contiki/core/net/mac/mac-sequence.c:77: if(packetbuf_attr(PACKETBUF_ATTR_MAC_SEQNO) == received_seqnos[i].seqno) {
      00007D 75 82 0A         [24] 1251 	mov	dpl,#0x0A
      000080 C0 05            [24] 1252 	push	ar5
      000082 C0 04            [24] 1253 	push	ar4
      000084 12r00r00         [24] 1254 	lcall	_packetbuf_attr
      000087 AF 82            [24] 1255 	mov	r7,dpl
      000089 AE 83            [24] 1256 	mov	r6,dph
      00008B D0 04            [24] 1257 	pop	ar4
      00008D D0 05            [24] 1258 	pop	ar5
      00008F EC               [12] 1259 	mov	a,r4
      000090 24r00            [12] 1260 	add	a,#_received_seqnos
      000092 FA               [12] 1261 	mov	r2,a
      000093 ED               [12] 1262 	mov	a,r5
      000094 34s00            [12] 1263 	addc	a,#(_received_seqnos >> 8)
      000096 FB               [12] 1264 	mov	r3,a
      000097 8A 82            [24] 1265 	mov	dpl,r2
      000099 8B 83            [24] 1266 	mov	dph,r3
      00009B A3               [24] 1267 	inc	dptr
      00009C A3               [24] 1268 	inc	dptr
      00009D E0               [24] 1269 	movx	a,@dptr
      00009E FB               [12] 1270 	mov	r3,a
      00009F 7A 00            [12] 1271 	mov	r2,#0x00
      0000A1 EF               [12] 1272 	mov	a,r7
      0000A2 B5 03 23         [24] 1273 	cjne	a,ar3,00105$
      0000A5 EE               [12] 1274 	mov	a,r6
      0000A6 B5 02 1F         [24] 1275 	cjne	a,ar2,00105$
                                   1276 ;	/opt/contiki/core/net/mac/mac-sequence.c:79: return 1;
      0000A9 90 00 01         [24] 1277 	mov	dptr,#0x0001
                                   1278 ;	/opt/contiki/core/net/mac/mac-sequence.c:81: break;
      0000AC 80 1D            [24] 1279 	sjmp	00108$
      0000AE                       1280 00107$:
                                   1281 ;	/opt/contiki/core/net/mac/mac-sequence.c:74: for(i = 0; i < MAX_SEQNOS; ++i) {
      0000AE 74 03            [12] 1282 	mov	a,#0x03
      0000B0 2C               [12] 1283 	add	a,r4
      0000B1 FC               [12] 1284 	mov	r4,a
      0000B2 E4               [12] 1285 	clr	a
      0000B3 3D               [12] 1286 	addc	a,r5
      0000B4 FD               [12] 1287 	mov	r5,a
      0000B5 0E               [12] 1288 	inc	r6
      0000B6 BE 00 01         [24] 1289 	cjne	r6,#0x00,00122$
      0000B9 0F               [12] 1290 	inc	r7
      0000BA                       1291 00122$:
      0000BA C3               [12] 1292 	clr	c
      0000BB EE               [12] 1293 	mov	a,r6
      0000BC 94 10            [12] 1294 	subb	a,#0x10
      0000BE EF               [12] 1295 	mov	a,r7
      0000BF 64 80            [12] 1296 	xrl	a,#0x80
      0000C1 94 80            [12] 1297 	subb	a,#0x80
      0000C3 50 03            [24] 1298 	jnc	00123$
      0000C5 02r00r0E         [24] 1299 	ljmp	00106$
      0000C8                       1300 00123$:
      0000C8                       1301 00105$:
                                   1302 ;	/opt/contiki/core/net/mac/mac-sequence.c:84: return 0;
      0000C8 90 00 00         [24] 1303 	mov	dptr,#0x0000
      0000CB                       1304 00108$:
      0000CB E5 81            [12] 1305 	mov	a,sp
      0000CD 24 FA            [12] 1306 	add	a,#0xFA
      0000CF F5 81            [12] 1307 	mov	sp,a
      0000D1 22               [24] 1308 	ret
                                   1309 ;------------------------------------------------------------
                                   1310 ;Allocation info for local variables in function 'mac_sequence_register_seqno'
                                   1311 ;------------------------------------------------------------
                                   1312 ;i                         Allocated to stack - sp -1
                                   1313 ;j                         Allocated to registers r6 r7 
                                   1314 ;sloc0                     Allocated to stack - sp -7
                                   1315 ;sloc1                     Allocated to stack - sp -4
                                   1316 ;------------------------------------------------------------
                                   1317 ;	/opt/contiki/core/net/mac/mac-sequence.c:88: mac_sequence_register_seqno(void)
                                   1318 ;	-----------------------------------------
                                   1319 ;	 function mac_sequence_register_seqno
                                   1320 ;	-----------------------------------------
      0000D2                       1321 _mac_sequence_register_seqno:
      0000D2 E5 81            [12] 1322 	mov	a,sp
      0000D4 24 08            [12] 1323 	add	a,#0x08
      0000D6 F5 81            [12] 1324 	mov	sp,a
                                   1325 ;	/opt/contiki/core/net/mac/mac-sequence.c:93: for(i = 0; i < MAX_SEQNOS; ++i) {
      0000D8 7E 00            [12] 1326 	mov	r6,#0x00
      0000DA 7F 00            [12] 1327 	mov	r7,#0x00
      0000DC A8 81            [24] 1328 	mov	r0,sp
      0000DE 18               [12] 1329 	dec	r0
      0000DF E4               [12] 1330 	clr	a
      0000E0 F6               [12] 1331 	mov	@r0,a
      0000E1 08               [12] 1332 	inc	r0
      0000E2 F6               [12] 1333 	mov	@r0,a
      0000E3 7A 00            [12] 1334 	mov	r2,#0x00
      0000E5 7B 00            [12] 1335 	mov	r3,#0x00
      0000E7                       1336 00105$:
                                   1337 ;	/opt/contiki/core/net/mac/mac-sequence.c:95: &received_seqnos[i].sender)) {
      0000E7 C0 06            [24] 1338 	push	ar6
      0000E9 C0 07            [24] 1339 	push	ar7
      0000EB EA               [12] 1340 	mov	a,r2
      0000EC 24r00            [12] 1341 	add	a,#_received_seqnos
      0000EE FE               [12] 1342 	mov	r6,a
      0000EF EB               [12] 1343 	mov	a,r3
      0000F0 34s00            [12] 1344 	addc	a,#(_received_seqnos >> 8)
      0000F2 FF               [12] 1345 	mov	r7,a
      0000F3 E5 81            [12] 1346 	mov	a,sp
      0000F5 24 F7            [12] 1347 	add	a,#0xf7
      0000F7 F8               [12] 1348 	mov	r0,a
      0000F8 A6 06            [24] 1349 	mov	@r0,ar6
      0000FA 08               [12] 1350 	inc	r0
      0000FB A6 07            [24] 1351 	mov	@r0,ar7
      0000FD 08               [12] 1352 	inc	r0
      0000FE 76 00            [12] 1353 	mov	@r0,#0x00
                                   1354 ;	/opt/contiki/core/net/mac/mac-sequence.c:94: if(linkaddr_cmp(packetbuf_addr(PACKETBUF_ADDR_SENDER),
      000100 75 82 1A         [24] 1355 	mov	dpl,#0x1A
      000103 C0 03            [24] 1356 	push	ar3
      000105 C0 02            [24] 1357 	push	ar2
      000107 12r00r00         [24] 1358 	lcall	_packetbuf_addr
      00010A AC 82            [24] 1359 	mov	r4,dpl
      00010C AE 83            [24] 1360 	mov	r6,dph
      00010E AF F0            [24] 1361 	mov	r7,b
      000110 E5 81            [12] 1362 	mov	a,sp
      000112 24 F5            [12] 1363 	add	a,#0xf5
      000114 F8               [12] 1364 	mov	r0,a
      000115 E6               [12] 1365 	mov	a,@r0
      000116 C0 E0            [24] 1366 	push	acc
      000118 08               [12] 1367 	inc	r0
      000119 E6               [12] 1368 	mov	a,@r0
      00011A C0 E0            [24] 1369 	push	acc
      00011C 08               [12] 1370 	inc	r0
      00011D E6               [12] 1371 	mov	a,@r0
      00011E C0 E0            [24] 1372 	push	acc
      000120 8C 82            [24] 1373 	mov	dpl,r4
      000122 8E 83            [24] 1374 	mov	dph,r6
      000124 8F F0            [24] 1375 	mov	b,r7
      000126 12r00r00         [24] 1376 	lcall	_linkaddr_cmp
      000129 AE 82            [24] 1377 	mov	r6,dpl
      00012B AF 83            [24] 1378 	mov	r7,dph
      00012D 15 81            [12] 1379 	dec	sp
      00012F 15 81            [12] 1380 	dec	sp
      000131 15 81            [12] 1381 	dec	sp
      000133 D0 02            [24] 1382 	pop	ar2
      000135 D0 03            [24] 1383 	pop	ar3
      000137 EE               [12] 1384 	mov	a,r6
      000138 4F               [12] 1385 	orl	a,r7
      000139 D0 07            [24] 1386 	pop	ar7
      00013B D0 06            [24] 1387 	pop	ar6
      00013D 60 07            [24] 1388 	jz	00106$
                                   1389 ;	/opt/contiki/core/net/mac/mac-sequence.c:96: i++;
      00013F 0E               [12] 1390 	inc	r6
                                   1391 ;	/opt/contiki/core/net/mac/mac-sequence.c:97: break;
      000140 BE 00 2D         [24] 1392 	cjne	r6,#0x00,00103$
      000143 0F               [12] 1393 	inc	r7
      000144 80 2A            [24] 1394 	sjmp	00103$
      000146                       1395 00106$:
                                   1396 ;	/opt/contiki/core/net/mac/mac-sequence.c:93: for(i = 0; i < MAX_SEQNOS; ++i) {
      000146 74 03            [12] 1397 	mov	a,#0x03
      000148 2A               [12] 1398 	add	a,r2
      000149 FA               [12] 1399 	mov	r2,a
      00014A E4               [12] 1400 	clr	a
      00014B 3B               [12] 1401 	addc	a,r3
      00014C FB               [12] 1402 	mov	r3,a
      00014D A8 81            [24] 1403 	mov	r0,sp
      00014F 18               [12] 1404 	dec	r0
      000150 06               [12] 1405 	inc	@r0
      000151 B6 00 02         [24] 1406 	cjne	@r0,#0x00,00127$
      000154 08               [12] 1407 	inc	r0
      000155 06               [12] 1408 	inc	@r0
      000156                       1409 00127$:
      000156 A8 81            [24] 1410 	mov	r0,sp
      000158 18               [12] 1411 	dec	r0
      000159 86 06            [24] 1412 	mov	ar6,@r0
      00015B 08               [12] 1413 	inc	r0
      00015C 86 07            [24] 1414 	mov	ar7,@r0
      00015E A8 81            [24] 1415 	mov	r0,sp
      000160 18               [12] 1416 	dec	r0
      000161 C3               [12] 1417 	clr	c
      000162 E6               [12] 1418 	mov	a,@r0
      000163 94 10            [12] 1419 	subb	a,#0x10
      000165 08               [12] 1420 	inc	r0
      000166 E6               [12] 1421 	mov	a,@r0
      000167 64 80            [12] 1422 	xrl	a,#0x80
      000169 94 80            [12] 1423 	subb	a,#0x80
      00016B 50 03            [24] 1424 	jnc	00128$
      00016D 02r00rE7         [24] 1425 	ljmp	00105$
      000170                       1426 00128$:
      000170                       1427 00103$:
                                   1428 ;	/opt/contiki/core/net/mac/mac-sequence.c:102: for(j = i - 1; j > 0; --j) {
      000170 1E               [12] 1429 	dec	r6
      000171 BE FF 01         [24] 1430 	cjne	r6,#0xFF,00129$
      000174 1F               [12] 1431 	dec	r7
      000175                       1432 00129$:
      000175 8E 04            [24] 1433 	mov	ar4,r6
      000177 8F 05            [24] 1434 	mov	ar5,r7
      000179 C0 05            [24] 1435 	push	ar5
      00017B C0 04            [24] 1436 	push	ar4
      00017D 74 03            [12] 1437 	mov	a,#0x03
      00017F C0 E0            [24] 1438 	push	acc
      000181 E4               [12] 1439 	clr	a
      000182 C0 E0            [24] 1440 	push	acc
      000184 8E 82            [24] 1441 	mov	dpl,r6
      000186 8F 83            [24] 1442 	mov	dph,r7
      000188 12r00r00         [24] 1443 	lcall	__mulint
      00018B C8               [12] 1444 	xch	a,r0
      00018C E5 81            [12] 1445 	mov	a,sp
      00018E 24 F5            [12] 1446 	add	a,#0xf5
      000190 C8               [12] 1447 	xch	a,r0
      000191 A6 82            [24] 1448 	mov	@r0,dpl
      000193 08               [12] 1449 	inc	r0
      000194 A6 83            [24] 1450 	mov	@r0,dph
      000196 15 81            [12] 1451 	dec	sp
      000198 15 81            [12] 1452 	dec	sp
      00019A D0 04            [24] 1453 	pop	ar4
      00019C D0 05            [24] 1454 	pop	ar5
      00019E                       1455 00108$:
      00019E C3               [12] 1456 	clr	c
      00019F E4               [12] 1457 	clr	a
      0001A0 9C               [12] 1458 	subb	a,r4
      0001A1 74 80            [12] 1459 	mov	a,#(0x00 ^ 0x80)
      0001A3 8D F0            [24] 1460 	mov	b,r5
      0001A5 63 F0 80         [24] 1461 	xrl	b,#0x80
      0001A8 95 F0            [12] 1462 	subb	a,b
      0001AA 40 03            [24] 1463 	jc	00130$
      0001AC 02r02r36         [24] 1464 	ljmp	00104$
      0001AF                       1465 00130$:
                                   1466 ;	/opt/contiki/core/net/mac/mac-sequence.c:103: memcpy(&received_seqnos[j], &received_seqnos[j - 1], sizeof(struct seqno));
      0001AF 8C 03            [24] 1467 	mov	ar3,r4
      0001B1 EB               [12] 1468 	mov	a,r3
      0001B2 14               [12] 1469 	dec	a
      0001B3 C2 D5            [12] 1470 	clr	F0
      0001B5 75 F0 03         [24] 1471 	mov	b,#0x03
      0001B8 30 E7 04         [24] 1472 	jnb	acc.7,00131$
      0001BB B2 D5            [12] 1473 	cpl	F0
      0001BD F4               [12] 1474 	cpl	a
      0001BE 04               [12] 1475 	inc	a
      0001BF                       1476 00131$:
      0001BF A4               [48] 1477 	mul	ab
      0001C0 30 D5 0A         [24] 1478 	jnb	F0,00132$
      0001C3 F4               [12] 1479 	cpl	a
      0001C4 24 01            [12] 1480 	add	a,#0x01
      0001C6 C5 F0            [12] 1481 	xch	a,b
      0001C8 F4               [12] 1482 	cpl	a
      0001C9 34 00            [12] 1483 	addc	a,#0x00
      0001CB C5 F0            [12] 1484 	xch	a,b
      0001CD                       1485 00132$:
      0001CD 24r00            [12] 1486 	add	a,#_received_seqnos
      0001CF FA               [12] 1487 	mov	r2,a
      0001D0 74s00            [12] 1488 	mov	a,#(_received_seqnos >> 8)
      0001D2 35 F0            [12] 1489 	addc	a,b
      0001D4 FB               [12] 1490 	mov	r3,a
      0001D5 E5 81            [12] 1491 	mov	a,sp
      0001D7 24 FC            [12] 1492 	add	a,#0xfc
      0001D9 F8               [12] 1493 	mov	r0,a
      0001DA A6 02            [24] 1494 	mov	@r0,ar2
      0001DC 08               [12] 1495 	inc	r0
      0001DD A6 03            [24] 1496 	mov	@r0,ar3
      0001DF 08               [12] 1497 	inc	r0
      0001E0 76 00            [12] 1498 	mov	@r0,#0x00
      0001E2 E5 81            [12] 1499 	mov	a,sp
      0001E4 24 F9            [12] 1500 	add	a,#0xf9
      0001E6 F8               [12] 1501 	mov	r0,a
      0001E7 E6               [12] 1502 	mov	a,@r0
      0001E8 24r00            [12] 1503 	add	a,#_received_seqnos
      0001EA FE               [12] 1504 	mov	r6,a
      0001EB 08               [12] 1505 	inc	r0
      0001EC E6               [12] 1506 	mov	a,@r0
      0001ED 34s00            [12] 1507 	addc	a,#(_received_seqnos >> 8)
      0001EF FF               [12] 1508 	mov	r7,a
      0001F0 7B 00            [12] 1509 	mov	r3,#0x00
      0001F2 C0 05            [24] 1510 	push	ar5
      0001F4 C0 04            [24] 1511 	push	ar4
      0001F6 74 03            [12] 1512 	mov	a,#0x03
      0001F8 C0 E0            [24] 1513 	push	acc
      0001FA E4               [12] 1514 	clr	a
      0001FB C0 E0            [24] 1515 	push	acc
      0001FD E5 81            [12] 1516 	mov	a,sp
      0001FF 24 F8            [12] 1517 	add	a,#0xf8
      000201 F8               [12] 1518 	mov	r0,a
      000202 E6               [12] 1519 	mov	a,@r0
      000203 C0 E0            [24] 1520 	push	acc
      000205 08               [12] 1521 	inc	r0
      000206 E6               [12] 1522 	mov	a,@r0
      000207 C0 E0            [24] 1523 	push	acc
      000209 08               [12] 1524 	inc	r0
      00020A E6               [12] 1525 	mov	a,@r0
      00020B C0 E0            [24] 1526 	push	acc
      00020D 8E 82            [24] 1527 	mov	dpl,r6
      00020F 8F 83            [24] 1528 	mov	dph,r7
      000211 8B F0            [24] 1529 	mov	b,r3
      000213 12r00r00         [24] 1530 	lcall	_memcpy
      000216 E5 81            [12] 1531 	mov	a,sp
      000218 24 FB            [12] 1532 	add	a,#0xfb
      00021A F5 81            [12] 1533 	mov	sp,a
      00021C D0 04            [24] 1534 	pop	ar4
      00021E D0 05            [24] 1535 	pop	ar5
                                   1536 ;	/opt/contiki/core/net/mac/mac-sequence.c:102: for(j = i - 1; j > 0; --j) {
      000220 E5 81            [12] 1537 	mov	a,sp
      000222 24 F9            [12] 1538 	add	a,#0xf9
      000224 F8               [12] 1539 	mov	r0,a
      000225 E6               [12] 1540 	mov	a,@r0
      000226 24 FD            [12] 1541 	add	a,#0xFD
      000228 F6               [12] 1542 	mov	@r0,a
      000229 08               [12] 1543 	inc	r0
      00022A E6               [12] 1544 	mov	a,@r0
      00022B 34 FF            [12] 1545 	addc	a,#0xFF
      00022D F6               [12] 1546 	mov	@r0,a
      00022E 1C               [12] 1547 	dec	r4
      00022F BC FF 01         [24] 1548 	cjne	r4,#0xFF,00133$
      000232 1D               [12] 1549 	dec	r5
      000233                       1550 00133$:
      000233 02r01r9E         [24] 1551 	ljmp	00108$
      000236                       1552 00104$:
                                   1553 ;	/opt/contiki/core/net/mac/mac-sequence.c:105: received_seqnos[0].seqno = packetbuf_attr(PACKETBUF_ATTR_MAC_SEQNO);
      000236 75 82 0A         [24] 1554 	mov	dpl,#0x0A
      000239 12r00r00         [24] 1555 	lcall	_packetbuf_attr
      00023C AE 82            [24] 1556 	mov	r6,dpl
      00023E 90r00r02         [24] 1557 	mov	dptr,#(_received_seqnos + 0x0002)
      000241 EE               [12] 1558 	mov	a,r6
      000242 F0               [24] 1559 	movx	@dptr,a
                                   1560 ;	/opt/contiki/core/net/mac/mac-sequence.c:107: packetbuf_addr(PACKETBUF_ADDR_SENDER));
      000243 75 82 1A         [24] 1561 	mov	dpl,#0x1A
      000246 12r00r00         [24] 1562 	lcall	_packetbuf_addr
      000249 AD 82            [24] 1563 	mov	r5,dpl
      00024B AE 83            [24] 1564 	mov	r6,dph
      00024D AF F0            [24] 1565 	mov	r7,b
                                   1566 ;	/opt/contiki/core/net/mac/mac-sequence.c:106: linkaddr_copy(&received_seqnos[0].sender,
      00024F C0 05            [24] 1567 	push	ar5
      000251 C0 06            [24] 1568 	push	ar6
      000253 C0 07            [24] 1569 	push	ar7
      000255 90r00r00         [24] 1570 	mov	dptr,#_received_seqnos
      000258 75 F0 00         [24] 1571 	mov	b,#0x00
      00025B 12r00r00         [24] 1572 	lcall	_linkaddr_copy
      00025E 15 81            [12] 1573 	dec	sp
      000260 15 81            [12] 1574 	dec	sp
      000262 15 81            [12] 1575 	dec	sp
      000264 E5 81            [12] 1576 	mov	a,sp
      000266 24 F8            [12] 1577 	add	a,#0xF8
      000268 F5 81            [12] 1578 	mov	sp,a
      00026A 22               [24] 1579 	ret
                                   1580 	.area CSEG    (CODE)
                                   1581 	.area CONST   (CODE)
                                   1582 	.area XINIT   (CODE)
                                   1583 	.area CABS    (ABS,CODE)
