                                      1 ;--------------------------------------------------------
                                      2 ; File Created by SDCC : free open source ANSI-C Compiler
                                      3 ; Version 3.5.5 #9380 (Linux)
                                      4 ; This file was generated Tue Nov 17 16:52:50 2015
                                      5 ;--------------------------------------------------------
                                      6 	.module me_tabs
                                      7 	.optsdcc -mmcs51 --model-large
                                      8 	
                                      9 ;--------------------------------------------------------
                                     10 ; Public variables in this module
                                     11 ;--------------------------------------------------------
                                     12 	.globl _me_valid_tab
                                     13 	.globl _me_decode_tab
                                     14 	.globl _me_encode_tab
                                     15 ;--------------------------------------------------------
                                     16 ; special function registers
                                     17 ;--------------------------------------------------------
                                     18 	.area RSEG    (ABS,DATA)
      000000                         19 	.org 0x0000
                                     20 ;--------------------------------------------------------
                                     21 ; special function bits
                                     22 ;--------------------------------------------------------
                                     23 	.area RSEG    (ABS,DATA)
      000000                         24 	.org 0x0000
                                     25 ;--------------------------------------------------------
                                     26 ; overlayable register banks
                                     27 ;--------------------------------------------------------
                                     28 	.area REG_BANK_0	(REL,OVR,DATA)
      000000                         29 	.ds 8
                                     30 ;--------------------------------------------------------
                                     31 ; internal ram data
                                     32 ;--------------------------------------------------------
                                     33 	.area DSEG    (DATA)
                                     34 ;--------------------------------------------------------
                                     35 ; overlayable items in internal ram 
                                     36 ;--------------------------------------------------------
                                     37 ;--------------------------------------------------------
                                     38 ; indirectly addressable internal ram data
                                     39 ;--------------------------------------------------------
                                     40 	.area ISEG    (DATA)
                                     41 ;--------------------------------------------------------
                                     42 ; absolute internal ram data
                                     43 ;--------------------------------------------------------
                                     44 	.area IABS    (ABS,DATA)
                                     45 	.area IABS    (ABS,DATA)
                                     46 ;--------------------------------------------------------
                                     47 ; bit data
                                     48 ;--------------------------------------------------------
                                     49 	.area BSEG    (BIT)
                                     50 ;--------------------------------------------------------
                                     51 ; paged external ram data
                                     52 ;--------------------------------------------------------
                                     53 	.area PSEG    (PAG,XDATA)
                                     54 ;--------------------------------------------------------
                                     55 ; external ram data
                                     56 ;--------------------------------------------------------
                                     57 	.area XSEG    (XDATA)
                                     58 ;--------------------------------------------------------
                                     59 ; absolute external ram data
                                     60 ;--------------------------------------------------------
                                     61 	.area XABS    (ABS,XDATA)
                                     62 ;--------------------------------------------------------
                                     63 ; external initialized ram data
                                     64 ;--------------------------------------------------------
                                     65 	.area XISEG   (XDATA)
                                     66 	.area HOME    (CODE)
                                     67 	.area GSINIT0 (CODE)
                                     68 	.area GSINIT1 (CODE)
                                     69 	.area GSINIT2 (CODE)
                                     70 	.area GSINIT3 (CODE)
                                     71 	.area GSINIT4 (CODE)
                                     72 	.area GSINIT5 (CODE)
                                     73 	.area GSINIT  (CODE)
                                     74 	.area GSFINAL (CODE)
                                     75 	.area CSEG    (CODE)
                                     76 ;--------------------------------------------------------
                                     77 ; global & static initialisations
                                     78 ;--------------------------------------------------------
                                     79 	.area HOME    (CODE)
                                     80 	.area GSINIT  (CODE)
                                     81 	.area GSFINAL (CODE)
                                     82 	.area GSINIT  (CODE)
                                     83 ;--------------------------------------------------------
                                     84 ; Home
                                     85 ;--------------------------------------------------------
                                     86 	.area HOME    (CODE)
                                     87 	.area HOME    (CODE)
                                     88 ;--------------------------------------------------------
                                     89 ; code
                                     90 ;--------------------------------------------------------
                                     91 	.area CSEG    (CODE)
                                     92 	.area CSEG    (CODE)
                                     93 	.area CONST   (CODE)
      000000                         94 _me_encode_tab:
      000000 55 55                   95 	.byte #0x55,#0x55	; 21845
      000002 56 55                   96 	.byte #0x56,#0x55	; 21846
      000004 59 55                   97 	.byte #0x59,#0x55	; 21849
      000006 5A 55                   98 	.byte #0x5A,#0x55	; 21850
      000008 65 55                   99 	.byte #0x65,#0x55	; 21861
      00000A 66 55                  100 	.byte #0x66,#0x55	; 21862
      00000C 69 55                  101 	.byte #0x69,#0x55	; 21865
      00000E 6A 55                  102 	.byte #0x6A,#0x55	; 21866
      000010 95 55                  103 	.byte #0x95,#0x55	; 21909
      000012 96 55                  104 	.byte #0x96,#0x55	; 21910
      000014 99 55                  105 	.byte #0x99,#0x55	; 21913
      000016 9A 55                  106 	.byte #0x9A,#0x55	; 21914
      000018 A5 55                  107 	.byte #0xA5,#0x55	; 21925
      00001A A6 55                  108 	.byte #0xA6,#0x55	; 21926
      00001C A9 55                  109 	.byte #0xA9,#0x55	; 21929
      00001E AA 55                  110 	.byte #0xAA,#0x55	; 21930
      000020 55 56                  111 	.byte #0x55,#0x56	; 22101
      000022 56 56                  112 	.byte #0x56,#0x56	; 22102
      000024 59 56                  113 	.byte #0x59,#0x56	; 22105
      000026 5A 56                  114 	.byte #0x5A,#0x56	; 22106
      000028 65 56                  115 	.byte #0x65,#0x56	; 22117
      00002A 66 56                  116 	.byte #0x66,#0x56	; 22118
      00002C 69 56                  117 	.byte #0x69,#0x56	; 22121
      00002E 6A 56                  118 	.byte #0x6A,#0x56	; 22122
      000030 95 56                  119 	.byte #0x95,#0x56	; 22165
      000032 96 56                  120 	.byte #0x96,#0x56	; 22166
      000034 99 56                  121 	.byte #0x99,#0x56	; 22169
      000036 9A 56                  122 	.byte #0x9A,#0x56	; 22170
      000038 A5 56                  123 	.byte #0xA5,#0x56	; 22181
      00003A A6 56                  124 	.byte #0xA6,#0x56	; 22182
      00003C A9 56                  125 	.byte #0xA9,#0x56	; 22185
      00003E AA 56                  126 	.byte #0xAA,#0x56	; 22186
      000040 55 59                  127 	.byte #0x55,#0x59	; 22869
      000042 56 59                  128 	.byte #0x56,#0x59	; 22870
      000044 59 59                  129 	.byte #0x59,#0x59	; 22873
      000046 5A 59                  130 	.byte #0x5A,#0x59	; 22874
      000048 65 59                  131 	.byte #0x65,#0x59	; 22885
      00004A 66 59                  132 	.byte #0x66,#0x59	; 22886
      00004C 69 59                  133 	.byte #0x69,#0x59	; 22889
      00004E 6A 59                  134 	.byte #0x6A,#0x59	; 22890
      000050 95 59                  135 	.byte #0x95,#0x59	; 22933
      000052 96 59                  136 	.byte #0x96,#0x59	; 22934
      000054 99 59                  137 	.byte #0x99,#0x59	; 22937
      000056 9A 59                  138 	.byte #0x9A,#0x59	; 22938
      000058 A5 59                  139 	.byte #0xA5,#0x59	; 22949
      00005A A6 59                  140 	.byte #0xA6,#0x59	; 22950
      00005C A9 59                  141 	.byte #0xA9,#0x59	; 22953
      00005E AA 59                  142 	.byte #0xAA,#0x59	; 22954
      000060 55 5A                  143 	.byte #0x55,#0x5A	; 23125
      000062 56 5A                  144 	.byte #0x56,#0x5A	; 23126
      000064 59 5A                  145 	.byte #0x59,#0x5A	; 23129
      000066 5A 5A                  146 	.byte #0x5A,#0x5A	; 23130
      000068 65 5A                  147 	.byte #0x65,#0x5A	; 23141
      00006A 66 5A                  148 	.byte #0x66,#0x5A	; 23142
      00006C 69 5A                  149 	.byte #0x69,#0x5A	; 23145
      00006E 6A 5A                  150 	.byte #0x6A,#0x5A	; 23146
      000070 95 5A                  151 	.byte #0x95,#0x5A	; 23189
      000072 96 5A                  152 	.byte #0x96,#0x5A	; 23190
      000074 99 5A                  153 	.byte #0x99,#0x5A	; 23193
      000076 9A 5A                  154 	.byte #0x9A,#0x5A	; 23194
      000078 A5 5A                  155 	.byte #0xA5,#0x5A	; 23205
      00007A A6 5A                  156 	.byte #0xA6,#0x5A	; 23206
      00007C A9 5A                  157 	.byte #0xA9,#0x5A	; 23209
      00007E AA 5A                  158 	.byte #0xAA,#0x5A	; 23210
      000080 55 65                  159 	.byte #0x55,#0x65	; 25941
      000082 56 65                  160 	.byte #0x56,#0x65	; 25942
      000084 59 65                  161 	.byte #0x59,#0x65	; 25945
      000086 5A 65                  162 	.byte #0x5A,#0x65	; 25946
      000088 65 65                  163 	.byte #0x65,#0x65	; 25957
      00008A 66 65                  164 	.byte #0x66,#0x65	; 25958
      00008C 69 65                  165 	.byte #0x69,#0x65	; 25961
      00008E 6A 65                  166 	.byte #0x6A,#0x65	; 25962
      000090 95 65                  167 	.byte #0x95,#0x65	; 26005
      000092 96 65                  168 	.byte #0x96,#0x65	; 26006
      000094 99 65                  169 	.byte #0x99,#0x65	; 26009
      000096 9A 65                  170 	.byte #0x9A,#0x65	; 26010
      000098 A5 65                  171 	.byte #0xA5,#0x65	; 26021
      00009A A6 65                  172 	.byte #0xA6,#0x65	; 26022
      00009C A9 65                  173 	.byte #0xA9,#0x65	; 26025
      00009E AA 65                  174 	.byte #0xAA,#0x65	; 26026
      0000A0 55 66                  175 	.byte #0x55,#0x66	; 26197
      0000A2 56 66                  176 	.byte #0x56,#0x66	; 26198
      0000A4 59 66                  177 	.byte #0x59,#0x66	; 26201
      0000A6 5A 66                  178 	.byte #0x5A,#0x66	; 26202
      0000A8 65 66                  179 	.byte #0x65,#0x66	; 26213
      0000AA 66 66                  180 	.byte #0x66,#0x66	; 26214
      0000AC 69 66                  181 	.byte #0x69,#0x66	; 26217
      0000AE 6A 66                  182 	.byte #0x6A,#0x66	; 26218
      0000B0 95 66                  183 	.byte #0x95,#0x66	; 26261
      0000B2 96 66                  184 	.byte #0x96,#0x66	; 26262
      0000B4 99 66                  185 	.byte #0x99,#0x66	; 26265
      0000B6 9A 66                  186 	.byte #0x9A,#0x66	; 26266
      0000B8 A5 66                  187 	.byte #0xA5,#0x66	; 26277
      0000BA A6 66                  188 	.byte #0xA6,#0x66	; 26278
      0000BC A9 66                  189 	.byte #0xA9,#0x66	; 26281
      0000BE AA 66                  190 	.byte #0xAA,#0x66	; 26282
      0000C0 55 69                  191 	.byte #0x55,#0x69	; 26965
      0000C2 56 69                  192 	.byte #0x56,#0x69	; 26966
      0000C4 59 69                  193 	.byte #0x59,#0x69	; 26969
      0000C6 5A 69                  194 	.byte #0x5A,#0x69	; 26970
      0000C8 65 69                  195 	.byte #0x65,#0x69	; 26981
      0000CA 66 69                  196 	.byte #0x66,#0x69	; 26982
      0000CC 69 69                  197 	.byte #0x69,#0x69	; 26985
      0000CE 6A 69                  198 	.byte #0x6A,#0x69	; 26986
      0000D0 95 69                  199 	.byte #0x95,#0x69	; 27029
      0000D2 96 69                  200 	.byte #0x96,#0x69	; 27030
      0000D4 99 69                  201 	.byte #0x99,#0x69	; 27033
      0000D6 9A 69                  202 	.byte #0x9A,#0x69	; 27034
      0000D8 A5 69                  203 	.byte #0xA5,#0x69	; 27045
      0000DA A6 69                  204 	.byte #0xA6,#0x69	; 27046
      0000DC A9 69                  205 	.byte #0xA9,#0x69	; 27049
      0000DE AA 69                  206 	.byte #0xAA,#0x69	; 27050
      0000E0 55 6A                  207 	.byte #0x55,#0x6A	; 27221
      0000E2 56 6A                  208 	.byte #0x56,#0x6A	; 27222
      0000E4 59 6A                  209 	.byte #0x59,#0x6A	; 27225
      0000E6 5A 6A                  210 	.byte #0x5A,#0x6A	; 27226
      0000E8 65 6A                  211 	.byte #0x65,#0x6A	; 27237
      0000EA 66 6A                  212 	.byte #0x66,#0x6A	; 27238
      0000EC 69 6A                  213 	.byte #0x69,#0x6A	; 27241
      0000EE 6A 6A                  214 	.byte #0x6A,#0x6A	; 27242
      0000F0 95 6A                  215 	.byte #0x95,#0x6A	; 27285
      0000F2 96 6A                  216 	.byte #0x96,#0x6A	; 27286
      0000F4 99 6A                  217 	.byte #0x99,#0x6A	; 27289
      0000F6 9A 6A                  218 	.byte #0x9A,#0x6A	; 27290
      0000F8 A5 6A                  219 	.byte #0xA5,#0x6A	; 27301
      0000FA A6 6A                  220 	.byte #0xA6,#0x6A	; 27302
      0000FC A9 6A                  221 	.byte #0xA9,#0x6A	; 27305
      0000FE AA 6A                  222 	.byte #0xAA,#0x6A	; 27306
      000100 55 95                  223 	.byte #0x55,#0x95	; 38229
      000102 56 95                  224 	.byte #0x56,#0x95	; 38230
      000104 59 95                  225 	.byte #0x59,#0x95	; 38233
      000106 5A 95                  226 	.byte #0x5A,#0x95	; 38234
      000108 65 95                  227 	.byte #0x65,#0x95	; 38245
      00010A 66 95                  228 	.byte #0x66,#0x95	; 38246
      00010C 69 95                  229 	.byte #0x69,#0x95	; 38249
      00010E 6A 95                  230 	.byte #0x6A,#0x95	; 38250
      000110 95 95                  231 	.byte #0x95,#0x95	; 38293
      000112 96 95                  232 	.byte #0x96,#0x95	; 38294
      000114 99 95                  233 	.byte #0x99,#0x95	; 38297
      000116 9A 95                  234 	.byte #0x9A,#0x95	; 38298
      000118 A5 95                  235 	.byte #0xA5,#0x95	; 38309
      00011A A6 95                  236 	.byte #0xA6,#0x95	; 38310
      00011C A9 95                  237 	.byte #0xA9,#0x95	; 38313
      00011E AA 95                  238 	.byte #0xAA,#0x95	; 38314
      000120 55 96                  239 	.byte #0x55,#0x96	; 38485
      000122 56 96                  240 	.byte #0x56,#0x96	; 38486
      000124 59 96                  241 	.byte #0x59,#0x96	; 38489
      000126 5A 96                  242 	.byte #0x5A,#0x96	; 38490
      000128 65 96                  243 	.byte #0x65,#0x96	; 38501
      00012A 66 96                  244 	.byte #0x66,#0x96	; 38502
      00012C 69 96                  245 	.byte #0x69,#0x96	; 38505
      00012E 6A 96                  246 	.byte #0x6A,#0x96	; 38506
      000130 95 96                  247 	.byte #0x95,#0x96	; 38549
      000132 96 96                  248 	.byte #0x96,#0x96	; 38550
      000134 99 96                  249 	.byte #0x99,#0x96	; 38553
      000136 9A 96                  250 	.byte #0x9A,#0x96	; 38554
      000138 A5 96                  251 	.byte #0xA5,#0x96	; 38565
      00013A A6 96                  252 	.byte #0xA6,#0x96	; 38566
      00013C A9 96                  253 	.byte #0xA9,#0x96	; 38569
      00013E AA 96                  254 	.byte #0xAA,#0x96	; 38570
      000140 55 99                  255 	.byte #0x55,#0x99	; 39253
      000142 56 99                  256 	.byte #0x56,#0x99	; 39254
      000144 59 99                  257 	.byte #0x59,#0x99	; 39257
      000146 5A 99                  258 	.byte #0x5A,#0x99	; 39258
      000148 65 99                  259 	.byte #0x65,#0x99	; 39269
      00014A 66 99                  260 	.byte #0x66,#0x99	; 39270
      00014C 69 99                  261 	.byte #0x69,#0x99	; 39273
      00014E 6A 99                  262 	.byte #0x6A,#0x99	; 39274
      000150 95 99                  263 	.byte #0x95,#0x99	; 39317
      000152 96 99                  264 	.byte #0x96,#0x99	; 39318
      000154 99 99                  265 	.byte #0x99,#0x99	; 39321
      000156 9A 99                  266 	.byte #0x9A,#0x99	; 39322
      000158 A5 99                  267 	.byte #0xA5,#0x99	; 39333
      00015A A6 99                  268 	.byte #0xA6,#0x99	; 39334
      00015C A9 99                  269 	.byte #0xA9,#0x99	; 39337
      00015E AA 99                  270 	.byte #0xAA,#0x99	; 39338
      000160 55 9A                  271 	.byte #0x55,#0x9A	; 39509
      000162 56 9A                  272 	.byte #0x56,#0x9A	; 39510
      000164 59 9A                  273 	.byte #0x59,#0x9A	; 39513
      000166 5A 9A                  274 	.byte #0x5A,#0x9A	; 39514
      000168 65 9A                  275 	.byte #0x65,#0x9A	; 39525
      00016A 66 9A                  276 	.byte #0x66,#0x9A	; 39526
      00016C 69 9A                  277 	.byte #0x69,#0x9A	; 39529
      00016E 6A 9A                  278 	.byte #0x6A,#0x9A	; 39530
      000170 95 9A                  279 	.byte #0x95,#0x9A	; 39573
      000172 96 9A                  280 	.byte #0x96,#0x9A	; 39574
      000174 99 9A                  281 	.byte #0x99,#0x9A	; 39577
      000176 9A 9A                  282 	.byte #0x9A,#0x9A	; 39578
      000178 A5 9A                  283 	.byte #0xA5,#0x9A	; 39589
      00017A A6 9A                  284 	.byte #0xA6,#0x9A	; 39590
      00017C A9 9A                  285 	.byte #0xA9,#0x9A	; 39593
      00017E AA 9A                  286 	.byte #0xAA,#0x9A	; 39594
      000180 55 A5                  287 	.byte #0x55,#0xA5	; 42325
      000182 56 A5                  288 	.byte #0x56,#0xA5	; 42326
      000184 59 A5                  289 	.byte #0x59,#0xA5	; 42329
      000186 5A A5                  290 	.byte #0x5A,#0xA5	; 42330
      000188 65 A5                  291 	.byte #0x65,#0xA5	; 42341
      00018A 66 A5                  292 	.byte #0x66,#0xA5	; 42342
      00018C 69 A5                  293 	.byte #0x69,#0xA5	; 42345
      00018E 6A A5                  294 	.byte #0x6A,#0xA5	; 42346
      000190 95 A5                  295 	.byte #0x95,#0xA5	; 42389
      000192 96 A5                  296 	.byte #0x96,#0xA5	; 42390
      000194 99 A5                  297 	.byte #0x99,#0xA5	; 42393
      000196 9A A5                  298 	.byte #0x9A,#0xA5	; 42394
      000198 A5 A5                  299 	.byte #0xA5,#0xA5	; 42405
      00019A A6 A5                  300 	.byte #0xA6,#0xA5	; 42406
      00019C A9 A5                  301 	.byte #0xA9,#0xA5	; 42409
      00019E AA A5                  302 	.byte #0xAA,#0xA5	; 42410
      0001A0 55 A6                  303 	.byte #0x55,#0xA6	; 42581
      0001A2 56 A6                  304 	.byte #0x56,#0xA6	; 42582
      0001A4 59 A6                  305 	.byte #0x59,#0xA6	; 42585
      0001A6 5A A6                  306 	.byte #0x5A,#0xA6	; 42586
      0001A8 65 A6                  307 	.byte #0x65,#0xA6	; 42597
      0001AA 66 A6                  308 	.byte #0x66,#0xA6	; 42598
      0001AC 69 A6                  309 	.byte #0x69,#0xA6	; 42601
      0001AE 6A A6                  310 	.byte #0x6A,#0xA6	; 42602
      0001B0 95 A6                  311 	.byte #0x95,#0xA6	; 42645
      0001B2 96 A6                  312 	.byte #0x96,#0xA6	; 42646
      0001B4 99 A6                  313 	.byte #0x99,#0xA6	; 42649
      0001B6 9A A6                  314 	.byte #0x9A,#0xA6	; 42650
      0001B8 A5 A6                  315 	.byte #0xA5,#0xA6	; 42661
      0001BA A6 A6                  316 	.byte #0xA6,#0xA6	; 42662
      0001BC A9 A6                  317 	.byte #0xA9,#0xA6	; 42665
      0001BE AA A6                  318 	.byte #0xAA,#0xA6	; 42666
      0001C0 55 A9                  319 	.byte #0x55,#0xA9	; 43349
      0001C2 56 A9                  320 	.byte #0x56,#0xA9	; 43350
      0001C4 59 A9                  321 	.byte #0x59,#0xA9	; 43353
      0001C6 5A A9                  322 	.byte #0x5A,#0xA9	; 43354
      0001C8 65 A9                  323 	.byte #0x65,#0xA9	; 43365
      0001CA 66 A9                  324 	.byte #0x66,#0xA9	; 43366
      0001CC 69 A9                  325 	.byte #0x69,#0xA9	; 43369
      0001CE 6A A9                  326 	.byte #0x6A,#0xA9	; 43370
      0001D0 95 A9                  327 	.byte #0x95,#0xA9	; 43413
      0001D2 96 A9                  328 	.byte #0x96,#0xA9	; 43414
      0001D4 99 A9                  329 	.byte #0x99,#0xA9	; 43417
      0001D6 9A A9                  330 	.byte #0x9A,#0xA9	; 43418
      0001D8 A5 A9                  331 	.byte #0xA5,#0xA9	; 43429
      0001DA A6 A9                  332 	.byte #0xA6,#0xA9	; 43430
      0001DC A9 A9                  333 	.byte #0xA9,#0xA9	; 43433
      0001DE AA A9                  334 	.byte #0xAA,#0xA9	; 43434
      0001E0 55 AA                  335 	.byte #0x55,#0xAA	; 43605
      0001E2 56 AA                  336 	.byte #0x56,#0xAA	; 43606
      0001E4 59 AA                  337 	.byte #0x59,#0xAA	; 43609
      0001E6 5A AA                  338 	.byte #0x5A,#0xAA	; 43610
      0001E8 65 AA                  339 	.byte #0x65,#0xAA	; 43621
      0001EA 66 AA                  340 	.byte #0x66,#0xAA	; 43622
      0001EC 69 AA                  341 	.byte #0x69,#0xAA	; 43625
      0001EE 6A AA                  342 	.byte #0x6A,#0xAA	; 43626
      0001F0 95 AA                  343 	.byte #0x95,#0xAA	; 43669
      0001F2 96 AA                  344 	.byte #0x96,#0xAA	; 43670
      0001F4 99 AA                  345 	.byte #0x99,#0xAA	; 43673
      0001F6 9A AA                  346 	.byte #0x9A,#0xAA	; 43674
      0001F8 A5 AA                  347 	.byte #0xA5,#0xAA	; 43685
      0001FA A6 AA                  348 	.byte #0xA6,#0xAA	; 43686
      0001FC A9 AA                  349 	.byte #0xA9,#0xAA	; 43689
      0001FE AA AA                  350 	.byte #0xAA,#0xAA	; 43690
      000200                        351 _me_decode_tab:
      000200 00                     352 	.db #0x00	; 0
      000201 00                     353 	.db #0x00	; 0
      000202 01                     354 	.db #0x01	; 1
      000203 01                     355 	.db #0x01	; 1
      000204 00                     356 	.db #0x00	; 0
      000205 00                     357 	.db #0x00	; 0
      000206 01                     358 	.db #0x01	; 1
      000207 01                     359 	.db #0x01	; 1
      000208 02                     360 	.db #0x02	; 2
      000209 02                     361 	.db #0x02	; 2
      00020A 03                     362 	.db #0x03	; 3
      00020B 03                     363 	.db #0x03	; 3
      00020C 02                     364 	.db #0x02	; 2
      00020D 02                     365 	.db #0x02	; 2
      00020E 03                     366 	.db #0x03	; 3
      00020F 03                     367 	.db #0x03	; 3
      000210 00                     368 	.db #0x00	; 0
      000211 00                     369 	.db #0x00	; 0
      000212 01                     370 	.db #0x01	; 1
      000213 01                     371 	.db #0x01	; 1
      000214 00                     372 	.db #0x00	; 0
      000215 00                     373 	.db #0x00	; 0
      000216 01                     374 	.db #0x01	; 1
      000217 01                     375 	.db #0x01	; 1
      000218 02                     376 	.db #0x02	; 2
      000219 02                     377 	.db #0x02	; 2
      00021A 03                     378 	.db #0x03	; 3
      00021B 03                     379 	.db #0x03	; 3
      00021C 02                     380 	.db #0x02	; 2
      00021D 02                     381 	.db #0x02	; 2
      00021E 03                     382 	.db #0x03	; 3
      00021F 03                     383 	.db #0x03	; 3
      000220 04                     384 	.db #0x04	; 4
      000221 04                     385 	.db #0x04	; 4
      000222 05                     386 	.db #0x05	; 5
      000223 05                     387 	.db #0x05	; 5
      000224 04                     388 	.db #0x04	; 4
      000225 04                     389 	.db #0x04	; 4
      000226 05                     390 	.db #0x05	; 5
      000227 05                     391 	.db #0x05	; 5
      000228 06                     392 	.db #0x06	; 6
      000229 06                     393 	.db #0x06	; 6
      00022A 07                     394 	.db #0x07	; 7
      00022B 07                     395 	.db #0x07	; 7
      00022C 06                     396 	.db #0x06	; 6
      00022D 06                     397 	.db #0x06	; 6
      00022E 07                     398 	.db #0x07	; 7
      00022F 07                     399 	.db #0x07	; 7
      000230 04                     400 	.db #0x04	; 4
      000231 04                     401 	.db #0x04	; 4
      000232 05                     402 	.db #0x05	; 5
      000233 05                     403 	.db #0x05	; 5
      000234 04                     404 	.db #0x04	; 4
      000235 04                     405 	.db #0x04	; 4
      000236 05                     406 	.db #0x05	; 5
      000237 05                     407 	.db #0x05	; 5
      000238 06                     408 	.db #0x06	; 6
      000239 06                     409 	.db #0x06	; 6
      00023A 07                     410 	.db #0x07	; 7
      00023B 07                     411 	.db #0x07	; 7
      00023C 06                     412 	.db #0x06	; 6
      00023D 06                     413 	.db #0x06	; 6
      00023E 07                     414 	.db #0x07	; 7
      00023F 07                     415 	.db #0x07	; 7
      000240 00                     416 	.db #0x00	; 0
      000241 00                     417 	.db #0x00	; 0
      000242 01                     418 	.db #0x01	; 1
      000243 01                     419 	.db #0x01	; 1
      000244 00                     420 	.db #0x00	; 0
      000245 00                     421 	.db #0x00	; 0
      000246 01                     422 	.db #0x01	; 1
      000247 01                     423 	.db #0x01	; 1
      000248 02                     424 	.db #0x02	; 2
      000249 02                     425 	.db #0x02	; 2
      00024A 03                     426 	.db #0x03	; 3
      00024B 03                     427 	.db #0x03	; 3
      00024C 02                     428 	.db #0x02	; 2
      00024D 02                     429 	.db #0x02	; 2
      00024E 03                     430 	.db #0x03	; 3
      00024F 03                     431 	.db #0x03	; 3
      000250 00                     432 	.db #0x00	; 0
      000251 00                     433 	.db #0x00	; 0
      000252 01                     434 	.db #0x01	; 1
      000253 01                     435 	.db #0x01	; 1
      000254 00                     436 	.db #0x00	; 0
      000255 00                     437 	.db #0x00	; 0
      000256 01                     438 	.db #0x01	; 1
      000257 01                     439 	.db #0x01	; 1
      000258 02                     440 	.db #0x02	; 2
      000259 02                     441 	.db #0x02	; 2
      00025A 03                     442 	.db #0x03	; 3
      00025B 03                     443 	.db #0x03	; 3
      00025C 02                     444 	.db #0x02	; 2
      00025D 02                     445 	.db #0x02	; 2
      00025E 03                     446 	.db #0x03	; 3
      00025F 03                     447 	.db #0x03	; 3
      000260 04                     448 	.db #0x04	; 4
      000261 04                     449 	.db #0x04	; 4
      000262 05                     450 	.db #0x05	; 5
      000263 05                     451 	.db #0x05	; 5
      000264 04                     452 	.db #0x04	; 4
      000265 04                     453 	.db #0x04	; 4
      000266 05                     454 	.db #0x05	; 5
      000267 05                     455 	.db #0x05	; 5
      000268 06                     456 	.db #0x06	; 6
      000269 06                     457 	.db #0x06	; 6
      00026A 07                     458 	.db #0x07	; 7
      00026B 07                     459 	.db #0x07	; 7
      00026C 06                     460 	.db #0x06	; 6
      00026D 06                     461 	.db #0x06	; 6
      00026E 07                     462 	.db #0x07	; 7
      00026F 07                     463 	.db #0x07	; 7
      000270 04                     464 	.db #0x04	; 4
      000271 04                     465 	.db #0x04	; 4
      000272 05                     466 	.db #0x05	; 5
      000273 05                     467 	.db #0x05	; 5
      000274 04                     468 	.db #0x04	; 4
      000275 04                     469 	.db #0x04	; 4
      000276 05                     470 	.db #0x05	; 5
      000277 05                     471 	.db #0x05	; 5
      000278 06                     472 	.db #0x06	; 6
      000279 06                     473 	.db #0x06	; 6
      00027A 07                     474 	.db #0x07	; 7
      00027B 07                     475 	.db #0x07	; 7
      00027C 06                     476 	.db #0x06	; 6
      00027D 06                     477 	.db #0x06	; 6
      00027E 07                     478 	.db #0x07	; 7
      00027F 07                     479 	.db #0x07	; 7
      000280 08                     480 	.db #0x08	; 8
      000281 08                     481 	.db #0x08	; 8
      000282 09                     482 	.db #0x09	; 9
      000283 09                     483 	.db #0x09	; 9
      000284 08                     484 	.db #0x08	; 8
      000285 08                     485 	.db #0x08	; 8
      000286 09                     486 	.db #0x09	; 9
      000287 09                     487 	.db #0x09	; 9
      000288 0A                     488 	.db #0x0A	; 10
      000289 0A                     489 	.db #0x0A	; 10
      00028A 0B                     490 	.db #0x0B	; 11
      00028B 0B                     491 	.db #0x0B	; 11
      00028C 0A                     492 	.db #0x0A	; 10
      00028D 0A                     493 	.db #0x0A	; 10
      00028E 0B                     494 	.db #0x0B	; 11
      00028F 0B                     495 	.db #0x0B	; 11
      000290 08                     496 	.db #0x08	; 8
      000291 08                     497 	.db #0x08	; 8
      000292 09                     498 	.db #0x09	; 9
      000293 09                     499 	.db #0x09	; 9
      000294 08                     500 	.db #0x08	; 8
      000295 08                     501 	.db #0x08	; 8
      000296 09                     502 	.db #0x09	; 9
      000297 09                     503 	.db #0x09	; 9
      000298 0A                     504 	.db #0x0A	; 10
      000299 0A                     505 	.db #0x0A	; 10
      00029A 0B                     506 	.db #0x0B	; 11
      00029B 0B                     507 	.db #0x0B	; 11
      00029C 0A                     508 	.db #0x0A	; 10
      00029D 0A                     509 	.db #0x0A	; 10
      00029E 0B                     510 	.db #0x0B	; 11
      00029F 0B                     511 	.db #0x0B	; 11
      0002A0 0C                     512 	.db #0x0C	; 12
      0002A1 0C                     513 	.db #0x0C	; 12
      0002A2 0D                     514 	.db #0x0D	; 13
      0002A3 0D                     515 	.db #0x0D	; 13
      0002A4 0C                     516 	.db #0x0C	; 12
      0002A5 0C                     517 	.db #0x0C	; 12
      0002A6 0D                     518 	.db #0x0D	; 13
      0002A7 0D                     519 	.db #0x0D	; 13
      0002A8 0E                     520 	.db #0x0E	; 14
      0002A9 0E                     521 	.db #0x0E	; 14
      0002AA 0F                     522 	.db #0x0F	; 15
      0002AB 0F                     523 	.db #0x0F	; 15
      0002AC 0E                     524 	.db #0x0E	; 14
      0002AD 0E                     525 	.db #0x0E	; 14
      0002AE 0F                     526 	.db #0x0F	; 15
      0002AF 0F                     527 	.db #0x0F	; 15
      0002B0 0C                     528 	.db #0x0C	; 12
      0002B1 0C                     529 	.db #0x0C	; 12
      0002B2 0D                     530 	.db #0x0D	; 13
      0002B3 0D                     531 	.db #0x0D	; 13
      0002B4 0C                     532 	.db #0x0C	; 12
      0002B5 0C                     533 	.db #0x0C	; 12
      0002B6 0D                     534 	.db #0x0D	; 13
      0002B7 0D                     535 	.db #0x0D	; 13
      0002B8 0E                     536 	.db #0x0E	; 14
      0002B9 0E                     537 	.db #0x0E	; 14
      0002BA 0F                     538 	.db #0x0F	; 15
      0002BB 0F                     539 	.db #0x0F	; 15
      0002BC 0E                     540 	.db #0x0E	; 14
      0002BD 0E                     541 	.db #0x0E	; 14
      0002BE 0F                     542 	.db #0x0F	; 15
      0002BF 0F                     543 	.db #0x0F	; 15
      0002C0 08                     544 	.db #0x08	; 8
      0002C1 08                     545 	.db #0x08	; 8
      0002C2 09                     546 	.db #0x09	; 9
      0002C3 09                     547 	.db #0x09	; 9
      0002C4 08                     548 	.db #0x08	; 8
      0002C5 08                     549 	.db #0x08	; 8
      0002C6 09                     550 	.db #0x09	; 9
      0002C7 09                     551 	.db #0x09	; 9
      0002C8 0A                     552 	.db #0x0A	; 10
      0002C9 0A                     553 	.db #0x0A	; 10
      0002CA 0B                     554 	.db #0x0B	; 11
      0002CB 0B                     555 	.db #0x0B	; 11
      0002CC 0A                     556 	.db #0x0A	; 10
      0002CD 0A                     557 	.db #0x0A	; 10
      0002CE 0B                     558 	.db #0x0B	; 11
      0002CF 0B                     559 	.db #0x0B	; 11
      0002D0 08                     560 	.db #0x08	; 8
      0002D1 08                     561 	.db #0x08	; 8
      0002D2 09                     562 	.db #0x09	; 9
      0002D3 09                     563 	.db #0x09	; 9
      0002D4 08                     564 	.db #0x08	; 8
      0002D5 08                     565 	.db #0x08	; 8
      0002D6 09                     566 	.db #0x09	; 9
      0002D7 09                     567 	.db #0x09	; 9
      0002D8 0A                     568 	.db #0x0A	; 10
      0002D9 0A                     569 	.db #0x0A	; 10
      0002DA 0B                     570 	.db #0x0B	; 11
      0002DB 0B                     571 	.db #0x0B	; 11
      0002DC 0A                     572 	.db #0x0A	; 10
      0002DD 0A                     573 	.db #0x0A	; 10
      0002DE 0B                     574 	.db #0x0B	; 11
      0002DF 0B                     575 	.db #0x0B	; 11
      0002E0 0C                     576 	.db #0x0C	; 12
      0002E1 0C                     577 	.db #0x0C	; 12
      0002E2 0D                     578 	.db #0x0D	; 13
      0002E3 0D                     579 	.db #0x0D	; 13
      0002E4 0C                     580 	.db #0x0C	; 12
      0002E5 0C                     581 	.db #0x0C	; 12
      0002E6 0D                     582 	.db #0x0D	; 13
      0002E7 0D                     583 	.db #0x0D	; 13
      0002E8 0E                     584 	.db #0x0E	; 14
      0002E9 0E                     585 	.db #0x0E	; 14
      0002EA 0F                     586 	.db #0x0F	; 15
      0002EB 0F                     587 	.db #0x0F	; 15
      0002EC 0E                     588 	.db #0x0E	; 14
      0002ED 0E                     589 	.db #0x0E	; 14
      0002EE 0F                     590 	.db #0x0F	; 15
      0002EF 0F                     591 	.db #0x0F	; 15
      0002F0 0C                     592 	.db #0x0C	; 12
      0002F1 0C                     593 	.db #0x0C	; 12
      0002F2 0D                     594 	.db #0x0D	; 13
      0002F3 0D                     595 	.db #0x0D	; 13
      0002F4 0C                     596 	.db #0x0C	; 12
      0002F5 0C                     597 	.db #0x0C	; 12
      0002F6 0D                     598 	.db #0x0D	; 13
      0002F7 0D                     599 	.db #0x0D	; 13
      0002F8 0E                     600 	.db #0x0E	; 14
      0002F9 0E                     601 	.db #0x0E	; 14
      0002FA 0F                     602 	.db #0x0F	; 15
      0002FB 0F                     603 	.db #0x0F	; 15
      0002FC 0E                     604 	.db #0x0E	; 14
      0002FD 0E                     605 	.db #0x0E	; 14
      0002FE 0F                     606 	.db #0x0F	; 15
      0002FF 0F                     607 	.db #0x0F	; 15
      000300                        608 _me_valid_tab:
      000300 00                     609 	.db #0x00	; 0
      000301 00                     610 	.db #0x00	; 0
      000302 00                     611 	.db #0x00	; 0
      000303 00                     612 	.db #0x00	; 0
      000304 00                     613 	.db #0x00	; 0
      000305 00                     614 	.db #0x00	; 0
      000306 00                     615 	.db #0x00	; 0
      000307 00                     616 	.db #0x00	; 0
      000308 00                     617 	.db #0x00	; 0
      000309 00                     618 	.db #0x00	; 0
      00030A 00                     619 	.db #0x00	; 0
      00030B 00                     620 	.db #0x00	; 0
      00030C 00                     621 	.db #0x00	; 0
      00030D 00                     622 	.db #0x00	; 0
      00030E 00                     623 	.db #0x00	; 0
      00030F 00                     624 	.db #0x00	; 0
      000310 00                     625 	.db #0x00	; 0
      000311 00                     626 	.db #0x00	; 0
      000312 00                     627 	.db #0x00	; 0
      000313 00                     628 	.db #0x00	; 0
      000314 00                     629 	.db #0x00	; 0
      000315 00                     630 	.db #0x00	; 0
      000316 00                     631 	.db #0x00	; 0
      000317 00                     632 	.db #0x00	; 0
      000318 00                     633 	.db #0x00	; 0
      000319 00                     634 	.db #0x00	; 0
      00031A 00                     635 	.db #0x00	; 0
      00031B 00                     636 	.db #0x00	; 0
      00031C 00                     637 	.db #0x00	; 0
      00031D 00                     638 	.db #0x00	; 0
      00031E 00                     639 	.db #0x00	; 0
      00031F 00                     640 	.db #0x00	; 0
      000320 00                     641 	.db #0x00	; 0
      000321 00                     642 	.db #0x00	; 0
      000322 00                     643 	.db #0x00	; 0
      000323 00                     644 	.db #0x00	; 0
      000324 00                     645 	.db #0x00	; 0
      000325 00                     646 	.db #0x00	; 0
      000326 00                     647 	.db #0x00	; 0
      000327 00                     648 	.db #0x00	; 0
      000328 00                     649 	.db #0x00	; 0
      000329 00                     650 	.db #0x00	; 0
      00032A 00                     651 	.db #0x00	; 0
      00032B 00                     652 	.db #0x00	; 0
      00032C 00                     653 	.db #0x00	; 0
      00032D 00                     654 	.db #0x00	; 0
      00032E 00                     655 	.db #0x00	; 0
      00032F 00                     656 	.db #0x00	; 0
      000330 00                     657 	.db #0x00	; 0
      000331 00                     658 	.db #0x00	; 0
      000332 00                     659 	.db #0x00	; 0
      000333 00                     660 	.db #0x00	; 0
      000334 00                     661 	.db #0x00	; 0
      000335 00                     662 	.db #0x00	; 0
      000336 00                     663 	.db #0x00	; 0
      000337 00                     664 	.db #0x00	; 0
      000338 00                     665 	.db #0x00	; 0
      000339 00                     666 	.db #0x00	; 0
      00033A 00                     667 	.db #0x00	; 0
      00033B 00                     668 	.db #0x00	; 0
      00033C 00                     669 	.db #0x00	; 0
      00033D 00                     670 	.db #0x00	; 0
      00033E 00                     671 	.db #0x00	; 0
      00033F 00                     672 	.db #0x00	; 0
      000340 00                     673 	.db #0x00	; 0
      000341 00                     674 	.db #0x00	; 0
      000342 00                     675 	.db #0x00	; 0
      000343 00                     676 	.db #0x00	; 0
      000344 00                     677 	.db #0x00	; 0
      000345 00                     678 	.db #0x00	; 0
      000346 00                     679 	.db #0x00	; 0
      000347 00                     680 	.db #0x00	; 0
      000348 00                     681 	.db #0x00	; 0
      000349 00                     682 	.db #0x00	; 0
      00034A 00                     683 	.db #0x00	; 0
      00034B 00                     684 	.db #0x00	; 0
      00034C 00                     685 	.db #0x00	; 0
      00034D 00                     686 	.db #0x00	; 0
      00034E 00                     687 	.db #0x00	; 0
      00034F 00                     688 	.db #0x00	; 0
      000350 00                     689 	.db #0x00	; 0
      000351 00                     690 	.db #0x00	; 0
      000352 00                     691 	.db #0x00	; 0
      000353 00                     692 	.db #0x00	; 0
      000354 00                     693 	.db #0x00	; 0
      000355 01                     694 	.db #0x01	; 1
      000356 01                     695 	.db #0x01	; 1
      000357 00                     696 	.db #0x00	; 0
      000358 00                     697 	.db #0x00	; 0
      000359 01                     698 	.db #0x01	; 1
      00035A 01                     699 	.db #0x01	; 1
      00035B 00                     700 	.db #0x00	; 0
      00035C 00                     701 	.db #0x00	; 0
      00035D 00                     702 	.db #0x00	; 0
      00035E 00                     703 	.db #0x00	; 0
      00035F 00                     704 	.db #0x00	; 0
      000360 00                     705 	.db #0x00	; 0
      000361 00                     706 	.db #0x00	; 0
      000362 00                     707 	.db #0x00	; 0
      000363 00                     708 	.db #0x00	; 0
      000364 00                     709 	.db #0x00	; 0
      000365 01                     710 	.db #0x01	; 1
      000366 01                     711 	.db #0x01	; 1
      000367 00                     712 	.db #0x00	; 0
      000368 00                     713 	.db #0x00	; 0
      000369 01                     714 	.db #0x01	; 1
      00036A 01                     715 	.db #0x01	; 1
      00036B 00                     716 	.db #0x00	; 0
      00036C 00                     717 	.db #0x00	; 0
      00036D 00                     718 	.db #0x00	; 0
      00036E 00                     719 	.db #0x00	; 0
      00036F 00                     720 	.db #0x00	; 0
      000370 00                     721 	.db #0x00	; 0
      000371 00                     722 	.db #0x00	; 0
      000372 00                     723 	.db #0x00	; 0
      000373 00                     724 	.db #0x00	; 0
      000374 00                     725 	.db #0x00	; 0
      000375 00                     726 	.db #0x00	; 0
      000376 00                     727 	.db #0x00	; 0
      000377 00                     728 	.db #0x00	; 0
      000378 00                     729 	.db #0x00	; 0
      000379 00                     730 	.db #0x00	; 0
      00037A 00                     731 	.db #0x00	; 0
      00037B 00                     732 	.db #0x00	; 0
      00037C 00                     733 	.db #0x00	; 0
      00037D 00                     734 	.db #0x00	; 0
      00037E 00                     735 	.db #0x00	; 0
      00037F 00                     736 	.db #0x00	; 0
      000380 00                     737 	.db #0x00	; 0
      000381 00                     738 	.db #0x00	; 0
      000382 00                     739 	.db #0x00	; 0
      000383 00                     740 	.db #0x00	; 0
      000384 00                     741 	.db #0x00	; 0
      000385 00                     742 	.db #0x00	; 0
      000386 00                     743 	.db #0x00	; 0
      000387 00                     744 	.db #0x00	; 0
      000388 00                     745 	.db #0x00	; 0
      000389 00                     746 	.db #0x00	; 0
      00038A 00                     747 	.db #0x00	; 0
      00038B 00                     748 	.db #0x00	; 0
      00038C 00                     749 	.db #0x00	; 0
      00038D 00                     750 	.db #0x00	; 0
      00038E 00                     751 	.db #0x00	; 0
      00038F 00                     752 	.db #0x00	; 0
      000390 00                     753 	.db #0x00	; 0
      000391 00                     754 	.db #0x00	; 0
      000392 00                     755 	.db #0x00	; 0
      000393 00                     756 	.db #0x00	; 0
      000394 00                     757 	.db #0x00	; 0
      000395 01                     758 	.db #0x01	; 1
      000396 01                     759 	.db #0x01	; 1
      000397 00                     760 	.db #0x00	; 0
      000398 00                     761 	.db #0x00	; 0
      000399 01                     762 	.db #0x01	; 1
      00039A 01                     763 	.db #0x01	; 1
      00039B 00                     764 	.db #0x00	; 0
      00039C 00                     765 	.db #0x00	; 0
      00039D 00                     766 	.db #0x00	; 0
      00039E 00                     767 	.db #0x00	; 0
      00039F 00                     768 	.db #0x00	; 0
      0003A0 00                     769 	.db #0x00	; 0
      0003A1 00                     770 	.db #0x00	; 0
      0003A2 00                     771 	.db #0x00	; 0
      0003A3 00                     772 	.db #0x00	; 0
      0003A4 00                     773 	.db #0x00	; 0
      0003A5 01                     774 	.db #0x01	; 1
      0003A6 01                     775 	.db #0x01	; 1
      0003A7 00                     776 	.db #0x00	; 0
      0003A8 00                     777 	.db #0x00	; 0
      0003A9 01                     778 	.db #0x01	; 1
      0003AA 01                     779 	.db #0x01	; 1
      0003AB 00                     780 	.db #0x00	; 0
      0003AC 00                     781 	.db #0x00	; 0
      0003AD 00                     782 	.db #0x00	; 0
      0003AE 00                     783 	.db #0x00	; 0
      0003AF 00                     784 	.db #0x00	; 0
      0003B0 00                     785 	.db #0x00	; 0
      0003B1 00                     786 	.db #0x00	; 0
      0003B2 00                     787 	.db #0x00	; 0
      0003B3 00                     788 	.db #0x00	; 0
      0003B4 00                     789 	.db #0x00	; 0
      0003B5 00                     790 	.db #0x00	; 0
      0003B6 00                     791 	.db #0x00	; 0
      0003B7 00                     792 	.db #0x00	; 0
      0003B8 00                     793 	.db #0x00	; 0
      0003B9 00                     794 	.db #0x00	; 0
      0003BA 00                     795 	.db #0x00	; 0
      0003BB 00                     796 	.db #0x00	; 0
      0003BC 00                     797 	.db #0x00	; 0
      0003BD 00                     798 	.db #0x00	; 0
      0003BE 00                     799 	.db #0x00	; 0
      0003BF 00                     800 	.db #0x00	; 0
      0003C0 00                     801 	.db #0x00	; 0
      0003C1 00                     802 	.db #0x00	; 0
      0003C2 00                     803 	.db #0x00	; 0
      0003C3 00                     804 	.db #0x00	; 0
      0003C4 00                     805 	.db #0x00	; 0
      0003C5 00                     806 	.db #0x00	; 0
      0003C6 00                     807 	.db #0x00	; 0
      0003C7 00                     808 	.db #0x00	; 0
      0003C8 00                     809 	.db #0x00	; 0
      0003C9 00                     810 	.db #0x00	; 0
      0003CA 00                     811 	.db #0x00	; 0
      0003CB 00                     812 	.db #0x00	; 0
      0003CC 00                     813 	.db #0x00	; 0
      0003CD 00                     814 	.db #0x00	; 0
      0003CE 00                     815 	.db #0x00	; 0
      0003CF 00                     816 	.db #0x00	; 0
      0003D0 00                     817 	.db #0x00	; 0
      0003D1 00                     818 	.db #0x00	; 0
      0003D2 00                     819 	.db #0x00	; 0
      0003D3 00                     820 	.db #0x00	; 0
      0003D4 00                     821 	.db #0x00	; 0
      0003D5 00                     822 	.db #0x00	; 0
      0003D6 00                     823 	.db #0x00	; 0
      0003D7 00                     824 	.db #0x00	; 0
      0003D8 00                     825 	.db #0x00	; 0
      0003D9 00                     826 	.db #0x00	; 0
      0003DA 00                     827 	.db #0x00	; 0
      0003DB 00                     828 	.db #0x00	; 0
      0003DC 00                     829 	.db #0x00	; 0
      0003DD 00                     830 	.db #0x00	; 0
      0003DE 00                     831 	.db #0x00	; 0
      0003DF 00                     832 	.db #0x00	; 0
      0003E0 00                     833 	.db #0x00	; 0
      0003E1 00                     834 	.db #0x00	; 0
      0003E2 00                     835 	.db #0x00	; 0
      0003E3 00                     836 	.db #0x00	; 0
      0003E4 00                     837 	.db #0x00	; 0
      0003E5 00                     838 	.db #0x00	; 0
      0003E6 00                     839 	.db #0x00	; 0
      0003E7 00                     840 	.db #0x00	; 0
      0003E8 00                     841 	.db #0x00	; 0
      0003E9 00                     842 	.db #0x00	; 0
      0003EA 00                     843 	.db #0x00	; 0
      0003EB 00                     844 	.db #0x00	; 0
      0003EC 00                     845 	.db #0x00	; 0
      0003ED 00                     846 	.db #0x00	; 0
      0003EE 00                     847 	.db #0x00	; 0
      0003EF 00                     848 	.db #0x00	; 0
      0003F0 00                     849 	.db #0x00	; 0
      0003F1 00                     850 	.db #0x00	; 0
      0003F2 00                     851 	.db #0x00	; 0
      0003F3 00                     852 	.db #0x00	; 0
      0003F4 00                     853 	.db #0x00	; 0
      0003F5 00                     854 	.db #0x00	; 0
      0003F6 00                     855 	.db #0x00	; 0
      0003F7 00                     856 	.db #0x00	; 0
      0003F8 00                     857 	.db #0x00	; 0
      0003F9 00                     858 	.db #0x00	; 0
      0003FA 00                     859 	.db #0x00	; 0
      0003FB 00                     860 	.db #0x00	; 0
      0003FC 00                     861 	.db #0x00	; 0
      0003FD 00                     862 	.db #0x00	; 0
      0003FE 00                     863 	.db #0x00	; 0
      0003FF 00                     864 	.db #0x00	; 0
                                    865 	.area XINIT   (CODE)
                                    866 	.area CABS    (ABS,CODE)
