                                      1 ;--------------------------------------------------------
                                      2 ; File Created by SDCC : free open source ANSI-C Compiler
                                      3 ; Version 3.5.5 #9380 (Linux)
                                      4 ; This file was generated Tue Nov 17 16:52:53 2015
                                      5 ;--------------------------------------------------------
                                      6 	.module route
                                      7 	.optsdcc -mmcs51 --model-large
                                      8 	
                                      9 ;--------------------------------------------------------
                                     10 ; Public variables in this module
                                     11 ;--------------------------------------------------------
                                     12 	.globl _linkaddr_cmp
                                     13 	.globl _linkaddr_copy
                                     14 	.globl _ctimer_set
                                     15 	.globl _memb_free
                                     16 	.globl _memb_alloc
                                     17 	.globl _memb_init
                                     18 	.globl _list_item_next
                                     19 	.globl _list_remove
                                     20 	.globl _list_push
                                     21 	.globl _list_pop
                                     22 	.globl _list_head
                                     23 	.globl _list_init
                                     24 	.globl _route_init
                                     25 	.globl _route_add
                                     26 	.globl _route_lookup
                                     27 	.globl _route_refresh
                                     28 	.globl _route_decay
                                     29 	.globl _route_remove
                                     30 	.globl _route_flush_all
                                     31 	.globl _route_set_lifetime
                                     32 	.globl _route_num
                                     33 	.globl _route_get
                                     34 ;--------------------------------------------------------
                                     35 ; special function registers
                                     36 ;--------------------------------------------------------
                                     37 	.area RSEG    (ABS,DATA)
      000000                         38 	.org 0x0000
                                     39 ;--------------------------------------------------------
                                     40 ; special function bits
                                     41 ;--------------------------------------------------------
                                     42 	.area RSEG    (ABS,DATA)
      000000                         43 	.org 0x0000
                                     44 ;--------------------------------------------------------
                                     45 ; overlayable register banks
                                     46 ;--------------------------------------------------------
                                     47 	.area REG_BANK_0	(REL,OVR,DATA)
      000000                         48 	.ds 8
                                     49 ;--------------------------------------------------------
                                     50 ; internal ram data
                                     51 ;--------------------------------------------------------
                                     52 	.area DSEG    (DATA)
                                     53 ;--------------------------------------------------------
                                     54 ; overlayable items in internal ram 
                                     55 ;--------------------------------------------------------
                                     56 ;--------------------------------------------------------
                                     57 ; indirectly addressable internal ram data
                                     58 ;--------------------------------------------------------
                                     59 	.area ISEG    (DATA)
                                     60 ;--------------------------------------------------------
                                     61 ; absolute internal ram data
                                     62 ;--------------------------------------------------------
                                     63 	.area IABS    (ABS,DATA)
                                     64 	.area IABS    (ABS,DATA)
                                     65 ;--------------------------------------------------------
                                     66 ; bit data
                                     67 ;--------------------------------------------------------
                                     68 	.area BSEG    (BIT)
                                     69 ;--------------------------------------------------------
                                     70 ; paged external ram data
                                     71 ;--------------------------------------------------------
                                     72 	.area PSEG    (PAG,XDATA)
                                     73 ;--------------------------------------------------------
                                     74 ; external ram data
                                     75 ;--------------------------------------------------------
                                     76 	.area XSEG    (XDATA)
      000000                         77 _route_mem_memb_count:
      000000                         78 	.ds 8
      000008                         79 _route_mem_memb_mem:
      000008                         80 	.ds 96
      000068                         81 _t:
      000068                         82 	.ds 21
                                     83 ;--------------------------------------------------------
                                     84 ; absolute external ram data
                                     85 ;--------------------------------------------------------
                                     86 	.area XABS    (ABS,XDATA)
                                     87 ;--------------------------------------------------------
                                     88 ; external initialized ram data
                                     89 ;--------------------------------------------------------
                                     90 	.area XISEG   (XDATA)
      000000                         91 _route_table_list:
      000000                         92 	.ds 3
      000003                         93 _route_table:
      000003                         94 	.ds 3
      000006                         95 _route_mem:
      000006                         96 	.ds 10
      000010                         97 _max_time:
      000010                         98 	.ds 2
                                     99 	.area HOME    (CODE)
                                    100 	.area GSINIT0 (CODE)
                                    101 	.area GSINIT1 (CODE)
                                    102 	.area GSINIT2 (CODE)
                                    103 	.area GSINIT3 (CODE)
                                    104 	.area GSINIT4 (CODE)
                                    105 	.area GSINIT5 (CODE)
                                    106 	.area GSINIT  (CODE)
                                    107 	.area GSFINAL (CODE)
                                    108 	.area CSEG    (CODE)
                                    109 ;--------------------------------------------------------
                                    110 ; global & static initialisations
                                    111 ;--------------------------------------------------------
                                    112 	.area HOME    (CODE)
                                    113 	.area GSINIT  (CODE)
                                    114 	.area GSFINAL (CODE)
                                    115 	.area GSINIT  (CODE)
                                    116 ;--------------------------------------------------------
                                    117 ; Home
                                    118 ;--------------------------------------------------------
                                    119 	.area HOME    (CODE)
                                    120 	.area HOME    (CODE)
                                    121 ;--------------------------------------------------------
                                    122 ; code
                                    123 ;--------------------------------------------------------
                                    124 	.area CSEG    (CODE)
                                    125 ;------------------------------------------------------------
                                    126 ;Allocation info for local variables in function 'periodic'
                                    127 ;------------------------------------------------------------
                                    128 ;ptr                       Allocated to registers 
                                    129 ;e                         Allocated to stack - sp -2
                                    130 ;------------------------------------------------------------
                                    131 ;	/opt/contiki/core/net/rime/route.c:92: periodic(void *ptr)
                                    132 ;	-----------------------------------------
                                    133 ;	 function periodic
                                    134 ;	-----------------------------------------
      000000                        135 _periodic:
                           000007   136 	ar7 = 0x07
                           000006   137 	ar6 = 0x06
                           000005   138 	ar5 = 0x05
                           000004   139 	ar4 = 0x04
                           000003   140 	ar3 = 0x03
                           000002   141 	ar2 = 0x02
                           000001   142 	ar1 = 0x01
                           000000   143 	ar0 = 0x00
      000000 05 81            [12]  144 	inc	sp
      000002 05 81            [12]  145 	inc	sp
      000004 05 81            [12]  146 	inc	sp
                                    147 ;	/opt/contiki/core/net/rime/route.c:96: for(e = list_head(route_table); e != NULL; e = list_item_next(e)) {
      000006 90r00r03         [24]  148 	mov	dptr,#_route_table
      000009 E0               [24]  149 	movx	a,@dptr
      00000A FD               [12]  150 	mov	r5,a
      00000B A3               [24]  151 	inc	dptr
      00000C E0               [24]  152 	movx	a,@dptr
      00000D FE               [12]  153 	mov	r6,a
      00000E A3               [24]  154 	inc	dptr
      00000F E0               [24]  155 	movx	a,@dptr
      000010 FF               [12]  156 	mov	r7,a
      000011 8D 82            [24]  157 	mov	dpl,r5
      000013 8E 83            [24]  158 	mov	dph,r6
      000015 8F F0            [24]  159 	mov	b,r7
      000017 12r00r00         [24]  160 	lcall	_list_head
      00001A AD 82            [24]  161 	mov	r5,dpl
      00001C AE 83            [24]  162 	mov	r6,dph
      00001E AF F0            [24]  163 	mov	r7,b
      000020 A8 81            [24]  164 	mov	r0,sp
      000022 18               [12]  165 	dec	r0
      000023 18               [12]  166 	dec	r0
      000024 A6 05            [24]  167 	mov	@r0,ar5
      000026 08               [12]  168 	inc	r0
      000027 A6 06            [24]  169 	mov	@r0,ar6
      000029 08               [12]  170 	inc	r0
      00002A A6 07            [24]  171 	mov	@r0,ar7
      00002C                        172 00105$:
      00002C A8 81            [24]  173 	mov	r0,sp
      00002E 18               [12]  174 	dec	r0
      00002F 18               [12]  175 	dec	r0
      000030 E4               [12]  176 	clr	a
      000031 C0 E0            [24]  177 	push	acc
      000033 C0 E0            [24]  178 	push	acc
      000035 C0 E0            [24]  179 	push	acc
      000037 86 82            [24]  180 	mov	dpl,@r0
      000039 08               [12]  181 	inc	r0
      00003A 86 83            [24]  182 	mov	dph,@r0
      00003C 08               [12]  183 	inc	r0
      00003D 86 F0            [24]  184 	mov	b,@r0
      00003F 12r00r00         [24]  185 	lcall	___gptr_cmp
      000042 15 81            [12]  186 	dec	sp
      000044 15 81            [12]  187 	dec	sp
      000046 15 81            [12]  188 	dec	sp
      000048 70 03            [24]  189 	jnz	00118$
      00004A 02r01r01         [24]  190 	ljmp	00103$
      00004D                        191 00118$:
                                    192 ;	/opt/contiki/core/net/rime/route.c:97: e->time++;
      00004D A8 81            [24]  193 	mov	r0,sp
      00004F 18               [12]  194 	dec	r0
      000050 18               [12]  195 	dec	r0
      000051 74 09            [12]  196 	mov	a,#0x09
      000053 26               [12]  197 	add	a,@r0
      000054 FA               [12]  198 	mov	r2,a
      000055 E4               [12]  199 	clr	a
      000056 08               [12]  200 	inc	r0
      000057 36               [12]  201 	addc	a,@r0
      000058 FB               [12]  202 	mov	r3,a
      000059 08               [12]  203 	inc	r0
      00005A 86 04            [24]  204 	mov	ar4,@r0
      00005C 8A 82            [24]  205 	mov	dpl,r2
      00005E 8B 83            [24]  206 	mov	dph,r3
      000060 8C F0            [24]  207 	mov	b,r4
      000062 12r00r00         [24]  208 	lcall	__gptrget
      000065 FF               [12]  209 	mov	r7,a
      000066 0F               [12]  210 	inc	r7
      000067 8A 82            [24]  211 	mov	dpl,r2
      000069 8B 83            [24]  212 	mov	dph,r3
      00006B 8C F0            [24]  213 	mov	b,r4
      00006D EF               [12]  214 	mov	a,r7
      00006E 12r00r00         [24]  215 	lcall	__gptrput
                                    216 ;	/opt/contiki/core/net/rime/route.c:98: if(e->time >= max_time) {
      000071 90r00r10         [24]  217 	mov	dptr,#_max_time
      000074 E0               [24]  218 	movx	a,@dptr
      000075 FD               [12]  219 	mov	r5,a
      000076 A3               [24]  220 	inc	dptr
      000077 E0               [24]  221 	movx	a,@dptr
      000078 FE               [12]  222 	mov	r6,a
      000079 7C 00            [12]  223 	mov	r4,#0x00
      00007B C3               [12]  224 	clr	c
      00007C EF               [12]  225 	mov	a,r7
      00007D 9D               [12]  226 	subb	a,r5
      00007E EC               [12]  227 	mov	a,r4
      00007F 64 80            [12]  228 	xrl	a,#0x80
      000081 8E F0            [24]  229 	mov	b,r6
      000083 63 F0 80         [24]  230 	xrl	b,#0x80
      000086 95 F0            [12]  231 	subb	a,b
      000088 40 4D            [24]  232 	jc	00106$
                                    233 ;	/opt/contiki/core/net/rime/route.c:103: list_remove(route_table, e);
      00008A A8 81            [24]  234 	mov	r0,sp
      00008C 18               [12]  235 	dec	r0
      00008D 18               [12]  236 	dec	r0
      00008E 86 02            [24]  237 	mov	ar2,@r0
      000090 08               [12]  238 	inc	r0
      000091 86 03            [24]  239 	mov	ar3,@r0
      000093 08               [12]  240 	inc	r0
      000094 86 04            [24]  241 	mov	ar4,@r0
      000096 90r00r03         [24]  242 	mov	dptr,#_route_table
      000099 E0               [24]  243 	movx	a,@dptr
      00009A FD               [12]  244 	mov	r5,a
      00009B A3               [24]  245 	inc	dptr
      00009C E0               [24]  246 	movx	a,@dptr
      00009D FE               [12]  247 	mov	r6,a
      00009E A3               [24]  248 	inc	dptr
      00009F E0               [24]  249 	movx	a,@dptr
      0000A0 FF               [12]  250 	mov	r7,a
      0000A1 C0 02            [24]  251 	push	ar2
      0000A3 C0 03            [24]  252 	push	ar3
      0000A5 C0 04            [24]  253 	push	ar4
      0000A7 8D 82            [24]  254 	mov	dpl,r5
      0000A9 8E 83            [24]  255 	mov	dph,r6
      0000AB 8F F0            [24]  256 	mov	b,r7
      0000AD 12r00r00         [24]  257 	lcall	_list_remove
      0000B0 15 81            [12]  258 	dec	sp
      0000B2 15 81            [12]  259 	dec	sp
      0000B4 15 81            [12]  260 	dec	sp
                                    261 ;	/opt/contiki/core/net/rime/route.c:104: memb_free(&route_mem, e);
      0000B6 A8 81            [24]  262 	mov	r0,sp
      0000B8 18               [12]  263 	dec	r0
      0000B9 18               [12]  264 	dec	r0
      0000BA 86 05            [24]  265 	mov	ar5,@r0
      0000BC 08               [12]  266 	inc	r0
      0000BD 86 06            [24]  267 	mov	ar6,@r0
      0000BF 08               [12]  268 	inc	r0
      0000C0 86 07            [24]  269 	mov	ar7,@r0
      0000C2 C0 05            [24]  270 	push	ar5
      0000C4 C0 06            [24]  271 	push	ar6
      0000C6 C0 07            [24]  272 	push	ar7
      0000C8 90r00r06         [24]  273 	mov	dptr,#_route_mem
      0000CB 75 F0 00         [24]  274 	mov	b,#0x00
      0000CE 12r00r00         [24]  275 	lcall	_memb_free
      0000D1 15 81            [12]  276 	dec	sp
      0000D3 15 81            [12]  277 	dec	sp
      0000D5 15 81            [12]  278 	dec	sp
      0000D7                        279 00106$:
                                    280 ;	/opt/contiki/core/net/rime/route.c:96: for(e = list_head(route_table); e != NULL; e = list_item_next(e)) {
      0000D7 A8 81            [24]  281 	mov	r0,sp
      0000D9 18               [12]  282 	dec	r0
      0000DA 18               [12]  283 	dec	r0
      0000DB 86 05            [24]  284 	mov	ar5,@r0
      0000DD 08               [12]  285 	inc	r0
      0000DE 86 06            [24]  286 	mov	ar6,@r0
      0000E0 08               [12]  287 	inc	r0
      0000E1 86 07            [24]  288 	mov	ar7,@r0
      0000E3 8D 82            [24]  289 	mov	dpl,r5
      0000E5 8E 83            [24]  290 	mov	dph,r6
      0000E7 8F F0            [24]  291 	mov	b,r7
      0000E9 12r00r00         [24]  292 	lcall	_list_item_next
      0000EC AD 82            [24]  293 	mov	r5,dpl
      0000EE AE 83            [24]  294 	mov	r6,dph
      0000F0 AF F0            [24]  295 	mov	r7,b
      0000F2 A8 81            [24]  296 	mov	r0,sp
      0000F4 18               [12]  297 	dec	r0
      0000F5 18               [12]  298 	dec	r0
      0000F6 A6 05            [24]  299 	mov	@r0,ar5
      0000F8 08               [12]  300 	inc	r0
      0000F9 A6 06            [24]  301 	mov	@r0,ar6
      0000FB 08               [12]  302 	inc	r0
      0000FC A6 07            [24]  303 	mov	@r0,ar7
      0000FE 02r00r2C         [24]  304 	ljmp	00105$
      000101                        305 00103$:
                                    306 ;	/opt/contiki/core/net/rime/route.c:108: ctimer_set(&t, CLOCK_SECOND, periodic, NULL);
      000101 E4               [12]  307 	clr	a
      000102 C0 E0            [24]  308 	push	acc
      000104 C0 E0            [24]  309 	push	acc
      000106 C0 E0            [24]  310 	push	acc
      000108 74r00            [12]  311 	mov	a,#_periodic
      00010A C0 E0            [24]  312 	push	acc
      00010C 74s00            [12]  313 	mov	a,#(_periodic >> 8)
      00010E C0 E0            [24]  314 	push	acc
      000110 74 80            [12]  315 	mov	a,#0x80
      000112 C0 E0            [24]  316 	push	acc
      000114 E4               [12]  317 	clr	a
      000115 C0 E0            [24]  318 	push	acc
      000117 90r00r68         [24]  319 	mov	dptr,#_t
      00011A 75 F0 00         [24]  320 	mov	b,#0x00
      00011D 12r00r00         [24]  321 	lcall	_ctimer_set
      000120 E5 81            [12]  322 	mov	a,sp
      000122 24 F9            [12]  323 	add	a,#0xf9
      000124 F5 81            [12]  324 	mov	sp,a
      000126 15 81            [12]  325 	dec	sp
      000128 15 81            [12]  326 	dec	sp
      00012A 15 81            [12]  327 	dec	sp
      00012C 22               [24]  328 	ret
                                    329 ;------------------------------------------------------------
                                    330 ;Allocation info for local variables in function 'route_init'
                                    331 ;------------------------------------------------------------
                                    332 ;	/opt/contiki/core/net/rime/route.c:112: route_init(void)
                                    333 ;	-----------------------------------------
                                    334 ;	 function route_init
                                    335 ;	-----------------------------------------
      00012D                        336 _route_init:
                                    337 ;	/opt/contiki/core/net/rime/route.c:114: list_init(route_table);
      00012D 90r00r03         [24]  338 	mov	dptr,#_route_table
      000130 E0               [24]  339 	movx	a,@dptr
      000131 FD               [12]  340 	mov	r5,a
      000132 A3               [24]  341 	inc	dptr
      000133 E0               [24]  342 	movx	a,@dptr
      000134 FE               [12]  343 	mov	r6,a
      000135 A3               [24]  344 	inc	dptr
      000136 E0               [24]  345 	movx	a,@dptr
      000137 FF               [12]  346 	mov	r7,a
      000138 8D 82            [24]  347 	mov	dpl,r5
      00013A 8E 83            [24]  348 	mov	dph,r6
      00013C 8F F0            [24]  349 	mov	b,r7
      00013E 12r00r00         [24]  350 	lcall	_list_init
                                    351 ;	/opt/contiki/core/net/rime/route.c:115: memb_init(&route_mem);
      000141 90r00r06         [24]  352 	mov	dptr,#_route_mem
      000144 75 F0 00         [24]  353 	mov	b,#0x00
      000147 12r00r00         [24]  354 	lcall	_memb_init
                                    355 ;	/opt/contiki/core/net/rime/route.c:117: ctimer_set(&t, CLOCK_SECOND, periodic, NULL);
      00014A E4               [12]  356 	clr	a
      00014B C0 E0            [24]  357 	push	acc
      00014D C0 E0            [24]  358 	push	acc
      00014F C0 E0            [24]  359 	push	acc
      000151 74r00            [12]  360 	mov	a,#_periodic
      000153 C0 E0            [24]  361 	push	acc
      000155 74s00            [12]  362 	mov	a,#(_periodic >> 8)
      000157 C0 E0            [24]  363 	push	acc
      000159 74 80            [12]  364 	mov	a,#0x80
      00015B C0 E0            [24]  365 	push	acc
      00015D E4               [12]  366 	clr	a
      00015E C0 E0            [24]  367 	push	acc
      000160 90r00r68         [24]  368 	mov	dptr,#_t
      000163 75 F0 00         [24]  369 	mov	b,#0x00
      000166 12r00r00         [24]  370 	lcall	_ctimer_set
      000169 E5 81            [12]  371 	mov	a,sp
      00016B 24 F9            [12]  372 	add	a,#0xf9
      00016D F5 81            [12]  373 	mov	sp,a
      00016F 22               [24]  374 	ret
                                    375 ;------------------------------------------------------------
                                    376 ;Allocation info for local variables in function 'route_add'
                                    377 ;------------------------------------------------------------
                                    378 ;nexthop                   Allocated to stack - sp -13
                                    379 ;cost                      Allocated to stack - sp -14
                                    380 ;seqno                     Allocated to stack - sp -15
                                    381 ;dest                      Allocated to stack - sp -8
                                    382 ;e                         Allocated to stack - sp -5
                                    383 ;oldest                    Allocated to stack - sp -2
                                    384 ;sloc0                     Allocated to stack - sp +1
                                    385 ;------------------------------------------------------------
                                    386 ;	/opt/contiki/core/net/rime/route.c:121: route_add(const linkaddr_t *dest, const linkaddr_t *nexthop,
                                    387 ;	-----------------------------------------
                                    388 ;	 function route_add
                                    389 ;	-----------------------------------------
      000170                        390 _route_add:
      000170 C0 82            [24]  391 	push	dpl
      000172 C0 83            [24]  392 	push	dph
      000174 C0 F0            [24]  393 	push	b
      000176 E5 81            [12]  394 	mov	a,sp
      000178 24 06            [12]  395 	add	a,#0x06
      00017A F5 81            [12]  396 	mov	sp,a
                                    397 ;	/opt/contiki/core/net/rime/route.c:124: struct route_entry *e, *oldest = NULL;
      00017C A8 81            [24]  398 	mov	r0,sp
      00017E 18               [12]  399 	dec	r0
      00017F 18               [12]  400 	dec	r0
      000180 E4               [12]  401 	clr	a
      000181 F6               [12]  402 	mov	@r0,a
      000182 08               [12]  403 	inc	r0
      000183 F6               [12]  404 	mov	@r0,a
      000184 08               [12]  405 	inc	r0
      000185 76 00            [12]  406 	mov	@r0,#0x00
                                    407 ;	/opt/contiki/core/net/rime/route.c:127: e = route_lookup(dest);
      000187 E5 81            [12]  408 	mov	a,sp
      000189 24 F8            [12]  409 	add	a,#0xf8
      00018B F8               [12]  410 	mov	r0,a
      00018C 86 82            [24]  411 	mov	dpl,@r0
      00018E 08               [12]  412 	inc	r0
      00018F 86 83            [24]  413 	mov	dph,@r0
      000191 08               [12]  414 	inc	r0
      000192 86 F0            [24]  415 	mov	b,@r0
      000194 12r04r54         [24]  416 	lcall	_route_lookup
      000197 AF 82            [24]  417 	mov	r7,dpl
      000199 AE 83            [24]  418 	mov	r6,dph
      00019B AD F0            [24]  419 	mov	r5,b
      00019D E5 81            [12]  420 	mov	a,sp
      00019F 24 FB            [12]  421 	add	a,#0xfb
      0001A1 F8               [12]  422 	mov	r0,a
      0001A2 A6 07            [24]  423 	mov	@r0,ar7
      0001A4 08               [12]  424 	inc	r0
      0001A5 A6 06            [24]  425 	mov	@r0,ar6
      0001A7 08               [12]  426 	inc	r0
      0001A8 A6 05            [24]  427 	mov	@r0,ar5
                                    428 ;	/opt/contiki/core/net/rime/route.c:128: if(e != NULL && linkaddr_cmp(&e->nexthop, nexthop)) {
      0001AA E5 81            [12]  429 	mov	a,sp
      0001AC 24 FB            [12]  430 	add	a,#0xfb
      0001AE F8               [12]  431 	mov	r0,a
      0001AF E6               [12]  432 	mov	a,@r0
      0001B0 08               [12]  433 	inc	r0
      0001B1 46               [12]  434 	orl	a,@r0
      0001B2 60 67            [24]  435 	jz	00108$
      0001B4 E5 81            [12]  436 	mov	a,sp
      0001B6 24 FB            [12]  437 	add	a,#0xfb
      0001B8 F8               [12]  438 	mov	r0,a
      0001B9 74 05            [12]  439 	mov	a,#0x05
      0001BB 26               [12]  440 	add	a,@r0
      0001BC FA               [12]  441 	mov	r2,a
      0001BD E4               [12]  442 	clr	a
      0001BE 08               [12]  443 	inc	r0
      0001BF 36               [12]  444 	addc	a,@r0
      0001C0 FB               [12]  445 	mov	r3,a
      0001C1 08               [12]  446 	inc	r0
      0001C2 86 04            [24]  447 	mov	ar4,@r0
      0001C4 E5 81            [12]  448 	mov	a,sp
      0001C6 24 F3            [12]  449 	add	a,#0xf3
      0001C8 F8               [12]  450 	mov	r0,a
      0001C9 E6               [12]  451 	mov	a,@r0
      0001CA C0 E0            [24]  452 	push	acc
      0001CC 08               [12]  453 	inc	r0
      0001CD E6               [12]  454 	mov	a,@r0
      0001CE C0 E0            [24]  455 	push	acc
      0001D0 08               [12]  456 	inc	r0
      0001D1 E6               [12]  457 	mov	a,@r0
      0001D2 C0 E0            [24]  458 	push	acc
      0001D4 8A 82            [24]  459 	mov	dpl,r2
      0001D6 8B 83            [24]  460 	mov	dph,r3
      0001D8 8C F0            [24]  461 	mov	b,r4
      0001DA 12r00r00         [24]  462 	lcall	_linkaddr_cmp
      0001DD AB 82            [24]  463 	mov	r3,dpl
      0001DF AC 83            [24]  464 	mov	r4,dph
      0001E1 15 81            [12]  465 	dec	sp
      0001E3 15 81            [12]  466 	dec	sp
      0001E5 15 81            [12]  467 	dec	sp
      0001E7 EB               [12]  468 	mov	a,r3
      0001E8 4C               [12]  469 	orl	a,r4
      0001E9 60 30            [24]  470 	jz	00108$
                                    471 ;	/opt/contiki/core/net/rime/route.c:129: list_remove(route_table, e);
      0001EB E5 81            [12]  472 	mov	a,sp
      0001ED 24 FB            [12]  473 	add	a,#0xfb
      0001EF F8               [12]  474 	mov	r0,a
      0001F0 86 04            [24]  475 	mov	ar4,@r0
      0001F2 08               [12]  476 	inc	r0
      0001F3 86 03            [24]  477 	mov	ar3,@r0
      0001F5 08               [12]  478 	inc	r0
      0001F6 86 02            [24]  479 	mov	ar2,@r0
      0001F8 90r00r03         [24]  480 	mov	dptr,#_route_table
      0001FB E0               [24]  481 	movx	a,@dptr
      0001FC FD               [12]  482 	mov	r5,a
      0001FD A3               [24]  483 	inc	dptr
      0001FE E0               [24]  484 	movx	a,@dptr
      0001FF FE               [12]  485 	mov	r6,a
      000200 A3               [24]  486 	inc	dptr
      000201 E0               [24]  487 	movx	a,@dptr
      000202 FF               [12]  488 	mov	r7,a
      000203 C0 04            [24]  489 	push	ar4
      000205 C0 03            [24]  490 	push	ar3
      000207 C0 02            [24]  491 	push	ar2
      000209 8D 82            [24]  492 	mov	dpl,r5
      00020B 8E 83            [24]  493 	mov	dph,r6
      00020D 8F F0            [24]  494 	mov	b,r7
      00020F 12r00r00         [24]  495 	lcall	_list_remove
      000212 15 81            [12]  496 	dec	sp
      000214 15 81            [12]  497 	dec	sp
      000216 15 81            [12]  498 	dec	sp
      000218 02r03r4D         [24]  499 	ljmp	00109$
      00021B                        500 00108$:
                                    501 ;	/opt/contiki/core/net/rime/route.c:132: e = memb_alloc(&route_mem);
      00021B 90r00r06         [24]  502 	mov	dptr,#_route_mem
      00021E 75 F0 00         [24]  503 	mov	b,#0x00
      000221 12r00r00         [24]  504 	lcall	_memb_alloc
      000224 AD 82            [24]  505 	mov	r5,dpl
      000226 AE 83            [24]  506 	mov	r6,dph
      000228 AF F0            [24]  507 	mov	r7,b
      00022A E5 81            [12]  508 	mov	a,sp
      00022C 24 FB            [12]  509 	add	a,#0xfb
      00022E F8               [12]  510 	mov	r0,a
      00022F A6 05            [24]  511 	mov	@r0,ar5
      000231 08               [12]  512 	inc	r0
      000232 A6 06            [24]  513 	mov	@r0,ar6
      000234 08               [12]  514 	inc	r0
      000235 A6 07            [24]  515 	mov	@r0,ar7
                                    516 ;	/opt/contiki/core/net/rime/route.c:133: if(e == NULL) {
      000237 E5 81            [12]  517 	mov	a,sp
      000239 24 FB            [12]  518 	add	a,#0xfb
      00023B F8               [12]  519 	mov	r0,a
      00023C E6               [12]  520 	mov	a,@r0
      00023D 08               [12]  521 	inc	r0
      00023E 46               [12]  522 	orl	a,@r0
      00023F 60 03            [24]  523 	jz	00136$
      000241 02r03r4D         [24]  524 	ljmp	00109$
      000244                        525 00136$:
                                    526 ;	/opt/contiki/core/net/rime/route.c:135: for(e = list_head(route_table); e != NULL; e = list_item_next(e)) {
      000244 90r00r03         [24]  527 	mov	dptr,#_route_table
      000247 E0               [24]  528 	movx	a,@dptr
      000248 FD               [12]  529 	mov	r5,a
      000249 A3               [24]  530 	inc	dptr
      00024A E0               [24]  531 	movx	a,@dptr
      00024B FE               [12]  532 	mov	r6,a
      00024C A3               [24]  533 	inc	dptr
      00024D E0               [24]  534 	movx	a,@dptr
      00024E FF               [12]  535 	mov	r7,a
      00024F 8D 82            [24]  536 	mov	dpl,r5
      000251 8E 83            [24]  537 	mov	dph,r6
      000253 8F F0            [24]  538 	mov	b,r7
      000255 12r00r00         [24]  539 	lcall	_list_head
      000258 AD 82            [24]  540 	mov	r5,dpl
      00025A AE 83            [24]  541 	mov	r6,dph
      00025C AF F0            [24]  542 	mov	r7,b
      00025E E5 81            [12]  543 	mov	a,sp
      000260 24 FB            [12]  544 	add	a,#0xfb
      000262 F8               [12]  545 	mov	r0,a
      000263 A6 05            [24]  546 	mov	@r0,ar5
      000265 08               [12]  547 	inc	r0
      000266 A6 06            [24]  548 	mov	@r0,ar6
      000268 08               [12]  549 	inc	r0
      000269 A6 07            [24]  550 	mov	@r0,ar7
      00026B                        551 00112$:
      00026B E5 81            [12]  552 	mov	a,sp
      00026D 24 FB            [12]  553 	add	a,#0xfb
      00026F F8               [12]  554 	mov	r0,a
      000270 E4               [12]  555 	clr	a
      000271 C0 E0            [24]  556 	push	acc
      000273 C0 E0            [24]  557 	push	acc
      000275 C0 E0            [24]  558 	push	acc
      000277 86 82            [24]  559 	mov	dpl,@r0
      000279 08               [12]  560 	inc	r0
      00027A 86 83            [24]  561 	mov	dph,@r0
      00027C 08               [12]  562 	inc	r0
      00027D 86 F0            [24]  563 	mov	b,@r0
      00027F 12r00r00         [24]  564 	lcall	___gptr_cmp
      000282 15 81            [12]  565 	dec	sp
      000284 15 81            [12]  566 	dec	sp
      000286 15 81            [12]  567 	dec	sp
      000288 70 03            [24]  568 	jnz	00137$
      00028A 02r03r0D         [24]  569 	ljmp	00104$
      00028D                        570 00137$:
                                    571 ;	/opt/contiki/core/net/rime/route.c:136: if(oldest == NULL || e->time >= oldest->time) {
      00028D A8 81            [24]  572 	mov	r0,sp
      00028F 18               [12]  573 	dec	r0
      000290 18               [12]  574 	dec	r0
      000291 E6               [12]  575 	mov	a,@r0
      000292 08               [12]  576 	inc	r0
      000293 46               [12]  577 	orl	a,@r0
      000294 60 38            [24]  578 	jz	00101$
      000296 E5 81            [12]  579 	mov	a,sp
      000298 24 FB            [12]  580 	add	a,#0xfb
      00029A F8               [12]  581 	mov	r0,a
      00029B 74 09            [12]  582 	mov	a,#0x09
      00029D 26               [12]  583 	add	a,@r0
      00029E FD               [12]  584 	mov	r5,a
      00029F E4               [12]  585 	clr	a
      0002A0 08               [12]  586 	inc	r0
      0002A1 36               [12]  587 	addc	a,@r0
      0002A2 FE               [12]  588 	mov	r6,a
      0002A3 08               [12]  589 	inc	r0
      0002A4 86 07            [24]  590 	mov	ar7,@r0
      0002A6 8D 82            [24]  591 	mov	dpl,r5
      0002A8 8E 83            [24]  592 	mov	dph,r6
      0002AA 8F F0            [24]  593 	mov	b,r7
      0002AC 12r00r00         [24]  594 	lcall	__gptrget
      0002AF FD               [12]  595 	mov	r5,a
      0002B0 A8 81            [24]  596 	mov	r0,sp
      0002B2 18               [12]  597 	dec	r0
      0002B3 18               [12]  598 	dec	r0
      0002B4 74 09            [12]  599 	mov	a,#0x09
      0002B6 26               [12]  600 	add	a,@r0
      0002B7 FC               [12]  601 	mov	r4,a
      0002B8 E4               [12]  602 	clr	a
      0002B9 08               [12]  603 	inc	r0
      0002BA 36               [12]  604 	addc	a,@r0
      0002BB FE               [12]  605 	mov	r6,a
      0002BC 08               [12]  606 	inc	r0
      0002BD 86 07            [24]  607 	mov	ar7,@r0
      0002BF 8C 82            [24]  608 	mov	dpl,r4
      0002C1 8E 83            [24]  609 	mov	dph,r6
      0002C3 8F F0            [24]  610 	mov	b,r7
      0002C5 12r00r00         [24]  611 	lcall	__gptrget
      0002C8 FC               [12]  612 	mov	r4,a
      0002C9 C3               [12]  613 	clr	c
      0002CA ED               [12]  614 	mov	a,r5
      0002CB 9C               [12]  615 	subb	a,r4
      0002CC 40 13            [24]  616 	jc	00113$
      0002CE                        617 00101$:
                                    618 ;	/opt/contiki/core/net/rime/route.c:137: oldest = e;
      0002CE E5 81            [12]  619 	mov	a,sp
      0002D0 24 FB            [12]  620 	add	a,#0xfb
      0002D2 F8               [12]  621 	mov	r0,a
      0002D3 A9 81            [24]  622 	mov	r1,sp
      0002D5 19               [12]  623 	dec	r1
      0002D6 19               [12]  624 	dec	r1
      0002D7 E6               [12]  625 	mov	a,@r0
      0002D8 F7               [12]  626 	mov	@r1,a
      0002D9 08               [12]  627 	inc	r0
      0002DA 09               [12]  628 	inc	r1
      0002DB E6               [12]  629 	mov	a,@r0
      0002DC F7               [12]  630 	mov	@r1,a
      0002DD 08               [12]  631 	inc	r0
      0002DE 09               [12]  632 	inc	r1
      0002DF E6               [12]  633 	mov	a,@r0
      0002E0 F7               [12]  634 	mov	@r1,a
      0002E1                        635 00113$:
                                    636 ;	/opt/contiki/core/net/rime/route.c:135: for(e = list_head(route_table); e != NULL; e = list_item_next(e)) {
      0002E1 E5 81            [12]  637 	mov	a,sp
      0002E3 24 FB            [12]  638 	add	a,#0xfb
      0002E5 F8               [12]  639 	mov	r0,a
      0002E6 86 05            [24]  640 	mov	ar5,@r0
      0002E8 08               [12]  641 	inc	r0
      0002E9 86 06            [24]  642 	mov	ar6,@r0
      0002EB 08               [12]  643 	inc	r0
      0002EC 86 07            [24]  644 	mov	ar7,@r0
      0002EE 8D 82            [24]  645 	mov	dpl,r5
      0002F0 8E 83            [24]  646 	mov	dph,r6
      0002F2 8F F0            [24]  647 	mov	b,r7
      0002F4 12r00r00         [24]  648 	lcall	_list_item_next
      0002F7 AD 82            [24]  649 	mov	r5,dpl
      0002F9 AE 83            [24]  650 	mov	r6,dph
      0002FB AF F0            [24]  651 	mov	r7,b
      0002FD E5 81            [12]  652 	mov	a,sp
      0002FF 24 FB            [12]  653 	add	a,#0xfb
      000301 F8               [12]  654 	mov	r0,a
      000302 A6 05            [24]  655 	mov	@r0,ar5
      000304 08               [12]  656 	inc	r0
      000305 A6 06            [24]  657 	mov	@r0,ar6
      000307 08               [12]  658 	inc	r0
      000308 A6 07            [24]  659 	mov	@r0,ar7
      00030A 02r02r6B         [24]  660 	ljmp	00112$
      00030D                        661 00104$:
                                    662 ;	/opt/contiki/core/net/rime/route.c:140: e = oldest;
      00030D A8 81            [24]  663 	mov	r0,sp
      00030F 18               [12]  664 	dec	r0
      000310 18               [12]  665 	dec	r0
      000311 E5 81            [12]  666 	mov	a,sp
      000313 24 FB            [12]  667 	add	a,#0xfb
      000315 F9               [12]  668 	mov	r1,a
      000316 E6               [12]  669 	mov	a,@r0
      000317 F7               [12]  670 	mov	@r1,a
      000318 08               [12]  671 	inc	r0
      000319 09               [12]  672 	inc	r1
      00031A E6               [12]  673 	mov	a,@r0
      00031B F7               [12]  674 	mov	@r1,a
      00031C 08               [12]  675 	inc	r0
      00031D 09               [12]  676 	inc	r1
      00031E E6               [12]  677 	mov	a,@r0
      00031F F7               [12]  678 	mov	@r1,a
                                    679 ;	/opt/contiki/core/net/rime/route.c:141: list_remove(route_table, e);
      000320 E5 81            [12]  680 	mov	a,sp
      000322 24 FB            [12]  681 	add	a,#0xfb
      000324 F8               [12]  682 	mov	r0,a
      000325 86 05            [24]  683 	mov	ar5,@r0
      000327 08               [12]  684 	inc	r0
      000328 86 06            [24]  685 	mov	ar6,@r0
      00032A 08               [12]  686 	inc	r0
      00032B 86 07            [24]  687 	mov	ar7,@r0
      00032D 90r00r03         [24]  688 	mov	dptr,#_route_table
      000330 E0               [24]  689 	movx	a,@dptr
      000331 FA               [12]  690 	mov	r2,a
      000332 A3               [24]  691 	inc	dptr
      000333 E0               [24]  692 	movx	a,@dptr
      000334 FB               [12]  693 	mov	r3,a
      000335 A3               [24]  694 	inc	dptr
      000336 E0               [24]  695 	movx	a,@dptr
      000337 FC               [12]  696 	mov	r4,a
      000338 C0 05            [24]  697 	push	ar5
      00033A C0 06            [24]  698 	push	ar6
      00033C C0 07            [24]  699 	push	ar7
      00033E 8A 82            [24]  700 	mov	dpl,r2
      000340 8B 83            [24]  701 	mov	dph,r3
      000342 8C F0            [24]  702 	mov	b,r4
      000344 12r00r00         [24]  703 	lcall	_list_remove
      000347 15 81            [12]  704 	dec	sp
      000349 15 81            [12]  705 	dec	sp
      00034B 15 81            [12]  706 	dec	sp
      00034D                        707 00109$:
                                    708 ;	/opt/contiki/core/net/rime/route.c:149: linkaddr_copy(&e->dest, dest);
      00034D E5 81            [12]  709 	mov	a,sp
      00034F 24 FB            [12]  710 	add	a,#0xfb
      000351 F8               [12]  711 	mov	r0,a
      000352 74 03            [12]  712 	mov	a,#0x03
      000354 26               [12]  713 	add	a,@r0
      000355 FD               [12]  714 	mov	r5,a
      000356 E4               [12]  715 	clr	a
      000357 08               [12]  716 	inc	r0
      000358 36               [12]  717 	addc	a,@r0
      000359 FE               [12]  718 	mov	r6,a
      00035A 08               [12]  719 	inc	r0
      00035B 86 07            [24]  720 	mov	ar7,@r0
      00035D E5 81            [12]  721 	mov	a,sp
      00035F 24 F8            [12]  722 	add	a,#0xf8
      000361 F8               [12]  723 	mov	r0,a
      000362 E6               [12]  724 	mov	a,@r0
      000363 C0 E0            [24]  725 	push	acc
      000365 08               [12]  726 	inc	r0
      000366 E6               [12]  727 	mov	a,@r0
      000367 C0 E0            [24]  728 	push	acc
      000369 08               [12]  729 	inc	r0
      00036A E6               [12]  730 	mov	a,@r0
      00036B C0 E0            [24]  731 	push	acc
      00036D 8D 82            [24]  732 	mov	dpl,r5
      00036F 8E 83            [24]  733 	mov	dph,r6
      000371 8F F0            [24]  734 	mov	b,r7
      000373 12r00r00         [24]  735 	lcall	_linkaddr_copy
      000376 15 81            [12]  736 	dec	sp
      000378 15 81            [12]  737 	dec	sp
      00037A 15 81            [12]  738 	dec	sp
                                    739 ;	/opt/contiki/core/net/rime/route.c:150: linkaddr_copy(&e->nexthop, nexthop);
      00037C E5 81            [12]  740 	mov	a,sp
      00037E 24 FB            [12]  741 	add	a,#0xfb
      000380 F8               [12]  742 	mov	r0,a
      000381 74 05            [12]  743 	mov	a,#0x05
      000383 26               [12]  744 	add	a,@r0
      000384 FD               [12]  745 	mov	r5,a
      000385 E4               [12]  746 	clr	a
      000386 08               [12]  747 	inc	r0
      000387 36               [12]  748 	addc	a,@r0
      000388 FE               [12]  749 	mov	r6,a
      000389 08               [12]  750 	inc	r0
      00038A 86 07            [24]  751 	mov	ar7,@r0
      00038C E5 81            [12]  752 	mov	a,sp
      00038E 24 F3            [12]  753 	add	a,#0xf3
      000390 F8               [12]  754 	mov	r0,a
      000391 E6               [12]  755 	mov	a,@r0
      000392 C0 E0            [24]  756 	push	acc
      000394 08               [12]  757 	inc	r0
      000395 E6               [12]  758 	mov	a,@r0
      000396 C0 E0            [24]  759 	push	acc
      000398 08               [12]  760 	inc	r0
      000399 E6               [12]  761 	mov	a,@r0
      00039A C0 E0            [24]  762 	push	acc
      00039C 8D 82            [24]  763 	mov	dpl,r5
      00039E 8E 83            [24]  764 	mov	dph,r6
      0003A0 8F F0            [24]  765 	mov	b,r7
      0003A2 12r00r00         [24]  766 	lcall	_linkaddr_copy
      0003A5 15 81            [12]  767 	dec	sp
      0003A7 15 81            [12]  768 	dec	sp
      0003A9 15 81            [12]  769 	dec	sp
                                    770 ;	/opt/contiki/core/net/rime/route.c:151: e->cost = cost;
      0003AB E5 81            [12]  771 	mov	a,sp
      0003AD 24 FB            [12]  772 	add	a,#0xfb
      0003AF F8               [12]  773 	mov	r0,a
      0003B0 74 08            [12]  774 	mov	a,#0x08
      0003B2 26               [12]  775 	add	a,@r0
      0003B3 FD               [12]  776 	mov	r5,a
      0003B4 E4               [12]  777 	clr	a
      0003B5 08               [12]  778 	inc	r0
      0003B6 36               [12]  779 	addc	a,@r0
      0003B7 FE               [12]  780 	mov	r6,a
      0003B8 08               [12]  781 	inc	r0
      0003B9 86 07            [24]  782 	mov	ar7,@r0
      0003BB 8D 82            [24]  783 	mov	dpl,r5
      0003BD 8E 83            [24]  784 	mov	dph,r6
      0003BF 8F F0            [24]  785 	mov	b,r7
      0003C1 E5 81            [12]  786 	mov	a,sp
      0003C3 24 F2            [12]  787 	add	a,#0xf2
      0003C5 F8               [12]  788 	mov	r0,a
      0003C6 E6               [12]  789 	mov	a,@r0
      0003C7 12r00r00         [24]  790 	lcall	__gptrput
                                    791 ;	/opt/contiki/core/net/rime/route.c:152: e->seqno = seqno;
      0003CA E5 81            [12]  792 	mov	a,sp
      0003CC 24 FB            [12]  793 	add	a,#0xfb
      0003CE F8               [12]  794 	mov	r0,a
      0003CF 74 07            [12]  795 	mov	a,#0x07
      0003D1 26               [12]  796 	add	a,@r0
      0003D2 FD               [12]  797 	mov	r5,a
      0003D3 E4               [12]  798 	clr	a
      0003D4 08               [12]  799 	inc	r0
      0003D5 36               [12]  800 	addc	a,@r0
      0003D6 FE               [12]  801 	mov	r6,a
      0003D7 08               [12]  802 	inc	r0
      0003D8 86 07            [24]  803 	mov	ar7,@r0
      0003DA 8D 82            [24]  804 	mov	dpl,r5
      0003DC 8E 83            [24]  805 	mov	dph,r6
      0003DE 8F F0            [24]  806 	mov	b,r7
      0003E0 E5 81            [12]  807 	mov	a,sp
      0003E2 24 F1            [12]  808 	add	a,#0xf1
      0003E4 F8               [12]  809 	mov	r0,a
      0003E5 E6               [12]  810 	mov	a,@r0
      0003E6 12r00r00         [24]  811 	lcall	__gptrput
                                    812 ;	/opt/contiki/core/net/rime/route.c:153: e->time = 0;
      0003E9 E5 81            [12]  813 	mov	a,sp
      0003EB 24 FB            [12]  814 	add	a,#0xfb
      0003ED F8               [12]  815 	mov	r0,a
      0003EE 74 09            [12]  816 	mov	a,#0x09
      0003F0 26               [12]  817 	add	a,@r0
      0003F1 FD               [12]  818 	mov	r5,a
      0003F2 E4               [12]  819 	clr	a
      0003F3 08               [12]  820 	inc	r0
      0003F4 36               [12]  821 	addc	a,@r0
      0003F5 FE               [12]  822 	mov	r6,a
      0003F6 08               [12]  823 	inc	r0
      0003F7 86 07            [24]  824 	mov	ar7,@r0
      0003F9 8D 82            [24]  825 	mov	dpl,r5
      0003FB 8E 83            [24]  826 	mov	dph,r6
      0003FD 8F F0            [24]  827 	mov	b,r7
      0003FF E4               [12]  828 	clr	a
      000400 12r00r00         [24]  829 	lcall	__gptrput
                                    830 ;	/opt/contiki/core/net/rime/route.c:154: e->decay = 0;
      000403 E5 81            [12]  831 	mov	a,sp
      000405 24 FB            [12]  832 	add	a,#0xfb
      000407 F8               [12]  833 	mov	r0,a
      000408 74 0A            [12]  834 	mov	a,#0x0A
      00040A 26               [12]  835 	add	a,@r0
      00040B FD               [12]  836 	mov	r5,a
      00040C E4               [12]  837 	clr	a
      00040D 08               [12]  838 	inc	r0
      00040E 36               [12]  839 	addc	a,@r0
      00040F FE               [12]  840 	mov	r6,a
      000410 08               [12]  841 	inc	r0
      000411 86 07            [24]  842 	mov	ar7,@r0
      000413 8D 82            [24]  843 	mov	dpl,r5
      000415 8E 83            [24]  844 	mov	dph,r6
      000417 8F F0            [24]  845 	mov	b,r7
      000419 E4               [12]  846 	clr	a
      00041A 12r00r00         [24]  847 	lcall	__gptrput
                                    848 ;	/opt/contiki/core/net/rime/route.c:157: list_push(route_table, e);
      00041D E5 81            [12]  849 	mov	a,sp
      00041F 24 FB            [12]  850 	add	a,#0xfb
      000421 F8               [12]  851 	mov	r0,a
      000422 86 05            [24]  852 	mov	ar5,@r0
      000424 08               [12]  853 	inc	r0
      000425 86 06            [24]  854 	mov	ar6,@r0
      000427 08               [12]  855 	inc	r0
      000428 86 07            [24]  856 	mov	ar7,@r0
      00042A 90r00r03         [24]  857 	mov	dptr,#_route_table
      00042D E0               [24]  858 	movx	a,@dptr
      00042E FA               [12]  859 	mov	r2,a
      00042F A3               [24]  860 	inc	dptr
      000430 E0               [24]  861 	movx	a,@dptr
      000431 FB               [12]  862 	mov	r3,a
      000432 A3               [24]  863 	inc	dptr
      000433 E0               [24]  864 	movx	a,@dptr
      000434 FC               [12]  865 	mov	r4,a
      000435 C0 05            [24]  866 	push	ar5
      000437 C0 06            [24]  867 	push	ar6
      000439 C0 07            [24]  868 	push	ar7
      00043B 8A 82            [24]  869 	mov	dpl,r2
      00043D 8B 83            [24]  870 	mov	dph,r3
      00043F 8C F0            [24]  871 	mov	b,r4
      000441 12r00r00         [24]  872 	lcall	_list_push
      000444 15 81            [12]  873 	dec	sp
      000446 15 81            [12]  874 	dec	sp
      000448 15 81            [12]  875 	dec	sp
                                    876 ;	/opt/contiki/core/net/rime/route.c:164: return 0;
      00044A 90 00 00         [24]  877 	mov	dptr,#0x0000
      00044D E5 81            [12]  878 	mov	a,sp
      00044F 24 F7            [12]  879 	add	a,#0xF7
      000451 F5 81            [12]  880 	mov	sp,a
      000453 22               [24]  881 	ret
                                    882 ;------------------------------------------------------------
                                    883 ;Allocation info for local variables in function 'route_lookup'
                                    884 ;------------------------------------------------------------
                                    885 ;dest                      Allocated to stack - sp -8
                                    886 ;e                         Allocated to stack - sp -5
                                    887 ;lowest_cost               Allocated to registers r4 
                                    888 ;best_entry                Allocated to stack - sp -2
                                    889 ;------------------------------------------------------------
                                    890 ;	/opt/contiki/core/net/rime/route.c:168: route_lookup(const linkaddr_t *dest)
                                    891 ;	-----------------------------------------
                                    892 ;	 function route_lookup
                                    893 ;	-----------------------------------------
      000454                        894 _route_lookup:
      000454 C0 82            [24]  895 	push	dpl
      000456 C0 83            [24]  896 	push	dph
      000458 C0 F0            [24]  897 	push	b
      00045A E5 81            [12]  898 	mov	a,sp
      00045C 24 06            [12]  899 	add	a,#0x06
      00045E F5 81            [12]  900 	mov	sp,a
                                    901 ;	/opt/contiki/core/net/rime/route.c:174: lowest_cost = -1;
      000460 7C FF            [12]  902 	mov	r4,#0xFF
                                    903 ;	/opt/contiki/core/net/rime/route.c:175: best_entry = NULL;
      000462 A8 81            [24]  904 	mov	r0,sp
      000464 18               [12]  905 	dec	r0
      000465 18               [12]  906 	dec	r0
      000466 E4               [12]  907 	clr	a
      000467 F6               [12]  908 	mov	@r0,a
      000468 08               [12]  909 	inc	r0
      000469 F6               [12]  910 	mov	@r0,a
      00046A 08               [12]  911 	inc	r0
      00046B 76 00            [12]  912 	mov	@r0,#0x00
                                    913 ;	/opt/contiki/core/net/rime/route.c:178: for(e = list_head(route_table); e != NULL; e = list_item_next(e)) {
      00046D 90r00r03         [24]  914 	mov	dptr,#_route_table
      000470 E0               [24]  915 	movx	a,@dptr
      000471 FA               [12]  916 	mov	r2,a
      000472 A3               [24]  917 	inc	dptr
      000473 E0               [24]  918 	movx	a,@dptr
      000474 FB               [12]  919 	mov	r3,a
      000475 A3               [24]  920 	inc	dptr
      000476 E0               [24]  921 	movx	a,@dptr
      000477 FF               [12]  922 	mov	r7,a
      000478 8A 82            [24]  923 	mov	dpl,r2
      00047A 8B 83            [24]  924 	mov	dph,r3
      00047C 8F F0            [24]  925 	mov	b,r7
      00047E C0 04            [24]  926 	push	ar4
      000480 12r00r00         [24]  927 	lcall	_list_head
      000483 AD 82            [24]  928 	mov	r5,dpl
      000485 AE 83            [24]  929 	mov	r6,dph
      000487 AF F0            [24]  930 	mov	r7,b
      000489 D0 04            [24]  931 	pop	ar4
      00048B E5 81            [12]  932 	mov	a,sp
      00048D 24 FB            [12]  933 	add	a,#0xfb
      00048F F8               [12]  934 	mov	r0,a
      000490 A6 05            [24]  935 	mov	@r0,ar5
      000492 08               [12]  936 	inc	r0
      000493 A6 06            [24]  937 	mov	@r0,ar6
      000495 08               [12]  938 	inc	r0
      000496 A6 07            [24]  939 	mov	@r0,ar7
      000498                        940 00107$:
      000498 E5 81            [12]  941 	mov	a,sp
      00049A 24 FB            [12]  942 	add	a,#0xfb
      00049C F8               [12]  943 	mov	r0,a
      00049D E4               [12]  944 	clr	a
      00049E C0 E0            [24]  945 	push	acc
      0004A0 C0 E0            [24]  946 	push	acc
      0004A2 C0 E0            [24]  947 	push	acc
      0004A4 86 82            [24]  948 	mov	dpl,@r0
      0004A6 08               [12]  949 	inc	r0
      0004A7 86 83            [24]  950 	mov	dph,@r0
      0004A9 08               [12]  951 	inc	r0
      0004AA 86 F0            [24]  952 	mov	b,@r0
      0004AC 12r00r00         [24]  953 	lcall	___gptr_cmp
      0004AF 15 81            [12]  954 	dec	sp
      0004B1 15 81            [12]  955 	dec	sp
      0004B3 15 81            [12]  956 	dec	sp
      0004B5 70 03            [24]  957 	jnz	00123$
      0004B7 02r05r55         [24]  958 	ljmp	00105$
      0004BA                        959 00123$:
                                    960 ;	/opt/contiki/core/net/rime/route.c:182: if(linkaddr_cmp(dest, &e->dest)) {
      0004BA C0 04            [24]  961 	push	ar4
      0004BC E5 81            [12]  962 	mov	a,sp
      0004BE 24 FA            [12]  963 	add	a,#0xfa
      0004C0 F8               [12]  964 	mov	r0,a
      0004C1 74 03            [12]  965 	mov	a,#0x03
      0004C3 26               [12]  966 	add	a,@r0
      0004C4 FA               [12]  967 	mov	r2,a
      0004C5 E4               [12]  968 	clr	a
      0004C6 08               [12]  969 	inc	r0
      0004C7 36               [12]  970 	addc	a,@r0
      0004C8 FB               [12]  971 	mov	r3,a
      0004C9 08               [12]  972 	inc	r0
      0004CA 86 04            [24]  973 	mov	ar4,@r0
      0004CC C0 02            [24]  974 	push	ar2
      0004CE C0 03            [24]  975 	push	ar3
      0004D0 C0 04            [24]  976 	push	ar4
      0004D2 E5 81            [12]  977 	mov	a,sp
      0004D4 24 F4            [12]  978 	add	a,#0xf4
      0004D6 F8               [12]  979 	mov	r0,a
      0004D7 86 82            [24]  980 	mov	dpl,@r0
      0004D9 08               [12]  981 	inc	r0
      0004DA 86 83            [24]  982 	mov	dph,@r0
      0004DC 08               [12]  983 	inc	r0
      0004DD 86 F0            [24]  984 	mov	b,@r0
      0004DF 12r00r00         [24]  985 	lcall	_linkaddr_cmp
      0004E2 AB 82            [24]  986 	mov	r3,dpl
      0004E4 AC 83            [24]  987 	mov	r4,dph
      0004E6 15 81            [12]  988 	dec	sp
      0004E8 15 81            [12]  989 	dec	sp
      0004EA 15 81            [12]  990 	dec	sp
      0004EC EB               [12]  991 	mov	a,r3
      0004ED 4C               [12]  992 	orl	a,r4
      0004EE D0 04            [24]  993 	pop	ar4
      0004F0 60 33            [24]  994 	jz	00108$
                                    995 ;	/opt/contiki/core/net/rime/route.c:183: if(e->cost < lowest_cost) {
      0004F2 E5 81            [12]  996 	mov	a,sp
      0004F4 24 FB            [12]  997 	add	a,#0xfb
      0004F6 F8               [12]  998 	mov	r0,a
      0004F7 74 08            [12]  999 	mov	a,#0x08
      0004F9 26               [12] 1000 	add	a,@r0
      0004FA FA               [12] 1001 	mov	r2,a
      0004FB E4               [12] 1002 	clr	a
      0004FC 08               [12] 1003 	inc	r0
      0004FD 36               [12] 1004 	addc	a,@r0
      0004FE FB               [12] 1005 	mov	r3,a
      0004FF 08               [12] 1006 	inc	r0
      000500 86 07            [24] 1007 	mov	ar7,@r0
      000502 8A 82            [24] 1008 	mov	dpl,r2
      000504 8B 83            [24] 1009 	mov	dph,r3
      000506 8F F0            [24] 1010 	mov	b,r7
      000508 12r00r00         [24] 1011 	lcall	__gptrget
      00050B FF               [12] 1012 	mov	r7,a
      00050C C3               [12] 1013 	clr	c
      00050D 9C               [12] 1014 	subb	a,r4
      00050E 50 15            [24] 1015 	jnc	00108$
                                   1016 ;	/opt/contiki/core/net/rime/route.c:184: best_entry = e;
      000510 E5 81            [12] 1017 	mov	a,sp
      000512 24 FB            [12] 1018 	add	a,#0xfb
      000514 F8               [12] 1019 	mov	r0,a
      000515 A9 81            [24] 1020 	mov	r1,sp
      000517 19               [12] 1021 	dec	r1
      000518 19               [12] 1022 	dec	r1
      000519 E6               [12] 1023 	mov	a,@r0
      00051A F7               [12] 1024 	mov	@r1,a
      00051B 08               [12] 1025 	inc	r0
      00051C 09               [12] 1026 	inc	r1
      00051D E6               [12] 1027 	mov	a,@r0
      00051E F7               [12] 1028 	mov	@r1,a
      00051F 08               [12] 1029 	inc	r0
      000520 09               [12] 1030 	inc	r1
      000521 E6               [12] 1031 	mov	a,@r0
      000522 F7               [12] 1032 	mov	@r1,a
                                   1033 ;	/opt/contiki/core/net/rime/route.c:185: lowest_cost = e->cost;
      000523 8F 04            [24] 1034 	mov	ar4,r7
      000525                       1035 00108$:
                                   1036 ;	/opt/contiki/core/net/rime/route.c:178: for(e = list_head(route_table); e != NULL; e = list_item_next(e)) {
      000525 E5 81            [12] 1037 	mov	a,sp
      000527 24 FB            [12] 1038 	add	a,#0xfb
      000529 F8               [12] 1039 	mov	r0,a
      00052A 86 05            [24] 1040 	mov	ar5,@r0
      00052C 08               [12] 1041 	inc	r0
      00052D 86 06            [24] 1042 	mov	ar6,@r0
      00052F 08               [12] 1043 	inc	r0
      000530 86 07            [24] 1044 	mov	ar7,@r0
      000532 8D 82            [24] 1045 	mov	dpl,r5
      000534 8E 83            [24] 1046 	mov	dph,r6
      000536 8F F0            [24] 1047 	mov	b,r7
      000538 C0 04            [24] 1048 	push	ar4
      00053A 12r00r00         [24] 1049 	lcall	_list_item_next
      00053D AD 82            [24] 1050 	mov	r5,dpl
      00053F AE 83            [24] 1051 	mov	r6,dph
      000541 AF F0            [24] 1052 	mov	r7,b
      000543 D0 04            [24] 1053 	pop	ar4
      000545 E5 81            [12] 1054 	mov	a,sp
      000547 24 FB            [12] 1055 	add	a,#0xfb
      000549 F8               [12] 1056 	mov	r0,a
      00054A A6 05            [24] 1057 	mov	@r0,ar5
      00054C 08               [12] 1058 	inc	r0
      00054D A6 06            [24] 1059 	mov	@r0,ar6
      00054F 08               [12] 1060 	inc	r0
      000550 A6 07            [24] 1061 	mov	@r0,ar7
      000552 02r04r98         [24] 1062 	ljmp	00107$
      000555                       1063 00105$:
                                   1064 ;	/opt/contiki/core/net/rime/route.c:189: return best_entry;
      000555 A8 81            [24] 1065 	mov	r0,sp
      000557 18               [12] 1066 	dec	r0
      000558 18               [12] 1067 	dec	r0
      000559 86 82            [24] 1068 	mov	dpl,@r0
      00055B 08               [12] 1069 	inc	r0
      00055C 86 83            [24] 1070 	mov	dph,@r0
      00055E 08               [12] 1071 	inc	r0
      00055F 86 F0            [24] 1072 	mov	b,@r0
      000561 C8               [12] 1073 	xch	a,r0
      000562 E5 81            [12] 1074 	mov	a,sp
      000564 24 F7            [12] 1075 	add	a,#0xF7
      000566 F5 81            [12] 1076 	mov	sp,a
      000568 C8               [12] 1077 	xch	a,r0
      000569 22               [24] 1078 	ret
                                   1079 ;------------------------------------------------------------
                                   1080 ;Allocation info for local variables in function 'route_refresh'
                                   1081 ;------------------------------------------------------------
                                   1082 ;e                         Allocated to registers r5 r6 r7 
                                   1083 ;------------------------------------------------------------
                                   1084 ;	/opt/contiki/core/net/rime/route.c:193: route_refresh(struct route_entry *e)
                                   1085 ;	-----------------------------------------
                                   1086 ;	 function route_refresh
                                   1087 ;	-----------------------------------------
      00056A                       1088 _route_refresh:
      00056A AD 82            [24] 1089 	mov	r5,dpl
      00056C AE 83            [24] 1090 	mov	r6,dph
      00056E AF F0            [24] 1091 	mov	r7,b
                                   1092 ;	/opt/contiki/core/net/rime/route.c:195: if(e != NULL) {
      000570 ED               [12] 1093 	mov	a,r5
      000571 4E               [12] 1094 	orl	a,r6
      000572 60 24            [24] 1095 	jz	00103$
                                   1096 ;	/opt/contiki/core/net/rime/route.c:198: e->time = 0;
      000574 74 09            [12] 1097 	mov	a,#0x09
      000576 2D               [12] 1098 	add	a,r5
      000577 FA               [12] 1099 	mov	r2,a
      000578 E4               [12] 1100 	clr	a
      000579 3E               [12] 1101 	addc	a,r6
      00057A FB               [12] 1102 	mov	r3,a
      00057B 8F 04            [24] 1103 	mov	ar4,r7
      00057D 8A 82            [24] 1104 	mov	dpl,r2
      00057F 8B 83            [24] 1105 	mov	dph,r3
      000581 8C F0            [24] 1106 	mov	b,r4
      000583 E4               [12] 1107 	clr	a
      000584 12r00r00         [24] 1108 	lcall	__gptrput
                                   1109 ;	/opt/contiki/core/net/rime/route.c:199: e->decay = 0;
      000587 74 0A            [12] 1110 	mov	a,#0x0A
      000589 2D               [12] 1111 	add	a,r5
      00058A FD               [12] 1112 	mov	r5,a
      00058B E4               [12] 1113 	clr	a
      00058C 3E               [12] 1114 	addc	a,r6
      00058D FE               [12] 1115 	mov	r6,a
      00058E 8D 82            [24] 1116 	mov	dpl,r5
      000590 8E 83            [24] 1117 	mov	dph,r6
      000592 8F F0            [24] 1118 	mov	b,r7
      000594 E4               [12] 1119 	clr	a
      000595 02r00r00         [24] 1120 	ljmp	__gptrput
      000598                       1121 00103$:
      000598 22               [24] 1122 	ret
                                   1123 ;------------------------------------------------------------
                                   1124 ;Allocation info for local variables in function 'route_decay'
                                   1125 ;------------------------------------------------------------
                                   1126 ;e                         Allocated to registers r5 r6 r7 
                                   1127 ;------------------------------------------------------------
                                   1128 ;	/opt/contiki/core/net/rime/route.c:211: route_decay(struct route_entry *e)
                                   1129 ;	-----------------------------------------
                                   1130 ;	 function route_decay
                                   1131 ;	-----------------------------------------
      000599                       1132 _route_decay:
      000599 AD 82            [24] 1133 	mov	r5,dpl
      00059B AE 83            [24] 1134 	mov	r6,dph
      00059D AF F0            [24] 1135 	mov	r7,b
                                   1136 ;	/opt/contiki/core/net/rime/route.c:222: if(e->time != e->time_last_decay) {
      00059F 74 09            [12] 1137 	mov	a,#0x09
      0005A1 2D               [12] 1138 	add	a,r5
      0005A2 FA               [12] 1139 	mov	r2,a
      0005A3 E4               [12] 1140 	clr	a
      0005A4 3E               [12] 1141 	addc	a,r6
      0005A5 FB               [12] 1142 	mov	r3,a
      0005A6 8F 04            [24] 1143 	mov	ar4,r7
      0005A8 8A 82            [24] 1144 	mov	dpl,r2
      0005AA 8B 83            [24] 1145 	mov	dph,r3
      0005AC 8C F0            [24] 1146 	mov	b,r4
      0005AE 12r00r00         [24] 1147 	lcall	__gptrget
      0005B1 FC               [12] 1148 	mov	r4,a
      0005B2 74 0B            [12] 1149 	mov	a,#0x0B
      0005B4 2D               [12] 1150 	add	a,r5
      0005B5 F9               [12] 1151 	mov	r1,a
      0005B6 E4               [12] 1152 	clr	a
      0005B7 3E               [12] 1153 	addc	a,r6
      0005B8 FA               [12] 1154 	mov	r2,a
      0005B9 8F 03            [24] 1155 	mov	ar3,r7
      0005BB 89 82            [24] 1156 	mov	dpl,r1
      0005BD 8A 83            [24] 1157 	mov	dph,r2
      0005BF 8B F0            [24] 1158 	mov	b,r3
      0005C1 12r00r00         [24] 1159 	lcall	__gptrget
      0005C4 F8               [12] 1160 	mov	r0,a
      0005C5 EC               [12] 1161 	mov	a,r4
      0005C6 B5 00 01         [24] 1162 	cjne	a,ar0,00113$
      0005C9 22               [24] 1163 	ret
      0005CA                       1164 00113$:
                                   1165 ;	/opt/contiki/core/net/rime/route.c:224: e->time_last_decay = e->time;
      0005CA 89 82            [24] 1166 	mov	dpl,r1
      0005CC 8A 83            [24] 1167 	mov	dph,r2
      0005CE 8B F0            [24] 1168 	mov	b,r3
      0005D0 EC               [12] 1169 	mov	a,r4
      0005D1 12r00r00         [24] 1170 	lcall	__gptrput
                                   1171 ;	/opt/contiki/core/net/rime/route.c:225: e->decay++;
      0005D4 74 0A            [12] 1172 	mov	a,#0x0A
      0005D6 2D               [12] 1173 	add	a,r5
      0005D7 FA               [12] 1174 	mov	r2,a
      0005D8 E4               [12] 1175 	clr	a
      0005D9 3E               [12] 1176 	addc	a,r6
      0005DA FB               [12] 1177 	mov	r3,a
      0005DB 8F 04            [24] 1178 	mov	ar4,r7
      0005DD 8A 82            [24] 1179 	mov	dpl,r2
      0005DF 8B 83            [24] 1180 	mov	dph,r3
      0005E1 8C F0            [24] 1181 	mov	b,r4
      0005E3 12r00r00         [24] 1182 	lcall	__gptrget
      0005E6 F9               [12] 1183 	mov	r1,a
      0005E7 09               [12] 1184 	inc	r1
      0005E8 8A 82            [24] 1185 	mov	dpl,r2
      0005EA 8B 83            [24] 1186 	mov	dph,r3
      0005EC 8C F0            [24] 1187 	mov	b,r4
      0005EE E9               [12] 1188 	mov	a,r1
      0005EF 12r00r00         [24] 1189 	lcall	__gptrput
                                   1190 ;	/opt/contiki/core/net/rime/route.c:227: if(e->decay >= DECAY_THRESHOLD) {
      0005F2 B9 08 00         [24] 1191 	cjne	r1,#0x08,00114$
      0005F5                       1192 00114$:
      0005F5 40 09            [24] 1193 	jc	00105$
                                   1194 ;	/opt/contiki/core/net/rime/route.c:232: route_remove(e);
      0005F7 8D 82            [24] 1195 	mov	dpl,r5
      0005F9 8E 83            [24] 1196 	mov	dph,r6
      0005FB 8F F0            [24] 1197 	mov	b,r7
      0005FD 02r06r01         [24] 1198 	ljmp	_route_remove
      000600                       1199 00105$:
      000600 22               [24] 1200 	ret
                                   1201 ;------------------------------------------------------------
                                   1202 ;Allocation info for local variables in function 'route_remove'
                                   1203 ;------------------------------------------------------------
                                   1204 ;e                         Allocated to registers r7 r5 r6 
                                   1205 ;sloc0                     Allocated to stack - sp -2
                                   1206 ;------------------------------------------------------------
                                   1207 ;	/opt/contiki/core/net/rime/route.c:238: route_remove(struct route_entry *e)
                                   1208 ;	-----------------------------------------
                                   1209 ;	 function route_remove
                                   1210 ;	-----------------------------------------
      000601                       1211 _route_remove:
      000601 05 81            [12] 1212 	inc	sp
      000603 05 81            [12] 1213 	inc	sp
      000605 05 81            [12] 1214 	inc	sp
      000607 AF 82            [24] 1215 	mov	r7,dpl
      000609 AD 83            [24] 1216 	mov	r5,dph
      00060B AE F0            [24] 1217 	mov	r6,b
                                   1218 ;	/opt/contiki/core/net/rime/route.c:240: list_remove(route_table, e);
      00060D 8F 02            [24] 1219 	mov	ar2,r7
      00060F 8D 03            [24] 1220 	mov	ar3,r5
      000611 8E 04            [24] 1221 	mov	ar4,r6
      000613 90r00r03         [24] 1222 	mov	dptr,#_route_table
      000616 A8 81            [24] 1223 	mov	r0,sp
      000618 18               [12] 1224 	dec	r0
      000619 18               [12] 1225 	dec	r0
      00061A E0               [24] 1226 	movx	a,@dptr
      00061B F6               [12] 1227 	mov	@r0,a
      00061C A3               [24] 1228 	inc	dptr
      00061D E0               [24] 1229 	movx	a,@dptr
      00061E 08               [12] 1230 	inc	r0
      00061F F6               [12] 1231 	mov	@r0,a
      000620 A3               [24] 1232 	inc	dptr
      000621 E0               [24] 1233 	movx	a,@dptr
      000622 08               [12] 1234 	inc	r0
      000623 F6               [12] 1235 	mov	@r0,a
      000624 C0 07            [24] 1236 	push	ar7
      000626 C0 06            [24] 1237 	push	ar6
      000628 C0 05            [24] 1238 	push	ar5
      00062A C0 02            [24] 1239 	push	ar2
      00062C C0 03            [24] 1240 	push	ar3
      00062E C0 04            [24] 1241 	push	ar4
      000630 E5 81            [12] 1242 	mov	a,sp
      000632 24 F8            [12] 1243 	add	a,#0xf8
      000634 F8               [12] 1244 	mov	r0,a
      000635 86 82            [24] 1245 	mov	dpl,@r0
      000637 08               [12] 1246 	inc	r0
      000638 86 83            [24] 1247 	mov	dph,@r0
      00063A 08               [12] 1248 	inc	r0
      00063B 86 F0            [24] 1249 	mov	b,@r0
      00063D 12r00r00         [24] 1250 	lcall	_list_remove
      000640 15 81            [12] 1251 	dec	sp
      000642 15 81            [12] 1252 	dec	sp
      000644 15 81            [12] 1253 	dec	sp
      000646 D0 05            [24] 1254 	pop	ar5
      000648 D0 06            [24] 1255 	pop	ar6
      00064A D0 07            [24] 1256 	pop	ar7
                                   1257 ;	/opt/contiki/core/net/rime/route.c:241: memb_free(&route_mem, e);
      00064C 8F 04            [24] 1258 	mov	ar4,r7
      00064E C0 04            [24] 1259 	push	ar4
      000650 C0 05            [24] 1260 	push	ar5
      000652 C0 06            [24] 1261 	push	ar6
      000654 90r00r06         [24] 1262 	mov	dptr,#_route_mem
      000657 75 F0 00         [24] 1263 	mov	b,#0x00
      00065A 12r00r00         [24] 1264 	lcall	_memb_free
      00065D 15 81            [12] 1265 	dec	sp
      00065F 15 81            [12] 1266 	dec	sp
      000661 15 81            [12] 1267 	dec	sp
      000663 15 81            [12] 1268 	dec	sp
      000665 15 81            [12] 1269 	dec	sp
      000667 15 81            [12] 1270 	dec	sp
      000669 22               [24] 1271 	ret
                                   1272 ;------------------------------------------------------------
                                   1273 ;Allocation info for local variables in function 'route_flush_all'
                                   1274 ;------------------------------------------------------------
                                   1275 ;e                         Allocated to registers r2 r3 r4 
                                   1276 ;------------------------------------------------------------
                                   1277 ;	/opt/contiki/core/net/rime/route.c:245: route_flush_all(void)
                                   1278 ;	-----------------------------------------
                                   1279 ;	 function route_flush_all
                                   1280 ;	-----------------------------------------
      00066A                       1281 _route_flush_all:
                                   1282 ;	/opt/contiki/core/net/rime/route.c:249: while(1) {
      00066A                       1283 00105$:
                                   1284 ;	/opt/contiki/core/net/rime/route.c:250: e = list_pop(route_table);
      00066A 90r00r03         [24] 1285 	mov	dptr,#_route_table
      00066D E0               [24] 1286 	movx	a,@dptr
      00066E FD               [12] 1287 	mov	r5,a
      00066F A3               [24] 1288 	inc	dptr
      000670 E0               [24] 1289 	movx	a,@dptr
      000671 FE               [12] 1290 	mov	r6,a
      000672 A3               [24] 1291 	inc	dptr
      000673 E0               [24] 1292 	movx	a,@dptr
      000674 FF               [12] 1293 	mov	r7,a
      000675 8D 82            [24] 1294 	mov	dpl,r5
      000677 8E 83            [24] 1295 	mov	dph,r6
      000679 8F F0            [24] 1296 	mov	b,r7
      00067B 12r00r00         [24] 1297 	lcall	_list_pop
      00067E AD 82            [24] 1298 	mov	r5,dpl
      000680 AE 83            [24] 1299 	mov	r6,dph
      000682 AF F0            [24] 1300 	mov	r7,b
      000684 8D 02            [24] 1301 	mov	ar2,r5
      000686 8E 03            [24] 1302 	mov	ar3,r6
      000688 8F 04            [24] 1303 	mov	ar4,r7
                                   1304 ;	/opt/contiki/core/net/rime/route.c:251: if(e != NULL) {
      00068A ED               [12] 1305 	mov	a,r5
      00068B 4E               [12] 1306 	orl	a,r6
      00068C 60 17            [24] 1307 	jz	00107$
                                   1308 ;	/opt/contiki/core/net/rime/route.c:252: memb_free(&route_mem, e);
      00068E C0 02            [24] 1309 	push	ar2
      000690 C0 03            [24] 1310 	push	ar3
      000692 C0 04            [24] 1311 	push	ar4
      000694 90r00r06         [24] 1312 	mov	dptr,#_route_mem
      000697 75 F0 00         [24] 1313 	mov	b,#0x00
      00069A 12r00r00         [24] 1314 	lcall	_memb_free
      00069D 15 81            [12] 1315 	dec	sp
      00069F 15 81            [12] 1316 	dec	sp
      0006A1 15 81            [12] 1317 	dec	sp
                                   1318 ;	/opt/contiki/core/net/rime/route.c:254: break;
      0006A3 80 C5            [24] 1319 	sjmp	00105$
      0006A5                       1320 00107$:
      0006A5 22               [24] 1321 	ret
                                   1322 ;------------------------------------------------------------
                                   1323 ;Allocation info for local variables in function 'route_set_lifetime'
                                   1324 ;------------------------------------------------------------
                                   1325 ;seconds                   Allocated to registers 
                                   1326 ;------------------------------------------------------------
                                   1327 ;	/opt/contiki/core/net/rime/route.c:260: route_set_lifetime(int seconds)
                                   1328 ;	-----------------------------------------
                                   1329 ;	 function route_set_lifetime
                                   1330 ;	-----------------------------------------
      0006A6                       1331 _route_set_lifetime:
      0006A6 AF 83            [24] 1332 	mov	r7,dph
      0006A8 E5 82            [12] 1333 	mov	a,dpl
      0006AA 90r00r10         [24] 1334 	mov	dptr,#_max_time
      0006AD F0               [24] 1335 	movx	@dptr,a
      0006AE EF               [12] 1336 	mov	a,r7
      0006AF A3               [24] 1337 	inc	dptr
      0006B0 F0               [24] 1338 	movx	@dptr,a
                                   1339 ;	/opt/contiki/core/net/rime/route.c:262: max_time = seconds;
      0006B1 22               [24] 1340 	ret
                                   1341 ;------------------------------------------------------------
                                   1342 ;Allocation info for local variables in function 'route_num'
                                   1343 ;------------------------------------------------------------
                                   1344 ;e                         Allocated to registers r5 r6 r7 
                                   1345 ;i                         Allocated to stack - sp -1
                                   1346 ;------------------------------------------------------------
                                   1347 ;	/opt/contiki/core/net/rime/route.c:266: route_num(void)
                                   1348 ;	-----------------------------------------
                                   1349 ;	 function route_num
                                   1350 ;	-----------------------------------------
      0006B2                       1351 _route_num:
      0006B2 05 81            [12] 1352 	inc	sp
      0006B4 05 81            [12] 1353 	inc	sp
                                   1354 ;	/opt/contiki/core/net/rime/route.c:271: for(e = list_head(route_table); e != NULL; e = list_item_next(e)) {
      0006B6 90r00r03         [24] 1355 	mov	dptr,#_route_table
      0006B9 E0               [24] 1356 	movx	a,@dptr
      0006BA FD               [12] 1357 	mov	r5,a
      0006BB A3               [24] 1358 	inc	dptr
      0006BC E0               [24] 1359 	movx	a,@dptr
      0006BD FE               [12] 1360 	mov	r6,a
      0006BE A3               [24] 1361 	inc	dptr
      0006BF E0               [24] 1362 	movx	a,@dptr
      0006C0 FF               [12] 1363 	mov	r7,a
      0006C1 8D 82            [24] 1364 	mov	dpl,r5
      0006C3 8E 83            [24] 1365 	mov	dph,r6
      0006C5 8F F0            [24] 1366 	mov	b,r7
      0006C7 12r00r00         [24] 1367 	lcall	_list_head
      0006CA AD 82            [24] 1368 	mov	r5,dpl
      0006CC AE 83            [24] 1369 	mov	r6,dph
      0006CE AF F0            [24] 1370 	mov	r7,b
      0006D0 A8 81            [24] 1371 	mov	r0,sp
      0006D2 18               [12] 1372 	dec	r0
      0006D3 E4               [12] 1373 	clr	a
      0006D4 F6               [12] 1374 	mov	@r0,a
      0006D5 08               [12] 1375 	inc	r0
      0006D6 F6               [12] 1376 	mov	@r0,a
      0006D7                       1377 00103$:
      0006D7 E4               [12] 1378 	clr	a
      0006D8 C0 E0            [24] 1379 	push	acc
      0006DA C0 E0            [24] 1380 	push	acc
      0006DC C0 E0            [24] 1381 	push	acc
      0006DE 8D 82            [24] 1382 	mov	dpl,r5
      0006E0 8E 83            [24] 1383 	mov	dph,r6
      0006E2 8F F0            [24] 1384 	mov	b,r7
      0006E4 12r00r00         [24] 1385 	lcall	___gptr_cmp
      0006E7 15 81            [12] 1386 	dec	sp
      0006E9 15 81            [12] 1387 	dec	sp
      0006EB 15 81            [12] 1388 	dec	sp
      0006ED 60 26            [24] 1389 	jz	00101$
                                   1390 ;	/opt/contiki/core/net/rime/route.c:272: i++;
      0006EF A8 81            [24] 1391 	mov	r0,sp
      0006F1 18               [12] 1392 	dec	r0
      0006F2 06               [12] 1393 	inc	@r0
      0006F3 B6 00 02         [24] 1394 	cjne	@r0,#0x00,00115$
      0006F6 08               [12] 1395 	inc	r0
      0006F7 06               [12] 1396 	inc	@r0
      0006F8                       1397 00115$:
                                   1398 ;	/opt/contiki/core/net/rime/route.c:271: for(e = list_head(route_table); e != NULL; e = list_item_next(e)) {
      0006F8 8D 02            [24] 1399 	mov	ar2,r5
      0006FA 8E 03            [24] 1400 	mov	ar3,r6
      0006FC 8F 04            [24] 1401 	mov	ar4,r7
      0006FE 8A 82            [24] 1402 	mov	dpl,r2
      000700 8B 83            [24] 1403 	mov	dph,r3
      000702 8C F0            [24] 1404 	mov	b,r4
      000704 12r00r00         [24] 1405 	lcall	_list_item_next
      000707 AA 82            [24] 1406 	mov	r2,dpl
      000709 AB 83            [24] 1407 	mov	r3,dph
      00070B AC F0            [24] 1408 	mov	r4,b
      00070D 8A 05            [24] 1409 	mov	ar5,r2
      00070F 8B 06            [24] 1410 	mov	ar6,r3
      000711 8C 07            [24] 1411 	mov	ar7,r4
      000713 80 C2            [24] 1412 	sjmp	00103$
      000715                       1413 00101$:
                                   1414 ;	/opt/contiki/core/net/rime/route.c:274: return i;
      000715 A8 81            [24] 1415 	mov	r0,sp
      000717 18               [12] 1416 	dec	r0
      000718 86 82            [24] 1417 	mov	dpl,@r0
      00071A 08               [12] 1418 	inc	r0
      00071B 86 83            [24] 1419 	mov	dph,@r0
      00071D 15 81            [12] 1420 	dec	sp
      00071F 15 81            [12] 1421 	dec	sp
      000721 22               [24] 1422 	ret
                                   1423 ;------------------------------------------------------------
                                   1424 ;Allocation info for local variables in function 'route_get'
                                   1425 ;------------------------------------------------------------
                                   1426 ;num                       Allocated to stack - sp -3
                                   1427 ;e                         Allocated to registers r3 r4 r5 
                                   1428 ;i                         Allocated to stack - sp -1
                                   1429 ;------------------------------------------------------------
                                   1430 ;	/opt/contiki/core/net/rime/route.c:278: route_get(int num)
                                   1431 ;	-----------------------------------------
                                   1432 ;	 function route_get
                                   1433 ;	-----------------------------------------
      000722                       1434 _route_get:
      000722 C0 82            [24] 1435 	push	dpl
      000724 C0 83            [24] 1436 	push	dph
      000726 05 81            [12] 1437 	inc	sp
      000728 05 81            [12] 1438 	inc	sp
                                   1439 ;	/opt/contiki/core/net/rime/route.c:283: for(e = list_head(route_table); e != NULL; e = list_item_next(e)) {
      00072A 90r00r03         [24] 1440 	mov	dptr,#_route_table
      00072D E0               [24] 1441 	movx	a,@dptr
      00072E FB               [12] 1442 	mov	r3,a
      00072F A3               [24] 1443 	inc	dptr
      000730 E0               [24] 1444 	movx	a,@dptr
      000731 FC               [12] 1445 	mov	r4,a
      000732 A3               [24] 1446 	inc	dptr
      000733 E0               [24] 1447 	movx	a,@dptr
      000734 FD               [12] 1448 	mov	r5,a
      000735 8B 82            [24] 1449 	mov	dpl,r3
      000737 8C 83            [24] 1450 	mov	dph,r4
      000739 8D F0            [24] 1451 	mov	b,r5
      00073B 12r00r00         [24] 1452 	lcall	_list_head
      00073E AB 82            [24] 1453 	mov	r3,dpl
      000740 AC 83            [24] 1454 	mov	r4,dph
      000742 AD F0            [24] 1455 	mov	r5,b
      000744 A8 81            [24] 1456 	mov	r0,sp
      000746 18               [12] 1457 	dec	r0
      000747 E4               [12] 1458 	clr	a
      000748 F6               [12] 1459 	mov	@r0,a
      000749 08               [12] 1460 	inc	r0
      00074A F6               [12] 1461 	mov	@r0,a
      00074B                       1462 00105$:
      00074B E4               [12] 1463 	clr	a
      00074C C0 E0            [24] 1464 	push	acc
      00074E C0 E0            [24] 1465 	push	acc
      000750 C0 E0            [24] 1466 	push	acc
      000752 8B 82            [24] 1467 	mov	dpl,r3
      000754 8C 83            [24] 1468 	mov	dph,r4
      000756 8D F0            [24] 1469 	mov	b,r5
      000758 12r00r00         [24] 1470 	lcall	___gptr_cmp
      00075B 15 81            [12] 1471 	dec	sp
      00075D 15 81            [12] 1472 	dec	sp
      00075F 15 81            [12] 1473 	dec	sp
      000761 60 48            [24] 1474 	jz	00103$
                                   1475 ;	/opt/contiki/core/net/rime/route.c:284: if(i == num) {
      000763 A8 81            [24] 1476 	mov	r0,sp
      000765 18               [12] 1477 	dec	r0
      000766 E5 81            [12] 1478 	mov	a,sp
      000768 24 FD            [12] 1479 	add	a,#0xfd
      00076A F9               [12] 1480 	mov	r1,a
      00076B 86 F0            [24] 1481 	mov	b,@r0
      00076D E7               [12] 1482 	mov	a,@r1
      00076E B5 F0 0A         [24] 1483 	cjne	a,b,00119$
      000771 08               [12] 1484 	inc	r0
      000772 86 F0            [24] 1485 	mov	b,@r0
      000774 09               [12] 1486 	inc	r1
      000775 E7               [12] 1487 	mov	a,@r1
      000776 B5 F0 02         [24] 1488 	cjne	a,b,00119$
      000779 80 02            [24] 1489 	sjmp	00120$
      00077B                       1490 00119$:
      00077B 80 08            [24] 1491 	sjmp	00102$
      00077D                       1492 00120$:
                                   1493 ;	/opt/contiki/core/net/rime/route.c:285: return e;
      00077D 8B 82            [24] 1494 	mov	dpl,r3
      00077F 8C 83            [24] 1495 	mov	dph,r4
      000781 8D F0            [24] 1496 	mov	b,r5
      000783 80 2C            [24] 1497 	sjmp	00107$
      000785                       1498 00102$:
                                   1499 ;	/opt/contiki/core/net/rime/route.c:287: i++;
      000785 A8 81            [24] 1500 	mov	r0,sp
      000787 18               [12] 1501 	dec	r0
      000788 06               [12] 1502 	inc	@r0
      000789 B6 00 02         [24] 1503 	cjne	@r0,#0x00,00121$
      00078C 08               [12] 1504 	inc	r0
      00078D 06               [12] 1505 	inc	@r0
      00078E                       1506 00121$:
                                   1507 ;	/opt/contiki/core/net/rime/route.c:283: for(e = list_head(route_table); e != NULL; e = list_item_next(e)) {
      00078E 8B 02            [24] 1508 	mov	ar2,r3
      000790 8C 06            [24] 1509 	mov	ar6,r4
      000792 8D 07            [24] 1510 	mov	ar7,r5
      000794 8A 82            [24] 1511 	mov	dpl,r2
      000796 8E 83            [24] 1512 	mov	dph,r6
      000798 8F F0            [24] 1513 	mov	b,r7
      00079A 12r00r00         [24] 1514 	lcall	_list_item_next
      00079D AA 82            [24] 1515 	mov	r2,dpl
      00079F AE 83            [24] 1516 	mov	r6,dph
      0007A1 AF F0            [24] 1517 	mov	r7,b
      0007A3 8A 03            [24] 1518 	mov	ar3,r2
      0007A5 8E 04            [24] 1519 	mov	ar4,r6
      0007A7 8F 05            [24] 1520 	mov	ar5,r7
      0007A9 80 A0            [24] 1521 	sjmp	00105$
      0007AB                       1522 00103$:
                                   1523 ;	/opt/contiki/core/net/rime/route.c:289: return NULL;
      0007AB 90 00 00         [24] 1524 	mov	dptr,#0x0000
      0007AE 75 F0 00         [24] 1525 	mov	b,#0x00
      0007B1                       1526 00107$:
      0007B1 C8               [12] 1527 	xch	a,r0
      0007B2 E5 81            [12] 1528 	mov	a,sp
      0007B4 24 FC            [12] 1529 	add	a,#0xFC
      0007B6 F5 81            [12] 1530 	mov	sp,a
      0007B8 C8               [12] 1531 	xch	a,r0
      0007B9 22               [24] 1532 	ret
                                   1533 	.area CSEG    (CODE)
                                   1534 	.area CONST   (CODE)
                                   1535 	.area XINIT   (CODE)
      000000                       1536 __xinit__route_table_list:
                                   1537 ; generic printIvalPtr
      000000 00 00 00              1538 	.byte #0x00,#0x00,#0x00
      000003                       1539 __xinit__route_table:
      000003r00s00 00              1540 	.byte _route_table_list, (_route_table_list >> 8),#0x00
      000006                       1541 __xinit__route_mem:
      000006 0C 00                 1542 	.byte #0x0C,#0x00	; 12
      000008 08 00                 1543 	.byte #0x08,#0x00	; 8
      00000Ar00s00 00              1544 	.byte _route_mem_memb_count, (_route_mem_memb_count >> 8),#0x00
      00000Dr08s00 00              1545 	.byte _route_mem_memb_mem, (_route_mem_memb_mem >> 8),#0x00
      000010                       1546 __xinit__max_time:
      000010 3C 00                 1547 	.byte #0x3C,#0x00	;  60
                                   1548 	.area CABS    (ABS,CODE)
