                                      1 ;--------------------------------------------------------
                                      2 ; File Created by SDCC : free open source ANSI-C Compiler
                                      3 ; Version 3.5.5 #9380 (Linux)
                                      4 ; This file was generated Tue Nov 17 16:52:54 2015
                                      5 ;--------------------------------------------------------
                                      6 	.module uart1_hello
                                      7 	.optsdcc -mmcs51 --model-large
                                      8 	
                                      9 ;--------------------------------------------------------
                                     10 ; Public variables in this module
                                     11 ;--------------------------------------------------------
                                     12 	.globl _autostart_processes
                                     13 	.globl _ACTIVE
                                     14 	.globl _TX_BYTE
                                     15 	.globl _RX_BYTE
                                     16 	.globl _ERR
                                     17 	.globl _FE
                                     18 	.globl _SLAVE
                                     19 	.globl _RE
                                     20 	.globl _MODE
                                     21 	.globl _T3OVFIF
                                     22 	.globl _T3CH0IF
                                     23 	.globl _T3CH1IF
                                     24 	.globl _T4OVFIF
                                     25 	.globl _T4CH0IF
                                     26 	.globl _T4CH1IF
                                     27 	.globl _OVFIM
                                     28 	.globl _B_0
                                     29 	.globl _B_1
                                     30 	.globl _B_2
                                     31 	.globl _B_3
                                     32 	.globl _B_4
                                     33 	.globl _B_5
                                     34 	.globl _B_6
                                     35 	.globl _B_7
                                     36 	.globl _P2IF
                                     37 	.globl _UTX0IF
                                     38 	.globl _UTX1IF
                                     39 	.globl _P1IF
                                     40 	.globl _WDTIF
                                     41 	.globl _ACC_0
                                     42 	.globl _ACC_1
                                     43 	.globl _ACC_2
                                     44 	.globl _ACC_3
                                     45 	.globl _ACC_4
                                     46 	.globl _ACC_5
                                     47 	.globl _ACC_6
                                     48 	.globl _ACC_7
                                     49 	.globl _P
                                     50 	.globl _F1
                                     51 	.globl _OV
                                     52 	.globl _RS0
                                     53 	.globl _RS1
                                     54 	.globl _F0
                                     55 	.globl _AC
                                     56 	.globl _CY
                                     57 	.globl _DMAIF
                                     58 	.globl _T1IF
                                     59 	.globl _T2IF
                                     60 	.globl _T3IF
                                     61 	.globl _T4IF
                                     62 	.globl _P0IF
                                     63 	.globl _STIF
                                     64 	.globl _DMAIE
                                     65 	.globl _T1IE
                                     66 	.globl _T2IE
                                     67 	.globl _T3IE
                                     68 	.globl _T4IE
                                     69 	.globl _P0IE
                                     70 	.globl _RFERRIE
                                     71 	.globl _ADCIE
                                     72 	.globl _URX0IE
                                     73 	.globl _URX1IE
                                     74 	.globl _ENCIE
                                     75 	.globl _STIE
                                     76 	.globl _EA
                                     77 	.globl _P2_0
                                     78 	.globl _P2_1
                                     79 	.globl _P2_2
                                     80 	.globl _P2_3
                                     81 	.globl _P2_4
                                     82 	.globl _P2_5
                                     83 	.globl _P2_6
                                     84 	.globl _P2_7
                                     85 	.globl _ENCIF_0
                                     86 	.globl _ENCIF_1
                                     87 	.globl _P1_0
                                     88 	.globl _P1_1
                                     89 	.globl _P1_2
                                     90 	.globl _P1_3
                                     91 	.globl _P1_4
                                     92 	.globl _P1_5
                                     93 	.globl _P1_6
                                     94 	.globl _P1_7
                                     95 	.globl _IT0
                                     96 	.globl _RFERRIF
                                     97 	.globl _IT1
                                     98 	.globl _URX0IF
                                     99 	.globl _ADCIF
                                    100 	.globl _URX1IF
                                    101 	.globl _P0_0
                                    102 	.globl _P0_1
                                    103 	.globl _P0_2
                                    104 	.globl _P0_3
                                    105 	.globl _P0_4
                                    106 	.globl _P0_5
                                    107 	.globl _P0_6
                                    108 	.globl _P0_7
                                    109 	.globl _WDCTL
                                    110 	.globl _U1GCR
                                    111 	.globl _U1UCR
                                    112 	.globl _U1BAUD
                                    113 	.globl _U1DBUF
                                    114 	.globl _U1CSR
                                    115 	.globl _U0GCR
                                    116 	.globl _U0UCR
                                    117 	.globl _U0BAUD
                                    118 	.globl _U0DBUF
                                    119 	.globl _U0CSR
                                    120 	.globl _TIMIF
                                    121 	.globl _T4CC1
                                    122 	.globl _T4CCTL1
                                    123 	.globl _T4CC0
                                    124 	.globl _T4CCTL0
                                    125 	.globl _T4CTL
                                    126 	.globl _T4CNT
                                    127 	.globl _T3CC1
                                    128 	.globl _T3CCTL1
                                    129 	.globl _T3CC0
                                    130 	.globl _T3CCTL0
                                    131 	.globl _T3CTL
                                    132 	.globl _T3CNT
                                    133 	.globl _T2MSEL
                                    134 	.globl _T2IRQM
                                    135 	.globl _T2MOVF2
                                    136 	.globl _T2MOVF1
                                    137 	.globl _T2MOVF0
                                    138 	.globl _T2M1
                                    139 	.globl _T2M0
                                    140 	.globl _T2IRQF
                                    141 	.globl _T2EVTCFG
                                    142 	.globl _T2CTRL
                                    143 	.globl _T1STAT
                                    144 	.globl _T1CCTL2
                                    145 	.globl _T1CCTL1
                                    146 	.globl _T1CCTL0
                                    147 	.globl _T1CTL
                                    148 	.globl _T1CNTH
                                    149 	.globl _T1CNTL
                                    150 	.globl _T1CC2H
                                    151 	.globl _T1CC2L
                                    152 	.globl _T1CC1H
                                    153 	.globl _T1CC1L
                                    154 	.globl _T1CC0H
                                    155 	.globl _T1CC0L
                                    156 	.globl _CLKCONSTA
                                    157 	.globl _CLKCONCMD
                                    158 	.globl _SLEEPSTA
                                    159 	.globl _SLEEPCMD
                                    160 	.globl _STLOAD
                                    161 	.globl _ST2
                                    162 	.globl _ST1
                                    163 	.globl _ST0
                                    164 	.globl _RFERRF
                                    165 	.globl _RFIRQF0
                                    166 	.globl _RFST
                                    167 	.globl _RFD
                                    168 	.globl _RFIRQF1
                                    169 	.globl _PSBANK
                                    170 	.globl _FMAP
                                    171 	.globl _MEMCTR
                                    172 	.globl __XPAGE
                                    173 	.globl _MPAGE
                                    174 	.globl _PMUX
                                    175 	.globl _P2DIR
                                    176 	.globl _P1DIR
                                    177 	.globl _P0DIR
                                    178 	.globl _P2INP
                                    179 	.globl _P1INP
                                    180 	.globl _P2SEL
                                    181 	.globl _P1SEL
                                    182 	.globl _P0SEL
                                    183 	.globl _APCFG
                                    184 	.globl _PERCFG
                                    185 	.globl _P0INP
                                    186 	.globl _P2IEN
                                    187 	.globl _P1IEN
                                    188 	.globl _P0IEN
                                    189 	.globl _PICTL
                                    190 	.globl _P2IFG
                                    191 	.globl _P1IFG
                                    192 	.globl _P0IFG
                                    193 	.globl _DMAREQ
                                    194 	.globl _DMAARM
                                    195 	.globl _DMA0CFGH
                                    196 	.globl _DMA0CFGL
                                    197 	.globl _DMA1CFGH
                                    198 	.globl _DMA1CFGL
                                    199 	.globl _DMAIRQ
                                    200 	.globl _ENCCS
                                    201 	.globl _ENCDO
                                    202 	.globl _ENCDI
                                    203 	.globl _RNDH
                                    204 	.globl _RNDL
                                    205 	.globl _ADCH
                                    206 	.globl _ADCL
                                    207 	.globl _ADCCON3
                                    208 	.globl _ADCCON2
                                    209 	.globl _ADCCON1
                                    210 	.globl _B
                                    211 	.globl _IRCON2
                                    212 	.globl _ACC
                                    213 	.globl _PSW
                                    214 	.globl _IRCON
                                    215 	.globl _IP1
                                    216 	.globl _IEN1
                                    217 	.globl _IP0
                                    218 	.globl _IEN0
                                    219 	.globl _P2
                                    220 	.globl _S1CON
                                    221 	.globl _IEN2
                                    222 	.globl _S0CON
                                    223 	.globl _DPS
                                    224 	.globl _P1
                                    225 	.globl _TCON
                                    226 	.globl _PCON
                                    227 	.globl _DPH1
                                    228 	.globl _DPL1
                                    229 	.globl _DPH0
                                    230 	.globl _DPL0
                                    231 	.globl _SP
                                    232 	.globl _P0
                                    233 	.globl _hello_world_process
                                    234 	.globl _i
                                    235 	.globl _j
                                    236 	.globl _size_message1
                                    237 	.globl _size_message0
                                    238 	.globl _message1
                                    239 	.globl _message0
                                    240 	.globl _byte1
                                    241 	.globl _byte0
                                    242 	.globl _X_IEEE_ADDR
                                    243 	.globl _X_INFOPAGE
                                    244 	.globl _X_P2DIR
                                    245 	.globl _X_P1DIR
                                    246 	.globl _X_P0DIR
                                    247 	.globl _X_U1GCR
                                    248 	.globl _X_U1UCR
                                    249 	.globl _X_U1BAUD
                                    250 	.globl _X_U1DBUF
                                    251 	.globl _X_U1CSR
                                    252 	.globl _X_P2INP
                                    253 	.globl _X_P1INP
                                    254 	.globl _X_P2SEL
                                    255 	.globl _X_P1SEL
                                    256 	.globl _X_P0SEL
                                    257 	.globl _X_APCFG
                                    258 	.globl _X_PERCFG
                                    259 	.globl _X_T4CC1
                                    260 	.globl _X_T4CCTL1
                                    261 	.globl _X_T4CC0
                                    262 	.globl _X_T4CCTL0
                                    263 	.globl _X_T4CTL
                                    264 	.globl _X_T4CNT
                                    265 	.globl _X_RFIRQF0
                                    266 	.globl _X_T1CCTL2
                                    267 	.globl _X_T1CCTL1
                                    268 	.globl _X_T1CCTL0
                                    269 	.globl _X_T1CTL
                                    270 	.globl _X_T1CNTH
                                    271 	.globl _X_T1CNTL
                                    272 	.globl _X_RFST
                                    273 	.globl _X_T1CC2H
                                    274 	.globl _X_T1CC2L
                                    275 	.globl _X_T1CC1H
                                    276 	.globl _X_T1CC1L
                                    277 	.globl _X_T1CC0H
                                    278 	.globl _X_T1CC0L
                                    279 	.globl _X_RFD
                                    280 	.globl _X_TIMIF
                                    281 	.globl _X_DMAREQ
                                    282 	.globl _X_DMAARM
                                    283 	.globl _X_DMA0CFGH
                                    284 	.globl _X_DMA0CFGL
                                    285 	.globl _X_DMA1CFGH
                                    286 	.globl _X_DMA1CFGL
                                    287 	.globl _X_DMAIRQ
                                    288 	.globl _X_T3CC1
                                    289 	.globl _X_T3CCTL1
                                    290 	.globl _X_T3CC0
                                    291 	.globl _X_T3CCTL0
                                    292 	.globl _X_T3CTL
                                    293 	.globl _X_T3CNT
                                    294 	.globl _X_WDCTL
                                    295 	.globl _X_MEMCTR
                                    296 	.globl _X_CLKCONCMD
                                    297 	.globl _X_U0GCR
                                    298 	.globl _X_U0UCR
                                    299 	.globl _X_T2MSEL
                                    300 	.globl _X_U0BAUD
                                    301 	.globl _X_U0DBUF
                                    302 	.globl _X_RFERRF
                                    303 	.globl _X_SLEEPCMD
                                    304 	.globl _X_RNDH
                                    305 	.globl _X_RNDL
                                    306 	.globl _X_ADCH
                                    307 	.globl _X_ADCL
                                    308 	.globl _X_ADCCON3
                                    309 	.globl _X_ADCCON2
                                    310 	.globl _X_ADCCON1
                                    311 	.globl _X_ENCCS
                                    312 	.globl _X_ENCDO
                                    313 	.globl _X_ENCDI
                                    314 	.globl _X_T1STAT
                                    315 	.globl _X_PMUX
                                    316 	.globl _X_STLOAD
                                    317 	.globl _X_P2IEN
                                    318 	.globl _X_P0IEN
                                    319 	.globl _X_T2IRQM
                                    320 	.globl _X_T2MOVF2
                                    321 	.globl _X_T2MOVF1
                                    322 	.globl _X_T2MOVF0
                                    323 	.globl _X_T2M1
                                    324 	.globl _X_T2M0
                                    325 	.globl _X_T2IRQF
                                    326 	.globl _X_P2
                                    327 	.globl _X_PSBANK
                                    328 	.globl _X_FMAP
                                    329 	.globl _X_CLKCONSTA
                                    330 	.globl _X_SLEEPSTA
                                    331 	.globl _X_T2EVTCFG
                                    332 	.globl _X_ST2
                                    333 	.globl _X_ST1
                                    334 	.globl _X_ST0
                                    335 	.globl _X_T2CTRL
                                    336 	.globl _X__XPAGE
                                    337 	.globl _X_MPAGE
                                    338 	.globl _X_RFIRQF1
                                    339 	.globl _X_P1
                                    340 	.globl _X_P0INP
                                    341 	.globl _X_P1IEN
                                    342 	.globl _X_PICTL
                                    343 	.globl _X_P2IFG
                                    344 	.globl _X_P1IFG
                                    345 	.globl _X_P0IFG
                                    346 	.globl _X_U0CSR
                                    347 	.globl _X_P0
                                    348 	.globl _USBF5
                                    349 	.globl _USBF4
                                    350 	.globl _USBF3
                                    351 	.globl _USBF2
                                    352 	.globl _USBF1
                                    353 	.globl _USBF0
                                    354 	.globl _USBCNTH
                                    355 	.globl _USBCNTL
                                    356 	.globl _USBCNT0
                                    357 	.globl _USBCSOH
                                    358 	.globl _USBCSOL
                                    359 	.globl _USBMAXO
                                    360 	.globl _USBCSIH
                                    361 	.globl _USBCSIL
                                    362 	.globl _USBCS0
                                    363 	.globl _USBMAXI
                                    364 	.globl _USBCTRL
                                    365 	.globl _USBINDEX
                                    366 	.globl _USBFRMH
                                    367 	.globl _USBFRML
                                    368 	.globl _USBCIE
                                    369 	.globl _USBOIE
                                    370 	.globl _USBIIE
                                    371 	.globl _USBCIF
                                    372 	.globl _USBOIF
                                    373 	.globl _USBIIF
                                    374 	.globl _USBPOW
                                    375 	.globl _USBADDR
                                    376 	.globl _CSPT
                                    377 	.globl _CSPZ
                                    378 	.globl _CSPY
                                    379 	.globl _CSPX
                                    380 	.globl _CSPSTAT
                                    381 	.globl _CSPCTRL
                                    382 	.globl _CSPPROG23
                                    383 	.globl _CSPPROG22
                                    384 	.globl _CSPPROG21
                                    385 	.globl _CSPPROG20
                                    386 	.globl _CSPPROG19
                                    387 	.globl _CSPPROG18
                                    388 	.globl _CSPPROG17
                                    389 	.globl _CSPPROG16
                                    390 	.globl _CSPPROG15
                                    391 	.globl _CSPPROG14
                                    392 	.globl _CSPPROG13
                                    393 	.globl _CSPPROG12
                                    394 	.globl _CSPPROG11
                                    395 	.globl _CSPPROG10
                                    396 	.globl _CSPPROG9
                                    397 	.globl _CSPPROG8
                                    398 	.globl _CSPPROG7
                                    399 	.globl _CSPPROG6
                                    400 	.globl _CSPPROG5
                                    401 	.globl _CSPPROG4
                                    402 	.globl _CSPPROG3
                                    403 	.globl _CSPPROG2
                                    404 	.globl _CSPPROG1
                                    405 	.globl _CSPPROG0
                                    406 	.globl _RFC_OBS_CTRL2
                                    407 	.globl _RFC_OBS_CTRL1
                                    408 	.globl _RFC_OBS_CTRL0
                                    409 	.globl _TXFILTCFG
                                    410 	.globl _PTEST1
                                    411 	.globl _PTEST0
                                    412 	.globl _ATEST
                                    413 	.globl _DACTEST2
                                    414 	.globl _DACTEST1
                                    415 	.globl _DACTEST0
                                    416 	.globl _MDMTEST1
                                    417 	.globl _MDMTEST0
                                    418 	.globl _ADCTEST2
                                    419 	.globl _ADCTEST1
                                    420 	.globl _ADCTEST0
                                    421 	.globl _AGCCTRL3
                                    422 	.globl _AGCCTRL2
                                    423 	.globl _AGCCTRL1
                                    424 	.globl _AGCCTRL0
                                    425 	.globl _FSCAL3
                                    426 	.globl _FSCAL2
                                    427 	.globl _FSCAL1
                                    428 	.globl _FSCAL0
                                    429 	.globl _FSCTRL
                                    430 	.globl _RXCTRL
                                    431 	.globl _FREQEST
                                    432 	.globl _MDMCTRL1
                                    433 	.globl _MDMCTRL0
                                    434 	.globl _RFRND
                                    435 	.globl _RFERRM
                                    436 	.globl _RFIRQM1
                                    437 	.globl _RFIRQM0
                                    438 	.globl _TXLAST_PTR
                                    439 	.globl _TXFIRST_PTR
                                    440 	.globl _RXP1_PTR
                                    441 	.globl _RXLAST_PTR
                                    442 	.globl _RXFIRST_PTR
                                    443 	.globl _TXFIFOCNT
                                    444 	.globl _RXFIFOCNT
                                    445 	.globl _RXFIRST
                                    446 	.globl _RSSISTAT
                                    447 	.globl _RSSI
                                    448 	.globl _CCACTRL1
                                    449 	.globl _CCACTRL0
                                    450 	.globl _FSMCTRL
                                    451 	.globl _FIFOPCTRL
                                    452 	.globl _FSMSTAT1
                                    453 	.globl _FSMSTAT0
                                    454 	.globl _TXCTRL
                                    455 	.globl _TXPOWER
                                    456 	.globl _FREQCTRL
                                    457 	.globl _FREQTUNE
                                    458 	.globl _RXMASKCLR
                                    459 	.globl _RXMASKSET
                                    460 	.globl _RXENABLE
                                    461 	.globl _FRMCTRL1
                                    462 	.globl _FRMCTRL0
                                    463 	.globl _SRCEXTEN2
                                    464 	.globl _SRCEXTEN1
                                    465 	.globl _SRCEXTEN0
                                    466 	.globl _SRCSHORTEN2
                                    467 	.globl _SRCSHORTEN1
                                    468 	.globl _SRCSHORTEN0
                                    469 	.globl _SRCMATCH
                                    470 	.globl _FRMFILT1
                                    471 	.globl _FRMFILT0
                                    472 	.globl _SHORT_ADDR1
                                    473 	.globl _SHORT_ADDR0
                                    474 	.globl _PAN_ID1
                                    475 	.globl _PAN_ID0
                                    476 	.globl _EXT_ADDR7
                                    477 	.globl _EXT_ADDR6
                                    478 	.globl _EXT_ADDR5
                                    479 	.globl _EXT_ADDR4
                                    480 	.globl _EXT_ADDR3
                                    481 	.globl _EXT_ADDR2
                                    482 	.globl _EXT_ADDR1
                                    483 	.globl _EXT_ADDR0
                                    484 	.globl _SRCSHORTPENDEN2
                                    485 	.globl _SRCSHORTPENDEN1
                                    486 	.globl _SRCSHORTPENDEN0
                                    487 	.globl _SRCEXTPENDEN2
                                    488 	.globl _SRCEXTPENDEN1
                                    489 	.globl _SRCEXTPENDEN0
                                    490 	.globl _SRCRESINDEX
                                    491 	.globl _SRCRESMASK2
                                    492 	.globl _SRCRESMASK1
                                    493 	.globl _SRCRESMASK0
                                    494 	.globl _SRC_ADDR_TABLE
                                    495 	.globl _TXFIFO
                                    496 	.globl _RXFIFO
                                    497 	.globl _RFCORE_RAM
                                    498 	.globl _CMPCTL
                                    499 	.globl _OPAMPS
                                    500 	.globl _OPAMPC
                                    501 	.globl _STCV2
                                    502 	.globl _STCV1
                                    503 	.globl _STCV0
                                    504 	.globl _STCS
                                    505 	.globl _STCC
                                    506 	.globl _T1CC4H
                                    507 	.globl _T1CC4L
                                    508 	.globl _T1CC3H
                                    509 	.globl _T1CC3L
                                    510 	.globl _XX_T1CC2H
                                    511 	.globl _XX_T1CC2L
                                    512 	.globl _XX_T1CC1H
                                    513 	.globl _XX_T1CC1L
                                    514 	.globl _XX_T1CC0H
                                    515 	.globl _XX_T1CC0L
                                    516 	.globl _T1CCTL4
                                    517 	.globl _T1CCTL3
                                    518 	.globl _XX_T1CCTL2
                                    519 	.globl _XX_T1CCTL1
                                    520 	.globl _XX_T1CCTL0
                                    521 	.globl _CLD
                                    522 	.globl _IRCTL
                                    523 	.globl _CHIPINFO1
                                    524 	.globl _CHIPINFO0
                                    525 	.globl _FWDATA
                                    526 	.globl _FADDRH
                                    527 	.globl _FADDRL
                                    528 	.globl _FCTL
                                    529 	.globl _IVCTRL
                                    530 	.globl _BATTMON
                                    531 	.globl _SRCRC
                                    532 	.globl _DBGDATA
                                    533 	.globl _TESTREG0
                                    534 	.globl _CHIPID
                                    535 	.globl _CHVER
                                    536 	.globl _OBSSEL5
                                    537 	.globl _OBSSEL4
                                    538 	.globl _OBSSEL3
                                    539 	.globl _OBSSEL2
                                    540 	.globl _OBSSEL1
                                    541 	.globl _OBSSEL0
                                    542 	.globl _I2CIO
                                    543 	.globl _I2CWC
                                    544 	.globl _I2CADDR
                                    545 	.globl _I2CDATA
                                    546 	.globl _I2CSTAT
                                    547 	.globl _I2CCFG
                                    548 	.globl _OPAMPMC
                                    549 	.globl _MONMUX
                                    550 	.globl _uart0_init
                                    551 	.globl _uart0_writeb
                                    552 ;--------------------------------------------------------
                                    553 ; special function registers
                                    554 ;--------------------------------------------------------
                                    555 	.area RSEG    (ABS,DATA)
      000000                        556 	.org 0x0000
                           000080   557 _P0	=	0x0080
                           000081   558 _SP	=	0x0081
                           000082   559 _DPL0	=	0x0082
                           000083   560 _DPH0	=	0x0083
                           000084   561 _DPL1	=	0x0084
                           000085   562 _DPH1	=	0x0085
                           000087   563 _PCON	=	0x0087
                           000088   564 _TCON	=	0x0088
                           000090   565 _P1	=	0x0090
                           000092   566 _DPS	=	0x0092
                           000098   567 _S0CON	=	0x0098
                           00009A   568 _IEN2	=	0x009a
                           00009B   569 _S1CON	=	0x009b
                           0000A0   570 _P2	=	0x00a0
                           0000A8   571 _IEN0	=	0x00a8
                           0000A9   572 _IP0	=	0x00a9
                           0000B8   573 _IEN1	=	0x00b8
                           0000B9   574 _IP1	=	0x00b9
                           0000C0   575 _IRCON	=	0x00c0
                           0000D0   576 _PSW	=	0x00d0
                           0000E0   577 _ACC	=	0x00e0
                           0000E8   578 _IRCON2	=	0x00e8
                           0000F0   579 _B	=	0x00f0
                           0000B4   580 _ADCCON1	=	0x00b4
                           0000B5   581 _ADCCON2	=	0x00b5
                           0000B6   582 _ADCCON3	=	0x00b6
                           0000BA   583 _ADCL	=	0x00ba
                           0000BB   584 _ADCH	=	0x00bb
                           0000BC   585 _RNDL	=	0x00bc
                           0000BD   586 _RNDH	=	0x00bd
                           0000B1   587 _ENCDI	=	0x00b1
                           0000B2   588 _ENCDO	=	0x00b2
                           0000B3   589 _ENCCS	=	0x00b3
                           0000D1   590 _DMAIRQ	=	0x00d1
                           0000D2   591 _DMA1CFGL	=	0x00d2
                           0000D3   592 _DMA1CFGH	=	0x00d3
                           0000D4   593 _DMA0CFGL	=	0x00d4
                           0000D5   594 _DMA0CFGH	=	0x00d5
                           0000D6   595 _DMAARM	=	0x00d6
                           0000D7   596 _DMAREQ	=	0x00d7
                           000089   597 _P0IFG	=	0x0089
                           00008A   598 _P1IFG	=	0x008a
                           00008B   599 _P2IFG	=	0x008b
                           00008C   600 _PICTL	=	0x008c
                           0000AB   601 _P0IEN	=	0x00ab
                           00008D   602 _P1IEN	=	0x008d
                           0000AC   603 _P2IEN	=	0x00ac
                           00008F   604 _P0INP	=	0x008f
                           0000F1   605 _PERCFG	=	0x00f1
                           0000F2   606 _APCFG	=	0x00f2
                           0000F3   607 _P0SEL	=	0x00f3
                           0000F4   608 _P1SEL	=	0x00f4
                           0000F5   609 _P2SEL	=	0x00f5
                           0000F6   610 _P1INP	=	0x00f6
                           0000F7   611 _P2INP	=	0x00f7
                           0000FD   612 _P0DIR	=	0x00fd
                           0000FE   613 _P1DIR	=	0x00fe
                           0000FF   614 _P2DIR	=	0x00ff
                           0000AE   615 _PMUX	=	0x00ae
                           000093   616 _MPAGE	=	0x0093
                           000093   617 __XPAGE	=	0x0093
                           0000C7   618 _MEMCTR	=	0x00c7
                           00009F   619 _FMAP	=	0x009f
                           00009F   620 _PSBANK	=	0x009f
                           000091   621 _RFIRQF1	=	0x0091
                           0000D9   622 _RFD	=	0x00d9
                           0000E1   623 _RFST	=	0x00e1
                           0000E9   624 _RFIRQF0	=	0x00e9
                           0000BF   625 _RFERRF	=	0x00bf
                           000095   626 _ST0	=	0x0095
                           000096   627 _ST1	=	0x0096
                           000097   628 _ST2	=	0x0097
                           0000AD   629 _STLOAD	=	0x00ad
                           0000BE   630 _SLEEPCMD	=	0x00be
                           00009D   631 _SLEEPSTA	=	0x009d
                           0000C6   632 _CLKCONCMD	=	0x00c6
                           00009E   633 _CLKCONSTA	=	0x009e
                           0000DA   634 _T1CC0L	=	0x00da
                           0000DB   635 _T1CC0H	=	0x00db
                           0000DC   636 _T1CC1L	=	0x00dc
                           0000DD   637 _T1CC1H	=	0x00dd
                           0000DE   638 _T1CC2L	=	0x00de
                           0000DF   639 _T1CC2H	=	0x00df
                           0000E2   640 _T1CNTL	=	0x00e2
                           0000E3   641 _T1CNTH	=	0x00e3
                           0000E4   642 _T1CTL	=	0x00e4
                           0000E5   643 _T1CCTL0	=	0x00e5
                           0000E6   644 _T1CCTL1	=	0x00e6
                           0000E7   645 _T1CCTL2	=	0x00e7
                           0000AF   646 _T1STAT	=	0x00af
                           000094   647 _T2CTRL	=	0x0094
                           00009C   648 _T2EVTCFG	=	0x009c
                           0000A1   649 _T2IRQF	=	0x00a1
                           0000A2   650 _T2M0	=	0x00a2
                           0000A3   651 _T2M1	=	0x00a3
                           0000A4   652 _T2MOVF0	=	0x00a4
                           0000A5   653 _T2MOVF1	=	0x00a5
                           0000A6   654 _T2MOVF2	=	0x00a6
                           0000A7   655 _T2IRQM	=	0x00a7
                           0000C3   656 _T2MSEL	=	0x00c3
                           0000CA   657 _T3CNT	=	0x00ca
                           0000CB   658 _T3CTL	=	0x00cb
                           0000CC   659 _T3CCTL0	=	0x00cc
                           0000CD   660 _T3CC0	=	0x00cd
                           0000CE   661 _T3CCTL1	=	0x00ce
                           0000CF   662 _T3CC1	=	0x00cf
                           0000EA   663 _T4CNT	=	0x00ea
                           0000EB   664 _T4CTL	=	0x00eb
                           0000EC   665 _T4CCTL0	=	0x00ec
                           0000ED   666 _T4CC0	=	0x00ed
                           0000EE   667 _T4CCTL1	=	0x00ee
                           0000EF   668 _T4CC1	=	0x00ef
                           0000D8   669 _TIMIF	=	0x00d8
                           000086   670 _U0CSR	=	0x0086
                           0000C1   671 _U0DBUF	=	0x00c1
                           0000C2   672 _U0BAUD	=	0x00c2
                           0000C4   673 _U0UCR	=	0x00c4
                           0000C5   674 _U0GCR	=	0x00c5
                           0000F8   675 _U1CSR	=	0x00f8
                           0000F9   676 _U1DBUF	=	0x00f9
                           0000FA   677 _U1BAUD	=	0x00fa
                           0000FB   678 _U1UCR	=	0x00fb
                           0000FC   679 _U1GCR	=	0x00fc
                           0000C9   680 _WDCTL	=	0x00c9
                                    681 ;--------------------------------------------------------
                                    682 ; special function bits
                                    683 ;--------------------------------------------------------
                                    684 	.area RSEG    (ABS,DATA)
      000000                        685 	.org 0x0000
                           000087   686 _P0_7	=	0x0087
                           000086   687 _P0_6	=	0x0086
                           000085   688 _P0_5	=	0x0085
                           000084   689 _P0_4	=	0x0084
                           000083   690 _P0_3	=	0x0083
                           000082   691 _P0_2	=	0x0082
                           000081   692 _P0_1	=	0x0081
                           000080   693 _P0_0	=	0x0080
                           00008F   694 _URX1IF	=	0x008f
                           00008D   695 _ADCIF	=	0x008d
                           00008B   696 _URX0IF	=	0x008b
                           00008A   697 _IT1	=	0x008a
                           000089   698 _RFERRIF	=	0x0089
                           000088   699 _IT0	=	0x0088
                           000097   700 _P1_7	=	0x0097
                           000096   701 _P1_6	=	0x0096
                           000095   702 _P1_5	=	0x0095
                           000094   703 _P1_4	=	0x0094
                           000093   704 _P1_3	=	0x0093
                           000092   705 _P1_2	=	0x0092
                           000091   706 _P1_1	=	0x0091
                           000090   707 _P1_0	=	0x0090
                           000099   708 _ENCIF_1	=	0x0099
                           000098   709 _ENCIF_0	=	0x0098
                           0000A7   710 _P2_7	=	0x00a7
                           0000A6   711 _P2_6	=	0x00a6
                           0000A5   712 _P2_5	=	0x00a5
                           0000A4   713 _P2_4	=	0x00a4
                           0000A3   714 _P2_3	=	0x00a3
                           0000A2   715 _P2_2	=	0x00a2
                           0000A1   716 _P2_1	=	0x00a1
                           0000A0   717 _P2_0	=	0x00a0
                           0000AF   718 _EA	=	0x00af
                           0000AD   719 _STIE	=	0x00ad
                           0000AC   720 _ENCIE	=	0x00ac
                           0000AB   721 _URX1IE	=	0x00ab
                           0000AA   722 _URX0IE	=	0x00aa
                           0000A9   723 _ADCIE	=	0x00a9
                           0000A8   724 _RFERRIE	=	0x00a8
                           0000BD   725 _P0IE	=	0x00bd
                           0000BC   726 _T4IE	=	0x00bc
                           0000BB   727 _T3IE	=	0x00bb
                           0000BA   728 _T2IE	=	0x00ba
                           0000B9   729 _T1IE	=	0x00b9
                           0000B8   730 _DMAIE	=	0x00b8
                           0000C7   731 _STIF	=	0x00c7
                           0000C5   732 _P0IF	=	0x00c5
                           0000C4   733 _T4IF	=	0x00c4
                           0000C3   734 _T3IF	=	0x00c3
                           0000C2   735 _T2IF	=	0x00c2
                           0000C1   736 _T1IF	=	0x00c1
                           0000C0   737 _DMAIF	=	0x00c0
                           0000D7   738 _CY	=	0x00d7
                           0000D6   739 _AC	=	0x00d6
                           0000D5   740 _F0	=	0x00d5
                           0000D4   741 _RS1	=	0x00d4
                           0000D3   742 _RS0	=	0x00d3
                           0000D2   743 _OV	=	0x00d2
                           0000D1   744 _F1	=	0x00d1
                           0000D0   745 _P	=	0x00d0
                           0000E7   746 _ACC_7	=	0x00e7
                           0000E6   747 _ACC_6	=	0x00e6
                           0000E5   748 _ACC_5	=	0x00e5
                           0000E4   749 _ACC_4	=	0x00e4
                           0000E3   750 _ACC_3	=	0x00e3
                           0000E2   751 _ACC_2	=	0x00e2
                           0000E1   752 _ACC_1	=	0x00e1
                           0000E0   753 _ACC_0	=	0x00e0
                           0000EC   754 _WDTIF	=	0x00ec
                           0000EB   755 _P1IF	=	0x00eb
                           0000EA   756 _UTX1IF	=	0x00ea
                           0000E9   757 _UTX0IF	=	0x00e9
                           0000E8   758 _P2IF	=	0x00e8
                           0000F7   759 _B_7	=	0x00f7
                           0000F6   760 _B_6	=	0x00f6
                           0000F5   761 _B_5	=	0x00f5
                           0000F4   762 _B_4	=	0x00f4
                           0000F3   763 _B_3	=	0x00f3
                           0000F2   764 _B_2	=	0x00f2
                           0000F1   765 _B_1	=	0x00f1
                           0000F0   766 _B_0	=	0x00f0
                           0000DE   767 _OVFIM	=	0x00de
                           0000DD   768 _T4CH1IF	=	0x00dd
                           0000DC   769 _T4CH0IF	=	0x00dc
                           0000DB   770 _T4OVFIF	=	0x00db
                           0000DA   771 _T3CH1IF	=	0x00da
                           0000D9   772 _T3CH0IF	=	0x00d9
                           0000D8   773 _T3OVFIF	=	0x00d8
                           0000FF   774 _MODE	=	0x00ff
                           0000FE   775 _RE	=	0x00fe
                           0000FD   776 _SLAVE	=	0x00fd
                           0000FC   777 _FE	=	0x00fc
                           0000FB   778 _ERR	=	0x00fb
                           0000FA   779 _RX_BYTE	=	0x00fa
                           0000F9   780 _TX_BYTE	=	0x00f9
                           0000F8   781 _ACTIVE	=	0x00f8
                                    782 ;--------------------------------------------------------
                                    783 ; overlayable register banks
                                    784 ;--------------------------------------------------------
                                    785 	.area REG_BANK_0	(REL,OVR,DATA)
      000000                        786 	.ds 8
                                    787 ;--------------------------------------------------------
                                    788 ; internal ram data
                                    789 ;--------------------------------------------------------
                                    790 	.area DSEG    (DATA)
                                    791 ;--------------------------------------------------------
                                    792 ; overlayable items in internal ram 
                                    793 ;--------------------------------------------------------
                                    794 ;--------------------------------------------------------
                                    795 ; indirectly addressable internal ram data
                                    796 ;--------------------------------------------------------
                                    797 	.area ISEG    (DATA)
                                    798 ;--------------------------------------------------------
                                    799 ; absolute internal ram data
                                    800 ;--------------------------------------------------------
                                    801 	.area IABS    (ABS,DATA)
                                    802 	.area IABS    (ABS,DATA)
                                    803 ;--------------------------------------------------------
                                    804 ; bit data
                                    805 ;--------------------------------------------------------
                                    806 	.area BSEG    (BIT)
                                    807 ;--------------------------------------------------------
                                    808 ; paged external ram data
                                    809 ;--------------------------------------------------------
                                    810 	.area PSEG    (PAG,XDATA)
                                    811 ;--------------------------------------------------------
                                    812 ; external ram data
                                    813 ;--------------------------------------------------------
                                    814 	.area XSEG    (XDATA)
                           0061A6   815 _MONMUX	=	0x61a6
                           0061A6   816 _OPAMPMC	=	0x61a6
                           006230   817 _I2CCFG	=	0x6230
                           006231   818 _I2CSTAT	=	0x6231
                           006232   819 _I2CDATA	=	0x6232
                           006233   820 _I2CADDR	=	0x6233
                           006234   821 _I2CWC	=	0x6234
                           006235   822 _I2CIO	=	0x6235
                           006243   823 _OBSSEL0	=	0x6243
                           006244   824 _OBSSEL1	=	0x6244
                           006245   825 _OBSSEL2	=	0x6245
                           006246   826 _OBSSEL3	=	0x6246
                           006247   827 _OBSSEL4	=	0x6247
                           006248   828 _OBSSEL5	=	0x6248
                           006249   829 _CHVER	=	0x6249
                           00624A   830 _CHIPID	=	0x624a
                           00624B   831 _TESTREG0	=	0x624b
                           006260   832 _DBGDATA	=	0x6260
                           006262   833 _SRCRC	=	0x6262
                           006264   834 _BATTMON	=	0x6264
                           006265   835 _IVCTRL	=	0x6265
                           006270   836 _FCTL	=	0x6270
                           006271   837 _FADDRL	=	0x6271
                           006272   838 _FADDRH	=	0x6272
                           006273   839 _FWDATA	=	0x6273
                           006276   840 _CHIPINFO0	=	0x6276
                           006277   841 _CHIPINFO1	=	0x6277
                           006281   842 _IRCTL	=	0x6281
                           006290   843 _CLD	=	0x6290
                           0062A0   844 _XX_T1CCTL0	=	0x62a0
                           0062A1   845 _XX_T1CCTL1	=	0x62a1
                           0062A2   846 _XX_T1CCTL2	=	0x62a2
                           0062A3   847 _T1CCTL3	=	0x62a3
                           0062A4   848 _T1CCTL4	=	0x62a4
                           0062A6   849 _XX_T1CC0L	=	0x62a6
                           0062A7   850 _XX_T1CC0H	=	0x62a7
                           0062A8   851 _XX_T1CC1L	=	0x62a8
                           0062A9   852 _XX_T1CC1H	=	0x62a9
                           0062AA   853 _XX_T1CC2L	=	0x62aa
                           0062AB   854 _XX_T1CC2H	=	0x62ab
                           0062AC   855 _T1CC3L	=	0x62ac
                           0062AD   856 _T1CC3H	=	0x62ad
                           0062AE   857 _T1CC4L	=	0x62ae
                           0062AF   858 _T1CC4H	=	0x62af
                           0062B0   859 _STCC	=	0x62b0
                           0062B1   860 _STCS	=	0x62b1
                           0062B2   861 _STCV0	=	0x62b2
                           0062B3   862 _STCV1	=	0x62b3
                           0062B4   863 _STCV2	=	0x62b4
                           0062C0   864 _OPAMPC	=	0x62c0
                           0062C1   865 _OPAMPS	=	0x62c1
                           0062D0   866 _CMPCTL	=	0x62d0
                           006000   867 _RFCORE_RAM	=	0x6000
                           006000   868 _RXFIFO	=	0x6000
                           006080   869 _TXFIFO	=	0x6080
                           006100   870 _SRC_ADDR_TABLE	=	0x6100
                           006160   871 _SRCRESMASK0	=	0x6160
                           006161   872 _SRCRESMASK1	=	0x6161
                           006162   873 _SRCRESMASK2	=	0x6162
                           006163   874 _SRCRESINDEX	=	0x6163
                           006164   875 _SRCEXTPENDEN0	=	0x6164
                           006165   876 _SRCEXTPENDEN1	=	0x6165
                           006166   877 _SRCEXTPENDEN2	=	0x6166
                           006167   878 _SRCSHORTPENDEN0	=	0x6167
                           006168   879 _SRCSHORTPENDEN1	=	0x6168
                           006169   880 _SRCSHORTPENDEN2	=	0x6169
                           00616A   881 _EXT_ADDR0	=	0x616a
                           00616B   882 _EXT_ADDR1	=	0x616b
                           00616C   883 _EXT_ADDR2	=	0x616c
                           00616D   884 _EXT_ADDR3	=	0x616d
                           00616E   885 _EXT_ADDR4	=	0x616e
                           00616F   886 _EXT_ADDR5	=	0x616f
                           006170   887 _EXT_ADDR6	=	0x6170
                           006171   888 _EXT_ADDR7	=	0x6171
                           006172   889 _PAN_ID0	=	0x6172
                           006173   890 _PAN_ID1	=	0x6173
                           006174   891 _SHORT_ADDR0	=	0x6174
                           006175   892 _SHORT_ADDR1	=	0x6175
                           006180   893 _FRMFILT0	=	0x6180
                           006181   894 _FRMFILT1	=	0x6181
                           006182   895 _SRCMATCH	=	0x6182
                           006183   896 _SRCSHORTEN0	=	0x6183
                           006184   897 _SRCSHORTEN1	=	0x6184
                           006185   898 _SRCSHORTEN2	=	0x6185
                           006186   899 _SRCEXTEN0	=	0x6186
                           006187   900 _SRCEXTEN1	=	0x6187
                           006188   901 _SRCEXTEN2	=	0x6188
                           006189   902 _FRMCTRL0	=	0x6189
                           00618A   903 _FRMCTRL1	=	0x618a
                           00618B   904 _RXENABLE	=	0x618b
                           00618C   905 _RXMASKSET	=	0x618c
                           00618D   906 _RXMASKCLR	=	0x618d
                           00618E   907 _FREQTUNE	=	0x618e
                           00618F   908 _FREQCTRL	=	0x618f
                           006190   909 _TXPOWER	=	0x6190
                           006191   910 _TXCTRL	=	0x6191
                           006192   911 _FSMSTAT0	=	0x6192
                           006193   912 _FSMSTAT1	=	0x6193
                           006194   913 _FIFOPCTRL	=	0x6194
                           006195   914 _FSMCTRL	=	0x6195
                           006196   915 _CCACTRL0	=	0x6196
                           006197   916 _CCACTRL1	=	0x6197
                           006198   917 _RSSI	=	0x6198
                           006199   918 _RSSISTAT	=	0x6199
                           00619A   919 _RXFIRST	=	0x619a
                           00619B   920 _RXFIFOCNT	=	0x619b
                           00619C   921 _TXFIFOCNT	=	0x619c
                           00619D   922 _RXFIRST_PTR	=	0x619d
                           00619E   923 _RXLAST_PTR	=	0x619e
                           00619F   924 _RXP1_PTR	=	0x619f
                           0061A1   925 _TXFIRST_PTR	=	0x61a1
                           0061A2   926 _TXLAST_PTR	=	0x61a2
                           0061A3   927 _RFIRQM0	=	0x61a3
                           0061A4   928 _RFIRQM1	=	0x61a4
                           0061A5   929 _RFERRM	=	0x61a5
                           0061A7   930 _RFRND	=	0x61a7
                           0061A8   931 _MDMCTRL0	=	0x61a8
                           0061A9   932 _MDMCTRL1	=	0x61a9
                           0061AA   933 _FREQEST	=	0x61aa
                           0061AB   934 _RXCTRL	=	0x61ab
                           0061AC   935 _FSCTRL	=	0x61ac
                           0061AD   936 _FSCAL0	=	0x61ad
                           0061AE   937 _FSCAL1	=	0x61ae
                           0061AF   938 _FSCAL2	=	0x61af
                           0061B0   939 _FSCAL3	=	0x61b0
                           0061B1   940 _AGCCTRL0	=	0x61b1
                           0061B2   941 _AGCCTRL1	=	0x61b2
                           0061B3   942 _AGCCTRL2	=	0x61b3
                           0061B4   943 _AGCCTRL3	=	0x61b4
                           0061B5   944 _ADCTEST0	=	0x61b5
                           0061B6   945 _ADCTEST1	=	0x61b6
                           0061B7   946 _ADCTEST2	=	0x61b7
                           0061B8   947 _MDMTEST0	=	0x61b8
                           0061B9   948 _MDMTEST1	=	0x61b9
                           0061BA   949 _DACTEST0	=	0x61ba
                           0061BB   950 _DACTEST1	=	0x61bb
                           0061BC   951 _DACTEST2	=	0x61bc
                           0061BD   952 _ATEST	=	0x61bd
                           0061BE   953 _PTEST0	=	0x61be
                           0061BF   954 _PTEST1	=	0x61bf
                           0061FA   955 _TXFILTCFG	=	0x61fa
                           0061EB   956 _RFC_OBS_CTRL0	=	0x61eb
                           0061EC   957 _RFC_OBS_CTRL1	=	0x61ec
                           0061ED   958 _RFC_OBS_CTRL2	=	0x61ed
                           0061C0   959 _CSPPROG0	=	0x61c0
                           0061C1   960 _CSPPROG1	=	0x61c1
                           0061C2   961 _CSPPROG2	=	0x61c2
                           0061C3   962 _CSPPROG3	=	0x61c3
                           0061C4   963 _CSPPROG4	=	0x61c4
                           0061C5   964 _CSPPROG5	=	0x61c5
                           0061C6   965 _CSPPROG6	=	0x61c6
                           0061C7   966 _CSPPROG7	=	0x61c7
                           0061C8   967 _CSPPROG8	=	0x61c8
                           0061C9   968 _CSPPROG9	=	0x61c9
                           0061CA   969 _CSPPROG10	=	0x61ca
                           0061CB   970 _CSPPROG11	=	0x61cb
                           0061CC   971 _CSPPROG12	=	0x61cc
                           0061CD   972 _CSPPROG13	=	0x61cd
                           0061CE   973 _CSPPROG14	=	0x61ce
                           0061CF   974 _CSPPROG15	=	0x61cf
                           0061D0   975 _CSPPROG16	=	0x61d0
                           0061D1   976 _CSPPROG17	=	0x61d1
                           0061D2   977 _CSPPROG18	=	0x61d2
                           0061D3   978 _CSPPROG19	=	0x61d3
                           0061D4   979 _CSPPROG20	=	0x61d4
                           0061D5   980 _CSPPROG21	=	0x61d5
                           0061D6   981 _CSPPROG22	=	0x61d6
                           0061D7   982 _CSPPROG23	=	0x61d7
                           0061E0   983 _CSPCTRL	=	0x61e0
                           0061E1   984 _CSPSTAT	=	0x61e1
                           0061E2   985 _CSPX	=	0x61e2
                           0061E3   986 _CSPY	=	0x61e3
                           0061E4   987 _CSPZ	=	0x61e4
                           0061E5   988 _CSPT	=	0x61e5
                           006200   989 _USBADDR	=	0x6200
                           006201   990 _USBPOW	=	0x6201
                           006202   991 _USBIIF	=	0x6202
                           006204   992 _USBOIF	=	0x6204
                           006206   993 _USBCIF	=	0x6206
                           006207   994 _USBIIE	=	0x6207
                           006209   995 _USBOIE	=	0x6209
                           00620B   996 _USBCIE	=	0x620b
                           00620C   997 _USBFRML	=	0x620c
                           00620D   998 _USBFRMH	=	0x620d
                           00620E   999 _USBINDEX	=	0x620e
                           00620F  1000 _USBCTRL	=	0x620f
                           006210  1001 _USBMAXI	=	0x6210
                           006211  1002 _USBCS0	=	0x6211
                           006211  1003 _USBCSIL	=	0x6211
                           006212  1004 _USBCSIH	=	0x6212
                           006213  1005 _USBMAXO	=	0x6213
                           006214  1006 _USBCSOL	=	0x6214
                           006215  1007 _USBCSOH	=	0x6215
                           006216  1008 _USBCNT0	=	0x6216
                           006216  1009 _USBCNTL	=	0x6216
                           006217  1010 _USBCNTH	=	0x6217
                           006220  1011 _USBF0	=	0x6220
                           006222  1012 _USBF1	=	0x6222
                           006224  1013 _USBF2	=	0x6224
                           006226  1014 _USBF3	=	0x6226
                           006228  1015 _USBF4	=	0x6228
                           00622A  1016 _USBF5	=	0x622a
                           007080  1017 _X_P0	=	0x7080
                           007086  1018 _X_U0CSR	=	0x7086
                           007089  1019 _X_P0IFG	=	0x7089
                           00708A  1020 _X_P1IFG	=	0x708a
                           00708B  1021 _X_P2IFG	=	0x708b
                           00708C  1022 _X_PICTL	=	0x708c
                           00708D  1023 _X_P1IEN	=	0x708d
                           00708F  1024 _X_P0INP	=	0x708f
                           007090  1025 _X_P1	=	0x7090
                           007091  1026 _X_RFIRQF1	=	0x7091
                           007093  1027 _X_MPAGE	=	0x7093
                           007093  1028 _X__XPAGE	=	0x7093
                           007094  1029 _X_T2CTRL	=	0x7094
                           007095  1030 _X_ST0	=	0x7095
                           007096  1031 _X_ST1	=	0x7096
                           007097  1032 _X_ST2	=	0x7097
                           00709C  1033 _X_T2EVTCFG	=	0x709c
                           00709D  1034 _X_SLEEPSTA	=	0x709d
                           00709E  1035 _X_CLKCONSTA	=	0x709e
                           00709F  1036 _X_FMAP	=	0x709f
                           00709F  1037 _X_PSBANK	=	0x709f
                           0070A0  1038 _X_P2	=	0x70a0
                           0070A1  1039 _X_T2IRQF	=	0x70a1
                           0070A2  1040 _X_T2M0	=	0x70a2
                           0070A3  1041 _X_T2M1	=	0x70a3
                           0070A4  1042 _X_T2MOVF0	=	0x70a4
                           0070A5  1043 _X_T2MOVF1	=	0x70a5
                           0070A6  1044 _X_T2MOVF2	=	0x70a6
                           0070A7  1045 _X_T2IRQM	=	0x70a7
                           0070AB  1046 _X_P0IEN	=	0x70ab
                           0070AC  1047 _X_P2IEN	=	0x70ac
                           0070AD  1048 _X_STLOAD	=	0x70ad
                           0070AE  1049 _X_PMUX	=	0x70ae
                           0070AF  1050 _X_T1STAT	=	0x70af
                           0070B1  1051 _X_ENCDI	=	0x70b1
                           0070B2  1052 _X_ENCDO	=	0x70b2
                           0070B3  1053 _X_ENCCS	=	0x70b3
                           0070B4  1054 _X_ADCCON1	=	0x70b4
                           0070B5  1055 _X_ADCCON2	=	0x70b5
                           0070B6  1056 _X_ADCCON3	=	0x70b6
                           0070BA  1057 _X_ADCL	=	0x70ba
                           0070BB  1058 _X_ADCH	=	0x70bb
                           0070BC  1059 _X_RNDL	=	0x70bc
                           0070BD  1060 _X_RNDH	=	0x70bd
                           0070BE  1061 _X_SLEEPCMD	=	0x70be
                           0070BF  1062 _X_RFERRF	=	0x70bf
                           0070C1  1063 _X_U0DBUF	=	0x70c1
                           0070C2  1064 _X_U0BAUD	=	0x70c2
                           0070C3  1065 _X_T2MSEL	=	0x70c3
                           0070C4  1066 _X_U0UCR	=	0x70c4
                           0070C5  1067 _X_U0GCR	=	0x70c5
                           0070C6  1068 _X_CLKCONCMD	=	0x70c6
                           0070C7  1069 _X_MEMCTR	=	0x70c7
                           0070C9  1070 _X_WDCTL	=	0x70c9
                           0070CA  1071 _X_T3CNT	=	0x70ca
                           0070CB  1072 _X_T3CTL	=	0x70cb
                           0070CC  1073 _X_T3CCTL0	=	0x70cc
                           0070CD  1074 _X_T3CC0	=	0x70cd
                           0070CE  1075 _X_T3CCTL1	=	0x70ce
                           0070CF  1076 _X_T3CC1	=	0x70cf
                           0070D1  1077 _X_DMAIRQ	=	0x70d1
                           0070D2  1078 _X_DMA1CFGL	=	0x70d2
                           0070D3  1079 _X_DMA1CFGH	=	0x70d3
                           0070D4  1080 _X_DMA0CFGL	=	0x70d4
                           0070D5  1081 _X_DMA0CFGH	=	0x70d5
                           0070D6  1082 _X_DMAARM	=	0x70d6
                           0070D7  1083 _X_DMAREQ	=	0x70d7
                           0070D8  1084 _X_TIMIF	=	0x70d8
                           0070D9  1085 _X_RFD	=	0x70d9
                           0070DA  1086 _X_T1CC0L	=	0x70da
                           0070DB  1087 _X_T1CC0H	=	0x70db
                           0070DC  1088 _X_T1CC1L	=	0x70dc
                           0070DD  1089 _X_T1CC1H	=	0x70dd
                           0070DE  1090 _X_T1CC2L	=	0x70de
                           0070DF  1091 _X_T1CC2H	=	0x70df
                           0070E1  1092 _X_RFST	=	0x70e1
                           0070E2  1093 _X_T1CNTL	=	0x70e2
                           0070E3  1094 _X_T1CNTH	=	0x70e3
                           0070E4  1095 _X_T1CTL	=	0x70e4
                           0070E5  1096 _X_T1CCTL0	=	0x70e5
                           0070E6  1097 _X_T1CCTL1	=	0x70e6
                           0070E7  1098 _X_T1CCTL2	=	0x70e7
                           0070E9  1099 _X_RFIRQF0	=	0x70e9
                           0070EA  1100 _X_T4CNT	=	0x70ea
                           0070EB  1101 _X_T4CTL	=	0x70eb
                           0070EC  1102 _X_T4CCTL0	=	0x70ec
                           0070ED  1103 _X_T4CC0	=	0x70ed
                           0070EE  1104 _X_T4CCTL1	=	0x70ee
                           0070EF  1105 _X_T4CC1	=	0x70ef
                           0070F1  1106 _X_PERCFG	=	0x70f1
                           0070F2  1107 _X_APCFG	=	0x70f2
                           0070F3  1108 _X_P0SEL	=	0x70f3
                           0070F4  1109 _X_P1SEL	=	0x70f4
                           0070F5  1110 _X_P2SEL	=	0x70f5
                           0070F6  1111 _X_P1INP	=	0x70f6
                           0070F7  1112 _X_P2INP	=	0x70f7
                           0070F8  1113 _X_U1CSR	=	0x70f8
                           0070F9  1114 _X_U1DBUF	=	0x70f9
                           0070FA  1115 _X_U1BAUD	=	0x70fa
                           0070FB  1116 _X_U1UCR	=	0x70fb
                           0070FC  1117 _X_U1GCR	=	0x70fc
                           0070FD  1118 _X_P0DIR	=	0x70fd
                           0070FE  1119 _X_P1DIR	=	0x70fe
                           0070FF  1120 _X_P2DIR	=	0x70ff
                           007800  1121 _X_INFOPAGE	=	0x7800
                           00780C  1122 _X_IEEE_ADDR	=	0x780c
      000000                       1123 _byte0::
      000000                       1124 	.ds 2
      000002                       1125 _byte1::
      000002                       1126 	.ds 2
                                   1127 ;--------------------------------------------------------
                                   1128 ; absolute external ram data
                                   1129 ;--------------------------------------------------------
                                   1130 	.area XABS    (ABS,XDATA)
                                   1131 ;--------------------------------------------------------
                                   1132 ; external initialized ram data
                                   1133 ;--------------------------------------------------------
                                   1134 	.area XISEG   (XDATA)
      000000                       1135 _message0::
      000000                       1136 	.ds 15
      00000F                       1137 _message1::
      00000F                       1138 	.ds 15
      00001E                       1139 _size_message0::
      00001E                       1140 	.ds 2
      000020                       1141 _size_message1::
      000020                       1142 	.ds 2
      000022                       1143 _j::
      000022                       1144 	.ds 2
      000024                       1145 _i::
      000024                       1146 	.ds 2
      000026                       1147 _hello_world_process::
      000026                       1148 	.ds 9
                                   1149 	.area HOME    (CODE)
                                   1150 	.area GSINIT0 (CODE)
                                   1151 	.area GSINIT1 (CODE)
                                   1152 	.area GSINIT2 (CODE)
                                   1153 	.area GSINIT3 (CODE)
                                   1154 	.area GSINIT4 (CODE)
                                   1155 	.area GSINIT5 (CODE)
                                   1156 	.area GSINIT  (CODE)
                                   1157 	.area GSFINAL (CODE)
                                   1158 	.area CSEG    (CODE)
                                   1159 ;--------------------------------------------------------
                                   1160 ; global & static initialisations
                                   1161 ;--------------------------------------------------------
                                   1162 	.area HOME    (CODE)
                                   1163 	.area GSINIT  (CODE)
                                   1164 	.area GSFINAL (CODE)
                                   1165 	.area GSINIT  (CODE)
                                   1166 ;--------------------------------------------------------
                                   1167 ; Home
                                   1168 ;--------------------------------------------------------
                                   1169 	.area HOME    (CODE)
                                   1170 	.area HOME    (CODE)
                                   1171 ;--------------------------------------------------------
                                   1172 ; code
                                   1173 ;--------------------------------------------------------
                                   1174 	.area CSEG    (CODE)
                                   1175 ;------------------------------------------------------------
                                   1176 ;Allocation info for local variables in function 'uart0_init'
                                   1177 ;------------------------------------------------------------
                                   1178 ;	/opt/contiki/cpu/cc253x/./dev/uart0.c:21: uart0_init()
                                   1179 ;	-----------------------------------------
                                   1180 ;	 function uart0_init
                                   1181 ;	-----------------------------------------
      000000                       1182 _uart0_init:
                           000007  1183 	ar7 = 0x07
                           000006  1184 	ar6 = 0x06
                           000005  1185 	ar5 = 0x05
                           000004  1186 	ar4 = 0x04
                           000003  1187 	ar3 = 0x03
                           000002  1188 	ar2 = 0x02
                           000001  1189 	ar1 = 0x01
                           000000  1190 	ar0 = 0x00
                                   1191 ;	/opt/contiki/cpu/cc253x/./dev/uart0.c:26: UART_SET_SPEED(0, UART_115_M, UART_115_E);
      000000 75 C2 D8         [24] 1192 	mov	_U0BAUD,#0xD8
      000003 75 C5 0B         [24] 1193 	mov	_U0GCR,#0x0B
                                   1194 ;	/opt/contiki/cpu/cc253x/./dev/uart0.c:40: PERCFG &= ~PERCFG_U0CFG; /* alternative port 1 = P0.5-2 */
      000006 AF F1            [24] 1195 	mov	r7,_PERCFG
      000008 74 FE            [12] 1196 	mov	a,#0xFE
      00000A 5F               [12] 1197 	anl	a,r7
      00000B F5 F1            [12] 1198 	mov	_PERCFG,a
                                   1199 ;	/opt/contiki/cpu/cc253x/./dev/uart0.c:44: P0SEL |= 0x0C;    /* peripheral select for TX and RX */
      00000D 43 F3 0C         [24] 1200 	orl	_P0SEL,#0x0C
                                   1201 ;	/opt/contiki/cpu/cc253x/./dev/uart0.c:45: P0 &= ~0x20;    /* RTS down */
      000010 AF 80            [24] 1202 	mov	r7,_P0
      000012 74 DF            [12] 1203 	mov	a,#0xDF
      000014 5F               [12] 1204 	anl	a,r7
      000015 F5 80            [12] 1205 	mov	_P0,a
                                   1206 ;	/opt/contiki/cpu/cc253x/./dev/uart0.c:47: P0DIR |= 0x28;    /* RTS, TX out */
      000017 43 FD 28         [24] 1207 	orl	_P0DIR,#0x28
                                   1208 ;	/opt/contiki/cpu/cc253x/./dev/uart0.c:48: P0DIR &= ~0x14;   /* CTS, RX in */
      00001A AF FD            [24] 1209 	mov	r7,_P0DIR
      00001C 74 EB            [12] 1210 	mov	a,#0xEB
      00001E 5F               [12] 1211 	anl	a,r7
      00001F F5 FD            [12] 1212 	mov	_P0DIR,a
                                   1213 ;	/opt/contiki/cpu/cc253x/./dev/uart0.c:55: U0UCR = 0x02; /*defaults: 8N1, no flow control, high stop bit*/
      000021 75 C4 02         [24] 1214 	mov	_U0UCR,#0x02
                                   1215 ;	/opt/contiki/cpu/cc253x/./dev/uart0.c:58: U0CSR = UCSR_MODE; /* UART mode */
      000024 75 86 80         [24] 1216 	mov	_U0CSR,#0x80
                                   1217 ;	/opt/contiki/cpu/cc253x/./dev/uart0.c:59: U0UCR |= 0x80; /* Flush */
      000027 43 C4 80         [24] 1218 	orl	_U0UCR,#0x80
                                   1219 ;	/opt/contiki/cpu/cc253x/./dev/uart0.c:60: UART0_RX_EN();
      00002A 43 86 40         [24] 1220 	orl	_U0CSR,#0x40
                                   1221 ;	/opt/contiki/cpu/cc253x/./dev/uart0.c:62: UART0_RX_INT(1);
      00002D D2 AA            [12] 1222 	setb	_URX0IE
      00002F 22               [24] 1223 	ret
                                   1224 ;------------------------------------------------------------
                                   1225 ;Allocation info for local variables in function 'uart0_writeb'
                                   1226 ;------------------------------------------------------------
                                   1227 ;byte                      Allocated to registers r7 
                                   1228 ;------------------------------------------------------------
                                   1229 ;	/opt/contiki/cpu/cc253x/./dev/uart0.c:67: uart0_writeb(uint8_t byte)
                                   1230 ;	-----------------------------------------
                                   1231 ;	 function uart0_writeb
                                   1232 ;	-----------------------------------------
      000030                       1233 _uart0_writeb:
      000030 AF 82            [24] 1234 	mov	r7,dpl
                                   1235 ;	/opt/contiki/cpu/cc253x/./dev/uart0.c:69: UTX0IF = 0;
      000032 C2 E9            [12] 1236 	clr	_UTX0IF
                                   1237 ;	/opt/contiki/cpu/cc253x/./dev/uart0.c:70: U0DBUF = byte;
      000034 8F C1            [24] 1238 	mov	_U0DBUF,r7
                                   1239 ;	/opt/contiki/cpu/cc253x/./dev/uart0.c:71: while(!UTX0IF); /* Wait until byte has been transmitted. */
      000036                       1240 00101$:
                                   1241 ;	/opt/contiki/cpu/cc253x/./dev/uart0.c:72: UTX0IF = 0;
      000036 10 E9 02         [24] 1242 	jbc	_UTX0IF,00112$
      000039 80 FB            [24] 1243 	sjmp	00101$
      00003B                       1244 00112$:
      00003B 22               [24] 1245 	ret
                                   1246 ;------------------------------------------------------------
                                   1247 ;Allocation info for local variables in function 'process_thread_hello_world_process'
                                   1248 ;------------------------------------------------------------
                                   1249 ;ev                        Allocated to stack - sp -2
                                   1250 ;data                      Allocated to stack - sp -5
                                   1251 ;process_pt                Allocated to registers r5 r6 r7 
                                   1252 ;PT_YIELD_FLAG             Allocated to registers 
                                   1253 ;------------------------------------------------------------
                                   1254 ;	uart1_hello.c:29: PROCESS_THREAD(hello_world_process, ev, data)
                                   1255 ;	-----------------------------------------
                                   1256 ;	 function process_thread_hello_world_process
                                   1257 ;	-----------------------------------------
      00003C                       1258 _process_thread_hello_world_process:
                                   1259 ;	uart1_hello.c:32: PROCESS_BEGIN();
      00003C AD 82            [24] 1260 	mov	r5,dpl
      00003E AE 83            [24] 1261 	mov	r6,dph
      000040 AF F0            [24] 1262 	mov	r7,b
      000042 12r00r00         [24] 1263 	lcall	__gptrget
      000045 FB               [12] 1264 	mov	r3,a
      000046 A3               [24] 1265 	inc	dptr
      000047 12r00r00         [24] 1266 	lcall	__gptrget
      00004A FC               [12] 1267 	mov	r4,a
      00004B BB 00 05         [24] 1268 	cjne	r3,#0x00,00132$
      00004E BC 00 02         [24] 1269 	cjne	r4,#0x00,00132$
      000051 80 03            [24] 1270 	sjmp	00133$
      000053                       1271 00132$:
      000053 02r01r2E         [24] 1272 	ljmp	00114$
      000056                       1273 00133$:
                                   1274 ;	uart1_hello.c:36: UART_SET_SPEED(0, UART_9_M, UART_9_E);
      000056 75 C2 3B         [24] 1275 	mov	_U0BAUD,#0x3B
      000059 75 C5 08         [24] 1276 	mov	_U0GCR,#0x08
                                   1277 ;	uart1_hello.c:37: UART_SET_SPEED(1, UART_9_M, UART_9_E);
      00005C 75 FA 3B         [24] 1278 	mov	_U1BAUD,#0x3B
      00005F 75 FC 08         [24] 1279 	mov	_U1GCR,#0x08
                                   1280 ;	uart1_hello.c:38: uart0_init();
      000062 C0 07            [24] 1281 	push	ar7
      000064 C0 06            [24] 1282 	push	ar6
      000066 C0 05            [24] 1283 	push	ar5
      000068 12r00r00         [24] 1284 	lcall	_uart0_init
                                   1285 ;	uart1_hello.c:40: uart0_writeb(0x0d);
      00006B 75 82 0D         [24] 1286 	mov	dpl,#0x0D
      00006E 12r00r30         [24] 1287 	lcall	_uart0_writeb
                                   1288 ;	uart1_hello.c:41: uart0_writeb(0x0a);
      000071 75 82 0A         [24] 1289 	mov	dpl,#0x0A
      000074 12r00r30         [24] 1290 	lcall	_uart0_writeb
      000077 D0 05            [24] 1291 	pop	ar5
      000079 D0 06            [24] 1292 	pop	ar6
      00007B D0 07            [24] 1293 	pop	ar7
                                   1294 ;	uart1_hello.c:42: while(i < size_message0)	
      00007D                       1295 00108$:
      00007D 90r00r24         [24] 1296 	mov	dptr,#_i
      000080 E0               [24] 1297 	movx	a,@dptr
      000081 FB               [12] 1298 	mov	r3,a
      000082 A3               [24] 1299 	inc	dptr
      000083 E0               [24] 1300 	movx	a,@dptr
      000084 FC               [12] 1301 	mov	r4,a
      000085 90r00r1E         [24] 1302 	mov	dptr,#_size_message0
      000088 E0               [24] 1303 	movx	a,@dptr
      000089 F9               [12] 1304 	mov	r1,a
      00008A A3               [24] 1305 	inc	dptr
      00008B E0               [24] 1306 	movx	a,@dptr
      00008C FA               [12] 1307 	mov	r2,a
      00008D C3               [12] 1308 	clr	c
      00008E EB               [12] 1309 	mov	a,r3
      00008F 99               [12] 1310 	subb	a,r1
      000090 EC               [12] 1311 	mov	a,r4
      000091 64 80            [12] 1312 	xrl	a,#0x80
      000093 8A F0            [24] 1313 	mov	b,r2
      000095 63 F0 80         [24] 1314 	xrl	b,#0x80
      000098 95 F0            [12] 1315 	subb	a,b
      00009A 50 3C            [24] 1316 	jnc	00110$
                                   1317 ;	uart1_hello.c:44: byte0 = message0[i];		
      00009C EB               [12] 1318 	mov	a,r3
      00009D 24r00            [12] 1319 	add	a,#_message0
      00009F F5 82            [12] 1320 	mov	dpl,a
      0000A1 EC               [12] 1321 	mov	a,r4
      0000A2 34s00            [12] 1322 	addc	a,#(_message0 >> 8)
      0000A4 F5 83            [12] 1323 	mov	dph,a
      0000A6 E0               [24] 1324 	movx	a,@dptr
      0000A7 FC               [12] 1325 	mov	r4,a
      0000A8 7B 00            [12] 1326 	mov	r3,#0x00
      0000AA 90r00r00         [24] 1327 	mov	dptr,#_byte0
      0000AD EC               [12] 1328 	mov	a,r4
      0000AE F0               [24] 1329 	movx	@dptr,a
      0000AF EB               [12] 1330 	mov	a,r3
      0000B0 A3               [24] 1331 	inc	dptr
      0000B1 F0               [24] 1332 	movx	@dptr,a
                                   1333 ;	uart1_hello.c:45: uart0_writeb(byte0);
      0000B2 8C 82            [24] 1334 	mov	dpl,r4
      0000B4 C0 07            [24] 1335 	push	ar7
      0000B6 C0 06            [24] 1336 	push	ar6
      0000B8 C0 05            [24] 1337 	push	ar5
      0000BA 12r00r30         [24] 1338 	lcall	_uart0_writeb
      0000BD D0 05            [24] 1339 	pop	ar5
      0000BF D0 06            [24] 1340 	pop	ar6
      0000C1 D0 07            [24] 1341 	pop	ar7
                                   1342 ;	uart1_hello.c:46: i = i+1;
      0000C3 90r00r24         [24] 1343 	mov	dptr,#_i
      0000C6 E0               [24] 1344 	movx	a,@dptr
      0000C7 FB               [12] 1345 	mov	r3,a
      0000C8 A3               [24] 1346 	inc	dptr
      0000C9 E0               [24] 1347 	movx	a,@dptr
      0000CA FC               [12] 1348 	mov	r4,a
      0000CB 90r00r24         [24] 1349 	mov	dptr,#_i
      0000CE 74 01            [12] 1350 	mov	a,#0x01
      0000D0 2B               [12] 1351 	add	a,r3
      0000D1 F0               [24] 1352 	movx	@dptr,a
      0000D2 E4               [12] 1353 	clr	a
      0000D3 3C               [12] 1354 	addc	a,r4
      0000D4 A3               [24] 1355 	inc	dptr
      0000D5 F0               [24] 1356 	movx	@dptr,a
      0000D6 80 A5            [24] 1357 	sjmp	00108$
      0000D8                       1358 00110$:
                                   1359 ;	uart1_hello.c:48: uart0_writeb(0x0d);
      0000D8 75 82 0D         [24] 1360 	mov	dpl,#0x0D
      0000DB C0 07            [24] 1361 	push	ar7
      0000DD C0 06            [24] 1362 	push	ar6
      0000DF C0 05            [24] 1363 	push	ar5
      0000E1 12r00r30         [24] 1364 	lcall	_uart0_writeb
                                   1365 ;	uart1_hello.c:49: uart0_writeb(0x0a);
      0000E4 75 82 0A         [24] 1366 	mov	dpl,#0x0A
      0000E7 12r00r30         [24] 1367 	lcall	_uart0_writeb
      0000EA D0 05            [24] 1368 	pop	ar5
      0000EC D0 06            [24] 1369 	pop	ar6
      0000EE D0 07            [24] 1370 	pop	ar7
                                   1371 ;	uart1_hello.c:50: while(j < size_message1)	
      0000F0                       1372 00111$:
      0000F0 90r00r22         [24] 1373 	mov	dptr,#_j
      0000F3 E0               [24] 1374 	movx	a,@dptr
      0000F4 FB               [12] 1375 	mov	r3,a
      0000F5 A3               [24] 1376 	inc	dptr
      0000F6 E0               [24] 1377 	movx	a,@dptr
      0000F7 FC               [12] 1378 	mov	r4,a
      0000F8 90r00r20         [24] 1379 	mov	dptr,#_size_message1
      0000FB E0               [24] 1380 	movx	a,@dptr
      0000FC F9               [12] 1381 	mov	r1,a
      0000FD A3               [24] 1382 	inc	dptr
      0000FE E0               [24] 1383 	movx	a,@dptr
      0000FF FA               [12] 1384 	mov	r2,a
      000100 C3               [12] 1385 	clr	c
      000101 EB               [12] 1386 	mov	a,r3
      000102 99               [12] 1387 	subb	a,r1
      000103 EC               [12] 1388 	mov	a,r4
      000104 64 80            [12] 1389 	xrl	a,#0x80
      000106 8A F0            [24] 1390 	mov	b,r2
      000108 63 F0 80         [24] 1391 	xrl	b,#0x80
      00010B 95 F0            [12] 1392 	subb	a,b
      00010D 50 1F            [24] 1393 	jnc	00114$
                                   1394 ;	uart1_hello.c:52: byte1 = message1[j];		
      00010F EB               [12] 1395 	mov	a,r3
      000110 24r0F            [12] 1396 	add	a,#_message1
      000112 F5 82            [12] 1397 	mov	dpl,a
      000114 EC               [12] 1398 	mov	a,r4
      000115 34s00            [12] 1399 	addc	a,#(_message1 >> 8)
      000117 F5 83            [12] 1400 	mov	dph,a
      000119 E0               [24] 1401 	movx	a,@dptr
      00011A FA               [12] 1402 	mov	r2,a
      00011B 90r00r02         [24] 1403 	mov	dptr,#_byte1
      00011E F0               [24] 1404 	movx	@dptr,a
      00011F E4               [12] 1405 	clr	a
      000120 A3               [24] 1406 	inc	dptr
      000121 F0               [24] 1407 	movx	@dptr,a
                                   1408 ;	uart1_hello.c:54: j = j+1;
      000122 90r00r22         [24] 1409 	mov	dptr,#_j
      000125 04               [12] 1410 	inc	a
      000126 2B               [12] 1411 	add	a,r3
      000127 F0               [24] 1412 	movx	@dptr,a
      000128 E4               [12] 1413 	clr	a
      000129 3C               [12] 1414 	addc	a,r4
      00012A A3               [24] 1415 	inc	dptr
      00012B F0               [24] 1416 	movx	@dptr,a
                                   1417 ;	uart1_hello.c:59: PROCESS_END();
      00012C 80 C2            [24] 1418 	sjmp	00111$
      00012E                       1419 00114$:
      00012E 8D 82            [24] 1420 	mov	dpl,r5
      000130 8E 83            [24] 1421 	mov	dph,r6
      000132 8F F0            [24] 1422 	mov	b,r7
      000134 E4               [12] 1423 	clr	a
      000135 12r00r00         [24] 1424 	lcall	__gptrput
      000138 A3               [24] 1425 	inc	dptr
      000139 12r00r00         [24] 1426 	lcall	__gptrput
      00013C 75 82 03         [24] 1427 	mov	dpl,#0x03
      00013F 22               [24] 1428 	ret
                                   1429 	.area CSEG    (CODE)
                                   1430 	.area CONST   (CODE)
      000000                       1431 _autostart_processes:
      000000r26s00 00              1432 	.byte _hello_world_process, (_hello_world_process >> 8),#0x00
                                   1433 ; generic printIvalPtr
      000003 00 00 00              1434 	.byte #0x00,#0x00,#0x00
                                   1435 	.area XINIT   (CODE)
      000000                       1436 __xinit__message0:
      000000 48 45 4C 4C 4F 75 61  1437 	.ascii "HELLOuart0 :)"
             72 74 30 20 3A 29
      00000D 0A                    1438 	.db 0x0A
      00000E 00                    1439 	.db 0x00
      00000F                       1440 __xinit__message1:
      00000F 48 45 4C 4C 4F 75 61  1441 	.ascii "HELLOuart1 :P"
             72 74 31 20 3A 50
      00001C 0A                    1442 	.db 0x0A
      00001D 00                    1443 	.db 0x00
      00001E                       1444 __xinit__size_message0:
      00001E 0F 00                 1445 	.byte #0x0F,#0x00	;  15
      000020                       1446 __xinit__size_message1:
      000020 0F 00                 1447 	.byte #0x0F,#0x00	;  15
      000022                       1448 __xinit__j:
      000022 00 00                 1449 	.byte #0x00,#0x00	;  0
      000024                       1450 __xinit__i:
      000024 00 00                 1451 	.byte #0x00,#0x00	;  0
      000026                       1452 __xinit__hello_world_process:
                                   1453 ; generic printIvalPtr
      000026 00 00 00              1454 	.byte #0x00,#0x00,#0x00
      000029r3Cs00                 1455 	.byte _process_thread_hello_world_process, (_process_thread_hello_world_process >> 8)
      00002B 00 00                 1456 	.byte #0x00, #0x00
      00002D 00                    1457 	.db #0x00	; 0
      00002E 00                    1458 	.db #0x00	; 0
                                   1459 	.area CABS    (ABS,CODE)
