                                      1 ;--------------------------------------------------------
                                      2 ; File Created by SDCC : free open source ANSI-C Compiler
                                      3 ; Version 3.5.5 #9380 (Linux)
                                      4 ; This file was generated Tue Nov 17 16:52:49 2015
                                      5 ;--------------------------------------------------------
                                      6 	.module uart_intr
                                      7 	.optsdcc -mmcs51 --model-large
                                      8 	
                                      9 ;--------------------------------------------------------
                                     10 ; Public variables in this module
                                     11 ;--------------------------------------------------------
                                     12 	.globl _ACTIVE
                                     13 	.globl _TX_BYTE
                                     14 	.globl _RX_BYTE
                                     15 	.globl _ERR
                                     16 	.globl _FE
                                     17 	.globl _SLAVE
                                     18 	.globl _RE
                                     19 	.globl _MODE
                                     20 	.globl _T3OVFIF
                                     21 	.globl _T3CH0IF
                                     22 	.globl _T3CH1IF
                                     23 	.globl _T4OVFIF
                                     24 	.globl _T4CH0IF
                                     25 	.globl _T4CH1IF
                                     26 	.globl _OVFIM
                                     27 	.globl _B_0
                                     28 	.globl _B_1
                                     29 	.globl _B_2
                                     30 	.globl _B_3
                                     31 	.globl _B_4
                                     32 	.globl _B_5
                                     33 	.globl _B_6
                                     34 	.globl _B_7
                                     35 	.globl _P2IF
                                     36 	.globl _UTX0IF
                                     37 	.globl _UTX1IF
                                     38 	.globl _P1IF
                                     39 	.globl _WDTIF
                                     40 	.globl _ACC_0
                                     41 	.globl _ACC_1
                                     42 	.globl _ACC_2
                                     43 	.globl _ACC_3
                                     44 	.globl _ACC_4
                                     45 	.globl _ACC_5
                                     46 	.globl _ACC_6
                                     47 	.globl _ACC_7
                                     48 	.globl _P
                                     49 	.globl _F1
                                     50 	.globl _OV
                                     51 	.globl _RS0
                                     52 	.globl _RS1
                                     53 	.globl _F0
                                     54 	.globl _AC
                                     55 	.globl _CY
                                     56 	.globl _DMAIF
                                     57 	.globl _T1IF
                                     58 	.globl _T2IF
                                     59 	.globl _T3IF
                                     60 	.globl _T4IF
                                     61 	.globl _P0IF
                                     62 	.globl _STIF
                                     63 	.globl _DMAIE
                                     64 	.globl _T1IE
                                     65 	.globl _T2IE
                                     66 	.globl _T3IE
                                     67 	.globl _T4IE
                                     68 	.globl _P0IE
                                     69 	.globl _RFERRIE
                                     70 	.globl _ADCIE
                                     71 	.globl _URX0IE
                                     72 	.globl _URX1IE
                                     73 	.globl _ENCIE
                                     74 	.globl _STIE
                                     75 	.globl _EA
                                     76 	.globl _P2_0
                                     77 	.globl _P2_1
                                     78 	.globl _P2_2
                                     79 	.globl _P2_3
                                     80 	.globl _P2_4
                                     81 	.globl _P2_5
                                     82 	.globl _P2_6
                                     83 	.globl _P2_7
                                     84 	.globl _ENCIF_0
                                     85 	.globl _ENCIF_1
                                     86 	.globl _P1_0
                                     87 	.globl _P1_1
                                     88 	.globl _P1_2
                                     89 	.globl _P1_3
                                     90 	.globl _P1_4
                                     91 	.globl _P1_5
                                     92 	.globl _P1_6
                                     93 	.globl _P1_7
                                     94 	.globl _IT0
                                     95 	.globl _RFERRIF
                                     96 	.globl _IT1
                                     97 	.globl _URX0IF
                                     98 	.globl _ADCIF
                                     99 	.globl _URX1IF
                                    100 	.globl _P0_0
                                    101 	.globl _P0_1
                                    102 	.globl _P0_2
                                    103 	.globl _P0_3
                                    104 	.globl _P0_4
                                    105 	.globl _P0_5
                                    106 	.globl _P0_6
                                    107 	.globl _P0_7
                                    108 	.globl _WDCTL
                                    109 	.globl _U1GCR
                                    110 	.globl _U1UCR
                                    111 	.globl _U1BAUD
                                    112 	.globl _U1DBUF
                                    113 	.globl _U1CSR
                                    114 	.globl _U0GCR
                                    115 	.globl _U0UCR
                                    116 	.globl _U0BAUD
                                    117 	.globl _U0DBUF
                                    118 	.globl _U0CSR
                                    119 	.globl _TIMIF
                                    120 	.globl _T4CC1
                                    121 	.globl _T4CCTL1
                                    122 	.globl _T4CC0
                                    123 	.globl _T4CCTL0
                                    124 	.globl _T4CTL
                                    125 	.globl _T4CNT
                                    126 	.globl _T3CC1
                                    127 	.globl _T3CCTL1
                                    128 	.globl _T3CC0
                                    129 	.globl _T3CCTL0
                                    130 	.globl _T3CTL
                                    131 	.globl _T3CNT
                                    132 	.globl _T2MSEL
                                    133 	.globl _T2IRQM
                                    134 	.globl _T2MOVF2
                                    135 	.globl _T2MOVF1
                                    136 	.globl _T2MOVF0
                                    137 	.globl _T2M1
                                    138 	.globl _T2M0
                                    139 	.globl _T2IRQF
                                    140 	.globl _T2EVTCFG
                                    141 	.globl _T2CTRL
                                    142 	.globl _T1STAT
                                    143 	.globl _T1CCTL2
                                    144 	.globl _T1CCTL1
                                    145 	.globl _T1CCTL0
                                    146 	.globl _T1CTL
                                    147 	.globl _T1CNTH
                                    148 	.globl _T1CNTL
                                    149 	.globl _T1CC2H
                                    150 	.globl _T1CC2L
                                    151 	.globl _T1CC1H
                                    152 	.globl _T1CC1L
                                    153 	.globl _T1CC0H
                                    154 	.globl _T1CC0L
                                    155 	.globl _CLKCONSTA
                                    156 	.globl _CLKCONCMD
                                    157 	.globl _SLEEPSTA
                                    158 	.globl _SLEEPCMD
                                    159 	.globl _STLOAD
                                    160 	.globl _ST2
                                    161 	.globl _ST1
                                    162 	.globl _ST0
                                    163 	.globl _RFERRF
                                    164 	.globl _RFIRQF0
                                    165 	.globl _RFST
                                    166 	.globl _RFD
                                    167 	.globl _RFIRQF1
                                    168 	.globl _PSBANK
                                    169 	.globl _FMAP
                                    170 	.globl _MEMCTR
                                    171 	.globl __XPAGE
                                    172 	.globl _MPAGE
                                    173 	.globl _PMUX
                                    174 	.globl _P2DIR
                                    175 	.globl _P1DIR
                                    176 	.globl _P0DIR
                                    177 	.globl _P2INP
                                    178 	.globl _P1INP
                                    179 	.globl _P2SEL
                                    180 	.globl _P1SEL
                                    181 	.globl _P0SEL
                                    182 	.globl _APCFG
                                    183 	.globl _PERCFG
                                    184 	.globl _P0INP
                                    185 	.globl _P2IEN
                                    186 	.globl _P1IEN
                                    187 	.globl _P0IEN
                                    188 	.globl _PICTL
                                    189 	.globl _P2IFG
                                    190 	.globl _P1IFG
                                    191 	.globl _P0IFG
                                    192 	.globl _DMAREQ
                                    193 	.globl _DMAARM
                                    194 	.globl _DMA0CFGH
                                    195 	.globl _DMA0CFGL
                                    196 	.globl _DMA1CFGH
                                    197 	.globl _DMA1CFGL
                                    198 	.globl _DMAIRQ
                                    199 	.globl _ENCCS
                                    200 	.globl _ENCDO
                                    201 	.globl _ENCDI
                                    202 	.globl _RNDH
                                    203 	.globl _RNDL
                                    204 	.globl _ADCH
                                    205 	.globl _ADCL
                                    206 	.globl _ADCCON3
                                    207 	.globl _ADCCON2
                                    208 	.globl _ADCCON1
                                    209 	.globl _B
                                    210 	.globl _IRCON2
                                    211 	.globl _ACC
                                    212 	.globl _PSW
                                    213 	.globl _IRCON
                                    214 	.globl _IP1
                                    215 	.globl _IEN1
                                    216 	.globl _IP0
                                    217 	.globl _IEN0
                                    218 	.globl _P2
                                    219 	.globl _S1CON
                                    220 	.globl _IEN2
                                    221 	.globl _S0CON
                                    222 	.globl _DPS
                                    223 	.globl _P1
                                    224 	.globl _TCON
                                    225 	.globl _PCON
                                    226 	.globl _DPH1
                                    227 	.globl _DPL1
                                    228 	.globl _DPH0
                                    229 	.globl _DPL0
                                    230 	.globl _SP
                                    231 	.globl _P0
                                    232 	.globl _X_IEEE_ADDR
                                    233 	.globl _X_INFOPAGE
                                    234 	.globl _X_P2DIR
                                    235 	.globl _X_P1DIR
                                    236 	.globl _X_P0DIR
                                    237 	.globl _X_U1GCR
                                    238 	.globl _X_U1UCR
                                    239 	.globl _X_U1BAUD
                                    240 	.globl _X_U1DBUF
                                    241 	.globl _X_U1CSR
                                    242 	.globl _X_P2INP
                                    243 	.globl _X_P1INP
                                    244 	.globl _X_P2SEL
                                    245 	.globl _X_P1SEL
                                    246 	.globl _X_P0SEL
                                    247 	.globl _X_APCFG
                                    248 	.globl _X_PERCFG
                                    249 	.globl _X_T4CC1
                                    250 	.globl _X_T4CCTL1
                                    251 	.globl _X_T4CC0
                                    252 	.globl _X_T4CCTL0
                                    253 	.globl _X_T4CTL
                                    254 	.globl _X_T4CNT
                                    255 	.globl _X_RFIRQF0
                                    256 	.globl _X_T1CCTL2
                                    257 	.globl _X_T1CCTL1
                                    258 	.globl _X_T1CCTL0
                                    259 	.globl _X_T1CTL
                                    260 	.globl _X_T1CNTH
                                    261 	.globl _X_T1CNTL
                                    262 	.globl _X_RFST
                                    263 	.globl _X_T1CC2H
                                    264 	.globl _X_T1CC2L
                                    265 	.globl _X_T1CC1H
                                    266 	.globl _X_T1CC1L
                                    267 	.globl _X_T1CC0H
                                    268 	.globl _X_T1CC0L
                                    269 	.globl _X_RFD
                                    270 	.globl _X_TIMIF
                                    271 	.globl _X_DMAREQ
                                    272 	.globl _X_DMAARM
                                    273 	.globl _X_DMA0CFGH
                                    274 	.globl _X_DMA0CFGL
                                    275 	.globl _X_DMA1CFGH
                                    276 	.globl _X_DMA1CFGL
                                    277 	.globl _X_DMAIRQ
                                    278 	.globl _X_T3CC1
                                    279 	.globl _X_T3CCTL1
                                    280 	.globl _X_T3CC0
                                    281 	.globl _X_T3CCTL0
                                    282 	.globl _X_T3CTL
                                    283 	.globl _X_T3CNT
                                    284 	.globl _X_WDCTL
                                    285 	.globl _X_MEMCTR
                                    286 	.globl _X_CLKCONCMD
                                    287 	.globl _X_U0GCR
                                    288 	.globl _X_U0UCR
                                    289 	.globl _X_T2MSEL
                                    290 	.globl _X_U0BAUD
                                    291 	.globl _X_U0DBUF
                                    292 	.globl _X_RFERRF
                                    293 	.globl _X_SLEEPCMD
                                    294 	.globl _X_RNDH
                                    295 	.globl _X_RNDL
                                    296 	.globl _X_ADCH
                                    297 	.globl _X_ADCL
                                    298 	.globl _X_ADCCON3
                                    299 	.globl _X_ADCCON2
                                    300 	.globl _X_ADCCON1
                                    301 	.globl _X_ENCCS
                                    302 	.globl _X_ENCDO
                                    303 	.globl _X_ENCDI
                                    304 	.globl _X_T1STAT
                                    305 	.globl _X_PMUX
                                    306 	.globl _X_STLOAD
                                    307 	.globl _X_P2IEN
                                    308 	.globl _X_P0IEN
                                    309 	.globl _X_T2IRQM
                                    310 	.globl _X_T2MOVF2
                                    311 	.globl _X_T2MOVF1
                                    312 	.globl _X_T2MOVF0
                                    313 	.globl _X_T2M1
                                    314 	.globl _X_T2M0
                                    315 	.globl _X_T2IRQF
                                    316 	.globl _X_P2
                                    317 	.globl _X_PSBANK
                                    318 	.globl _X_FMAP
                                    319 	.globl _X_CLKCONSTA
                                    320 	.globl _X_SLEEPSTA
                                    321 	.globl _X_T2EVTCFG
                                    322 	.globl _X_ST2
                                    323 	.globl _X_ST1
                                    324 	.globl _X_ST0
                                    325 	.globl _X_T2CTRL
                                    326 	.globl _X__XPAGE
                                    327 	.globl _X_MPAGE
                                    328 	.globl _X_RFIRQF1
                                    329 	.globl _X_P1
                                    330 	.globl _X_P0INP
                                    331 	.globl _X_P1IEN
                                    332 	.globl _X_PICTL
                                    333 	.globl _X_P2IFG
                                    334 	.globl _X_P1IFG
                                    335 	.globl _X_P0IFG
                                    336 	.globl _X_U0CSR
                                    337 	.globl _X_P0
                                    338 	.globl _USBF5
                                    339 	.globl _USBF4
                                    340 	.globl _USBF3
                                    341 	.globl _USBF2
                                    342 	.globl _USBF1
                                    343 	.globl _USBF0
                                    344 	.globl _USBCNTH
                                    345 	.globl _USBCNTL
                                    346 	.globl _USBCNT0
                                    347 	.globl _USBCSOH
                                    348 	.globl _USBCSOL
                                    349 	.globl _USBMAXO
                                    350 	.globl _USBCSIH
                                    351 	.globl _USBCSIL
                                    352 	.globl _USBCS0
                                    353 	.globl _USBMAXI
                                    354 	.globl _USBCTRL
                                    355 	.globl _USBINDEX
                                    356 	.globl _USBFRMH
                                    357 	.globl _USBFRML
                                    358 	.globl _USBCIE
                                    359 	.globl _USBOIE
                                    360 	.globl _USBIIE
                                    361 	.globl _USBCIF
                                    362 	.globl _USBOIF
                                    363 	.globl _USBIIF
                                    364 	.globl _USBPOW
                                    365 	.globl _USBADDR
                                    366 	.globl _CSPT
                                    367 	.globl _CSPZ
                                    368 	.globl _CSPY
                                    369 	.globl _CSPX
                                    370 	.globl _CSPSTAT
                                    371 	.globl _CSPCTRL
                                    372 	.globl _CSPPROG23
                                    373 	.globl _CSPPROG22
                                    374 	.globl _CSPPROG21
                                    375 	.globl _CSPPROG20
                                    376 	.globl _CSPPROG19
                                    377 	.globl _CSPPROG18
                                    378 	.globl _CSPPROG17
                                    379 	.globl _CSPPROG16
                                    380 	.globl _CSPPROG15
                                    381 	.globl _CSPPROG14
                                    382 	.globl _CSPPROG13
                                    383 	.globl _CSPPROG12
                                    384 	.globl _CSPPROG11
                                    385 	.globl _CSPPROG10
                                    386 	.globl _CSPPROG9
                                    387 	.globl _CSPPROG8
                                    388 	.globl _CSPPROG7
                                    389 	.globl _CSPPROG6
                                    390 	.globl _CSPPROG5
                                    391 	.globl _CSPPROG4
                                    392 	.globl _CSPPROG3
                                    393 	.globl _CSPPROG2
                                    394 	.globl _CSPPROG1
                                    395 	.globl _CSPPROG0
                                    396 	.globl _RFC_OBS_CTRL2
                                    397 	.globl _RFC_OBS_CTRL1
                                    398 	.globl _RFC_OBS_CTRL0
                                    399 	.globl _TXFILTCFG
                                    400 	.globl _PTEST1
                                    401 	.globl _PTEST0
                                    402 	.globl _ATEST
                                    403 	.globl _DACTEST2
                                    404 	.globl _DACTEST1
                                    405 	.globl _DACTEST0
                                    406 	.globl _MDMTEST1
                                    407 	.globl _MDMTEST0
                                    408 	.globl _ADCTEST2
                                    409 	.globl _ADCTEST1
                                    410 	.globl _ADCTEST0
                                    411 	.globl _AGCCTRL3
                                    412 	.globl _AGCCTRL2
                                    413 	.globl _AGCCTRL1
                                    414 	.globl _AGCCTRL0
                                    415 	.globl _FSCAL3
                                    416 	.globl _FSCAL2
                                    417 	.globl _FSCAL1
                                    418 	.globl _FSCAL0
                                    419 	.globl _FSCTRL
                                    420 	.globl _RXCTRL
                                    421 	.globl _FREQEST
                                    422 	.globl _MDMCTRL1
                                    423 	.globl _MDMCTRL0
                                    424 	.globl _RFRND
                                    425 	.globl _RFERRM
                                    426 	.globl _RFIRQM1
                                    427 	.globl _RFIRQM0
                                    428 	.globl _TXLAST_PTR
                                    429 	.globl _TXFIRST_PTR
                                    430 	.globl _RXP1_PTR
                                    431 	.globl _RXLAST_PTR
                                    432 	.globl _RXFIRST_PTR
                                    433 	.globl _TXFIFOCNT
                                    434 	.globl _RXFIFOCNT
                                    435 	.globl _RXFIRST
                                    436 	.globl _RSSISTAT
                                    437 	.globl _RSSI
                                    438 	.globl _CCACTRL1
                                    439 	.globl _CCACTRL0
                                    440 	.globl _FSMCTRL
                                    441 	.globl _FIFOPCTRL
                                    442 	.globl _FSMSTAT1
                                    443 	.globl _FSMSTAT0
                                    444 	.globl _TXCTRL
                                    445 	.globl _TXPOWER
                                    446 	.globl _FREQCTRL
                                    447 	.globl _FREQTUNE
                                    448 	.globl _RXMASKCLR
                                    449 	.globl _RXMASKSET
                                    450 	.globl _RXENABLE
                                    451 	.globl _FRMCTRL1
                                    452 	.globl _FRMCTRL0
                                    453 	.globl _SRCEXTEN2
                                    454 	.globl _SRCEXTEN1
                                    455 	.globl _SRCEXTEN0
                                    456 	.globl _SRCSHORTEN2
                                    457 	.globl _SRCSHORTEN1
                                    458 	.globl _SRCSHORTEN0
                                    459 	.globl _SRCMATCH
                                    460 	.globl _FRMFILT1
                                    461 	.globl _FRMFILT0
                                    462 	.globl _SHORT_ADDR1
                                    463 	.globl _SHORT_ADDR0
                                    464 	.globl _PAN_ID1
                                    465 	.globl _PAN_ID0
                                    466 	.globl _EXT_ADDR7
                                    467 	.globl _EXT_ADDR6
                                    468 	.globl _EXT_ADDR5
                                    469 	.globl _EXT_ADDR4
                                    470 	.globl _EXT_ADDR3
                                    471 	.globl _EXT_ADDR2
                                    472 	.globl _EXT_ADDR1
                                    473 	.globl _EXT_ADDR0
                                    474 	.globl _SRCSHORTPENDEN2
                                    475 	.globl _SRCSHORTPENDEN1
                                    476 	.globl _SRCSHORTPENDEN0
                                    477 	.globl _SRCEXTPENDEN2
                                    478 	.globl _SRCEXTPENDEN1
                                    479 	.globl _SRCEXTPENDEN0
                                    480 	.globl _SRCRESINDEX
                                    481 	.globl _SRCRESMASK2
                                    482 	.globl _SRCRESMASK1
                                    483 	.globl _SRCRESMASK0
                                    484 	.globl _SRC_ADDR_TABLE
                                    485 	.globl _TXFIFO
                                    486 	.globl _RXFIFO
                                    487 	.globl _RFCORE_RAM
                                    488 	.globl _CMPCTL
                                    489 	.globl _OPAMPS
                                    490 	.globl _OPAMPC
                                    491 	.globl _STCV2
                                    492 	.globl _STCV1
                                    493 	.globl _STCV0
                                    494 	.globl _STCS
                                    495 	.globl _STCC
                                    496 	.globl _T1CC4H
                                    497 	.globl _T1CC4L
                                    498 	.globl _T1CC3H
                                    499 	.globl _T1CC3L
                                    500 	.globl _XX_T1CC2H
                                    501 	.globl _XX_T1CC2L
                                    502 	.globl _XX_T1CC1H
                                    503 	.globl _XX_T1CC1L
                                    504 	.globl _XX_T1CC0H
                                    505 	.globl _XX_T1CC0L
                                    506 	.globl _T1CCTL4
                                    507 	.globl _T1CCTL3
                                    508 	.globl _XX_T1CCTL2
                                    509 	.globl _XX_T1CCTL1
                                    510 	.globl _XX_T1CCTL0
                                    511 	.globl _CLD
                                    512 	.globl _IRCTL
                                    513 	.globl _CHIPINFO1
                                    514 	.globl _CHIPINFO0
                                    515 	.globl _FWDATA
                                    516 	.globl _FADDRH
                                    517 	.globl _FADDRL
                                    518 	.globl _FCTL
                                    519 	.globl _IVCTRL
                                    520 	.globl _BATTMON
                                    521 	.globl _SRCRC
                                    522 	.globl _DBGDATA
                                    523 	.globl _TESTREG0
                                    524 	.globl _CHIPID
                                    525 	.globl _CHVER
                                    526 	.globl _OBSSEL5
                                    527 	.globl _OBSSEL4
                                    528 	.globl _OBSSEL3
                                    529 	.globl _OBSSEL2
                                    530 	.globl _OBSSEL1
                                    531 	.globl _OBSSEL0
                                    532 	.globl _I2CIO
                                    533 	.globl _I2CWC
                                    534 	.globl _I2CADDR
                                    535 	.globl _I2CDATA
                                    536 	.globl _I2CSTAT
                                    537 	.globl _I2CCFG
                                    538 	.globl _OPAMPMC
                                    539 	.globl _MONMUX
                                    540 	.globl _uart0_set_input
                                    541 	.globl _uart0_rx_isr
                                    542 ;--------------------------------------------------------
                                    543 ; special function registers
                                    544 ;--------------------------------------------------------
                                    545 	.area RSEG    (ABS,DATA)
      000000                        546 	.org 0x0000
                           000080   547 _P0	=	0x0080
                           000081   548 _SP	=	0x0081
                           000082   549 _DPL0	=	0x0082
                           000083   550 _DPH0	=	0x0083
                           000084   551 _DPL1	=	0x0084
                           000085   552 _DPH1	=	0x0085
                           000087   553 _PCON	=	0x0087
                           000088   554 _TCON	=	0x0088
                           000090   555 _P1	=	0x0090
                           000092   556 _DPS	=	0x0092
                           000098   557 _S0CON	=	0x0098
                           00009A   558 _IEN2	=	0x009a
                           00009B   559 _S1CON	=	0x009b
                           0000A0   560 _P2	=	0x00a0
                           0000A8   561 _IEN0	=	0x00a8
                           0000A9   562 _IP0	=	0x00a9
                           0000B8   563 _IEN1	=	0x00b8
                           0000B9   564 _IP1	=	0x00b9
                           0000C0   565 _IRCON	=	0x00c0
                           0000D0   566 _PSW	=	0x00d0
                           0000E0   567 _ACC	=	0x00e0
                           0000E8   568 _IRCON2	=	0x00e8
                           0000F0   569 _B	=	0x00f0
                           0000B4   570 _ADCCON1	=	0x00b4
                           0000B5   571 _ADCCON2	=	0x00b5
                           0000B6   572 _ADCCON3	=	0x00b6
                           0000BA   573 _ADCL	=	0x00ba
                           0000BB   574 _ADCH	=	0x00bb
                           0000BC   575 _RNDL	=	0x00bc
                           0000BD   576 _RNDH	=	0x00bd
                           0000B1   577 _ENCDI	=	0x00b1
                           0000B2   578 _ENCDO	=	0x00b2
                           0000B3   579 _ENCCS	=	0x00b3
                           0000D1   580 _DMAIRQ	=	0x00d1
                           0000D2   581 _DMA1CFGL	=	0x00d2
                           0000D3   582 _DMA1CFGH	=	0x00d3
                           0000D4   583 _DMA0CFGL	=	0x00d4
                           0000D5   584 _DMA0CFGH	=	0x00d5
                           0000D6   585 _DMAARM	=	0x00d6
                           0000D7   586 _DMAREQ	=	0x00d7
                           000089   587 _P0IFG	=	0x0089
                           00008A   588 _P1IFG	=	0x008a
                           00008B   589 _P2IFG	=	0x008b
                           00008C   590 _PICTL	=	0x008c
                           0000AB   591 _P0IEN	=	0x00ab
                           00008D   592 _P1IEN	=	0x008d
                           0000AC   593 _P2IEN	=	0x00ac
                           00008F   594 _P0INP	=	0x008f
                           0000F1   595 _PERCFG	=	0x00f1
                           0000F2   596 _APCFG	=	0x00f2
                           0000F3   597 _P0SEL	=	0x00f3
                           0000F4   598 _P1SEL	=	0x00f4
                           0000F5   599 _P2SEL	=	0x00f5
                           0000F6   600 _P1INP	=	0x00f6
                           0000F7   601 _P2INP	=	0x00f7
                           0000FD   602 _P0DIR	=	0x00fd
                           0000FE   603 _P1DIR	=	0x00fe
                           0000FF   604 _P2DIR	=	0x00ff
                           0000AE   605 _PMUX	=	0x00ae
                           000093   606 _MPAGE	=	0x0093
                           000093   607 __XPAGE	=	0x0093
                           0000C7   608 _MEMCTR	=	0x00c7
                           00009F   609 _FMAP	=	0x009f
                           00009F   610 _PSBANK	=	0x009f
                           000091   611 _RFIRQF1	=	0x0091
                           0000D9   612 _RFD	=	0x00d9
                           0000E1   613 _RFST	=	0x00e1
                           0000E9   614 _RFIRQF0	=	0x00e9
                           0000BF   615 _RFERRF	=	0x00bf
                           000095   616 _ST0	=	0x0095
                           000096   617 _ST1	=	0x0096
                           000097   618 _ST2	=	0x0097
                           0000AD   619 _STLOAD	=	0x00ad
                           0000BE   620 _SLEEPCMD	=	0x00be
                           00009D   621 _SLEEPSTA	=	0x009d
                           0000C6   622 _CLKCONCMD	=	0x00c6
                           00009E   623 _CLKCONSTA	=	0x009e
                           0000DA   624 _T1CC0L	=	0x00da
                           0000DB   625 _T1CC0H	=	0x00db
                           0000DC   626 _T1CC1L	=	0x00dc
                           0000DD   627 _T1CC1H	=	0x00dd
                           0000DE   628 _T1CC2L	=	0x00de
                           0000DF   629 _T1CC2H	=	0x00df
                           0000E2   630 _T1CNTL	=	0x00e2
                           0000E3   631 _T1CNTH	=	0x00e3
                           0000E4   632 _T1CTL	=	0x00e4
                           0000E5   633 _T1CCTL0	=	0x00e5
                           0000E6   634 _T1CCTL1	=	0x00e6
                           0000E7   635 _T1CCTL2	=	0x00e7
                           0000AF   636 _T1STAT	=	0x00af
                           000094   637 _T2CTRL	=	0x0094
                           00009C   638 _T2EVTCFG	=	0x009c
                           0000A1   639 _T2IRQF	=	0x00a1
                           0000A2   640 _T2M0	=	0x00a2
                           0000A3   641 _T2M1	=	0x00a3
                           0000A4   642 _T2MOVF0	=	0x00a4
                           0000A5   643 _T2MOVF1	=	0x00a5
                           0000A6   644 _T2MOVF2	=	0x00a6
                           0000A7   645 _T2IRQM	=	0x00a7
                           0000C3   646 _T2MSEL	=	0x00c3
                           0000CA   647 _T3CNT	=	0x00ca
                           0000CB   648 _T3CTL	=	0x00cb
                           0000CC   649 _T3CCTL0	=	0x00cc
                           0000CD   650 _T3CC0	=	0x00cd
                           0000CE   651 _T3CCTL1	=	0x00ce
                           0000CF   652 _T3CC1	=	0x00cf
                           0000EA   653 _T4CNT	=	0x00ea
                           0000EB   654 _T4CTL	=	0x00eb
                           0000EC   655 _T4CCTL0	=	0x00ec
                           0000ED   656 _T4CC0	=	0x00ed
                           0000EE   657 _T4CCTL1	=	0x00ee
                           0000EF   658 _T4CC1	=	0x00ef
                           0000D8   659 _TIMIF	=	0x00d8
                           000086   660 _U0CSR	=	0x0086
                           0000C1   661 _U0DBUF	=	0x00c1
                           0000C2   662 _U0BAUD	=	0x00c2
                           0000C4   663 _U0UCR	=	0x00c4
                           0000C5   664 _U0GCR	=	0x00c5
                           0000F8   665 _U1CSR	=	0x00f8
                           0000F9   666 _U1DBUF	=	0x00f9
                           0000FA   667 _U1BAUD	=	0x00fa
                           0000FB   668 _U1UCR	=	0x00fb
                           0000FC   669 _U1GCR	=	0x00fc
                           0000C9   670 _WDCTL	=	0x00c9
                                    671 ;--------------------------------------------------------
                                    672 ; special function bits
                                    673 ;--------------------------------------------------------
                                    674 	.area RSEG    (ABS,DATA)
      000000                        675 	.org 0x0000
                           000087   676 _P0_7	=	0x0087
                           000086   677 _P0_6	=	0x0086
                           000085   678 _P0_5	=	0x0085
                           000084   679 _P0_4	=	0x0084
                           000083   680 _P0_3	=	0x0083
                           000082   681 _P0_2	=	0x0082
                           000081   682 _P0_1	=	0x0081
                           000080   683 _P0_0	=	0x0080
                           00008F   684 _URX1IF	=	0x008f
                           00008D   685 _ADCIF	=	0x008d
                           00008B   686 _URX0IF	=	0x008b
                           00008A   687 _IT1	=	0x008a
                           000089   688 _RFERRIF	=	0x0089
                           000088   689 _IT0	=	0x0088
                           000097   690 _P1_7	=	0x0097
                           000096   691 _P1_6	=	0x0096
                           000095   692 _P1_5	=	0x0095
                           000094   693 _P1_4	=	0x0094
                           000093   694 _P1_3	=	0x0093
                           000092   695 _P1_2	=	0x0092
                           000091   696 _P1_1	=	0x0091
                           000090   697 _P1_0	=	0x0090
                           000099   698 _ENCIF_1	=	0x0099
                           000098   699 _ENCIF_0	=	0x0098
                           0000A7   700 _P2_7	=	0x00a7
                           0000A6   701 _P2_6	=	0x00a6
                           0000A5   702 _P2_5	=	0x00a5
                           0000A4   703 _P2_4	=	0x00a4
                           0000A3   704 _P2_3	=	0x00a3
                           0000A2   705 _P2_2	=	0x00a2
                           0000A1   706 _P2_1	=	0x00a1
                           0000A0   707 _P2_0	=	0x00a0
                           0000AF   708 _EA	=	0x00af
                           0000AD   709 _STIE	=	0x00ad
                           0000AC   710 _ENCIE	=	0x00ac
                           0000AB   711 _URX1IE	=	0x00ab
                           0000AA   712 _URX0IE	=	0x00aa
                           0000A9   713 _ADCIE	=	0x00a9
                           0000A8   714 _RFERRIE	=	0x00a8
                           0000BD   715 _P0IE	=	0x00bd
                           0000BC   716 _T4IE	=	0x00bc
                           0000BB   717 _T3IE	=	0x00bb
                           0000BA   718 _T2IE	=	0x00ba
                           0000B9   719 _T1IE	=	0x00b9
                           0000B8   720 _DMAIE	=	0x00b8
                           0000C7   721 _STIF	=	0x00c7
                           0000C5   722 _P0IF	=	0x00c5
                           0000C4   723 _T4IF	=	0x00c4
                           0000C3   724 _T3IF	=	0x00c3
                           0000C2   725 _T2IF	=	0x00c2
                           0000C1   726 _T1IF	=	0x00c1
                           0000C0   727 _DMAIF	=	0x00c0
                           0000D7   728 _CY	=	0x00d7
                           0000D6   729 _AC	=	0x00d6
                           0000D5   730 _F0	=	0x00d5
                           0000D4   731 _RS1	=	0x00d4
                           0000D3   732 _RS0	=	0x00d3
                           0000D2   733 _OV	=	0x00d2
                           0000D1   734 _F1	=	0x00d1
                           0000D0   735 _P	=	0x00d0
                           0000E7   736 _ACC_7	=	0x00e7
                           0000E6   737 _ACC_6	=	0x00e6
                           0000E5   738 _ACC_5	=	0x00e5
                           0000E4   739 _ACC_4	=	0x00e4
                           0000E3   740 _ACC_3	=	0x00e3
                           0000E2   741 _ACC_2	=	0x00e2
                           0000E1   742 _ACC_1	=	0x00e1
                           0000E0   743 _ACC_0	=	0x00e0
                           0000EC   744 _WDTIF	=	0x00ec
                           0000EB   745 _P1IF	=	0x00eb
                           0000EA   746 _UTX1IF	=	0x00ea
                           0000E9   747 _UTX0IF	=	0x00e9
                           0000E8   748 _P2IF	=	0x00e8
                           0000F7   749 _B_7	=	0x00f7
                           0000F6   750 _B_6	=	0x00f6
                           0000F5   751 _B_5	=	0x00f5
                           0000F4   752 _B_4	=	0x00f4
                           0000F3   753 _B_3	=	0x00f3
                           0000F2   754 _B_2	=	0x00f2
                           0000F1   755 _B_1	=	0x00f1
                           0000F0   756 _B_0	=	0x00f0
                           0000DE   757 _OVFIM	=	0x00de
                           0000DD   758 _T4CH1IF	=	0x00dd
                           0000DC   759 _T4CH0IF	=	0x00dc
                           0000DB   760 _T4OVFIF	=	0x00db
                           0000DA   761 _T3CH1IF	=	0x00da
                           0000D9   762 _T3CH0IF	=	0x00d9
                           0000D8   763 _T3OVFIF	=	0x00d8
                           0000FF   764 _MODE	=	0x00ff
                           0000FE   765 _RE	=	0x00fe
                           0000FD   766 _SLAVE	=	0x00fd
                           0000FC   767 _FE	=	0x00fc
                           0000FB   768 _ERR	=	0x00fb
                           0000FA   769 _RX_BYTE	=	0x00fa
                           0000F9   770 _TX_BYTE	=	0x00f9
                           0000F8   771 _ACTIVE	=	0x00f8
                                    772 ;--------------------------------------------------------
                                    773 ; overlayable register banks
                                    774 ;--------------------------------------------------------
                                    775 	.area REG_BANK_0	(REL,OVR,DATA)
      000000                        776 	.ds 8
                                    777 ;--------------------------------------------------------
                                    778 ; overlayable bit register bank
                                    779 ;--------------------------------------------------------
                                    780 	.area BIT_BANK	(REL,OVR,DATA)
      000000                        781 bits:
      000000                        782 	.ds 1
                           008000   783 	b0 = bits[0]
                           008100   784 	b1 = bits[1]
                           008200   785 	b2 = bits[2]
                           008300   786 	b3 = bits[3]
                           008400   787 	b4 = bits[4]
                           008500   788 	b5 = bits[5]
                           008600   789 	b6 = bits[6]
                           008700   790 	b7 = bits[7]
                                    791 ;--------------------------------------------------------
                                    792 ; internal ram data
                                    793 ;--------------------------------------------------------
                                    794 	.area DSEG    (DATA)
                                    795 ;--------------------------------------------------------
                                    796 ; overlayable items in internal ram 
                                    797 ;--------------------------------------------------------
                                    798 ;--------------------------------------------------------
                                    799 ; indirectly addressable internal ram data
                                    800 ;--------------------------------------------------------
                                    801 	.area ISEG    (DATA)
                                    802 ;--------------------------------------------------------
                                    803 ; absolute internal ram data
                                    804 ;--------------------------------------------------------
                                    805 	.area IABS    (ABS,DATA)
                                    806 	.area IABS    (ABS,DATA)
                                    807 ;--------------------------------------------------------
                                    808 ; bit data
                                    809 ;--------------------------------------------------------
                                    810 	.area BSEG    (BIT)
                                    811 ;--------------------------------------------------------
                                    812 ; paged external ram data
                                    813 ;--------------------------------------------------------
                                    814 	.area PSEG    (PAG,XDATA)
                                    815 ;--------------------------------------------------------
                                    816 ; external ram data
                                    817 ;--------------------------------------------------------
                                    818 	.area XSEG    (XDATA)
                           0061A6   819 _MONMUX	=	0x61a6
                           0061A6   820 _OPAMPMC	=	0x61a6
                           006230   821 _I2CCFG	=	0x6230
                           006231   822 _I2CSTAT	=	0x6231
                           006232   823 _I2CDATA	=	0x6232
                           006233   824 _I2CADDR	=	0x6233
                           006234   825 _I2CWC	=	0x6234
                           006235   826 _I2CIO	=	0x6235
                           006243   827 _OBSSEL0	=	0x6243
                           006244   828 _OBSSEL1	=	0x6244
                           006245   829 _OBSSEL2	=	0x6245
                           006246   830 _OBSSEL3	=	0x6246
                           006247   831 _OBSSEL4	=	0x6247
                           006248   832 _OBSSEL5	=	0x6248
                           006249   833 _CHVER	=	0x6249
                           00624A   834 _CHIPID	=	0x624a
                           00624B   835 _TESTREG0	=	0x624b
                           006260   836 _DBGDATA	=	0x6260
                           006262   837 _SRCRC	=	0x6262
                           006264   838 _BATTMON	=	0x6264
                           006265   839 _IVCTRL	=	0x6265
                           006270   840 _FCTL	=	0x6270
                           006271   841 _FADDRL	=	0x6271
                           006272   842 _FADDRH	=	0x6272
                           006273   843 _FWDATA	=	0x6273
                           006276   844 _CHIPINFO0	=	0x6276
                           006277   845 _CHIPINFO1	=	0x6277
                           006281   846 _IRCTL	=	0x6281
                           006290   847 _CLD	=	0x6290
                           0062A0   848 _XX_T1CCTL0	=	0x62a0
                           0062A1   849 _XX_T1CCTL1	=	0x62a1
                           0062A2   850 _XX_T1CCTL2	=	0x62a2
                           0062A3   851 _T1CCTL3	=	0x62a3
                           0062A4   852 _T1CCTL4	=	0x62a4
                           0062A6   853 _XX_T1CC0L	=	0x62a6
                           0062A7   854 _XX_T1CC0H	=	0x62a7
                           0062A8   855 _XX_T1CC1L	=	0x62a8
                           0062A9   856 _XX_T1CC1H	=	0x62a9
                           0062AA   857 _XX_T1CC2L	=	0x62aa
                           0062AB   858 _XX_T1CC2H	=	0x62ab
                           0062AC   859 _T1CC3L	=	0x62ac
                           0062AD   860 _T1CC3H	=	0x62ad
                           0062AE   861 _T1CC4L	=	0x62ae
                           0062AF   862 _T1CC4H	=	0x62af
                           0062B0   863 _STCC	=	0x62b0
                           0062B1   864 _STCS	=	0x62b1
                           0062B2   865 _STCV0	=	0x62b2
                           0062B3   866 _STCV1	=	0x62b3
                           0062B4   867 _STCV2	=	0x62b4
                           0062C0   868 _OPAMPC	=	0x62c0
                           0062C1   869 _OPAMPS	=	0x62c1
                           0062D0   870 _CMPCTL	=	0x62d0
                           006000   871 _RFCORE_RAM	=	0x6000
                           006000   872 _RXFIFO	=	0x6000
                           006080   873 _TXFIFO	=	0x6080
                           006100   874 _SRC_ADDR_TABLE	=	0x6100
                           006160   875 _SRCRESMASK0	=	0x6160
                           006161   876 _SRCRESMASK1	=	0x6161
                           006162   877 _SRCRESMASK2	=	0x6162
                           006163   878 _SRCRESINDEX	=	0x6163
                           006164   879 _SRCEXTPENDEN0	=	0x6164
                           006165   880 _SRCEXTPENDEN1	=	0x6165
                           006166   881 _SRCEXTPENDEN2	=	0x6166
                           006167   882 _SRCSHORTPENDEN0	=	0x6167
                           006168   883 _SRCSHORTPENDEN1	=	0x6168
                           006169   884 _SRCSHORTPENDEN2	=	0x6169
                           00616A   885 _EXT_ADDR0	=	0x616a
                           00616B   886 _EXT_ADDR1	=	0x616b
                           00616C   887 _EXT_ADDR2	=	0x616c
                           00616D   888 _EXT_ADDR3	=	0x616d
                           00616E   889 _EXT_ADDR4	=	0x616e
                           00616F   890 _EXT_ADDR5	=	0x616f
                           006170   891 _EXT_ADDR6	=	0x6170
                           006171   892 _EXT_ADDR7	=	0x6171
                           006172   893 _PAN_ID0	=	0x6172
                           006173   894 _PAN_ID1	=	0x6173
                           006174   895 _SHORT_ADDR0	=	0x6174
                           006175   896 _SHORT_ADDR1	=	0x6175
                           006180   897 _FRMFILT0	=	0x6180
                           006181   898 _FRMFILT1	=	0x6181
                           006182   899 _SRCMATCH	=	0x6182
                           006183   900 _SRCSHORTEN0	=	0x6183
                           006184   901 _SRCSHORTEN1	=	0x6184
                           006185   902 _SRCSHORTEN2	=	0x6185
                           006186   903 _SRCEXTEN0	=	0x6186
                           006187   904 _SRCEXTEN1	=	0x6187
                           006188   905 _SRCEXTEN2	=	0x6188
                           006189   906 _FRMCTRL0	=	0x6189
                           00618A   907 _FRMCTRL1	=	0x618a
                           00618B   908 _RXENABLE	=	0x618b
                           00618C   909 _RXMASKSET	=	0x618c
                           00618D   910 _RXMASKCLR	=	0x618d
                           00618E   911 _FREQTUNE	=	0x618e
                           00618F   912 _FREQCTRL	=	0x618f
                           006190   913 _TXPOWER	=	0x6190
                           006191   914 _TXCTRL	=	0x6191
                           006192   915 _FSMSTAT0	=	0x6192
                           006193   916 _FSMSTAT1	=	0x6193
                           006194   917 _FIFOPCTRL	=	0x6194
                           006195   918 _FSMCTRL	=	0x6195
                           006196   919 _CCACTRL0	=	0x6196
                           006197   920 _CCACTRL1	=	0x6197
                           006198   921 _RSSI	=	0x6198
                           006199   922 _RSSISTAT	=	0x6199
                           00619A   923 _RXFIRST	=	0x619a
                           00619B   924 _RXFIFOCNT	=	0x619b
                           00619C   925 _TXFIFOCNT	=	0x619c
                           00619D   926 _RXFIRST_PTR	=	0x619d
                           00619E   927 _RXLAST_PTR	=	0x619e
                           00619F   928 _RXP1_PTR	=	0x619f
                           0061A1   929 _TXFIRST_PTR	=	0x61a1
                           0061A2   930 _TXLAST_PTR	=	0x61a2
                           0061A3   931 _RFIRQM0	=	0x61a3
                           0061A4   932 _RFIRQM1	=	0x61a4
                           0061A5   933 _RFERRM	=	0x61a5
                           0061A7   934 _RFRND	=	0x61a7
                           0061A8   935 _MDMCTRL0	=	0x61a8
                           0061A9   936 _MDMCTRL1	=	0x61a9
                           0061AA   937 _FREQEST	=	0x61aa
                           0061AB   938 _RXCTRL	=	0x61ab
                           0061AC   939 _FSCTRL	=	0x61ac
                           0061AD   940 _FSCAL0	=	0x61ad
                           0061AE   941 _FSCAL1	=	0x61ae
                           0061AF   942 _FSCAL2	=	0x61af
                           0061B0   943 _FSCAL3	=	0x61b0
                           0061B1   944 _AGCCTRL0	=	0x61b1
                           0061B2   945 _AGCCTRL1	=	0x61b2
                           0061B3   946 _AGCCTRL2	=	0x61b3
                           0061B4   947 _AGCCTRL3	=	0x61b4
                           0061B5   948 _ADCTEST0	=	0x61b5
                           0061B6   949 _ADCTEST1	=	0x61b6
                           0061B7   950 _ADCTEST2	=	0x61b7
                           0061B8   951 _MDMTEST0	=	0x61b8
                           0061B9   952 _MDMTEST1	=	0x61b9
                           0061BA   953 _DACTEST0	=	0x61ba
                           0061BB   954 _DACTEST1	=	0x61bb
                           0061BC   955 _DACTEST2	=	0x61bc
                           0061BD   956 _ATEST	=	0x61bd
                           0061BE   957 _PTEST0	=	0x61be
                           0061BF   958 _PTEST1	=	0x61bf
                           0061FA   959 _TXFILTCFG	=	0x61fa
                           0061EB   960 _RFC_OBS_CTRL0	=	0x61eb
                           0061EC   961 _RFC_OBS_CTRL1	=	0x61ec
                           0061ED   962 _RFC_OBS_CTRL2	=	0x61ed
                           0061C0   963 _CSPPROG0	=	0x61c0
                           0061C1   964 _CSPPROG1	=	0x61c1
                           0061C2   965 _CSPPROG2	=	0x61c2
                           0061C3   966 _CSPPROG3	=	0x61c3
                           0061C4   967 _CSPPROG4	=	0x61c4
                           0061C5   968 _CSPPROG5	=	0x61c5
                           0061C6   969 _CSPPROG6	=	0x61c6
                           0061C7   970 _CSPPROG7	=	0x61c7
                           0061C8   971 _CSPPROG8	=	0x61c8
                           0061C9   972 _CSPPROG9	=	0x61c9
                           0061CA   973 _CSPPROG10	=	0x61ca
                           0061CB   974 _CSPPROG11	=	0x61cb
                           0061CC   975 _CSPPROG12	=	0x61cc
                           0061CD   976 _CSPPROG13	=	0x61cd
                           0061CE   977 _CSPPROG14	=	0x61ce
                           0061CF   978 _CSPPROG15	=	0x61cf
                           0061D0   979 _CSPPROG16	=	0x61d0
                           0061D1   980 _CSPPROG17	=	0x61d1
                           0061D2   981 _CSPPROG18	=	0x61d2
                           0061D3   982 _CSPPROG19	=	0x61d3
                           0061D4   983 _CSPPROG20	=	0x61d4
                           0061D5   984 _CSPPROG21	=	0x61d5
                           0061D6   985 _CSPPROG22	=	0x61d6
                           0061D7   986 _CSPPROG23	=	0x61d7
                           0061E0   987 _CSPCTRL	=	0x61e0
                           0061E1   988 _CSPSTAT	=	0x61e1
                           0061E2   989 _CSPX	=	0x61e2
                           0061E3   990 _CSPY	=	0x61e3
                           0061E4   991 _CSPZ	=	0x61e4
                           0061E5   992 _CSPT	=	0x61e5
                           006200   993 _USBADDR	=	0x6200
                           006201   994 _USBPOW	=	0x6201
                           006202   995 _USBIIF	=	0x6202
                           006204   996 _USBOIF	=	0x6204
                           006206   997 _USBCIF	=	0x6206
                           006207   998 _USBIIE	=	0x6207
                           006209   999 _USBOIE	=	0x6209
                           00620B  1000 _USBCIE	=	0x620b
                           00620C  1001 _USBFRML	=	0x620c
                           00620D  1002 _USBFRMH	=	0x620d
                           00620E  1003 _USBINDEX	=	0x620e
                           00620F  1004 _USBCTRL	=	0x620f
                           006210  1005 _USBMAXI	=	0x6210
                           006211  1006 _USBCS0	=	0x6211
                           006211  1007 _USBCSIL	=	0x6211
                           006212  1008 _USBCSIH	=	0x6212
                           006213  1009 _USBMAXO	=	0x6213
                           006214  1010 _USBCSOL	=	0x6214
                           006215  1011 _USBCSOH	=	0x6215
                           006216  1012 _USBCNT0	=	0x6216
                           006216  1013 _USBCNTL	=	0x6216
                           006217  1014 _USBCNTH	=	0x6217
                           006220  1015 _USBF0	=	0x6220
                           006222  1016 _USBF1	=	0x6222
                           006224  1017 _USBF2	=	0x6224
                           006226  1018 _USBF3	=	0x6226
                           006228  1019 _USBF4	=	0x6228
                           00622A  1020 _USBF5	=	0x622a
                           007080  1021 _X_P0	=	0x7080
                           007086  1022 _X_U0CSR	=	0x7086
                           007089  1023 _X_P0IFG	=	0x7089
                           00708A  1024 _X_P1IFG	=	0x708a
                           00708B  1025 _X_P2IFG	=	0x708b
                           00708C  1026 _X_PICTL	=	0x708c
                           00708D  1027 _X_P1IEN	=	0x708d
                           00708F  1028 _X_P0INP	=	0x708f
                           007090  1029 _X_P1	=	0x7090
                           007091  1030 _X_RFIRQF1	=	0x7091
                           007093  1031 _X_MPAGE	=	0x7093
                           007093  1032 _X__XPAGE	=	0x7093
                           007094  1033 _X_T2CTRL	=	0x7094
                           007095  1034 _X_ST0	=	0x7095
                           007096  1035 _X_ST1	=	0x7096
                           007097  1036 _X_ST2	=	0x7097
                           00709C  1037 _X_T2EVTCFG	=	0x709c
                           00709D  1038 _X_SLEEPSTA	=	0x709d
                           00709E  1039 _X_CLKCONSTA	=	0x709e
                           00709F  1040 _X_FMAP	=	0x709f
                           00709F  1041 _X_PSBANK	=	0x709f
                           0070A0  1042 _X_P2	=	0x70a0
                           0070A1  1043 _X_T2IRQF	=	0x70a1
                           0070A2  1044 _X_T2M0	=	0x70a2
                           0070A3  1045 _X_T2M1	=	0x70a3
                           0070A4  1046 _X_T2MOVF0	=	0x70a4
                           0070A5  1047 _X_T2MOVF1	=	0x70a5
                           0070A6  1048 _X_T2MOVF2	=	0x70a6
                           0070A7  1049 _X_T2IRQM	=	0x70a7
                           0070AB  1050 _X_P0IEN	=	0x70ab
                           0070AC  1051 _X_P2IEN	=	0x70ac
                           0070AD  1052 _X_STLOAD	=	0x70ad
                           0070AE  1053 _X_PMUX	=	0x70ae
                           0070AF  1054 _X_T1STAT	=	0x70af
                           0070B1  1055 _X_ENCDI	=	0x70b1
                           0070B2  1056 _X_ENCDO	=	0x70b2
                           0070B3  1057 _X_ENCCS	=	0x70b3
                           0070B4  1058 _X_ADCCON1	=	0x70b4
                           0070B5  1059 _X_ADCCON2	=	0x70b5
                           0070B6  1060 _X_ADCCON3	=	0x70b6
                           0070BA  1061 _X_ADCL	=	0x70ba
                           0070BB  1062 _X_ADCH	=	0x70bb
                           0070BC  1063 _X_RNDL	=	0x70bc
                           0070BD  1064 _X_RNDH	=	0x70bd
                           0070BE  1065 _X_SLEEPCMD	=	0x70be
                           0070BF  1066 _X_RFERRF	=	0x70bf
                           0070C1  1067 _X_U0DBUF	=	0x70c1
                           0070C2  1068 _X_U0BAUD	=	0x70c2
                           0070C3  1069 _X_T2MSEL	=	0x70c3
                           0070C4  1070 _X_U0UCR	=	0x70c4
                           0070C5  1071 _X_U0GCR	=	0x70c5
                           0070C6  1072 _X_CLKCONCMD	=	0x70c6
                           0070C7  1073 _X_MEMCTR	=	0x70c7
                           0070C9  1074 _X_WDCTL	=	0x70c9
                           0070CA  1075 _X_T3CNT	=	0x70ca
                           0070CB  1076 _X_T3CTL	=	0x70cb
                           0070CC  1077 _X_T3CCTL0	=	0x70cc
                           0070CD  1078 _X_T3CC0	=	0x70cd
                           0070CE  1079 _X_T3CCTL1	=	0x70ce
                           0070CF  1080 _X_T3CC1	=	0x70cf
                           0070D1  1081 _X_DMAIRQ	=	0x70d1
                           0070D2  1082 _X_DMA1CFGL	=	0x70d2
                           0070D3  1083 _X_DMA1CFGH	=	0x70d3
                           0070D4  1084 _X_DMA0CFGL	=	0x70d4
                           0070D5  1085 _X_DMA0CFGH	=	0x70d5
                           0070D6  1086 _X_DMAARM	=	0x70d6
                           0070D7  1087 _X_DMAREQ	=	0x70d7
                           0070D8  1088 _X_TIMIF	=	0x70d8
                           0070D9  1089 _X_RFD	=	0x70d9
                           0070DA  1090 _X_T1CC0L	=	0x70da
                           0070DB  1091 _X_T1CC0H	=	0x70db
                           0070DC  1092 _X_T1CC1L	=	0x70dc
                           0070DD  1093 _X_T1CC1H	=	0x70dd
                           0070DE  1094 _X_T1CC2L	=	0x70de
                           0070DF  1095 _X_T1CC2H	=	0x70df
                           0070E1  1096 _X_RFST	=	0x70e1
                           0070E2  1097 _X_T1CNTL	=	0x70e2
                           0070E3  1098 _X_T1CNTH	=	0x70e3
                           0070E4  1099 _X_T1CTL	=	0x70e4
                           0070E5  1100 _X_T1CCTL0	=	0x70e5
                           0070E6  1101 _X_T1CCTL1	=	0x70e6
                           0070E7  1102 _X_T1CCTL2	=	0x70e7
                           0070E9  1103 _X_RFIRQF0	=	0x70e9
                           0070EA  1104 _X_T4CNT	=	0x70ea
                           0070EB  1105 _X_T4CTL	=	0x70eb
                           0070EC  1106 _X_T4CCTL0	=	0x70ec
                           0070ED  1107 _X_T4CC0	=	0x70ed
                           0070EE  1108 _X_T4CCTL1	=	0x70ee
                           0070EF  1109 _X_T4CC1	=	0x70ef
                           0070F1  1110 _X_PERCFG	=	0x70f1
                           0070F2  1111 _X_APCFG	=	0x70f2
                           0070F3  1112 _X_P0SEL	=	0x70f3
                           0070F4  1113 _X_P1SEL	=	0x70f4
                           0070F5  1114 _X_P2SEL	=	0x70f5
                           0070F6  1115 _X_P1INP	=	0x70f6
                           0070F7  1116 _X_P2INP	=	0x70f7
                           0070F8  1117 _X_U1CSR	=	0x70f8
                           0070F9  1118 _X_U1DBUF	=	0x70f9
                           0070FA  1119 _X_U1BAUD	=	0x70fa
                           0070FB  1120 _X_U1UCR	=	0x70fb
                           0070FC  1121 _X_U1GCR	=	0x70fc
                           0070FD  1122 _X_P0DIR	=	0x70fd
                           0070FE  1123 _X_P1DIR	=	0x70fe
                           0070FF  1124 _X_P2DIR	=	0x70ff
                           007800  1125 _X_INFOPAGE	=	0x7800
                           00780C  1126 _X_IEEE_ADDR	=	0x780c
      000000                       1127 _uart0_input_handler:
      000000                       1128 	.ds 2
                                   1129 ;--------------------------------------------------------
                                   1130 ; absolute external ram data
                                   1131 ;--------------------------------------------------------
                                   1132 	.area XABS    (ABS,XDATA)
                                   1133 ;--------------------------------------------------------
                                   1134 ; external initialized ram data
                                   1135 ;--------------------------------------------------------
                                   1136 	.area XISEG   (XDATA)
                                   1137 	.area HOME    (CODE)
                                   1138 	.area GSINIT0 (CODE)
                                   1139 	.area GSINIT1 (CODE)
                                   1140 	.area GSINIT2 (CODE)
                                   1141 	.area GSINIT3 (CODE)
                                   1142 	.area GSINIT4 (CODE)
                                   1143 	.area GSINIT5 (CODE)
                                   1144 	.area GSINIT  (CODE)
                                   1145 	.area GSFINAL (CODE)
                                   1146 	.area CSEG    (CODE)
                                   1147 ;--------------------------------------------------------
                                   1148 ; global & static initialisations
                                   1149 ;--------------------------------------------------------
                                   1150 	.area HOME    (CODE)
                                   1151 	.area GSINIT  (CODE)
                                   1152 	.area GSFINAL (CODE)
                                   1153 	.area GSINIT  (CODE)
                                   1154 ;--------------------------------------------------------
                                   1155 ; Home
                                   1156 ;--------------------------------------------------------
                                   1157 	.area HOME    (CODE)
                                   1158 	.area HOME    (CODE)
                                   1159 ;--------------------------------------------------------
                                   1160 ; code
                                   1161 ;--------------------------------------------------------
                                   1162 	.area CSEG    (CODE)
                                   1163 ;------------------------------------------------------------
                                   1164 ;Allocation info for local variables in function 'uart0_set_input'
                                   1165 ;------------------------------------------------------------
                                   1166 ;input                     Allocated to registers 
                                   1167 ;------------------------------------------------------------
                                   1168 ;	/opt/contiki/cpu/cc253x/dev/uart-intr.c:29: uart0_set_input(int (* input)(unsigned char c))
                                   1169 ;	-----------------------------------------
                                   1170 ;	 function uart0_set_input
                                   1171 ;	-----------------------------------------
      000000                       1172 _uart0_set_input:
                           000007  1173 	ar7 = 0x07
                           000006  1174 	ar6 = 0x06
                           000005  1175 	ar5 = 0x05
                           000004  1176 	ar4 = 0x04
                           000003  1177 	ar3 = 0x03
                           000002  1178 	ar2 = 0x02
                           000001  1179 	ar1 = 0x01
                           000000  1180 	ar0 = 0x00
      000000 AF 83            [24] 1181 	mov	r7,dph
      000002 E5 82            [12] 1182 	mov	a,dpl
      000004 90r00r00         [24] 1183 	mov	dptr,#_uart0_input_handler
      000007 F0               [24] 1184 	movx	@dptr,a
      000008 EF               [12] 1185 	mov	a,r7
      000009 A3               [24] 1186 	inc	dptr
      00000A F0               [24] 1187 	movx	@dptr,a
                                   1188 ;	/opt/contiki/cpu/cc253x/dev/uart-intr.c:31: uart0_input_handler = input;
      00000B 22               [24] 1189 	ret
                                   1190 ;------------------------------------------------------------
                                   1191 ;Allocation info for local variables in function 'uart0_rx_isr'
                                   1192 ;------------------------------------------------------------
                                   1193 ;	/opt/contiki/cpu/cc253x/dev/uart-intr.c:41: uart0_rx_isr(void) __interrupt(URX0_VECTOR)
                                   1194 ;	-----------------------------------------
                                   1195 ;	 function uart0_rx_isr
                                   1196 ;	-----------------------------------------
      00000C                       1197 _uart0_rx_isr:
      00000C C0*00            [24] 1198 	push	bits
      00000E C0 E0            [24] 1199 	push	acc
      000010 C0 F0            [24] 1200 	push	b
      000012 C0 82            [24] 1201 	push	dpl
      000014 C0 83            [24] 1202 	push	dph
      000016 C0 07            [24] 1203 	push	(0+7)
      000018 C0 06            [24] 1204 	push	(0+6)
      00001A C0 05            [24] 1205 	push	(0+5)
      00001C C0 04            [24] 1206 	push	(0+4)
      00001E C0 03            [24] 1207 	push	(0+3)
      000020 C0 02            [24] 1208 	push	(0+2)
      000022 C0 01            [24] 1209 	push	(0+1)
      000024 C0 00            [24] 1210 	push	(0+0)
      000026 C0 D0            [24] 1211 	push	psw
      000028 75 D0 00         [24] 1212 	mov	psw,#0x00
                                   1213 ;	/opt/contiki/cpu/cc253x/dev/uart-intr.c:44: URX0IF = 0;
      00002B C2 8B            [12] 1214 	clr	_URX0IF
                                   1215 ;	/opt/contiki/cpu/cc253x/dev/uart-intr.c:45: if(uart0_input_handler != NULL) {
      00002D 90r00r00         [24] 1216 	mov	dptr,#_uart0_input_handler
      000030 E0               [24] 1217 	movx	a,@dptr
      000031 FE               [12] 1218 	mov	r6,a
      000032 A3               [24] 1219 	inc	dptr
      000033 E0               [24] 1220 	movx	a,@dptr
      000034 FF               [12] 1221 	mov	r7,a
      000035 4E               [12] 1222 	orl	a,r6
      000036 60 13            [24] 1223 	jz	00107$
                                   1224 ;	/opt/contiki/cpu/cc253x/dev/uart-intr.c:46: uart0_input_handler(U0DBUF);
      000038 12r00r3D         [24] 1225 	lcall	00113$
      00003B 80 0E            [24] 1226 	sjmp	00114$
      00003D                       1227 00113$:
      00003D 90r00r00         [24] 1228 	mov	dptr,#_uart0_input_handler
      000040 E0               [24] 1229 	movx	a,@dptr
      000041 C0 E0            [24] 1230 	push	acc
      000043 A3               [24] 1231 	inc	dptr
      000044 E0               [24] 1232 	movx	a,@dptr
      000045 C0 E0            [24] 1233 	push	acc
      000047 85 C1 82         [24] 1234 	mov	dpl,_U0DBUF
      00004A 22               [24] 1235 	ret
      00004B                       1236 00114$:
                                   1237 ;	/opt/contiki/cpu/cc253x/dev/uart-intr.c:48: ENERGEST_OFF(ENERGEST_TYPE_IRQ);
      00004B                       1238 00107$:
      00004B D0 D0            [24] 1239 	pop	psw
      00004D D0 00            [24] 1240 	pop	(0+0)
      00004F D0 01            [24] 1241 	pop	(0+1)
      000051 D0 02            [24] 1242 	pop	(0+2)
      000053 D0 03            [24] 1243 	pop	(0+3)
      000055 D0 04            [24] 1244 	pop	(0+4)
      000057 D0 05            [24] 1245 	pop	(0+5)
      000059 D0 06            [24] 1246 	pop	(0+6)
      00005B D0 07            [24] 1247 	pop	(0+7)
      00005D D0 83            [24] 1248 	pop	dph
      00005F D0 82            [24] 1249 	pop	dpl
      000061 D0 F0            [24] 1250 	pop	b
      000063 D0 E0            [24] 1251 	pop	acc
      000065 D0*00            [24] 1252 	pop	bits
      000067 32               [24] 1253 	reti
                                   1254 	.area CSEG    (CODE)
                                   1255 	.area CONST   (CODE)
                                   1256 	.area XINIT   (CODE)
                                   1257 	.area CABS    (ABS,CODE)
