                                      1 ;--------------------------------------------------------
                                      2 ; File Created by SDCC : free open source ANSI-C Compiler
                                      3 ; Version 3.5.5 #9380 (Linux)
                                      4 ; This file was generated Wed Nov 18 02:57:28 2015
                                      5 ;--------------------------------------------------------
                                      6 	.module announcement
                                      7 	.optsdcc -mmcs51 --model-huge
                                      8 	
                                      9 ;--------------------------------------------------------
                                     10 ; Public variables in this module
                                     11 ;--------------------------------------------------------
                                     12 	.globl _list_item_next
                                     13 	.globl _list_remove
                                     14 	.globl _list_add
                                     15 	.globl _list_head
                                     16 	.globl _list_init
                                     17 	.globl _announcement_init
                                     18 	.globl _announcement_register
                                     19 	.globl _announcement_remove
                                     20 	.globl _announcement_remove_value
                                     21 	.globl _announcement_set_value
                                     22 	.globl _announcement_bump
                                     23 	.globl _announcement_listen
                                     24 	.globl _announcement_register_listen_callback
                                     25 	.globl _announcement_register_observer_callback
                                     26 	.globl _announcement_list
                                     27 	.globl _announcement_heard
                                     28 ;--------------------------------------------------------
                                     29 ; special function registers
                                     30 ;--------------------------------------------------------
                                     31 	.area RSEG    (ABS,DATA)
      000000                         32 	.org 0x0000
                                     33 ;--------------------------------------------------------
                                     34 ; special function bits
                                     35 ;--------------------------------------------------------
                                     36 	.area RSEG    (ABS,DATA)
      000000                         37 	.org 0x0000
                                     38 ;--------------------------------------------------------
                                     39 ; overlayable register banks
                                     40 ;--------------------------------------------------------
                                     41 	.area REG_BANK_0	(REL,OVR,DATA)
      000000                         42 	.ds 8
                                     43 ;--------------------------------------------------------
                                     44 ; internal ram data
                                     45 ;--------------------------------------------------------
                                     46 	.area DSEG    (DATA)
                                     47 ;--------------------------------------------------------
                                     48 ; overlayable items in internal ram 
                                     49 ;--------------------------------------------------------
                                     50 ;--------------------------------------------------------
                                     51 ; indirectly addressable internal ram data
                                     52 ;--------------------------------------------------------
                                     53 	.area ISEG    (DATA)
                                     54 ;--------------------------------------------------------
                                     55 ; absolute internal ram data
                                     56 ;--------------------------------------------------------
                                     57 	.area IABS    (ABS,DATA)
                                     58 	.area IABS    (ABS,DATA)
                                     59 ;--------------------------------------------------------
                                     60 ; bit data
                                     61 ;--------------------------------------------------------
                                     62 	.area BSEG    (BIT)
                                     63 ;--------------------------------------------------------
                                     64 ; paged external ram data
                                     65 ;--------------------------------------------------------
                                     66 	.area PSEG    (PAG,XDATA)
                                     67 ;--------------------------------------------------------
                                     68 ; external ram data
                                     69 ;--------------------------------------------------------
                                     70 	.area XSEG    (XDATA)
      000000                         71 _listen_callback:
      000000                         72 	.ds 3
      000003                         73 _observer_callback:
      000003                         74 	.ds 3
                                     75 ;--------------------------------------------------------
                                     76 ; absolute external ram data
                                     77 ;--------------------------------------------------------
                                     78 	.area XABS    (ABS,XDATA)
                                     79 ;--------------------------------------------------------
                                     80 ; external initialized ram data
                                     81 ;--------------------------------------------------------
                                     82 	.area XISEG   (XDATA)
      000000                         83 _announcements_list:
      000000                         84 	.ds 3
      000003                         85 _announcements:
      000003                         86 	.ds 3
                                     87 	.area HOME    (CODE)
                                     88 	.area GSINIT0 (CODE)
                                     89 	.area GSINIT1 (CODE)
                                     90 	.area GSINIT2 (CODE)
                                     91 	.area GSINIT3 (CODE)
                                     92 	.area GSINIT4 (CODE)
                                     93 	.area GSINIT5 (CODE)
                                     94 	.area GSINIT  (CODE)
                                     95 	.area GSFINAL (CODE)
                                     96 	.area CSEG    (CODE)
                                     97 ;--------------------------------------------------------
                                     98 ; global & static initialisations
                                     99 ;--------------------------------------------------------
                                    100 	.area HOME    (CODE)
                                    101 	.area GSINIT  (CODE)
                                    102 	.area GSFINAL (CODE)
                                    103 	.area GSINIT  (CODE)
                                    104 ;--------------------------------------------------------
                                    105 ; Home
                                    106 ;--------------------------------------------------------
                                    107 	.area HOME    (CODE)
                                    108 	.area HOME    (CODE)
                                    109 ;--------------------------------------------------------
                                    110 ; code
                                    111 ;--------------------------------------------------------
                                    112 	.area BANK1   (CODE)
                                    113 ;------------------------------------------------------------
                                    114 ;Allocation info for local variables in function 'announcement_init'
                                    115 ;------------------------------------------------------------
                                    116 ;	/opt/contiki/core/net/rime/announcement.c:56: announcement_init(void)
                                    117 ;	-----------------------------------------
                                    118 ;	 function announcement_init
                                    119 ;	-----------------------------------------
      000000                        120 _announcement_init:
                           000007   121 	ar7 = 0x07
                           000006   122 	ar6 = 0x06
                           000005   123 	ar5 = 0x05
                           000004   124 	ar4 = 0x04
                           000003   125 	ar3 = 0x03
                           000002   126 	ar2 = 0x02
                           000001   127 	ar1 = 0x01
                           000000   128 	ar0 = 0x00
                                    129 ;	/opt/contiki/core/net/rime/announcement.c:58: list_init(announcements);
      000000 90r00r03         [24]  130 	mov	dptr,#_announcements
      000003 E0               [24]  131 	movx	a,@dptr
      000004 FD               [12]  132 	mov	r5,a
      000005 A3               [24]  133 	inc	dptr
      000006 E0               [24]  134 	movx	a,@dptr
      000007 FE               [12]  135 	mov	r6,a
      000008 A3               [24]  136 	inc	dptr
      000009 E0               [24]  137 	movx	a,@dptr
      00000A FF               [12]  138 	mov	r7,a
      00000B 8D 82            [24]  139 	mov	dpl,r5
      00000D 8E 83            [24]  140 	mov	dph,r6
      00000F 8F F0            [24]  141 	mov	b,r7
      000011 78r00            [12]  142 	mov	r0,#_list_init
      000013 79s00            [12]  143 	mov	r1,#(_list_init >> 8)
      000015 7As00            [12]  144 	mov	r2,#(_list_init >> 16)
      000017 12r00r00         [24]  145 	lcall	__sdcc_banked_call
      00001A 02r00r00         [24]  146 	ljmp	__sdcc_banked_ret
                                    147 ;------------------------------------------------------------
                                    148 ;Allocation info for local variables in function 'announcement_register'
                                    149 ;------------------------------------------------------------
                                    150 ;id                        Allocated to stack - sp -13
                                    151 ;callback                  Allocated to stack - sp -16
                                    152 ;a                         Allocated to stack - sp -8
                                    153 ;sloc0                     Allocated to stack - sp -2
                                    154 ;sloc1                     Allocated to stack - sp -5
                                    155 ;------------------------------------------------------------
                                    156 ;	/opt/contiki/core/net/rime/announcement.c:62: announcement_register(struct announcement *a, uint16_t id,
                                    157 ;	-----------------------------------------
                                    158 ;	 function announcement_register
                                    159 ;	-----------------------------------------
      00001D                        160 _announcement_register:
      00001D C0 82            [24]  161 	push	dpl
      00001F C0 83            [24]  162 	push	dph
      000021 C0 F0            [24]  163 	push	b
      000023 E5 81            [12]  164 	mov	a,sp
      000025 24 06            [12]  165 	add	a,#0x06
                                    166 ;	/opt/contiki/core/net/rime/announcement.c:65: a->id = id;
      000027 F5 81            [12]  167 	mov	sp,a
      000029 24 F8            [12]  168 	add	a,#0xf8
      00002B F8               [12]  169 	mov	r0,a
      00002C 74 03            [12]  170 	mov	a,#0x03
      00002E 26               [12]  171 	add	a,@r0
      00002F FA               [12]  172 	mov	r2,a
      000030 E4               [12]  173 	clr	a
      000031 08               [12]  174 	inc	r0
      000032 36               [12]  175 	addc	a,@r0
      000033 FB               [12]  176 	mov	r3,a
      000034 08               [12]  177 	inc	r0
      000035 86 04            [24]  178 	mov	ar4,@r0
      000037 8A 82            [24]  179 	mov	dpl,r2
      000039 8B 83            [24]  180 	mov	dph,r3
      00003B 8C F0            [24]  181 	mov	b,r4
      00003D E5 81            [12]  182 	mov	a,sp
      00003F 24 F3            [12]  183 	add	a,#0xf3
      000041 F8               [12]  184 	mov	r0,a
      000042 E6               [12]  185 	mov	a,@r0
      000043 12r00r00         [24]  186 	lcall	__gptrput
      000046 A3               [24]  187 	inc	dptr
      000047 08               [12]  188 	inc	r0
      000048 E6               [12]  189 	mov	a,@r0
      000049 12r00r00         [24]  190 	lcall	__gptrput
                                    191 ;	/opt/contiki/core/net/rime/announcement.c:66: a->has_value = 0;
      00004C E5 81            [12]  192 	mov	a,sp
      00004E 24 F8            [12]  193 	add	a,#0xf8
      000050 F8               [12]  194 	mov	r0,a
      000051 A9 81            [24]  195 	mov	r1,sp
      000053 19               [12]  196 	dec	r1
      000054 19               [12]  197 	dec	r1
      000055 74 0A            [12]  198 	mov	a,#0x0A
      000057 26               [12]  199 	add	a,@r0
      000058 F7               [12]  200 	mov	@r1,a
      000059 E4               [12]  201 	clr	a
      00005A 08               [12]  202 	inc	r0
      00005B 36               [12]  203 	addc	a,@r0
      00005C 09               [12]  204 	inc	r1
      00005D F7               [12]  205 	mov	@r1,a
      00005E 08               [12]  206 	inc	r0
      00005F 09               [12]  207 	inc	r1
      000060 E6               [12]  208 	mov	a,@r0
      000061 F7               [12]  209 	mov	@r1,a
      000062 A8 81            [24]  210 	mov	r0,sp
      000064 18               [12]  211 	dec	r0
      000065 18               [12]  212 	dec	r0
      000066 86 82            [24]  213 	mov	dpl,@r0
      000068 08               [12]  214 	inc	r0
      000069 86 83            [24]  215 	mov	dph,@r0
      00006B 08               [12]  216 	inc	r0
      00006C 86 F0            [24]  217 	mov	b,@r0
      00006E E4               [12]  218 	clr	a
      00006F 12r00r00         [24]  219 	lcall	__gptrput
                                    220 ;	/opt/contiki/core/net/rime/announcement.c:67: a->callback = callback;
      000072 E5 81            [12]  221 	mov	a,sp
      000074 24 F8            [12]  222 	add	a,#0xf8
      000076 F8               [12]  223 	mov	r0,a
      000077 74 07            [12]  224 	mov	a,#0x07
      000079 26               [12]  225 	add	a,@r0
      00007A FD               [12]  226 	mov	r5,a
      00007B E4               [12]  227 	clr	a
      00007C 08               [12]  228 	inc	r0
      00007D 36               [12]  229 	addc	a,@r0
      00007E FE               [12]  230 	mov	r6,a
      00007F 08               [12]  231 	inc	r0
      000080 86 07            [24]  232 	mov	ar7,@r0
      000082 8D 82            [24]  233 	mov	dpl,r5
      000084 8E 83            [24]  234 	mov	dph,r6
      000086 8F F0            [24]  235 	mov	b,r7
      000088 E5 81            [12]  236 	mov	a,sp
      00008A 24 F0            [12]  237 	add	a,#0xf0
      00008C F8               [12]  238 	mov	r0,a
      00008D E6               [12]  239 	mov	a,@r0
      00008E 12r00r00         [24]  240 	lcall	__gptrput
      000091 A3               [24]  241 	inc	dptr
      000092 08               [12]  242 	inc	r0
      000093 E6               [12]  243 	mov	a,@r0
      000094 12r00r00         [24]  244 	lcall	__gptrput
      000097 A3               [24]  245 	inc	dptr
      000098 08               [12]  246 	inc	r0
      000099 E6               [12]  247 	mov	a,@r0
      00009A 12r00r00         [24]  248 	lcall	__gptrput
                                    249 ;	/opt/contiki/core/net/rime/announcement.c:68: list_add(announcements, a);
      00009D E5 81            [12]  250 	mov	a,sp
      00009F 24 F8            [12]  251 	add	a,#0xf8
      0000A1 F8               [12]  252 	mov	r0,a
      0000A2 E5 81            [12]  253 	mov	a,sp
      0000A4 24 FB            [12]  254 	add	a,#0xfb
      0000A6 F9               [12]  255 	mov	r1,a
      0000A7 E6               [12]  256 	mov	a,@r0
      0000A8 F7               [12]  257 	mov	@r1,a
      0000A9 08               [12]  258 	inc	r0
      0000AA 09               [12]  259 	inc	r1
      0000AB E6               [12]  260 	mov	a,@r0
      0000AC F7               [12]  261 	mov	@r1,a
      0000AD 08               [12]  262 	inc	r0
      0000AE 09               [12]  263 	inc	r1
      0000AF E6               [12]  264 	mov	a,@r0
      0000B0 F7               [12]  265 	mov	@r1,a
      0000B1 90r00r03         [24]  266 	mov	dptr,#_announcements
      0000B4 E0               [24]  267 	movx	a,@dptr
      0000B5 FD               [12]  268 	mov	r5,a
      0000B6 A3               [24]  269 	inc	dptr
      0000B7 E0               [24]  270 	movx	a,@dptr
      0000B8 FE               [12]  271 	mov	r6,a
      0000B9 A3               [24]  272 	inc	dptr
      0000BA E0               [24]  273 	movx	a,@dptr
      0000BB FF               [12]  274 	mov	r7,a
      0000BC C0 04            [24]  275 	push	ar4
      0000BE C0 03            [24]  276 	push	ar3
      0000C0 C0 02            [24]  277 	push	ar2
      0000C2 E5 81            [12]  278 	mov	a,sp
      0000C4 24 F8            [12]  279 	add	a,#0xf8
      0000C6 F8               [12]  280 	mov	r0,a
      0000C7 E6               [12]  281 	mov	a,@r0
      0000C8 C0 E0            [24]  282 	push	acc
      0000CA 08               [12]  283 	inc	r0
      0000CB E6               [12]  284 	mov	a,@r0
      0000CC C0 E0            [24]  285 	push	acc
      0000CE 08               [12]  286 	inc	r0
      0000CF E6               [12]  287 	mov	a,@r0
      0000D0 C0 E0            [24]  288 	push	acc
      0000D2 8D 82            [24]  289 	mov	dpl,r5
      0000D4 8E 83            [24]  290 	mov	dph,r6
      0000D6 8F F0            [24]  291 	mov	b,r7
      0000D8 78r00            [12]  292 	mov	r0,#_list_add
      0000DA 79s00            [12]  293 	mov	r1,#(_list_add >> 8)
      0000DC 7As00            [12]  294 	mov	r2,#(_list_add >> 16)
      0000DE 12r00r00         [24]  295 	lcall	__sdcc_banked_call
      0000E1 15 81            [12]  296 	dec	sp
      0000E3 15 81            [12]  297 	dec	sp
      0000E5 15 81            [12]  298 	dec	sp
      0000E7 D0 02            [24]  299 	pop	ar2
      0000E9 D0 03            [24]  300 	pop	ar3
      0000EB D0 04            [24]  301 	pop	ar4
                                    302 ;	/opt/contiki/core/net/rime/announcement.c:69: if(observer_callback) {
      0000ED 90r00r03         [24]  303 	mov	dptr,#_observer_callback
      0000F0 E0               [24]  304 	movx	a,@dptr
      0000F1 F5 F0            [12]  305 	mov	b,a
      0000F3 A3               [24]  306 	inc	dptr
      0000F4 E0               [24]  307 	movx	a,@dptr
      0000F5 45 F0            [12]  308 	orl	a,b
      0000F7 60 6E            [24]  309 	jz	00103$
                                    310 ;	/opt/contiki/core/net/rime/announcement.c:71: a->value, 0, ANNOUNCEMENT_BUMP);
      0000F9 E5 81            [12]  311 	mov	a,sp
      0000FB 24 F8            [12]  312 	add	a,#0xf8
      0000FD F8               [12]  313 	mov	r0,a
      0000FE 74 05            [12]  314 	mov	a,#0x05
      000100 26               [12]  315 	add	a,@r0
      000101 FD               [12]  316 	mov	r5,a
      000102 E4               [12]  317 	clr	a
      000103 08               [12]  318 	inc	r0
      000104 36               [12]  319 	addc	a,@r0
      000105 FE               [12]  320 	mov	r6,a
      000106 08               [12]  321 	inc	r0
      000107 86 07            [24]  322 	mov	ar7,@r0
      000109 8D 82            [24]  323 	mov	dpl,r5
      00010B 8E 83            [24]  324 	mov	dph,r6
      00010D 8F F0            [24]  325 	mov	b,r7
      00010F 12r00r00         [24]  326 	lcall	__gptrget
      000112 FD               [12]  327 	mov	r5,a
      000113 A3               [24]  328 	inc	dptr
      000114 12r00r00         [24]  329 	lcall	__gptrget
      000117 FE               [12]  330 	mov	r6,a
                                    331 ;	/opt/contiki/core/net/rime/announcement.c:70: observer_callback(a->id, a->has_value,
      000118 A8 81            [24]  332 	mov	r0,sp
      00011A 18               [12]  333 	dec	r0
      00011B 18               [12]  334 	dec	r0
      00011C 86 82            [24]  335 	mov	dpl,@r0
      00011E 08               [12]  336 	inc	r0
      00011F 86 83            [24]  337 	mov	dph,@r0
      000121 08               [12]  338 	inc	r0
      000122 86 F0            [24]  339 	mov	b,@r0
      000124 12r00r00         [24]  340 	lcall	__gptrget
      000127 FF               [12]  341 	mov	r7,a
      000128 8A 82            [24]  342 	mov	dpl,r2
      00012A 8B 83            [24]  343 	mov	dph,r3
      00012C 8C F0            [24]  344 	mov	b,r4
      00012E 12r00r00         [24]  345 	lcall	__gptrget
      000131 FA               [12]  346 	mov	r2,a
      000132 A3               [24]  347 	inc	dptr
      000133 12r00r00         [24]  348 	lcall	__gptrget
      000136 FB               [12]  349 	mov	r3,a
      000137 74 01            [12]  350 	mov	a,#0x01
      000139 C0 E0            [24]  351 	push	acc
      00013B E4               [12]  352 	clr	a
      00013C C0 E0            [24]  353 	push	acc
      00013E C0 E0            [24]  354 	push	acc
      000140 C0 05            [24]  355 	push	ar5
      000142 C0 06            [24]  356 	push	ar6
      000144 C0 07            [24]  357 	push	ar7
      000146 90r00r03         [24]  358 	mov	dptr,#_observer_callback
      000149 E0               [24]  359 	movx	a,@dptr
      00014A C0 E0            [24]  360 	push	acc
      00014C A3               [24]  361 	inc	dptr
      00014D E0               [24]  362 	movx	a,@dptr
      00014E C0 E0            [24]  363 	push	acc
      000150 A3               [24]  364 	inc	dptr
      000151 E0               [24]  365 	movx	a,@dptr
      000152 C0 E0            [24]  366 	push	acc
      000154 8A 82            [24]  367 	mov	dpl,r2
      000156 8B 83            [24]  368 	mov	dph,r3
      000158 D0 02            [24]  369 	pop	ar2
      00015A D0 01            [24]  370 	pop	ar1
      00015C D0 00            [24]  371 	pop	ar0
      00015E 12r00r00         [24]  372 	lcall	__sdcc_banked_call
      000161 E5 81            [12]  373 	mov	a,sp
      000163 24 FA            [12]  374 	add	a,#0xfa
      000165 F5 81            [12]  375 	mov	sp,a
      000167                        376 00103$:
      000167 E5 81            [12]  377 	mov	a,sp
      000169 24 F7            [12]  378 	add	a,#0xF7
      00016B F5 81            [12]  379 	mov	sp,a
      00016D 02r00r00         [24]  380 	ljmp	__sdcc_banked_ret
                                    381 ;------------------------------------------------------------
                                    382 ;Allocation info for local variables in function 'announcement_remove'
                                    383 ;------------------------------------------------------------
                                    384 ;a                         Allocated to registers r5 r6 r7 
                                    385 ;------------------------------------------------------------
                                    386 ;	/opt/contiki/core/net/rime/announcement.c:76: announcement_remove(struct announcement *a)
                                    387 ;	-----------------------------------------
                                    388 ;	 function announcement_remove
                                    389 ;	-----------------------------------------
      000170                        390 _announcement_remove:
      000170 AD 82            [24]  391 	mov	r5,dpl
      000172 AE 83            [24]  392 	mov	r6,dph
      000174 AF F0            [24]  393 	mov	r7,b
                                    394 ;	/opt/contiki/core/net/rime/announcement.c:78: list_remove(announcements, a);
      000176 90r00r03         [24]  395 	mov	dptr,#_announcements
      000179 E0               [24]  396 	movx	a,@dptr
      00017A FA               [12]  397 	mov	r2,a
      00017B A3               [24]  398 	inc	dptr
      00017C E0               [24]  399 	movx	a,@dptr
      00017D FB               [12]  400 	mov	r3,a
      00017E A3               [24]  401 	inc	dptr
      00017F E0               [24]  402 	movx	a,@dptr
      000180 FC               [12]  403 	mov	r4,a
      000181 C0 05            [24]  404 	push	ar5
      000183 C0 06            [24]  405 	push	ar6
      000185 C0 07            [24]  406 	push	ar7
      000187 8A 82            [24]  407 	mov	dpl,r2
      000189 8B 83            [24]  408 	mov	dph,r3
      00018B 8C F0            [24]  409 	mov	b,r4
      00018D 78r00            [12]  410 	mov	r0,#_list_remove
      00018F 79s00            [12]  411 	mov	r1,#(_list_remove >> 8)
      000191 7As00            [12]  412 	mov	r2,#(_list_remove >> 16)
      000193 12r00r00         [24]  413 	lcall	__sdcc_banked_call
      000196 15 81            [12]  414 	dec	sp
      000198 15 81            [12]  415 	dec	sp
      00019A 15 81            [12]  416 	dec	sp
      00019C 02r00r00         [24]  417 	ljmp	__sdcc_banked_ret
                                    418 ;------------------------------------------------------------
                                    419 ;Allocation info for local variables in function 'announcement_remove_value'
                                    420 ;------------------------------------------------------------
                                    421 ;a                         Allocated to registers r5 r6 r7 
                                    422 ;------------------------------------------------------------
                                    423 ;	/opt/contiki/core/net/rime/announcement.c:82: announcement_remove_value(struct announcement *a)
                                    424 ;	-----------------------------------------
                                    425 ;	 function announcement_remove_value
                                    426 ;	-----------------------------------------
      00019F                        427 _announcement_remove_value:
      00019F AD 82            [24]  428 	mov	r5,dpl
      0001A1 AE 83            [24]  429 	mov	r6,dph
      0001A3 AF F0            [24]  430 	mov	r7,b
                                    431 ;	/opt/contiki/core/net/rime/announcement.c:84: a->has_value = 0;
      0001A5 74 0A            [12]  432 	mov	a,#0x0A
      0001A7 2D               [12]  433 	add	a,r5
      0001A8 FA               [12]  434 	mov	r2,a
      0001A9 E4               [12]  435 	clr	a
      0001AA 3E               [12]  436 	addc	a,r6
      0001AB FB               [12]  437 	mov	r3,a
      0001AC 8F 04            [24]  438 	mov	ar4,r7
      0001AE 8A 82            [24]  439 	mov	dpl,r2
      0001B0 8B 83            [24]  440 	mov	dph,r3
      0001B2 8C F0            [24]  441 	mov	b,r4
      0001B4 E4               [12]  442 	clr	a
      0001B5 12r00r00         [24]  443 	lcall	__gptrput
                                    444 ;	/opt/contiki/core/net/rime/announcement.c:85: if(observer_callback) {
      0001B8 90r00r03         [24]  445 	mov	dptr,#_observer_callback
      0001BB E0               [24]  446 	movx	a,@dptr
      0001BC F5 F0            [12]  447 	mov	b,a
      0001BE A3               [24]  448 	inc	dptr
      0001BF E0               [24]  449 	movx	a,@dptr
      0001C0 45 F0            [12]  450 	orl	a,b
      0001C2 60 44            [24]  451 	jz	00103$
                                    452 ;	/opt/contiki/core/net/rime/announcement.c:86: observer_callback(a->id, 0, 0, 0, ANNOUNCEMENT_NOBUMP);
      0001C4 74 03            [12]  453 	mov	a,#0x03
      0001C6 2D               [12]  454 	add	a,r5
      0001C7 FD               [12]  455 	mov	r5,a
      0001C8 E4               [12]  456 	clr	a
      0001C9 3E               [12]  457 	addc	a,r6
      0001CA FE               [12]  458 	mov	r6,a
      0001CB 8D 82            [24]  459 	mov	dpl,r5
      0001CD 8E 83            [24]  460 	mov	dph,r6
      0001CF 8F F0            [24]  461 	mov	b,r7
      0001D1 12r00r00         [24]  462 	lcall	__gptrget
      0001D4 FD               [12]  463 	mov	r5,a
      0001D5 A3               [24]  464 	inc	dptr
      0001D6 12r00r00         [24]  465 	lcall	__gptrget
      0001D9 FE               [12]  466 	mov	r6,a
      0001DA E4               [12]  467 	clr	a
      0001DB C0 E0            [24]  468 	push	acc
      0001DD C0 E0            [24]  469 	push	acc
      0001DF C0 E0            [24]  470 	push	acc
      0001E1 C0 E0            [24]  471 	push	acc
      0001E3 C0 E0            [24]  472 	push	acc
      0001E5 C0 E0            [24]  473 	push	acc
      0001E7 90r00r03         [24]  474 	mov	dptr,#_observer_callback
      0001EA E0               [24]  475 	movx	a,@dptr
      0001EB C0 E0            [24]  476 	push	acc
      0001ED A3               [24]  477 	inc	dptr
      0001EE E0               [24]  478 	movx	a,@dptr
      0001EF C0 E0            [24]  479 	push	acc
      0001F1 A3               [24]  480 	inc	dptr
      0001F2 E0               [24]  481 	movx	a,@dptr
      0001F3 C0 E0            [24]  482 	push	acc
      0001F5 8D 82            [24]  483 	mov	dpl,r5
      0001F7 8E 83            [24]  484 	mov	dph,r6
      0001F9 D0 02            [24]  485 	pop	ar2
      0001FB D0 01            [24]  486 	pop	ar1
      0001FD D0 00            [24]  487 	pop	ar0
      0001FF 12r00r00         [24]  488 	lcall	__sdcc_banked_call
      000202 E5 81            [12]  489 	mov	a,sp
      000204 24 FA            [12]  490 	add	a,#0xfa
      000206 F5 81            [12]  491 	mov	sp,a
      000208                        492 00103$:
      000208 02r00r00         [24]  493 	ljmp	__sdcc_banked_ret
                                    494 ;------------------------------------------------------------
                                    495 ;Allocation info for local variables in function 'announcement_set_value'
                                    496 ;------------------------------------------------------------
                                    497 ;value                     Allocated to stack - sp -9
                                    498 ;a                         Allocated to registers r5 r6 r7 
                                    499 ;oldvalue                  Allocated to stack - sp -1
                                    500 ;sloc0                     Allocated to stack - sp -4
                                    501 ;------------------------------------------------------------
                                    502 ;	/opt/contiki/core/net/rime/announcement.c:92: announcement_set_value(struct announcement *a, uint16_t value)
                                    503 ;	-----------------------------------------
                                    504 ;	 function announcement_set_value
                                    505 ;	-----------------------------------------
      00020B                        506 _announcement_set_value:
      00020B E5 81            [12]  507 	mov	a,sp
      00020D 24 05            [12]  508 	add	a,#0x05
      00020F F5 81            [12]  509 	mov	sp,a
      000211 AD 82            [24]  510 	mov	r5,dpl
      000213 AE 83            [24]  511 	mov	r6,dph
      000215 AF F0            [24]  512 	mov	r7,b
                                    513 ;	/opt/contiki/core/net/rime/announcement.c:94: uint16_t oldvalue = a->value;
      000217 74 05            [12]  514 	mov	a,#0x05
      000219 2D               [12]  515 	add	a,r5
      00021A FA               [12]  516 	mov	r2,a
      00021B E4               [12]  517 	clr	a
      00021C 3E               [12]  518 	addc	a,r6
      00021D FB               [12]  519 	mov	r3,a
      00021E 8F 04            [24]  520 	mov	ar4,r7
      000220 8A 82            [24]  521 	mov	dpl,r2
      000222 8B 83            [24]  522 	mov	dph,r3
      000224 8C F0            [24]  523 	mov	b,r4
      000226 A8 81            [24]  524 	mov	r0,sp
      000228 18               [12]  525 	dec	r0
      000229 12r00r00         [24]  526 	lcall	__gptrget
      00022C F6               [12]  527 	mov	@r0,a
      00022D A3               [24]  528 	inc	dptr
      00022E 12r00r00         [24]  529 	lcall	__gptrget
      000231 08               [12]  530 	inc	r0
      000232 F6               [12]  531 	mov	@r0,a
                                    532 ;	/opt/contiki/core/net/rime/announcement.c:96: a->has_value = 1;
      000233 E5 81            [12]  533 	mov	a,sp
      000235 24 FC            [12]  534 	add	a,#0xfc
      000237 F8               [12]  535 	mov	r0,a
      000238 74 0A            [12]  536 	mov	a,#0x0A
      00023A 2D               [12]  537 	add	a,r5
      00023B F6               [12]  538 	mov	@r0,a
      00023C E4               [12]  539 	clr	a
      00023D 3E               [12]  540 	addc	a,r6
      00023E 08               [12]  541 	inc	r0
      00023F F6               [12]  542 	mov	@r0,a
      000240 08               [12]  543 	inc	r0
      000241 A6 07            [24]  544 	mov	@r0,ar7
      000243 E5 81            [12]  545 	mov	a,sp
      000245 24 FC            [12]  546 	add	a,#0xfc
      000247 F8               [12]  547 	mov	r0,a
      000248 86 82            [24]  548 	mov	dpl,@r0
      00024A 08               [12]  549 	inc	r0
      00024B 86 83            [24]  550 	mov	dph,@r0
      00024D 08               [12]  551 	inc	r0
      00024E 86 F0            [24]  552 	mov	b,@r0
      000250 74 01            [12]  553 	mov	a,#0x01
      000252 12r00r00         [24]  554 	lcall	__gptrput
                                    555 ;	/opt/contiki/core/net/rime/announcement.c:97: a->value = value;
      000255 8A 82            [24]  556 	mov	dpl,r2
      000257 8B 83            [24]  557 	mov	dph,r3
      000259 8C F0            [24]  558 	mov	b,r4
      00025B E5 81            [12]  559 	mov	a,sp
      00025D 24 F7            [12]  560 	add	a,#0xf7
      00025F F8               [12]  561 	mov	r0,a
      000260 E6               [12]  562 	mov	a,@r0
      000261 12r00r00         [24]  563 	lcall	__gptrput
      000264 A3               [24]  564 	inc	dptr
      000265 08               [12]  565 	inc	r0
      000266 E6               [12]  566 	mov	a,@r0
      000267 12r00r00         [24]  567 	lcall	__gptrput
                                    568 ;	/opt/contiki/core/net/rime/announcement.c:98: if(observer_callback) {
      00026A 90r00r03         [24]  569 	mov	dptr,#_observer_callback
      00026D E0               [24]  570 	movx	a,@dptr
      00026E F5 F0            [12]  571 	mov	b,a
      000270 A3               [24]  572 	inc	dptr
      000271 E0               [24]  573 	movx	a,@dptr
      000272 45 F0            [12]  574 	orl	a,b
      000274 60 64            [24]  575 	jz	00103$
                                    576 ;	/opt/contiki/core/net/rime/announcement.c:99: observer_callback(a->id, a->has_value,
      000276 E5 81            [12]  577 	mov	a,sp
      000278 24 FC            [12]  578 	add	a,#0xfc
      00027A F8               [12]  579 	mov	r0,a
      00027B 86 82            [24]  580 	mov	dpl,@r0
      00027D 08               [12]  581 	inc	r0
      00027E 86 83            [24]  582 	mov	dph,@r0
      000280 08               [12]  583 	inc	r0
      000281 86 F0            [24]  584 	mov	b,@r0
      000283 12r00r00         [24]  585 	lcall	__gptrget
      000286 FC               [12]  586 	mov	r4,a
      000287 74 03            [12]  587 	mov	a,#0x03
      000289 2D               [12]  588 	add	a,r5
      00028A FD               [12]  589 	mov	r5,a
      00028B E4               [12]  590 	clr	a
      00028C 3E               [12]  591 	addc	a,r6
      00028D FE               [12]  592 	mov	r6,a
      00028E 8D 82            [24]  593 	mov	dpl,r5
      000290 8E 83            [24]  594 	mov	dph,r6
      000292 8F F0            [24]  595 	mov	b,r7
      000294 12r00r00         [24]  596 	lcall	__gptrget
      000297 FD               [12]  597 	mov	r5,a
      000298 A3               [24]  598 	inc	dptr
      000299 12r00r00         [24]  599 	lcall	__gptrget
      00029C FE               [12]  600 	mov	r6,a
      00029D E4               [12]  601 	clr	a
      00029E C0 E0            [24]  602 	push	acc
      0002A0 A8 81            [24]  603 	mov	r0,sp
      0002A2 18               [12]  604 	dec	r0
      0002A3 18               [12]  605 	dec	r0
      0002A4 E6               [12]  606 	mov	a,@r0
      0002A5 C0 E0            [24]  607 	push	acc
      0002A7 08               [12]  608 	inc	r0
      0002A8 E6               [12]  609 	mov	a,@r0
      0002A9 C0 E0            [24]  610 	push	acc
      0002AB E5 81            [12]  611 	mov	a,sp
      0002AD 24 F4            [12]  612 	add	a,#0xf4
      0002AF F8               [12]  613 	mov	r0,a
      0002B0 E6               [12]  614 	mov	a,@r0
      0002B1 C0 E0            [24]  615 	push	acc
      0002B3 08               [12]  616 	inc	r0
      0002B4 E6               [12]  617 	mov	a,@r0
      0002B5 C0 E0            [24]  618 	push	acc
      0002B7 C0 04            [24]  619 	push	ar4
      0002B9 90r00r03         [24]  620 	mov	dptr,#_observer_callback
      0002BC E0               [24]  621 	movx	a,@dptr
      0002BD C0 E0            [24]  622 	push	acc
      0002BF A3               [24]  623 	inc	dptr
      0002C0 E0               [24]  624 	movx	a,@dptr
      0002C1 C0 E0            [24]  625 	push	acc
      0002C3 A3               [24]  626 	inc	dptr
      0002C4 E0               [24]  627 	movx	a,@dptr
      0002C5 C0 E0            [24]  628 	push	acc
      0002C7 8D 82            [24]  629 	mov	dpl,r5
      0002C9 8E 83            [24]  630 	mov	dph,r6
      0002CB D0 02            [24]  631 	pop	ar2
      0002CD D0 01            [24]  632 	pop	ar1
      0002CF D0 00            [24]  633 	pop	ar0
      0002D1 12r00r00         [24]  634 	lcall	__sdcc_banked_call
      0002D4 E5 81            [12]  635 	mov	a,sp
      0002D6 24 FA            [12]  636 	add	a,#0xfa
      0002D8 F5 81            [12]  637 	mov	sp,a
      0002DA                        638 00103$:
      0002DA E5 81            [12]  639 	mov	a,sp
      0002DC 24 FB            [12]  640 	add	a,#0xFB
      0002DE F5 81            [12]  641 	mov	sp,a
      0002E0 02r00r00         [24]  642 	ljmp	__sdcc_banked_ret
                                    643 ;------------------------------------------------------------
                                    644 ;Allocation info for local variables in function 'announcement_bump'
                                    645 ;------------------------------------------------------------
                                    646 ;a                         Allocated to registers r5 r6 r7 
                                    647 ;------------------------------------------------------------
                                    648 ;	/opt/contiki/core/net/rime/announcement.c:105: announcement_bump(struct announcement *a)
                                    649 ;	-----------------------------------------
                                    650 ;	 function announcement_bump
                                    651 ;	-----------------------------------------
      0002E3                        652 _announcement_bump:
      0002E3 AD 82            [24]  653 	mov	r5,dpl
      0002E5 AE 83            [24]  654 	mov	r6,dph
      0002E7 AF F0            [24]  655 	mov	r7,b
                                    656 ;	/opt/contiki/core/net/rime/announcement.c:107: if(observer_callback) {
      0002E9 90r00r03         [24]  657 	mov	dptr,#_observer_callback
      0002EC E0               [24]  658 	movx	a,@dptr
      0002ED F5 F0            [12]  659 	mov	b,a
      0002EF A3               [24]  660 	inc	dptr
      0002F0 E0               [24]  661 	movx	a,@dptr
      0002F1 45 F0            [12]  662 	orl	a,b
      0002F3 60 70            [24]  663 	jz	00103$
                                    664 ;	/opt/contiki/core/net/rime/announcement.c:109: a->value, a->value, ANNOUNCEMENT_BUMP);
      0002F5 74 05            [12]  665 	mov	a,#0x05
      0002F7 2D               [12]  666 	add	a,r5
      0002F8 FA               [12]  667 	mov	r2,a
      0002F9 E4               [12]  668 	clr	a
      0002FA 3E               [12]  669 	addc	a,r6
      0002FB FB               [12]  670 	mov	r3,a
      0002FC 8F 04            [24]  671 	mov	ar4,r7
      0002FE 8A 82            [24]  672 	mov	dpl,r2
      000300 8B 83            [24]  673 	mov	dph,r3
      000302 8C F0            [24]  674 	mov	b,r4
      000304 12r00r00         [24]  675 	lcall	__gptrget
      000307 FA               [12]  676 	mov	r2,a
      000308 A3               [24]  677 	inc	dptr
      000309 12r00r00         [24]  678 	lcall	__gptrget
      00030C FB               [12]  679 	mov	r3,a
                                    680 ;	/opt/contiki/core/net/rime/announcement.c:108: observer_callback(a->id, a->has_value,
      00030D 74 0A            [12]  681 	mov	a,#0x0A
      00030F 2D               [12]  682 	add	a,r5
      000310 F8               [12]  683 	mov	r0,a
      000311 E4               [12]  684 	clr	a
      000312 3E               [12]  685 	addc	a,r6
      000313 F9               [12]  686 	mov	r1,a
      000314 8F 04            [24]  687 	mov	ar4,r7
      000316 88 82            [24]  688 	mov	dpl,r0
      000318 89 83            [24]  689 	mov	dph,r1
      00031A 8C F0            [24]  690 	mov	b,r4
      00031C 12r00r00         [24]  691 	lcall	__gptrget
      00031F F8               [12]  692 	mov	r0,a
      000320 74 03            [12]  693 	mov	a,#0x03
      000322 2D               [12]  694 	add	a,r5
      000323 FD               [12]  695 	mov	r5,a
      000324 E4               [12]  696 	clr	a
      000325 3E               [12]  697 	addc	a,r6
      000326 FE               [12]  698 	mov	r6,a
      000327 8D 82            [24]  699 	mov	dpl,r5
      000329 8E 83            [24]  700 	mov	dph,r6
      00032B 8F F0            [24]  701 	mov	b,r7
      00032D 12r00r00         [24]  702 	lcall	__gptrget
      000330 FD               [12]  703 	mov	r5,a
      000331 A3               [24]  704 	inc	dptr
      000332 12r00r00         [24]  705 	lcall	__gptrget
      000335 FE               [12]  706 	mov	r6,a
      000336 74 01            [12]  707 	mov	a,#0x01
      000338 C0 E0            [24]  708 	push	acc
      00033A C0 02            [24]  709 	push	ar2
      00033C C0 03            [24]  710 	push	ar3
      00033E C0 02            [24]  711 	push	ar2
      000340 C0 03            [24]  712 	push	ar3
      000342 C0 00            [24]  713 	push	ar0
      000344 90r00r03         [24]  714 	mov	dptr,#_observer_callback
      000347 E0               [24]  715 	movx	a,@dptr
      000348 C0 E0            [24]  716 	push	acc
      00034A A3               [24]  717 	inc	dptr
      00034B E0               [24]  718 	movx	a,@dptr
      00034C C0 E0            [24]  719 	push	acc
      00034E A3               [24]  720 	inc	dptr
      00034F E0               [24]  721 	movx	a,@dptr
      000350 C0 E0            [24]  722 	push	acc
      000352 8D 82            [24]  723 	mov	dpl,r5
      000354 8E 83            [24]  724 	mov	dph,r6
      000356 D0 02            [24]  725 	pop	ar2
      000358 D0 01            [24]  726 	pop	ar1
      00035A D0 00            [24]  727 	pop	ar0
      00035C 12r00r00         [24]  728 	lcall	__sdcc_banked_call
      00035F E5 81            [12]  729 	mov	a,sp
      000361 24 FA            [12]  730 	add	a,#0xfa
      000363 F5 81            [12]  731 	mov	sp,a
      000365                        732 00103$:
      000365 02r00r00         [24]  733 	ljmp	__sdcc_banked_ret
                                    734 ;------------------------------------------------------------
                                    735 ;Allocation info for local variables in function 'announcement_listen'
                                    736 ;------------------------------------------------------------
                                    737 ;time                      Allocated to registers r6 r7 
                                    738 ;------------------------------------------------------------
                                    739 ;	/opt/contiki/core/net/rime/announcement.c:114: announcement_listen(int time)
                                    740 ;	-----------------------------------------
                                    741 ;	 function announcement_listen
                                    742 ;	-----------------------------------------
      000368                        743 _announcement_listen:
      000368 AE 82            [24]  744 	mov	r6,dpl
      00036A AF 83            [24]  745 	mov	r7,dph
                                    746 ;	/opt/contiki/core/net/rime/announcement.c:116: if(listen_callback) {
      00036C 90r00r00         [24]  747 	mov	dptr,#_listen_callback
      00036F E0               [24]  748 	movx	a,@dptr
      000370 FB               [12]  749 	mov	r3,a
      000371 A3               [24]  750 	inc	dptr
      000372 E0               [24]  751 	movx	a,@dptr
      000373 FC               [12]  752 	mov	r4,a
      000374 A3               [24]  753 	inc	dptr
      000375 E0               [24]  754 	movx	a,@dptr
      000376 FD               [12]  755 	mov	r5,a
      000377 EB               [12]  756 	mov	a,r3
      000378 4C               [12]  757 	orl	a,r4
      000379 60 1B            [24]  758 	jz	00103$
                                    759 ;	/opt/contiki/core/net/rime/announcement.c:117: listen_callback(time);
      00037B 90r00r00         [24]  760 	mov	dptr,#_listen_callback
      00037E E0               [24]  761 	movx	a,@dptr
      00037F C0 E0            [24]  762 	push	acc
      000381 A3               [24]  763 	inc	dptr
      000382 E0               [24]  764 	movx	a,@dptr
      000383 C0 E0            [24]  765 	push	acc
      000385 A3               [24]  766 	inc	dptr
      000386 E0               [24]  767 	movx	a,@dptr
      000387 C0 E0            [24]  768 	push	acc
      000389 8E 82            [24]  769 	mov	dpl,r6
      00038B 8F 83            [24]  770 	mov	dph,r7
      00038D D0 02            [24]  771 	pop	ar2
      00038F D0 01            [24]  772 	pop	ar1
      000391 D0 00            [24]  773 	pop	ar0
      000393 12r00r00         [24]  774 	lcall	__sdcc_banked_call
      000396                        775 00103$:
      000396 02r00r00         [24]  776 	ljmp	__sdcc_banked_ret
                                    777 ;------------------------------------------------------------
                                    778 ;Allocation info for local variables in function 'announcement_register_listen_callback'
                                    779 ;------------------------------------------------------------
                                    780 ;callback                  Allocated to registers 
                                    781 ;------------------------------------------------------------
                                    782 ;	/opt/contiki/core/net/rime/announcement.c:122: announcement_register_listen_callback(void (*callback)(int time))
                                    783 ;	-----------------------------------------
                                    784 ;	 function announcement_register_listen_callback
                                    785 ;	-----------------------------------------
      000399                        786 _announcement_register_listen_callback:
      000399 AF F0            [24]  787 	mov	r7,b
      00039B AE 83            [24]  788 	mov	r6,dph
      00039D E5 82            [12]  789 	mov	a,dpl
      00039F 90r00r00         [24]  790 	mov	dptr,#_listen_callback
      0003A2 F0               [24]  791 	movx	@dptr,a
      0003A3 EE               [12]  792 	mov	a,r6
      0003A4 A3               [24]  793 	inc	dptr
      0003A5 F0               [24]  794 	movx	@dptr,a
      0003A6 EF               [12]  795 	mov	a,r7
      0003A7 A3               [24]  796 	inc	dptr
      0003A8 F0               [24]  797 	movx	@dptr,a
                                    798 ;	/opt/contiki/core/net/rime/announcement.c:124: listen_callback = callback;
      0003A9 02r00r00         [24]  799 	ljmp	__sdcc_banked_ret
                                    800 ;------------------------------------------------------------
                                    801 ;Allocation info for local variables in function 'announcement_register_observer_callback'
                                    802 ;------------------------------------------------------------
                                    803 ;callback                  Allocated to registers 
                                    804 ;------------------------------------------------------------
                                    805 ;	/opt/contiki/core/net/rime/announcement.c:128: announcement_register_observer_callback(announcement_observer callback)
                                    806 ;	-----------------------------------------
                                    807 ;	 function announcement_register_observer_callback
                                    808 ;	-----------------------------------------
      0003AC                        809 _announcement_register_observer_callback:
      0003AC AF F0            [24]  810 	mov	r7,b
      0003AE AE 83            [24]  811 	mov	r6,dph
      0003B0 E5 82            [12]  812 	mov	a,dpl
      0003B2 90r00r03         [24]  813 	mov	dptr,#_observer_callback
      0003B5 F0               [24]  814 	movx	@dptr,a
      0003B6 EE               [12]  815 	mov	a,r6
      0003B7 A3               [24]  816 	inc	dptr
      0003B8 F0               [24]  817 	movx	@dptr,a
      0003B9 EF               [12]  818 	mov	a,r7
      0003BA A3               [24]  819 	inc	dptr
      0003BB F0               [24]  820 	movx	@dptr,a
                                    821 ;	/opt/contiki/core/net/rime/announcement.c:130: observer_callback = callback;
      0003BC 02r00r00         [24]  822 	ljmp	__sdcc_banked_ret
                                    823 ;------------------------------------------------------------
                                    824 ;Allocation info for local variables in function 'announcement_list'
                                    825 ;------------------------------------------------------------
                                    826 ;	/opt/contiki/core/net/rime/announcement.c:134: announcement_list(void)
                                    827 ;	-----------------------------------------
                                    828 ;	 function announcement_list
                                    829 ;	-----------------------------------------
      0003BF                        830 _announcement_list:
                                    831 ;	/opt/contiki/core/net/rime/announcement.c:136: return list_head(announcements);
      0003BF 90r00r03         [24]  832 	mov	dptr,#_announcements
      0003C2 E0               [24]  833 	movx	a,@dptr
      0003C3 FD               [12]  834 	mov	r5,a
      0003C4 A3               [24]  835 	inc	dptr
      0003C5 E0               [24]  836 	movx	a,@dptr
      0003C6 FE               [12]  837 	mov	r6,a
      0003C7 A3               [24]  838 	inc	dptr
      0003C8 E0               [24]  839 	movx	a,@dptr
      0003C9 FF               [12]  840 	mov	r7,a
      0003CA 8D 82            [24]  841 	mov	dpl,r5
      0003CC 8E 83            [24]  842 	mov	dph,r6
      0003CE 8F F0            [24]  843 	mov	b,r7
      0003D0 78r00            [12]  844 	mov	r0,#_list_head
      0003D2 79s00            [12]  845 	mov	r1,#(_list_head >> 8)
      0003D4 7As00            [12]  846 	mov	r2,#(_list_head >> 16)
      0003D6 12r00r00         [24]  847 	lcall	__sdcc_banked_call
      0003D9 AD 82            [24]  848 	mov	r5,dpl
      0003DB AE 83            [24]  849 	mov	r6,dph
      0003DD AF F0            [24]  850 	mov	r7,b
      0003DF 02r00r00         [24]  851 	ljmp	__sdcc_banked_ret
                                    852 ;------------------------------------------------------------
                                    853 ;Allocation info for local variables in function 'announcement_heard'
                                    854 ;------------------------------------------------------------
                                    855 ;id                        Allocated to stack - sp -7
                                    856 ;value                     Allocated to stack - sp -9
                                    857 ;from                      Allocated to registers r5 r6 r7 
                                    858 ;a                         Allocated to registers r2 r3 r4 
                                    859 ;sloc0                     Allocated to stack - sp -2
                                    860 ;------------------------------------------------------------
                                    861 ;	/opt/contiki/core/net/rime/announcement.c:140: announcement_heard(const linkaddr_t *from, uint16_t id, uint16_t value)
                                    862 ;	-----------------------------------------
                                    863 ;	 function announcement_heard
                                    864 ;	-----------------------------------------
      0003E2                        865 _announcement_heard:
      0003E2 05 81            [12]  866 	inc	sp
      0003E4 05 81            [12]  867 	inc	sp
      0003E6 05 81            [12]  868 	inc	sp
      0003E8 AD 82            [24]  869 	mov	r5,dpl
      0003EA AE 83            [24]  870 	mov	r6,dph
      0003EC AF F0            [24]  871 	mov	r7,b
                                    872 ;	/opt/contiki/core/net/rime/announcement.c:143: for(a = list_head(announcements); a != NULL; a = list_item_next(a)) {
      0003EE 90r00r03         [24]  873 	mov	dptr,#_announcements
      0003F1 E0               [24]  874 	movx	a,@dptr
      0003F2 FA               [12]  875 	mov	r2,a
      0003F3 A3               [24]  876 	inc	dptr
      0003F4 E0               [24]  877 	movx	a,@dptr
      0003F5 FB               [12]  878 	mov	r3,a
      0003F6 A3               [24]  879 	inc	dptr
      0003F7 E0               [24]  880 	movx	a,@dptr
      0003F8 FC               [12]  881 	mov	r4,a
      0003F9 8A 82            [24]  882 	mov	dpl,r2
      0003FB 8B 83            [24]  883 	mov	dph,r3
      0003FD 8C F0            [24]  884 	mov	b,r4
      0003FF C0 07            [24]  885 	push	ar7
      000401 C0 06            [24]  886 	push	ar6
      000403 C0 05            [24]  887 	push	ar5
      000405 78r00            [12]  888 	mov	r0,#_list_head
      000407 79s00            [12]  889 	mov	r1,#(_list_head >> 8)
      000409 7As00            [12]  890 	mov	r2,#(_list_head >> 16)
      00040B 12r00r00         [24]  891 	lcall	__sdcc_banked_call
      00040E AA 82            [24]  892 	mov	r2,dpl
      000410 AB 83            [24]  893 	mov	r3,dph
      000412 AC F0            [24]  894 	mov	r4,b
      000414 D0 05            [24]  895 	pop	ar5
      000416 D0 06            [24]  896 	pop	ar6
      000418 D0 07            [24]  897 	pop	ar7
      00041A                        898 00107$:
      00041A E4               [12]  899 	clr	a
      00041B C0 E0            [24]  900 	push	acc
      00041D C0 E0            [24]  901 	push	acc
      00041F C0 E0            [24]  902 	push	acc
      000421 8A 82            [24]  903 	mov	dpl,r2
      000423 8B 83            [24]  904 	mov	dph,r3
      000425 8C F0            [24]  905 	mov	b,r4
      000427 12r00r00         [24]  906 	lcall	___gptr_cmp
      00042A 15 81            [12]  907 	dec	sp
      00042C 15 81            [12]  908 	dec	sp
      00042E 15 81            [12]  909 	dec	sp
      000430 70 03            [24]  910 	jnz	00123$
      000432 02r05r13         [24]  911 	ljmp	00109$
      000435                        912 00123$:
                                    913 ;	/opt/contiki/core/net/rime/announcement.c:144: if(a->id == id) {
      000435 C0 05            [24]  914 	push	ar5
      000437 C0 06            [24]  915 	push	ar6
      000439 C0 07            [24]  916 	push	ar7
      00043B 74 03            [12]  917 	mov	a,#0x03
      00043D 2A               [12]  918 	add	a,r2
      00043E FD               [12]  919 	mov	r5,a
      00043F E4               [12]  920 	clr	a
      000440 3B               [12]  921 	addc	a,r3
      000441 FE               [12]  922 	mov	r6,a
      000442 8C 07            [24]  923 	mov	ar7,r4
      000444 8D 82            [24]  924 	mov	dpl,r5
      000446 8E 83            [24]  925 	mov	dph,r6
      000448 8F F0            [24]  926 	mov	b,r7
      00044A 12r00r00         [24]  927 	lcall	__gptrget
      00044D FD               [12]  928 	mov	r5,a
      00044E A3               [24]  929 	inc	dptr
      00044F 12r00r00         [24]  930 	lcall	__gptrget
      000452 FE               [12]  931 	mov	r6,a
      000453 E5 81            [12]  932 	mov	a,sp
      000455 24 F6            [12]  933 	add	a,#0xf6
      000457 F8               [12]  934 	mov	r0,a
      000458 E6               [12]  935 	mov	a,@r0
      000459 B5 05 07         [24]  936 	cjne	a,ar5,00124$
      00045C 08               [12]  937 	inc	r0
      00045D E6               [12]  938 	mov	a,@r0
      00045E B5 06 02         [24]  939 	cjne	a,ar6,00124$
      000461 80 08            [24]  940 	sjmp	00125$
      000463                        941 00124$:
      000463 D0 07            [24]  942 	pop	ar7
      000465 D0 06            [24]  943 	pop	ar6
      000467 D0 05            [24]  944 	pop	ar5
      000469 80 78            [24]  945 	sjmp	00108$
      00046B                        946 00125$:
                                    947 ;	/opt/contiki/core/net/rime/announcement.c:145: if(a->callback != NULL) {
      00046B 74 07            [12]  948 	mov	a,#0x07
      00046D 2A               [12]  949 	add	a,r2
      00046E FD               [12]  950 	mov	r5,a
      00046F E4               [12]  951 	clr	a
      000470 3B               [12]  952 	addc	a,r3
      000471 FE               [12]  953 	mov	r6,a
      000472 8C 07            [24]  954 	mov	ar7,r4
      000474 8D 82            [24]  955 	mov	dpl,r5
      000476 8E 83            [24]  956 	mov	dph,r6
      000478 8F F0            [24]  957 	mov	b,r7
      00047A E5 81            [12]  958 	mov	a,sp
      00047C 24 FB            [12]  959 	add	a,#0xfb
      00047E F8               [12]  960 	mov	r0,a
      00047F 12r00r00         [24]  961 	lcall	__gptrget
      000482 F6               [12]  962 	mov	@r0,a
      000483 A3               [24]  963 	inc	dptr
      000484 12r00r00         [24]  964 	lcall	__gptrget
      000487 08               [12]  965 	inc	r0
      000488 F6               [12]  966 	mov	@r0,a
      000489 A3               [24]  967 	inc	dptr
      00048A 12r00r00         [24]  968 	lcall	__gptrget
      00048D 08               [12]  969 	inc	r0
      00048E F6               [12]  970 	mov	@r0,a
      00048F D0 07            [24]  971 	pop	ar7
      000491 D0 06            [24]  972 	pop	ar6
      000493 D0 05            [24]  973 	pop	ar5
      000495 A8 81            [24]  974 	mov	r0,sp
      000497 18               [12]  975 	dec	r0
      000498 18               [12]  976 	dec	r0
      000499 E6               [12]  977 	mov	a,@r0
      00049A 08               [12]  978 	inc	r0
      00049B 46               [12]  979 	orl	a,@r0
      00049C 60 43            [24]  980 	jz	00102$
                                    981 ;	/opt/contiki/core/net/rime/announcement.c:146: a->callback(a, from, id, value);
      00049E E5 81            [12]  982 	mov	a,sp
      0004A0 24 F7            [12]  983 	add	a,#0xf7
      0004A2 F8               [12]  984 	mov	r0,a
      0004A3 E6               [12]  985 	mov	a,@r0
      0004A4 C0 E0            [24]  986 	push	acc
      0004A6 08               [12]  987 	inc	r0
      0004A7 E6               [12]  988 	mov	a,@r0
      0004A8 C0 E0            [24]  989 	push	acc
      0004AA E5 81            [12]  990 	mov	a,sp
      0004AC 24 F7            [12]  991 	add	a,#0xf7
      0004AE F8               [12]  992 	mov	r0,a
      0004AF E6               [12]  993 	mov	a,@r0
      0004B0 C0 E0            [24]  994 	push	acc
      0004B2 08               [12]  995 	inc	r0
      0004B3 E6               [12]  996 	mov	a,@r0
      0004B4 C0 E0            [24]  997 	push	acc
      0004B6 C0 05            [24]  998 	push	ar5
      0004B8 C0 06            [24]  999 	push	ar6
      0004BA C0 07            [24] 1000 	push	ar7
      0004BC E5 81            [12] 1001 	mov	a,sp
      0004BE 24 F7            [12] 1002 	add	a,#0xf7
      0004C0 F8               [12] 1003 	mov	r0,a
      0004C1 E6               [12] 1004 	mov	a,@r0
      0004C2 C0 E0            [24] 1005 	push	acc
      0004C4 08               [12] 1006 	inc	r0
      0004C5 E6               [12] 1007 	mov	a,@r0
      0004C6 C0 E0            [24] 1008 	push	acc
      0004C8 08               [12] 1009 	inc	r0
      0004C9 E6               [12] 1010 	mov	a,@r0
      0004CA C0 E0            [24] 1011 	push	acc
      0004CC 8A 82            [24] 1012 	mov	dpl,r2
      0004CE 8B 83            [24] 1013 	mov	dph,r3
      0004D0 8C F0            [24] 1014 	mov	b,r4
      0004D2 D0 02            [24] 1015 	pop	ar2
      0004D4 D0 01            [24] 1016 	pop	ar1
      0004D6 D0 00            [24] 1017 	pop	ar0
      0004D8 12r00r00         [24] 1018 	lcall	__sdcc_banked_call
      0004DB E5 81            [12] 1019 	mov	a,sp
      0004DD 24 F9            [12] 1020 	add	a,#0xf9
      0004DF F5 81            [12] 1021 	mov	sp,a
      0004E1                       1022 00102$:
                                   1023 ;	/opt/contiki/core/net/rime/announcement.c:148: return;
      0004E1 80 30            [24] 1024 	sjmp	00109$
      0004E3                       1025 00108$:
                                   1026 ;	/opt/contiki/core/net/rime/announcement.c:143: for(a = list_head(announcements); a != NULL; a = list_item_next(a)) {
      0004E3 C0 05            [24] 1027 	push	ar5
      0004E5 C0 06            [24] 1028 	push	ar6
      0004E7 C0 07            [24] 1029 	push	ar7
      0004E9 8A 05            [24] 1030 	mov	ar5,r2
      0004EB 8B 06            [24] 1031 	mov	ar6,r3
      0004ED 8C 07            [24] 1032 	mov	ar7,r4
      0004EF 8D 82            [24] 1033 	mov	dpl,r5
      0004F1 8E 83            [24] 1034 	mov	dph,r6
      0004F3 8F F0            [24] 1035 	mov	b,r7
      0004F5 78r00            [12] 1036 	mov	r0,#_list_item_next
      0004F7 79s00            [12] 1037 	mov	r1,#(_list_item_next >> 8)
      0004F9 7As00            [12] 1038 	mov	r2,#(_list_item_next >> 16)
      0004FB 12r00r00         [24] 1039 	lcall	__sdcc_banked_call
      0004FE AD 82            [24] 1040 	mov	r5,dpl
      000500 AE 83            [24] 1041 	mov	r6,dph
      000502 AF F0            [24] 1042 	mov	r7,b
      000504 8D 02            [24] 1043 	mov	ar2,r5
      000506 8E 03            [24] 1044 	mov	ar3,r6
      000508 8F 04            [24] 1045 	mov	ar4,r7
      00050A D0 07            [24] 1046 	pop	ar7
      00050C D0 06            [24] 1047 	pop	ar6
      00050E D0 05            [24] 1048 	pop	ar5
      000510 02r04r1A         [24] 1049 	ljmp	00107$
      000513                       1050 00109$:
      000513 15 81            [12] 1051 	dec	sp
      000515 15 81            [12] 1052 	dec	sp
      000517 15 81            [12] 1053 	dec	sp
      000519 02r00r00         [24] 1054 	ljmp	__sdcc_banked_ret
                                   1055 	.area CSEG    (CODE)
                                   1056 	.area CONST   (CODE)
                                   1057 	.area XINIT   (CODE)
      000000                       1058 __xinit__announcements_list:
                                   1059 ; generic printIvalPtr
      000000 00 00 00              1060 	.byte #0x00,#0x00,#0x00
      000003                       1061 __xinit__announcements:
      000003r00s00 00              1062 	.byte _announcements_list, (_announcements_list >> 8),#0x00
                                   1063 	.area CABS    (ABS,CODE)
