                                      1 ;--------------------------------------------------------
                                      2 ; File Created by SDCC : free open source ANSI-C Compiler
                                      3 ; Version 3.5.5 #9380 (Linux)
                                      4 ; This file was generated Wed Nov 18 02:57:38 2015
                                      5 ;--------------------------------------------------------
                                      6 	.module anti_replay
                                      7 	.optsdcc -mmcs51 --model-huge
                                      8 	
                                      9 ;--------------------------------------------------------
                                     10 ; Public variables in this module
                                     11 ;--------------------------------------------------------
                                     12 	.globl _packetbuf_holds_broadcast
                                     13 	.globl _packetbuf_attr
                                     14 	.globl _packetbuf_set_attr
                                     15 	.globl _ACTIVE
                                     16 	.globl _TX_BYTE
                                     17 	.globl _RX_BYTE
                                     18 	.globl _ERR
                                     19 	.globl _FE
                                     20 	.globl _SLAVE
                                     21 	.globl _RE
                                     22 	.globl _MODE
                                     23 	.globl _T3OVFIF
                                     24 	.globl _T3CH0IF
                                     25 	.globl _T3CH1IF
                                     26 	.globl _T4OVFIF
                                     27 	.globl _T4CH0IF
                                     28 	.globl _T4CH1IF
                                     29 	.globl _OVFIM
                                     30 	.globl _B_0
                                     31 	.globl _B_1
                                     32 	.globl _B_2
                                     33 	.globl _B_3
                                     34 	.globl _B_4
                                     35 	.globl _B_5
                                     36 	.globl _B_6
                                     37 	.globl _B_7
                                     38 	.globl _P2IF
                                     39 	.globl _UTX0IF
                                     40 	.globl _UTX1IF
                                     41 	.globl _P1IF
                                     42 	.globl _WDTIF
                                     43 	.globl _ACC_0
                                     44 	.globl _ACC_1
                                     45 	.globl _ACC_2
                                     46 	.globl _ACC_3
                                     47 	.globl _ACC_4
                                     48 	.globl _ACC_5
                                     49 	.globl _ACC_6
                                     50 	.globl _ACC_7
                                     51 	.globl _P
                                     52 	.globl _F1
                                     53 	.globl _OV
                                     54 	.globl _RS0
                                     55 	.globl _RS1
                                     56 	.globl _F0
                                     57 	.globl _AC
                                     58 	.globl _CY
                                     59 	.globl _DMAIF
                                     60 	.globl _T1IF
                                     61 	.globl _T2IF
                                     62 	.globl _T3IF
                                     63 	.globl _T4IF
                                     64 	.globl _P0IF
                                     65 	.globl _STIF
                                     66 	.globl _DMAIE
                                     67 	.globl _T1IE
                                     68 	.globl _T2IE
                                     69 	.globl _T3IE
                                     70 	.globl _T4IE
                                     71 	.globl _P0IE
                                     72 	.globl _RFERRIE
                                     73 	.globl _ADCIE
                                     74 	.globl _URX0IE
                                     75 	.globl _URX1IE
                                     76 	.globl _ENCIE
                                     77 	.globl _STIE
                                     78 	.globl _EA
                                     79 	.globl _P2_0
                                     80 	.globl _P2_1
                                     81 	.globl _P2_2
                                     82 	.globl _P2_3
                                     83 	.globl _P2_4
                                     84 	.globl _P2_5
                                     85 	.globl _P2_6
                                     86 	.globl _P2_7
                                     87 	.globl _ENCIF_0
                                     88 	.globl _ENCIF_1
                                     89 	.globl _P1_0
                                     90 	.globl _P1_1
                                     91 	.globl _P1_2
                                     92 	.globl _P1_3
                                     93 	.globl _P1_4
                                     94 	.globl _P1_5
                                     95 	.globl _P1_6
                                     96 	.globl _P1_7
                                     97 	.globl _IT0
                                     98 	.globl _RFERRIF
                                     99 	.globl _IT1
                                    100 	.globl _URX0IF
                                    101 	.globl _ADCIF
                                    102 	.globl _URX1IF
                                    103 	.globl _P0_0
                                    104 	.globl _P0_1
                                    105 	.globl _P0_2
                                    106 	.globl _P0_3
                                    107 	.globl _P0_4
                                    108 	.globl _P0_5
                                    109 	.globl _P0_6
                                    110 	.globl _P0_7
                                    111 	.globl _WDCTL
                                    112 	.globl _U1GCR
                                    113 	.globl _U1UCR
                                    114 	.globl _U1BAUD
                                    115 	.globl _U1DBUF
                                    116 	.globl _U1CSR
                                    117 	.globl _U0GCR
                                    118 	.globl _U0UCR
                                    119 	.globl _U0BAUD
                                    120 	.globl _U0DBUF
                                    121 	.globl _U0CSR
                                    122 	.globl _TIMIF
                                    123 	.globl _T4CC1
                                    124 	.globl _T4CCTL1
                                    125 	.globl _T4CC0
                                    126 	.globl _T4CCTL0
                                    127 	.globl _T4CTL
                                    128 	.globl _T4CNT
                                    129 	.globl _T3CC1
                                    130 	.globl _T3CCTL1
                                    131 	.globl _T3CC0
                                    132 	.globl _T3CCTL0
                                    133 	.globl _T3CTL
                                    134 	.globl _T3CNT
                                    135 	.globl _T2MSEL
                                    136 	.globl _T2IRQM
                                    137 	.globl _T2MOVF2
                                    138 	.globl _T2MOVF1
                                    139 	.globl _T2MOVF0
                                    140 	.globl _T2M1
                                    141 	.globl _T2M0
                                    142 	.globl _T2IRQF
                                    143 	.globl _T2EVTCFG
                                    144 	.globl _T2CTRL
                                    145 	.globl _T1STAT
                                    146 	.globl _T1CCTL2
                                    147 	.globl _T1CCTL1
                                    148 	.globl _T1CCTL0
                                    149 	.globl _T1CTL
                                    150 	.globl _T1CNTH
                                    151 	.globl _T1CNTL
                                    152 	.globl _T1CC2H
                                    153 	.globl _T1CC2L
                                    154 	.globl _T1CC1H
                                    155 	.globl _T1CC1L
                                    156 	.globl _T1CC0H
                                    157 	.globl _T1CC0L
                                    158 	.globl _CLKCONSTA
                                    159 	.globl _CLKCONCMD
                                    160 	.globl _SLEEPSTA
                                    161 	.globl _SLEEPCMD
                                    162 	.globl _STLOAD
                                    163 	.globl _ST2
                                    164 	.globl _ST1
                                    165 	.globl _ST0
                                    166 	.globl _RFERRF
                                    167 	.globl _RFIRQF0
                                    168 	.globl _RFST
                                    169 	.globl _RFD
                                    170 	.globl _RFIRQF1
                                    171 	.globl _PSBANK
                                    172 	.globl _FMAP
                                    173 	.globl _MEMCTR
                                    174 	.globl __XPAGE
                                    175 	.globl _MPAGE
                                    176 	.globl _PMUX
                                    177 	.globl _P2DIR
                                    178 	.globl _P1DIR
                                    179 	.globl _P0DIR
                                    180 	.globl _P2INP
                                    181 	.globl _P1INP
                                    182 	.globl _P2SEL
                                    183 	.globl _P1SEL
                                    184 	.globl _P0SEL
                                    185 	.globl _APCFG
                                    186 	.globl _PERCFG
                                    187 	.globl _P0INP
                                    188 	.globl _P2IEN
                                    189 	.globl _P1IEN
                                    190 	.globl _P0IEN
                                    191 	.globl _PICTL
                                    192 	.globl _P2IFG
                                    193 	.globl _P1IFG
                                    194 	.globl _P0IFG
                                    195 	.globl _DMAREQ
                                    196 	.globl _DMAARM
                                    197 	.globl _DMA0CFGH
                                    198 	.globl _DMA0CFGL
                                    199 	.globl _DMA1CFGH
                                    200 	.globl _DMA1CFGL
                                    201 	.globl _DMAIRQ
                                    202 	.globl _ENCCS
                                    203 	.globl _ENCDO
                                    204 	.globl _ENCDI
                                    205 	.globl _RNDH
                                    206 	.globl _RNDL
                                    207 	.globl _ADCH
                                    208 	.globl _ADCL
                                    209 	.globl _ADCCON3
                                    210 	.globl _ADCCON2
                                    211 	.globl _ADCCON1
                                    212 	.globl _B
                                    213 	.globl _IRCON2
                                    214 	.globl _ACC
                                    215 	.globl _PSW
                                    216 	.globl _IRCON
                                    217 	.globl _IP1
                                    218 	.globl _IEN1
                                    219 	.globl _IP0
                                    220 	.globl _IEN0
                                    221 	.globl _P2
                                    222 	.globl _S1CON
                                    223 	.globl _IEN2
                                    224 	.globl _S0CON
                                    225 	.globl _DPS
                                    226 	.globl _P1
                                    227 	.globl _TCON
                                    228 	.globl _PCON
                                    229 	.globl _DPH1
                                    230 	.globl _DPL1
                                    231 	.globl _DPH0
                                    232 	.globl _DPL0
                                    233 	.globl _SP
                                    234 	.globl _P0
                                    235 	.globl _X_IEEE_ADDR
                                    236 	.globl _X_INFOPAGE
                                    237 	.globl _X_P2DIR
                                    238 	.globl _X_P1DIR
                                    239 	.globl _X_P0DIR
                                    240 	.globl _X_U1GCR
                                    241 	.globl _X_U1UCR
                                    242 	.globl _X_U1BAUD
                                    243 	.globl _X_U1DBUF
                                    244 	.globl _X_U1CSR
                                    245 	.globl _X_P2INP
                                    246 	.globl _X_P1INP
                                    247 	.globl _X_P2SEL
                                    248 	.globl _X_P1SEL
                                    249 	.globl _X_P0SEL
                                    250 	.globl _X_APCFG
                                    251 	.globl _X_PERCFG
                                    252 	.globl _X_T4CC1
                                    253 	.globl _X_T4CCTL1
                                    254 	.globl _X_T4CC0
                                    255 	.globl _X_T4CCTL0
                                    256 	.globl _X_T4CTL
                                    257 	.globl _X_T4CNT
                                    258 	.globl _X_RFIRQF0
                                    259 	.globl _X_T1CCTL2
                                    260 	.globl _X_T1CCTL1
                                    261 	.globl _X_T1CCTL0
                                    262 	.globl _X_T1CTL
                                    263 	.globl _X_T1CNTH
                                    264 	.globl _X_T1CNTL
                                    265 	.globl _X_RFST
                                    266 	.globl _X_T1CC2H
                                    267 	.globl _X_T1CC2L
                                    268 	.globl _X_T1CC1H
                                    269 	.globl _X_T1CC1L
                                    270 	.globl _X_T1CC0H
                                    271 	.globl _X_T1CC0L
                                    272 	.globl _X_RFD
                                    273 	.globl _X_TIMIF
                                    274 	.globl _X_DMAREQ
                                    275 	.globl _X_DMAARM
                                    276 	.globl _X_DMA0CFGH
                                    277 	.globl _X_DMA0CFGL
                                    278 	.globl _X_DMA1CFGH
                                    279 	.globl _X_DMA1CFGL
                                    280 	.globl _X_DMAIRQ
                                    281 	.globl _X_T3CC1
                                    282 	.globl _X_T3CCTL1
                                    283 	.globl _X_T3CC0
                                    284 	.globl _X_T3CCTL0
                                    285 	.globl _X_T3CTL
                                    286 	.globl _X_T3CNT
                                    287 	.globl _X_WDCTL
                                    288 	.globl _X_MEMCTR
                                    289 	.globl _X_CLKCONCMD
                                    290 	.globl _X_U0GCR
                                    291 	.globl _X_U0UCR
                                    292 	.globl _X_T2MSEL
                                    293 	.globl _X_U0BAUD
                                    294 	.globl _X_U0DBUF
                                    295 	.globl _X_RFERRF
                                    296 	.globl _X_SLEEPCMD
                                    297 	.globl _X_RNDH
                                    298 	.globl _X_RNDL
                                    299 	.globl _X_ADCH
                                    300 	.globl _X_ADCL
                                    301 	.globl _X_ADCCON3
                                    302 	.globl _X_ADCCON2
                                    303 	.globl _X_ADCCON1
                                    304 	.globl _X_ENCCS
                                    305 	.globl _X_ENCDO
                                    306 	.globl _X_ENCDI
                                    307 	.globl _X_T1STAT
                                    308 	.globl _X_PMUX
                                    309 	.globl _X_STLOAD
                                    310 	.globl _X_P2IEN
                                    311 	.globl _X_P0IEN
                                    312 	.globl _X_T2IRQM
                                    313 	.globl _X_T2MOVF2
                                    314 	.globl _X_T2MOVF1
                                    315 	.globl _X_T2MOVF0
                                    316 	.globl _X_T2M1
                                    317 	.globl _X_T2M0
                                    318 	.globl _X_T2IRQF
                                    319 	.globl _X_P2
                                    320 	.globl _X_PSBANK
                                    321 	.globl _X_FMAP
                                    322 	.globl _X_CLKCONSTA
                                    323 	.globl _X_SLEEPSTA
                                    324 	.globl _X_T2EVTCFG
                                    325 	.globl _X_ST2
                                    326 	.globl _X_ST1
                                    327 	.globl _X_ST0
                                    328 	.globl _X_T2CTRL
                                    329 	.globl _X__XPAGE
                                    330 	.globl _X_MPAGE
                                    331 	.globl _X_RFIRQF1
                                    332 	.globl _X_P1
                                    333 	.globl _X_P0INP
                                    334 	.globl _X_P1IEN
                                    335 	.globl _X_PICTL
                                    336 	.globl _X_P2IFG
                                    337 	.globl _X_P1IFG
                                    338 	.globl _X_P0IFG
                                    339 	.globl _X_U0CSR
                                    340 	.globl _X_P0
                                    341 	.globl _USBF5
                                    342 	.globl _USBF4
                                    343 	.globl _USBF3
                                    344 	.globl _USBF2
                                    345 	.globl _USBF1
                                    346 	.globl _USBF0
                                    347 	.globl _USBCNTH
                                    348 	.globl _USBCNTL
                                    349 	.globl _USBCNT0
                                    350 	.globl _USBCSOH
                                    351 	.globl _USBCSOL
                                    352 	.globl _USBMAXO
                                    353 	.globl _USBCSIH
                                    354 	.globl _USBCSIL
                                    355 	.globl _USBCS0
                                    356 	.globl _USBMAXI
                                    357 	.globl _USBCTRL
                                    358 	.globl _USBINDEX
                                    359 	.globl _USBFRMH
                                    360 	.globl _USBFRML
                                    361 	.globl _USBCIE
                                    362 	.globl _USBOIE
                                    363 	.globl _USBIIE
                                    364 	.globl _USBCIF
                                    365 	.globl _USBOIF
                                    366 	.globl _USBIIF
                                    367 	.globl _USBPOW
                                    368 	.globl _USBADDR
                                    369 	.globl _CSPT
                                    370 	.globl _CSPZ
                                    371 	.globl _CSPY
                                    372 	.globl _CSPX
                                    373 	.globl _CSPSTAT
                                    374 	.globl _CSPCTRL
                                    375 	.globl _CSPPROG23
                                    376 	.globl _CSPPROG22
                                    377 	.globl _CSPPROG21
                                    378 	.globl _CSPPROG20
                                    379 	.globl _CSPPROG19
                                    380 	.globl _CSPPROG18
                                    381 	.globl _CSPPROG17
                                    382 	.globl _CSPPROG16
                                    383 	.globl _CSPPROG15
                                    384 	.globl _CSPPROG14
                                    385 	.globl _CSPPROG13
                                    386 	.globl _CSPPROG12
                                    387 	.globl _CSPPROG11
                                    388 	.globl _CSPPROG10
                                    389 	.globl _CSPPROG9
                                    390 	.globl _CSPPROG8
                                    391 	.globl _CSPPROG7
                                    392 	.globl _CSPPROG6
                                    393 	.globl _CSPPROG5
                                    394 	.globl _CSPPROG4
                                    395 	.globl _CSPPROG3
                                    396 	.globl _CSPPROG2
                                    397 	.globl _CSPPROG1
                                    398 	.globl _CSPPROG0
                                    399 	.globl _RFC_OBS_CTRL2
                                    400 	.globl _RFC_OBS_CTRL1
                                    401 	.globl _RFC_OBS_CTRL0
                                    402 	.globl _TXFILTCFG
                                    403 	.globl _PTEST1
                                    404 	.globl _PTEST0
                                    405 	.globl _ATEST
                                    406 	.globl _DACTEST2
                                    407 	.globl _DACTEST1
                                    408 	.globl _DACTEST0
                                    409 	.globl _MDMTEST1
                                    410 	.globl _MDMTEST0
                                    411 	.globl _ADCTEST2
                                    412 	.globl _ADCTEST1
                                    413 	.globl _ADCTEST0
                                    414 	.globl _AGCCTRL3
                                    415 	.globl _AGCCTRL2
                                    416 	.globl _AGCCTRL1
                                    417 	.globl _AGCCTRL0
                                    418 	.globl _FSCAL3
                                    419 	.globl _FSCAL2
                                    420 	.globl _FSCAL1
                                    421 	.globl _FSCAL0
                                    422 	.globl _FSCTRL
                                    423 	.globl _RXCTRL
                                    424 	.globl _FREQEST
                                    425 	.globl _MDMCTRL1
                                    426 	.globl _MDMCTRL0
                                    427 	.globl _RFRND
                                    428 	.globl _RFERRM
                                    429 	.globl _RFIRQM1
                                    430 	.globl _RFIRQM0
                                    431 	.globl _TXLAST_PTR
                                    432 	.globl _TXFIRST_PTR
                                    433 	.globl _RXP1_PTR
                                    434 	.globl _RXLAST_PTR
                                    435 	.globl _RXFIRST_PTR
                                    436 	.globl _TXFIFOCNT
                                    437 	.globl _RXFIFOCNT
                                    438 	.globl _RXFIRST
                                    439 	.globl _RSSISTAT
                                    440 	.globl _RSSI
                                    441 	.globl _CCACTRL1
                                    442 	.globl _CCACTRL0
                                    443 	.globl _FSMCTRL
                                    444 	.globl _FIFOPCTRL
                                    445 	.globl _FSMSTAT1
                                    446 	.globl _FSMSTAT0
                                    447 	.globl _TXCTRL
                                    448 	.globl _TXPOWER
                                    449 	.globl _FREQCTRL
                                    450 	.globl _FREQTUNE
                                    451 	.globl _RXMASKCLR
                                    452 	.globl _RXMASKSET
                                    453 	.globl _RXENABLE
                                    454 	.globl _FRMCTRL1
                                    455 	.globl _FRMCTRL0
                                    456 	.globl _SRCEXTEN2
                                    457 	.globl _SRCEXTEN1
                                    458 	.globl _SRCEXTEN0
                                    459 	.globl _SRCSHORTEN2
                                    460 	.globl _SRCSHORTEN1
                                    461 	.globl _SRCSHORTEN0
                                    462 	.globl _SRCMATCH
                                    463 	.globl _FRMFILT1
                                    464 	.globl _FRMFILT0
                                    465 	.globl _SHORT_ADDR1
                                    466 	.globl _SHORT_ADDR0
                                    467 	.globl _PAN_ID1
                                    468 	.globl _PAN_ID0
                                    469 	.globl _EXT_ADDR7
                                    470 	.globl _EXT_ADDR6
                                    471 	.globl _EXT_ADDR5
                                    472 	.globl _EXT_ADDR4
                                    473 	.globl _EXT_ADDR3
                                    474 	.globl _EXT_ADDR2
                                    475 	.globl _EXT_ADDR1
                                    476 	.globl _EXT_ADDR0
                                    477 	.globl _SRCSHORTPENDEN2
                                    478 	.globl _SRCSHORTPENDEN1
                                    479 	.globl _SRCSHORTPENDEN0
                                    480 	.globl _SRCEXTPENDEN2
                                    481 	.globl _SRCEXTPENDEN1
                                    482 	.globl _SRCEXTPENDEN0
                                    483 	.globl _SRCRESINDEX
                                    484 	.globl _SRCRESMASK2
                                    485 	.globl _SRCRESMASK1
                                    486 	.globl _SRCRESMASK0
                                    487 	.globl _SRC_ADDR_TABLE
                                    488 	.globl _TXFIFO
                                    489 	.globl _RXFIFO
                                    490 	.globl _RFCORE_RAM
                                    491 	.globl _CMPCTL
                                    492 	.globl _OPAMPS
                                    493 	.globl _OPAMPC
                                    494 	.globl _STCV2
                                    495 	.globl _STCV1
                                    496 	.globl _STCV0
                                    497 	.globl _STCS
                                    498 	.globl _STCC
                                    499 	.globl _T1CC4H
                                    500 	.globl _T1CC4L
                                    501 	.globl _T1CC3H
                                    502 	.globl _T1CC3L
                                    503 	.globl _XX_T1CC2H
                                    504 	.globl _XX_T1CC2L
                                    505 	.globl _XX_T1CC1H
                                    506 	.globl _XX_T1CC1L
                                    507 	.globl _XX_T1CC0H
                                    508 	.globl _XX_T1CC0L
                                    509 	.globl _T1CCTL4
                                    510 	.globl _T1CCTL3
                                    511 	.globl _XX_T1CCTL2
                                    512 	.globl _XX_T1CCTL1
                                    513 	.globl _XX_T1CCTL0
                                    514 	.globl _CLD
                                    515 	.globl _IRCTL
                                    516 	.globl _CHIPINFO1
                                    517 	.globl _CHIPINFO0
                                    518 	.globl _FWDATA
                                    519 	.globl _FADDRH
                                    520 	.globl _FADDRL
                                    521 	.globl _FCTL
                                    522 	.globl _IVCTRL
                                    523 	.globl _BATTMON
                                    524 	.globl _SRCRC
                                    525 	.globl _DBGDATA
                                    526 	.globl _TESTREG0
                                    527 	.globl _CHIPID
                                    528 	.globl _CHVER
                                    529 	.globl _OBSSEL5
                                    530 	.globl _OBSSEL4
                                    531 	.globl _OBSSEL3
                                    532 	.globl _OBSSEL2
                                    533 	.globl _OBSSEL1
                                    534 	.globl _OBSSEL0
                                    535 	.globl _I2CIO
                                    536 	.globl _I2CWC
                                    537 	.globl _I2CADDR
                                    538 	.globl _I2CDATA
                                    539 	.globl _I2CSTAT
                                    540 	.globl _I2CCFG
                                    541 	.globl _OPAMPMC
                                    542 	.globl _MONMUX
                                    543 	.globl _anti_replay_set_counter
                                    544 	.globl _anti_replay_get_counter
                                    545 	.globl _anti_replay_init_info
                                    546 	.globl _anti_replay_was_replayed
                                    547 ;--------------------------------------------------------
                                    548 ; special function registers
                                    549 ;--------------------------------------------------------
                                    550 	.area RSEG    (ABS,DATA)
      000000                        551 	.org 0x0000
                           000080   552 _P0	=	0x0080
                           000081   553 _SP	=	0x0081
                           000082   554 _DPL0	=	0x0082
                           000083   555 _DPH0	=	0x0083
                           000084   556 _DPL1	=	0x0084
                           000085   557 _DPH1	=	0x0085
                           000087   558 _PCON	=	0x0087
                           000088   559 _TCON	=	0x0088
                           000090   560 _P1	=	0x0090
                           000092   561 _DPS	=	0x0092
                           000098   562 _S0CON	=	0x0098
                           00009A   563 _IEN2	=	0x009a
                           00009B   564 _S1CON	=	0x009b
                           0000A0   565 _P2	=	0x00a0
                           0000A8   566 _IEN0	=	0x00a8
                           0000A9   567 _IP0	=	0x00a9
                           0000B8   568 _IEN1	=	0x00b8
                           0000B9   569 _IP1	=	0x00b9
                           0000C0   570 _IRCON	=	0x00c0
                           0000D0   571 _PSW	=	0x00d0
                           0000E0   572 _ACC	=	0x00e0
                           0000E8   573 _IRCON2	=	0x00e8
                           0000F0   574 _B	=	0x00f0
                           0000B4   575 _ADCCON1	=	0x00b4
                           0000B5   576 _ADCCON2	=	0x00b5
                           0000B6   577 _ADCCON3	=	0x00b6
                           0000BA   578 _ADCL	=	0x00ba
                           0000BB   579 _ADCH	=	0x00bb
                           0000BC   580 _RNDL	=	0x00bc
                           0000BD   581 _RNDH	=	0x00bd
                           0000B1   582 _ENCDI	=	0x00b1
                           0000B2   583 _ENCDO	=	0x00b2
                           0000B3   584 _ENCCS	=	0x00b3
                           0000D1   585 _DMAIRQ	=	0x00d1
                           0000D2   586 _DMA1CFGL	=	0x00d2
                           0000D3   587 _DMA1CFGH	=	0x00d3
                           0000D4   588 _DMA0CFGL	=	0x00d4
                           0000D5   589 _DMA0CFGH	=	0x00d5
                           0000D6   590 _DMAARM	=	0x00d6
                           0000D7   591 _DMAREQ	=	0x00d7
                           000089   592 _P0IFG	=	0x0089
                           00008A   593 _P1IFG	=	0x008a
                           00008B   594 _P2IFG	=	0x008b
                           00008C   595 _PICTL	=	0x008c
                           0000AB   596 _P0IEN	=	0x00ab
                           00008D   597 _P1IEN	=	0x008d
                           0000AC   598 _P2IEN	=	0x00ac
                           00008F   599 _P0INP	=	0x008f
                           0000F1   600 _PERCFG	=	0x00f1
                           0000F2   601 _APCFG	=	0x00f2
                           0000F3   602 _P0SEL	=	0x00f3
                           0000F4   603 _P1SEL	=	0x00f4
                           0000F5   604 _P2SEL	=	0x00f5
                           0000F6   605 _P1INP	=	0x00f6
                           0000F7   606 _P2INP	=	0x00f7
                           0000FD   607 _P0DIR	=	0x00fd
                           0000FE   608 _P1DIR	=	0x00fe
                           0000FF   609 _P2DIR	=	0x00ff
                           0000AE   610 _PMUX	=	0x00ae
                           000093   611 _MPAGE	=	0x0093
                           000093   612 __XPAGE	=	0x0093
                           0000C7   613 _MEMCTR	=	0x00c7
                           00009F   614 _FMAP	=	0x009f
                           00009F   615 _PSBANK	=	0x009f
                           000091   616 _RFIRQF1	=	0x0091
                           0000D9   617 _RFD	=	0x00d9
                           0000E1   618 _RFST	=	0x00e1
                           0000E9   619 _RFIRQF0	=	0x00e9
                           0000BF   620 _RFERRF	=	0x00bf
                           000095   621 _ST0	=	0x0095
                           000096   622 _ST1	=	0x0096
                           000097   623 _ST2	=	0x0097
                           0000AD   624 _STLOAD	=	0x00ad
                           0000BE   625 _SLEEPCMD	=	0x00be
                           00009D   626 _SLEEPSTA	=	0x009d
                           0000C6   627 _CLKCONCMD	=	0x00c6
                           00009E   628 _CLKCONSTA	=	0x009e
                           0000DA   629 _T1CC0L	=	0x00da
                           0000DB   630 _T1CC0H	=	0x00db
                           0000DC   631 _T1CC1L	=	0x00dc
                           0000DD   632 _T1CC1H	=	0x00dd
                           0000DE   633 _T1CC2L	=	0x00de
                           0000DF   634 _T1CC2H	=	0x00df
                           0000E2   635 _T1CNTL	=	0x00e2
                           0000E3   636 _T1CNTH	=	0x00e3
                           0000E4   637 _T1CTL	=	0x00e4
                           0000E5   638 _T1CCTL0	=	0x00e5
                           0000E6   639 _T1CCTL1	=	0x00e6
                           0000E7   640 _T1CCTL2	=	0x00e7
                           0000AF   641 _T1STAT	=	0x00af
                           000094   642 _T2CTRL	=	0x0094
                           00009C   643 _T2EVTCFG	=	0x009c
                           0000A1   644 _T2IRQF	=	0x00a1
                           0000A2   645 _T2M0	=	0x00a2
                           0000A3   646 _T2M1	=	0x00a3
                           0000A4   647 _T2MOVF0	=	0x00a4
                           0000A5   648 _T2MOVF1	=	0x00a5
                           0000A6   649 _T2MOVF2	=	0x00a6
                           0000A7   650 _T2IRQM	=	0x00a7
                           0000C3   651 _T2MSEL	=	0x00c3
                           0000CA   652 _T3CNT	=	0x00ca
                           0000CB   653 _T3CTL	=	0x00cb
                           0000CC   654 _T3CCTL0	=	0x00cc
                           0000CD   655 _T3CC0	=	0x00cd
                           0000CE   656 _T3CCTL1	=	0x00ce
                           0000CF   657 _T3CC1	=	0x00cf
                           0000EA   658 _T4CNT	=	0x00ea
                           0000EB   659 _T4CTL	=	0x00eb
                           0000EC   660 _T4CCTL0	=	0x00ec
                           0000ED   661 _T4CC0	=	0x00ed
                           0000EE   662 _T4CCTL1	=	0x00ee
                           0000EF   663 _T4CC1	=	0x00ef
                           0000D8   664 _TIMIF	=	0x00d8
                           000086   665 _U0CSR	=	0x0086
                           0000C1   666 _U0DBUF	=	0x00c1
                           0000C2   667 _U0BAUD	=	0x00c2
                           0000C4   668 _U0UCR	=	0x00c4
                           0000C5   669 _U0GCR	=	0x00c5
                           0000F8   670 _U1CSR	=	0x00f8
                           0000F9   671 _U1DBUF	=	0x00f9
                           0000FA   672 _U1BAUD	=	0x00fa
                           0000FB   673 _U1UCR	=	0x00fb
                           0000FC   674 _U1GCR	=	0x00fc
                           0000C9   675 _WDCTL	=	0x00c9
                                    676 ;--------------------------------------------------------
                                    677 ; special function bits
                                    678 ;--------------------------------------------------------
                                    679 	.area RSEG    (ABS,DATA)
      000000                        680 	.org 0x0000
                           000087   681 _P0_7	=	0x0087
                           000086   682 _P0_6	=	0x0086
                           000085   683 _P0_5	=	0x0085
                           000084   684 _P0_4	=	0x0084
                           000083   685 _P0_3	=	0x0083
                           000082   686 _P0_2	=	0x0082
                           000081   687 _P0_1	=	0x0081
                           000080   688 _P0_0	=	0x0080
                           00008F   689 _URX1IF	=	0x008f
                           00008D   690 _ADCIF	=	0x008d
                           00008B   691 _URX0IF	=	0x008b
                           00008A   692 _IT1	=	0x008a
                           000089   693 _RFERRIF	=	0x0089
                           000088   694 _IT0	=	0x0088
                           000097   695 _P1_7	=	0x0097
                           000096   696 _P1_6	=	0x0096
                           000095   697 _P1_5	=	0x0095
                           000094   698 _P1_4	=	0x0094
                           000093   699 _P1_3	=	0x0093
                           000092   700 _P1_2	=	0x0092
                           000091   701 _P1_1	=	0x0091
                           000090   702 _P1_0	=	0x0090
                           000099   703 _ENCIF_1	=	0x0099
                           000098   704 _ENCIF_0	=	0x0098
                           0000A7   705 _P2_7	=	0x00a7
                           0000A6   706 _P2_6	=	0x00a6
                           0000A5   707 _P2_5	=	0x00a5
                           0000A4   708 _P2_4	=	0x00a4
                           0000A3   709 _P2_3	=	0x00a3
                           0000A2   710 _P2_2	=	0x00a2
                           0000A1   711 _P2_1	=	0x00a1
                           0000A0   712 _P2_0	=	0x00a0
                           0000AF   713 _EA	=	0x00af
                           0000AD   714 _STIE	=	0x00ad
                           0000AC   715 _ENCIE	=	0x00ac
                           0000AB   716 _URX1IE	=	0x00ab
                           0000AA   717 _URX0IE	=	0x00aa
                           0000A9   718 _ADCIE	=	0x00a9
                           0000A8   719 _RFERRIE	=	0x00a8
                           0000BD   720 _P0IE	=	0x00bd
                           0000BC   721 _T4IE	=	0x00bc
                           0000BB   722 _T3IE	=	0x00bb
                           0000BA   723 _T2IE	=	0x00ba
                           0000B9   724 _T1IE	=	0x00b9
                           0000B8   725 _DMAIE	=	0x00b8
                           0000C7   726 _STIF	=	0x00c7
                           0000C5   727 _P0IF	=	0x00c5
                           0000C4   728 _T4IF	=	0x00c4
                           0000C3   729 _T3IF	=	0x00c3
                           0000C2   730 _T2IF	=	0x00c2
                           0000C1   731 _T1IF	=	0x00c1
                           0000C0   732 _DMAIF	=	0x00c0
                           0000D7   733 _CY	=	0x00d7
                           0000D6   734 _AC	=	0x00d6
                           0000D5   735 _F0	=	0x00d5
                           0000D4   736 _RS1	=	0x00d4
                           0000D3   737 _RS0	=	0x00d3
                           0000D2   738 _OV	=	0x00d2
                           0000D1   739 _F1	=	0x00d1
                           0000D0   740 _P	=	0x00d0
                           0000E7   741 _ACC_7	=	0x00e7
                           0000E6   742 _ACC_6	=	0x00e6
                           0000E5   743 _ACC_5	=	0x00e5
                           0000E4   744 _ACC_4	=	0x00e4
                           0000E3   745 _ACC_3	=	0x00e3
                           0000E2   746 _ACC_2	=	0x00e2
                           0000E1   747 _ACC_1	=	0x00e1
                           0000E0   748 _ACC_0	=	0x00e0
                           0000EC   749 _WDTIF	=	0x00ec
                           0000EB   750 _P1IF	=	0x00eb
                           0000EA   751 _UTX1IF	=	0x00ea
                           0000E9   752 _UTX0IF	=	0x00e9
                           0000E8   753 _P2IF	=	0x00e8
                           0000F7   754 _B_7	=	0x00f7
                           0000F6   755 _B_6	=	0x00f6
                           0000F5   756 _B_5	=	0x00f5
                           0000F4   757 _B_4	=	0x00f4
                           0000F3   758 _B_3	=	0x00f3
                           0000F2   759 _B_2	=	0x00f2
                           0000F1   760 _B_1	=	0x00f1
                           0000F0   761 _B_0	=	0x00f0
                           0000DE   762 _OVFIM	=	0x00de
                           0000DD   763 _T4CH1IF	=	0x00dd
                           0000DC   764 _T4CH0IF	=	0x00dc
                           0000DB   765 _T4OVFIF	=	0x00db
                           0000DA   766 _T3CH1IF	=	0x00da
                           0000D9   767 _T3CH0IF	=	0x00d9
                           0000D8   768 _T3OVFIF	=	0x00d8
                           0000FF   769 _MODE	=	0x00ff
                           0000FE   770 _RE	=	0x00fe
                           0000FD   771 _SLAVE	=	0x00fd
                           0000FC   772 _FE	=	0x00fc
                           0000FB   773 _ERR	=	0x00fb
                           0000FA   774 _RX_BYTE	=	0x00fa
                           0000F9   775 _TX_BYTE	=	0x00f9
                           0000F8   776 _ACTIVE	=	0x00f8
                                    777 ;--------------------------------------------------------
                                    778 ; overlayable register banks
                                    779 ;--------------------------------------------------------
                                    780 	.area REG_BANK_0	(REL,OVR,DATA)
      000000                        781 	.ds 8
                                    782 ;--------------------------------------------------------
                                    783 ; internal ram data
                                    784 ;--------------------------------------------------------
                                    785 	.area DSEG    (DATA)
                                    786 ;--------------------------------------------------------
                                    787 ; overlayable items in internal ram 
                                    788 ;--------------------------------------------------------
                                    789 ;--------------------------------------------------------
                                    790 ; indirectly addressable internal ram data
                                    791 ;--------------------------------------------------------
                                    792 	.area ISEG    (DATA)
                                    793 ;--------------------------------------------------------
                                    794 ; absolute internal ram data
                                    795 ;--------------------------------------------------------
                                    796 	.area IABS    (ABS,DATA)
                                    797 	.area IABS    (ABS,DATA)
                                    798 ;--------------------------------------------------------
                                    799 ; bit data
                                    800 ;--------------------------------------------------------
                                    801 	.area BSEG    (BIT)
                                    802 ;--------------------------------------------------------
                                    803 ; paged external ram data
                                    804 ;--------------------------------------------------------
                                    805 	.area PSEG    (PAG,XDATA)
                                    806 ;--------------------------------------------------------
                                    807 ; external ram data
                                    808 ;--------------------------------------------------------
                                    809 	.area XSEG    (XDATA)
                           0061A6   810 _MONMUX	=	0x61a6
                           0061A6   811 _OPAMPMC	=	0x61a6
                           006230   812 _I2CCFG	=	0x6230
                           006231   813 _I2CSTAT	=	0x6231
                           006232   814 _I2CDATA	=	0x6232
                           006233   815 _I2CADDR	=	0x6233
                           006234   816 _I2CWC	=	0x6234
                           006235   817 _I2CIO	=	0x6235
                           006243   818 _OBSSEL0	=	0x6243
                           006244   819 _OBSSEL1	=	0x6244
                           006245   820 _OBSSEL2	=	0x6245
                           006246   821 _OBSSEL3	=	0x6246
                           006247   822 _OBSSEL4	=	0x6247
                           006248   823 _OBSSEL5	=	0x6248
                           006249   824 _CHVER	=	0x6249
                           00624A   825 _CHIPID	=	0x624a
                           00624B   826 _TESTREG0	=	0x624b
                           006260   827 _DBGDATA	=	0x6260
                           006262   828 _SRCRC	=	0x6262
                           006264   829 _BATTMON	=	0x6264
                           006265   830 _IVCTRL	=	0x6265
                           006270   831 _FCTL	=	0x6270
                           006271   832 _FADDRL	=	0x6271
                           006272   833 _FADDRH	=	0x6272
                           006273   834 _FWDATA	=	0x6273
                           006276   835 _CHIPINFO0	=	0x6276
                           006277   836 _CHIPINFO1	=	0x6277
                           006281   837 _IRCTL	=	0x6281
                           006290   838 _CLD	=	0x6290
                           0062A0   839 _XX_T1CCTL0	=	0x62a0
                           0062A1   840 _XX_T1CCTL1	=	0x62a1
                           0062A2   841 _XX_T1CCTL2	=	0x62a2
                           0062A3   842 _T1CCTL3	=	0x62a3
                           0062A4   843 _T1CCTL4	=	0x62a4
                           0062A6   844 _XX_T1CC0L	=	0x62a6
                           0062A7   845 _XX_T1CC0H	=	0x62a7
                           0062A8   846 _XX_T1CC1L	=	0x62a8
                           0062A9   847 _XX_T1CC1H	=	0x62a9
                           0062AA   848 _XX_T1CC2L	=	0x62aa
                           0062AB   849 _XX_T1CC2H	=	0x62ab
                           0062AC   850 _T1CC3L	=	0x62ac
                           0062AD   851 _T1CC3H	=	0x62ad
                           0062AE   852 _T1CC4L	=	0x62ae
                           0062AF   853 _T1CC4H	=	0x62af
                           0062B0   854 _STCC	=	0x62b0
                           0062B1   855 _STCS	=	0x62b1
                           0062B2   856 _STCV0	=	0x62b2
                           0062B3   857 _STCV1	=	0x62b3
                           0062B4   858 _STCV2	=	0x62b4
                           0062C0   859 _OPAMPC	=	0x62c0
                           0062C1   860 _OPAMPS	=	0x62c1
                           0062D0   861 _CMPCTL	=	0x62d0
                           006000   862 _RFCORE_RAM	=	0x6000
                           006000   863 _RXFIFO	=	0x6000
                           006080   864 _TXFIFO	=	0x6080
                           006100   865 _SRC_ADDR_TABLE	=	0x6100
                           006160   866 _SRCRESMASK0	=	0x6160
                           006161   867 _SRCRESMASK1	=	0x6161
                           006162   868 _SRCRESMASK2	=	0x6162
                           006163   869 _SRCRESINDEX	=	0x6163
                           006164   870 _SRCEXTPENDEN0	=	0x6164
                           006165   871 _SRCEXTPENDEN1	=	0x6165
                           006166   872 _SRCEXTPENDEN2	=	0x6166
                           006167   873 _SRCSHORTPENDEN0	=	0x6167
                           006168   874 _SRCSHORTPENDEN1	=	0x6168
                           006169   875 _SRCSHORTPENDEN2	=	0x6169
                           00616A   876 _EXT_ADDR0	=	0x616a
                           00616B   877 _EXT_ADDR1	=	0x616b
                           00616C   878 _EXT_ADDR2	=	0x616c
                           00616D   879 _EXT_ADDR3	=	0x616d
                           00616E   880 _EXT_ADDR4	=	0x616e
                           00616F   881 _EXT_ADDR5	=	0x616f
                           006170   882 _EXT_ADDR6	=	0x6170
                           006171   883 _EXT_ADDR7	=	0x6171
                           006172   884 _PAN_ID0	=	0x6172
                           006173   885 _PAN_ID1	=	0x6173
                           006174   886 _SHORT_ADDR0	=	0x6174
                           006175   887 _SHORT_ADDR1	=	0x6175
                           006180   888 _FRMFILT0	=	0x6180
                           006181   889 _FRMFILT1	=	0x6181
                           006182   890 _SRCMATCH	=	0x6182
                           006183   891 _SRCSHORTEN0	=	0x6183
                           006184   892 _SRCSHORTEN1	=	0x6184
                           006185   893 _SRCSHORTEN2	=	0x6185
                           006186   894 _SRCEXTEN0	=	0x6186
                           006187   895 _SRCEXTEN1	=	0x6187
                           006188   896 _SRCEXTEN2	=	0x6188
                           006189   897 _FRMCTRL0	=	0x6189
                           00618A   898 _FRMCTRL1	=	0x618a
                           00618B   899 _RXENABLE	=	0x618b
                           00618C   900 _RXMASKSET	=	0x618c
                           00618D   901 _RXMASKCLR	=	0x618d
                           00618E   902 _FREQTUNE	=	0x618e
                           00618F   903 _FREQCTRL	=	0x618f
                           006190   904 _TXPOWER	=	0x6190
                           006191   905 _TXCTRL	=	0x6191
                           006192   906 _FSMSTAT0	=	0x6192
                           006193   907 _FSMSTAT1	=	0x6193
                           006194   908 _FIFOPCTRL	=	0x6194
                           006195   909 _FSMCTRL	=	0x6195
                           006196   910 _CCACTRL0	=	0x6196
                           006197   911 _CCACTRL1	=	0x6197
                           006198   912 _RSSI	=	0x6198
                           006199   913 _RSSISTAT	=	0x6199
                           00619A   914 _RXFIRST	=	0x619a
                           00619B   915 _RXFIFOCNT	=	0x619b
                           00619C   916 _TXFIFOCNT	=	0x619c
                           00619D   917 _RXFIRST_PTR	=	0x619d
                           00619E   918 _RXLAST_PTR	=	0x619e
                           00619F   919 _RXP1_PTR	=	0x619f
                           0061A1   920 _TXFIRST_PTR	=	0x61a1
                           0061A2   921 _TXLAST_PTR	=	0x61a2
                           0061A3   922 _RFIRQM0	=	0x61a3
                           0061A4   923 _RFIRQM1	=	0x61a4
                           0061A5   924 _RFERRM	=	0x61a5
                           0061A7   925 _RFRND	=	0x61a7
                           0061A8   926 _MDMCTRL0	=	0x61a8
                           0061A9   927 _MDMCTRL1	=	0x61a9
                           0061AA   928 _FREQEST	=	0x61aa
                           0061AB   929 _RXCTRL	=	0x61ab
                           0061AC   930 _FSCTRL	=	0x61ac
                           0061AD   931 _FSCAL0	=	0x61ad
                           0061AE   932 _FSCAL1	=	0x61ae
                           0061AF   933 _FSCAL2	=	0x61af
                           0061B0   934 _FSCAL3	=	0x61b0
                           0061B1   935 _AGCCTRL0	=	0x61b1
                           0061B2   936 _AGCCTRL1	=	0x61b2
                           0061B3   937 _AGCCTRL2	=	0x61b3
                           0061B4   938 _AGCCTRL3	=	0x61b4
                           0061B5   939 _ADCTEST0	=	0x61b5
                           0061B6   940 _ADCTEST1	=	0x61b6
                           0061B7   941 _ADCTEST2	=	0x61b7
                           0061B8   942 _MDMTEST0	=	0x61b8
                           0061B9   943 _MDMTEST1	=	0x61b9
                           0061BA   944 _DACTEST0	=	0x61ba
                           0061BB   945 _DACTEST1	=	0x61bb
                           0061BC   946 _DACTEST2	=	0x61bc
                           0061BD   947 _ATEST	=	0x61bd
                           0061BE   948 _PTEST0	=	0x61be
                           0061BF   949 _PTEST1	=	0x61bf
                           0061FA   950 _TXFILTCFG	=	0x61fa
                           0061EB   951 _RFC_OBS_CTRL0	=	0x61eb
                           0061EC   952 _RFC_OBS_CTRL1	=	0x61ec
                           0061ED   953 _RFC_OBS_CTRL2	=	0x61ed
                           0061C0   954 _CSPPROG0	=	0x61c0
                           0061C1   955 _CSPPROG1	=	0x61c1
                           0061C2   956 _CSPPROG2	=	0x61c2
                           0061C3   957 _CSPPROG3	=	0x61c3
                           0061C4   958 _CSPPROG4	=	0x61c4
                           0061C5   959 _CSPPROG5	=	0x61c5
                           0061C6   960 _CSPPROG6	=	0x61c6
                           0061C7   961 _CSPPROG7	=	0x61c7
                           0061C8   962 _CSPPROG8	=	0x61c8
                           0061C9   963 _CSPPROG9	=	0x61c9
                           0061CA   964 _CSPPROG10	=	0x61ca
                           0061CB   965 _CSPPROG11	=	0x61cb
                           0061CC   966 _CSPPROG12	=	0x61cc
                           0061CD   967 _CSPPROG13	=	0x61cd
                           0061CE   968 _CSPPROG14	=	0x61ce
                           0061CF   969 _CSPPROG15	=	0x61cf
                           0061D0   970 _CSPPROG16	=	0x61d0
                           0061D1   971 _CSPPROG17	=	0x61d1
                           0061D2   972 _CSPPROG18	=	0x61d2
                           0061D3   973 _CSPPROG19	=	0x61d3
                           0061D4   974 _CSPPROG20	=	0x61d4
                           0061D5   975 _CSPPROG21	=	0x61d5
                           0061D6   976 _CSPPROG22	=	0x61d6
                           0061D7   977 _CSPPROG23	=	0x61d7
                           0061E0   978 _CSPCTRL	=	0x61e0
                           0061E1   979 _CSPSTAT	=	0x61e1
                           0061E2   980 _CSPX	=	0x61e2
                           0061E3   981 _CSPY	=	0x61e3
                           0061E4   982 _CSPZ	=	0x61e4
                           0061E5   983 _CSPT	=	0x61e5
                           006200   984 _USBADDR	=	0x6200
                           006201   985 _USBPOW	=	0x6201
                           006202   986 _USBIIF	=	0x6202
                           006204   987 _USBOIF	=	0x6204
                           006206   988 _USBCIF	=	0x6206
                           006207   989 _USBIIE	=	0x6207
                           006209   990 _USBOIE	=	0x6209
                           00620B   991 _USBCIE	=	0x620b
                           00620C   992 _USBFRML	=	0x620c
                           00620D   993 _USBFRMH	=	0x620d
                           00620E   994 _USBINDEX	=	0x620e
                           00620F   995 _USBCTRL	=	0x620f
                           006210   996 _USBMAXI	=	0x6210
                           006211   997 _USBCS0	=	0x6211
                           006211   998 _USBCSIL	=	0x6211
                           006212   999 _USBCSIH	=	0x6212
                           006213  1000 _USBMAXO	=	0x6213
                           006214  1001 _USBCSOL	=	0x6214
                           006215  1002 _USBCSOH	=	0x6215
                           006216  1003 _USBCNT0	=	0x6216
                           006216  1004 _USBCNTL	=	0x6216
                           006217  1005 _USBCNTH	=	0x6217
                           006220  1006 _USBF0	=	0x6220
                           006222  1007 _USBF1	=	0x6222
                           006224  1008 _USBF2	=	0x6224
                           006226  1009 _USBF3	=	0x6226
                           006228  1010 _USBF4	=	0x6228
                           00622A  1011 _USBF5	=	0x622a
                           007080  1012 _X_P0	=	0x7080
                           007086  1013 _X_U0CSR	=	0x7086
                           007089  1014 _X_P0IFG	=	0x7089
                           00708A  1015 _X_P1IFG	=	0x708a
                           00708B  1016 _X_P2IFG	=	0x708b
                           00708C  1017 _X_PICTL	=	0x708c
                           00708D  1018 _X_P1IEN	=	0x708d
                           00708F  1019 _X_P0INP	=	0x708f
                           007090  1020 _X_P1	=	0x7090
                           007091  1021 _X_RFIRQF1	=	0x7091
                           007093  1022 _X_MPAGE	=	0x7093
                           007093  1023 _X__XPAGE	=	0x7093
                           007094  1024 _X_T2CTRL	=	0x7094
                           007095  1025 _X_ST0	=	0x7095
                           007096  1026 _X_ST1	=	0x7096
                           007097  1027 _X_ST2	=	0x7097
                           00709C  1028 _X_T2EVTCFG	=	0x709c
                           00709D  1029 _X_SLEEPSTA	=	0x709d
                           00709E  1030 _X_CLKCONSTA	=	0x709e
                           00709F  1031 _X_FMAP	=	0x709f
                           00709F  1032 _X_PSBANK	=	0x709f
                           0070A0  1033 _X_P2	=	0x70a0
                           0070A1  1034 _X_T2IRQF	=	0x70a1
                           0070A2  1035 _X_T2M0	=	0x70a2
                           0070A3  1036 _X_T2M1	=	0x70a3
                           0070A4  1037 _X_T2MOVF0	=	0x70a4
                           0070A5  1038 _X_T2MOVF1	=	0x70a5
                           0070A6  1039 _X_T2MOVF2	=	0x70a6
                           0070A7  1040 _X_T2IRQM	=	0x70a7
                           0070AB  1041 _X_P0IEN	=	0x70ab
                           0070AC  1042 _X_P2IEN	=	0x70ac
                           0070AD  1043 _X_STLOAD	=	0x70ad
                           0070AE  1044 _X_PMUX	=	0x70ae
                           0070AF  1045 _X_T1STAT	=	0x70af
                           0070B1  1046 _X_ENCDI	=	0x70b1
                           0070B2  1047 _X_ENCDO	=	0x70b2
                           0070B3  1048 _X_ENCCS	=	0x70b3
                           0070B4  1049 _X_ADCCON1	=	0x70b4
                           0070B5  1050 _X_ADCCON2	=	0x70b5
                           0070B6  1051 _X_ADCCON3	=	0x70b6
                           0070BA  1052 _X_ADCL	=	0x70ba
                           0070BB  1053 _X_ADCH	=	0x70bb
                           0070BC  1054 _X_RNDL	=	0x70bc
                           0070BD  1055 _X_RNDH	=	0x70bd
                           0070BE  1056 _X_SLEEPCMD	=	0x70be
                           0070BF  1057 _X_RFERRF	=	0x70bf
                           0070C1  1058 _X_U0DBUF	=	0x70c1
                           0070C2  1059 _X_U0BAUD	=	0x70c2
                           0070C3  1060 _X_T2MSEL	=	0x70c3
                           0070C4  1061 _X_U0UCR	=	0x70c4
                           0070C5  1062 _X_U0GCR	=	0x70c5
                           0070C6  1063 _X_CLKCONCMD	=	0x70c6
                           0070C7  1064 _X_MEMCTR	=	0x70c7
                           0070C9  1065 _X_WDCTL	=	0x70c9
                           0070CA  1066 _X_T3CNT	=	0x70ca
                           0070CB  1067 _X_T3CTL	=	0x70cb
                           0070CC  1068 _X_T3CCTL0	=	0x70cc
                           0070CD  1069 _X_T3CC0	=	0x70cd
                           0070CE  1070 _X_T3CCTL1	=	0x70ce
                           0070CF  1071 _X_T3CC1	=	0x70cf
                           0070D1  1072 _X_DMAIRQ	=	0x70d1
                           0070D2  1073 _X_DMA1CFGL	=	0x70d2
                           0070D3  1074 _X_DMA1CFGH	=	0x70d3
                           0070D4  1075 _X_DMA0CFGL	=	0x70d4
                           0070D5  1076 _X_DMA0CFGH	=	0x70d5
                           0070D6  1077 _X_DMAARM	=	0x70d6
                           0070D7  1078 _X_DMAREQ	=	0x70d7
                           0070D8  1079 _X_TIMIF	=	0x70d8
                           0070D9  1080 _X_RFD	=	0x70d9
                           0070DA  1081 _X_T1CC0L	=	0x70da
                           0070DB  1082 _X_T1CC0H	=	0x70db
                           0070DC  1083 _X_T1CC1L	=	0x70dc
                           0070DD  1084 _X_T1CC1H	=	0x70dd
                           0070DE  1085 _X_T1CC2L	=	0x70de
                           0070DF  1086 _X_T1CC2H	=	0x70df
                           0070E1  1087 _X_RFST	=	0x70e1
                           0070E2  1088 _X_T1CNTL	=	0x70e2
                           0070E3  1089 _X_T1CNTH	=	0x70e3
                           0070E4  1090 _X_T1CTL	=	0x70e4
                           0070E5  1091 _X_T1CCTL0	=	0x70e5
                           0070E6  1092 _X_T1CCTL1	=	0x70e6
                           0070E7  1093 _X_T1CCTL2	=	0x70e7
                           0070E9  1094 _X_RFIRQF0	=	0x70e9
                           0070EA  1095 _X_T4CNT	=	0x70ea
                           0070EB  1096 _X_T4CTL	=	0x70eb
                           0070EC  1097 _X_T4CCTL0	=	0x70ec
                           0070ED  1098 _X_T4CC0	=	0x70ed
                           0070EE  1099 _X_T4CCTL1	=	0x70ee
                           0070EF  1100 _X_T4CC1	=	0x70ef
                           0070F1  1101 _X_PERCFG	=	0x70f1
                           0070F2  1102 _X_APCFG	=	0x70f2
                           0070F3  1103 _X_P0SEL	=	0x70f3
                           0070F4  1104 _X_P1SEL	=	0x70f4
                           0070F5  1105 _X_P2SEL	=	0x70f5
                           0070F6  1106 _X_P1INP	=	0x70f6
                           0070F7  1107 _X_P2INP	=	0x70f7
                           0070F8  1108 _X_U1CSR	=	0x70f8
                           0070F9  1109 _X_U1DBUF	=	0x70f9
                           0070FA  1110 _X_U1BAUD	=	0x70fa
                           0070FB  1111 _X_U1UCR	=	0x70fb
                           0070FC  1112 _X_U1GCR	=	0x70fc
                           0070FD  1113 _X_P0DIR	=	0x70fd
                           0070FE  1114 _X_P1DIR	=	0x70fe
                           0070FF  1115 _X_P2DIR	=	0x70ff
                           007800  1116 _X_INFOPAGE	=	0x7800
                           00780C  1117 _X_IEEE_ADDR	=	0x780c
      000000                       1118 _counter:
      000000                       1119 	.ds 4
                                   1120 ;--------------------------------------------------------
                                   1121 ; absolute external ram data
                                   1122 ;--------------------------------------------------------
                                   1123 	.area XABS    (ABS,XDATA)
                                   1124 ;--------------------------------------------------------
                                   1125 ; external initialized ram data
                                   1126 ;--------------------------------------------------------
                                   1127 	.area XISEG   (XDATA)
                                   1128 	.area HOME    (CODE)
                                   1129 	.area GSINIT0 (CODE)
                                   1130 	.area GSINIT1 (CODE)
                                   1131 	.area GSINIT2 (CODE)
                                   1132 	.area GSINIT3 (CODE)
                                   1133 	.area GSINIT4 (CODE)
                                   1134 	.area GSINIT5 (CODE)
                                   1135 	.area GSINIT  (CODE)
                                   1136 	.area GSFINAL (CODE)
                                   1137 	.area CSEG    (CODE)
                                   1138 ;--------------------------------------------------------
                                   1139 ; global & static initialisations
                                   1140 ;--------------------------------------------------------
                                   1141 	.area HOME    (CODE)
                                   1142 	.area GSINIT  (CODE)
                                   1143 	.area GSFINAL (CODE)
                                   1144 	.area GSINIT  (CODE)
                                   1145 ;--------------------------------------------------------
                                   1146 ; Home
                                   1147 ;--------------------------------------------------------
                                   1148 	.area HOME    (CODE)
                                   1149 	.area HOME    (CODE)
                                   1150 ;--------------------------------------------------------
                                   1151 ; code
                                   1152 ;--------------------------------------------------------
                                   1153 	.area BANK1   (CODE)
                                   1154 ;------------------------------------------------------------
                                   1155 ;Allocation info for local variables in function 'anti_replay_set_counter'
                                   1156 ;------------------------------------------------------------
                                   1157 ;reordered_counter         Allocated to stack - sp -3
                                   1158 ;------------------------------------------------------------
                                   1159 ;	/opt/contiki/core/net/llsec/anti-replay.c:54: anti_replay_set_counter(void)
                                   1160 ;	-----------------------------------------
                                   1161 ;	 function anti_replay_set_counter
                                   1162 ;	-----------------------------------------
      000000                       1163 _anti_replay_set_counter:
                           000007  1164 	ar7 = 0x07
                           000006  1165 	ar6 = 0x06
                           000005  1166 	ar5 = 0x05
                           000004  1167 	ar4 = 0x04
                           000003  1168 	ar3 = 0x03
                           000002  1169 	ar2 = 0x02
                           000001  1170 	ar1 = 0x01
                           000000  1171 	ar0 = 0x00
      000000 E5 81            [12] 1172 	mov	a,sp
      000002 24 04            [12] 1173 	add	a,#0x04
                                   1174 ;	/opt/contiki/core/net/llsec/anti-replay.c:58: reordered_counter.u32 = LLSEC802154_HTONL(++counter);
      000004 F5 81            [12] 1175 	mov	sp,a
      000006 24 FD            [12] 1176 	add	a,#0xFD
      000008 F9               [12] 1177 	mov	r1,a
      000009 90r00r00         [24] 1178 	mov	dptr,#_counter
      00000C E0               [24] 1179 	movx	a,@dptr
      00000D 24 01            [12] 1180 	add	a,#0x01
      00000F F0               [24] 1181 	movx	@dptr,a
      000010 A3               [24] 1182 	inc	dptr
      000011 E0               [24] 1183 	movx	a,@dptr
      000012 34 00            [12] 1184 	addc	a,#0x00
      000014 F0               [24] 1185 	movx	@dptr,a
      000015 A3               [24] 1186 	inc	dptr
      000016 E0               [24] 1187 	movx	a,@dptr
      000017 34 00            [12] 1188 	addc	a,#0x00
      000019 F0               [24] 1189 	movx	@dptr,a
      00001A A3               [24] 1190 	inc	dptr
      00001B E0               [24] 1191 	movx	a,@dptr
      00001C 34 00            [12] 1192 	addc	a,#0x00
      00001E F0               [24] 1193 	movx	@dptr,a
      00001F 90r00r00         [24] 1194 	mov	dptr,#_counter
      000022 E0               [24] 1195 	movx	a,@dptr
      000023 FC               [12] 1196 	mov	r4,a
      000024 A3               [24] 1197 	inc	dptr
      000025 E0               [24] 1198 	movx	a,@dptr
      000026 FD               [12] 1199 	mov	r5,a
      000027 A3               [24] 1200 	inc	dptr
      000028 E0               [24] 1201 	movx	a,@dptr
      000029 FE               [12] 1202 	mov	r6,a
      00002A A3               [24] 1203 	inc	dptr
      00002B E0               [24] 1204 	movx	a,@dptr
      00002C FF               [12] 1205 	mov	r7,a
      00002D A7 04            [24] 1206 	mov	@r1,ar4
      00002F 09               [12] 1207 	inc	r1
      000030 A7 05            [24] 1208 	mov	@r1,ar5
      000032 09               [12] 1209 	inc	r1
      000033 A7 06            [24] 1210 	mov	@r1,ar6
      000035 09               [12] 1211 	inc	r1
      000036 A7 07            [24] 1212 	mov	@r1,ar7
                                   1213 ;	/opt/contiki/core/net/llsec/anti-replay.c:60: packetbuf_set_attr(PACKETBUF_ATTR_FRAME_COUNTER_BYTES_0_1, reordered_counter.u16[0]);
      000038 E5 81            [12] 1214 	mov	a,sp
      00003A 24 FD            [12] 1215 	add	a,#0xFD
      00003C F9               [12] 1216 	mov	r1,a
      00003D 87 06            [24] 1217 	mov	ar6,@r1
      00003F 09               [12] 1218 	inc	r1
      000040 87 07            [24] 1219 	mov	ar7,@r1
      000042 C0 06            [24] 1220 	push	ar6
      000044 C0 07            [24] 1221 	push	ar7
      000046 75 82 01         [24] 1222 	mov	dpl,#0x01
      000049 78r00            [12] 1223 	mov	r0,#_packetbuf_set_attr
      00004B 79s00            [12] 1224 	mov	r1,#(_packetbuf_set_attr >> 8)
      00004D 7As00            [12] 1225 	mov	r2,#(_packetbuf_set_attr >> 16)
      00004F 12r00r00         [24] 1226 	lcall	__sdcc_banked_call
      000052 15 81            [12] 1227 	dec	sp
      000054 15 81            [12] 1228 	dec	sp
                                   1229 ;	/opt/contiki/core/net/llsec/anti-replay.c:61: packetbuf_set_attr(PACKETBUF_ATTR_FRAME_COUNTER_BYTES_2_3, reordered_counter.u16[1]);
      000056 E5 81            [12] 1230 	mov	a,sp
      000058 24 FD            [12] 1231 	add	a,#0xFD
      00005A 24 02            [12] 1232 	add	a,#0x02
      00005C F9               [12] 1233 	mov	r1,a
      00005D 87 06            [24] 1234 	mov	ar6,@r1
      00005F 09               [12] 1235 	inc	r1
      000060 87 07            [24] 1236 	mov	ar7,@r1
      000062 C0 06            [24] 1237 	push	ar6
      000064 C0 07            [24] 1238 	push	ar7
      000066 75 82 02         [24] 1239 	mov	dpl,#0x02
      000069 78r00            [12] 1240 	mov	r0,#_packetbuf_set_attr
      00006B 79s00            [12] 1241 	mov	r1,#(_packetbuf_set_attr >> 8)
      00006D 7As00            [12] 1242 	mov	r2,#(_packetbuf_set_attr >> 16)
      00006F 12r00r00         [24] 1243 	lcall	__sdcc_banked_call
      000072 15 81            [12] 1244 	dec	sp
      000074 15 81            [12] 1245 	dec	sp
      000076 E5 81            [12] 1246 	mov	a,sp
      000078 24 FC            [12] 1247 	add	a,#0xFC
      00007A F5 81            [12] 1248 	mov	sp,a
      00007C 02r00r00         [24] 1249 	ljmp	__sdcc_banked_ret
                                   1250 ;------------------------------------------------------------
                                   1251 ;Allocation info for local variables in function 'anti_replay_get_counter'
                                   1252 ;------------------------------------------------------------
                                   1253 ;disordered_counter        Allocated to stack - sp -3
                                   1254 ;------------------------------------------------------------
                                   1255 ;	/opt/contiki/core/net/llsec/anti-replay.c:65: anti_replay_get_counter(void)
                                   1256 ;	-----------------------------------------
                                   1257 ;	 function anti_replay_get_counter
                                   1258 ;	-----------------------------------------
      00007F                       1259 _anti_replay_get_counter:
      00007F E5 81            [12] 1260 	mov	a,sp
      000081 24 04            [12] 1261 	add	a,#0x04
                                   1262 ;	/opt/contiki/core/net/llsec/anti-replay.c:69: disordered_counter.u16[0] = packetbuf_attr(PACKETBUF_ATTR_FRAME_COUNTER_BYTES_0_1);
      000083 F5 81            [12] 1263 	mov	sp,a
      000085 24 FD            [12] 1264 	add	a,#0xFD
      000087 F9               [12] 1265 	mov	r1,a
      000088 75 82 01         [24] 1266 	mov	dpl,#0x01
      00008B C0 01            [24] 1267 	push	ar1
      00008D 78r00            [12] 1268 	mov	r0,#_packetbuf_attr
      00008F 79s00            [12] 1269 	mov	r1,#(_packetbuf_attr >> 8)
      000091 7As00            [12] 1270 	mov	r2,#(_packetbuf_attr >> 16)
      000093 12r00r00         [24] 1271 	lcall	__sdcc_banked_call
      000096 E5 82            [12] 1272 	mov	a,dpl
      000098 85 83 F0         [24] 1273 	mov	b,dph
      00009B D0 01            [24] 1274 	pop	ar1
      00009D F7               [12] 1275 	mov	@r1,a
      00009E 09               [12] 1276 	inc	r1
      00009F A7 F0            [24] 1277 	mov	@r1,b
                                   1278 ;	/opt/contiki/core/net/llsec/anti-replay.c:70: disordered_counter.u16[1] = packetbuf_attr(PACKETBUF_ATTR_FRAME_COUNTER_BYTES_2_3);
      0000A1 E5 81            [12] 1279 	mov	a,sp
      0000A3 24 FD            [12] 1280 	add	a,#0xFD
      0000A5 24 02            [12] 1281 	add	a,#0x02
      0000A7 F9               [12] 1282 	mov	r1,a
      0000A8 75 82 02         [24] 1283 	mov	dpl,#0x02
      0000AB C0 01            [24] 1284 	push	ar1
      0000AD 78r00            [12] 1285 	mov	r0,#_packetbuf_attr
      0000AF 79s00            [12] 1286 	mov	r1,#(_packetbuf_attr >> 8)
      0000B1 7As00            [12] 1287 	mov	r2,#(_packetbuf_attr >> 16)
      0000B3 12r00r00         [24] 1288 	lcall	__sdcc_banked_call
      0000B6 E5 82            [12] 1289 	mov	a,dpl
      0000B8 85 83 F0         [24] 1290 	mov	b,dph
      0000BB D0 01            [24] 1291 	pop	ar1
      0000BD F7               [12] 1292 	mov	@r1,a
      0000BE 09               [12] 1293 	inc	r1
      0000BF A7 F0            [24] 1294 	mov	@r1,b
                                   1295 ;	/opt/contiki/core/net/llsec/anti-replay.c:72: return LLSEC802154_HTONL(disordered_counter.u32); 
      0000C1 E5 81            [12] 1296 	mov	a,sp
      0000C3 24 FD            [12] 1297 	add	a,#0xFD
      0000C5 F9               [12] 1298 	mov	r1,a
      0000C6 87 04            [24] 1299 	mov	ar4,@r1
      0000C8 09               [12] 1300 	inc	r1
      0000C9 87 05            [24] 1301 	mov	ar5,@r1
      0000CB 09               [12] 1302 	inc	r1
      0000CC 87 06            [24] 1303 	mov	ar6,@r1
      0000CE 09               [12] 1304 	inc	r1
      0000CF 87 07            [24] 1305 	mov	ar7,@r1
      0000D1 8C 82            [24] 1306 	mov	dpl,r4
      0000D3 8D 83            [24] 1307 	mov	dph,r5
      0000D5 8E F0            [24] 1308 	mov	b,r6
      0000D7 EF               [12] 1309 	mov	a,r7
      0000D8 C8               [12] 1310 	xch	a,r0
      0000D9 E5 81            [12] 1311 	mov	a,sp
      0000DB 24 FC            [12] 1312 	add	a,#0xFC
      0000DD F5 81            [12] 1313 	mov	sp,a
      0000DF C8               [12] 1314 	xch	a,r0
      0000E0 02r00r00         [24] 1315 	ljmp	__sdcc_banked_ret
                                   1316 ;------------------------------------------------------------
                                   1317 ;Allocation info for local variables in function 'anti_replay_init_info'
                                   1318 ;------------------------------------------------------------
                                   1319 ;info                      Allocated to registers r7 r6 r5 
                                   1320 ;sloc0                     Allocated to stack - sp -3
                                   1321 ;------------------------------------------------------------
                                   1322 ;	/opt/contiki/core/net/llsec/anti-replay.c:76: anti_replay_init_info(struct anti_replay_info *info)
                                   1323 ;	-----------------------------------------
                                   1324 ;	 function anti_replay_init_info
                                   1325 ;	-----------------------------------------
      0000E3                       1326 _anti_replay_init_info:
      0000E3 E5 81            [12] 1327 	mov	a,sp
      0000E5 24 04            [12] 1328 	add	a,#0x04
      0000E7 F5 81            [12] 1329 	mov	sp,a
      0000E9 AF 82            [24] 1330 	mov	r7,dpl
      0000EB AE 83            [24] 1331 	mov	r6,dph
      0000ED AD F0            [24] 1332 	mov	r5,b
                                   1333 ;	/opt/contiki/core/net/llsec/anti-replay.c:79: = info->last_unicast_counter
      0000EF 74 04            [12] 1334 	mov	a,#0x04
      0000F1 2F               [12] 1335 	add	a,r7
      0000F2 FA               [12] 1336 	mov	r2,a
      0000F3 E4               [12] 1337 	clr	a
      0000F4 3E               [12] 1338 	addc	a,r6
      0000F5 FB               [12] 1339 	mov	r3,a
      0000F6 8D 04            [24] 1340 	mov	ar4,r5
                                   1341 ;	/opt/contiki/core/net/llsec/anti-replay.c:80: = anti_replay_get_counter();
      0000F8 C0 07            [24] 1342 	push	ar7
      0000FA C0 06            [24] 1343 	push	ar6
      0000FC C0 05            [24] 1344 	push	ar5
      0000FE C0 04            [24] 1345 	push	ar4
      000100 C0 03            [24] 1346 	push	ar3
      000102 C0 02            [24] 1347 	push	ar2
      000104 78r7F            [12] 1348 	mov	r0,#_anti_replay_get_counter
      000106 79s00            [12] 1349 	mov	r1,#(_anti_replay_get_counter >> 8)
      000108 7As00            [12] 1350 	mov	r2,#(_anti_replay_get_counter >> 16)
      00010A 12r00r00         [24] 1351 	lcall	__sdcc_banked_call
      00010D C8               [12] 1352 	xch	a,r0
      00010E E5 81            [12] 1353 	mov	a,sp
      000110 24 F7            [12] 1354 	add	a,#0xf7
      000112 C8               [12] 1355 	xch	a,r0
      000113 A6 82            [24] 1356 	mov	@r0,dpl
      000115 08               [12] 1357 	inc	r0
      000116 A6 83            [24] 1358 	mov	@r0,dph
      000118 08               [12] 1359 	inc	r0
      000119 A6 F0            [24] 1360 	mov	@r0,b
      00011B 08               [12] 1361 	inc	r0
      00011C F6               [12] 1362 	mov	@r0,a
      00011D D0 02            [24] 1363 	pop	ar2
      00011F D0 03            [24] 1364 	pop	ar3
      000121 D0 04            [24] 1365 	pop	ar4
      000123 D0 05            [24] 1366 	pop	ar5
      000125 D0 06            [24] 1367 	pop	ar6
      000127 D0 07            [24] 1368 	pop	ar7
      000129 8A 82            [24] 1369 	mov	dpl,r2
      00012B 8B 83            [24] 1370 	mov	dph,r3
      00012D 8C F0            [24] 1371 	mov	b,r4
      00012F E5 81            [12] 1372 	mov	a,sp
      000131 24 FD            [12] 1373 	add	a,#0xfd
      000133 F8               [12] 1374 	mov	r0,a
      000134 E6               [12] 1375 	mov	a,@r0
      000135 12r00r00         [24] 1376 	lcall	__gptrput
      000138 A3               [24] 1377 	inc	dptr
      000139 08               [12] 1378 	inc	r0
      00013A E6               [12] 1379 	mov	a,@r0
      00013B 12r00r00         [24] 1380 	lcall	__gptrput
      00013E A3               [24] 1381 	inc	dptr
      00013F 08               [12] 1382 	inc	r0
      000140 E6               [12] 1383 	mov	a,@r0
      000141 12r00r00         [24] 1384 	lcall	__gptrput
      000144 A3               [24] 1385 	inc	dptr
      000145 08               [12] 1386 	inc	r0
      000146 E6               [12] 1387 	mov	a,@r0
      000147 12r00r00         [24] 1388 	lcall	__gptrput
      00014A 8F 82            [24] 1389 	mov	dpl,r7
      00014C 8E 83            [24] 1390 	mov	dph,r6
      00014E 8D F0            [24] 1391 	mov	b,r5
      000150 E5 81            [12] 1392 	mov	a,sp
      000152 24 FD            [12] 1393 	add	a,#0xfd
      000154 F8               [12] 1394 	mov	r0,a
      000155 E6               [12] 1395 	mov	a,@r0
      000156 12r00r00         [24] 1396 	lcall	__gptrput
      000159 A3               [24] 1397 	inc	dptr
      00015A 08               [12] 1398 	inc	r0
      00015B E6               [12] 1399 	mov	a,@r0
      00015C 12r00r00         [24] 1400 	lcall	__gptrput
      00015F A3               [24] 1401 	inc	dptr
      000160 08               [12] 1402 	inc	r0
      000161 E6               [12] 1403 	mov	a,@r0
      000162 12r00r00         [24] 1404 	lcall	__gptrput
      000165 A3               [24] 1405 	inc	dptr
      000166 08               [12] 1406 	inc	r0
      000167 E6               [12] 1407 	mov	a,@r0
      000168 12r00r00         [24] 1408 	lcall	__gptrput
      00016B E5 81            [12] 1409 	mov	a,sp
      00016D 24 FC            [12] 1410 	add	a,#0xFC
      00016F F5 81            [12] 1411 	mov	sp,a
      000171 02r00r00         [24] 1412 	ljmp	__sdcc_banked_ret
                                   1413 ;------------------------------------------------------------
                                   1414 ;Allocation info for local variables in function 'anti_replay_was_replayed'
                                   1415 ;------------------------------------------------------------
                                   1416 ;info                      Allocated to stack - sp -9
                                   1417 ;received_counter          Allocated to stack - sp -3
                                   1418 ;sloc0                     Allocated to stack - sp -6
                                   1419 ;------------------------------------------------------------
                                   1420 ;	/opt/contiki/core/net/llsec/anti-replay.c:84: anti_replay_was_replayed(struct anti_replay_info *info)
                                   1421 ;	-----------------------------------------
                                   1422 ;	 function anti_replay_was_replayed
                                   1423 ;	-----------------------------------------
      000174                       1424 _anti_replay_was_replayed:
      000174 C0 82            [24] 1425 	push	dpl
      000176 C0 83            [24] 1426 	push	dph
      000178 C0 F0            [24] 1427 	push	b
      00017A E5 81            [12] 1428 	mov	a,sp
      00017C 24 07            [12] 1429 	add	a,#0x07
      00017E F5 81            [12] 1430 	mov	sp,a
                                   1431 ;	/opt/contiki/core/net/llsec/anti-replay.c:88: received_counter = anti_replay_get_counter();
      000180 78r7F            [12] 1432 	mov	r0,#_anti_replay_get_counter
      000182 79s00            [12] 1433 	mov	r1,#(_anti_replay_get_counter >> 8)
      000184 7As00            [12] 1434 	mov	r2,#(_anti_replay_get_counter >> 16)
      000186 12r00r00         [24] 1435 	lcall	__sdcc_banked_call
      000189 AF 82            [24] 1436 	mov	r7,dpl
      00018B AE 83            [24] 1437 	mov	r6,dph
      00018D AD F0            [24] 1438 	mov	r5,b
      00018F FC               [12] 1439 	mov	r4,a
      000190 E5 81            [12] 1440 	mov	a,sp
      000192 24 FD            [12] 1441 	add	a,#0xfd
      000194 F8               [12] 1442 	mov	r0,a
      000195 A6 07            [24] 1443 	mov	@r0,ar7
      000197 08               [12] 1444 	inc	r0
      000198 A6 06            [24] 1445 	mov	@r0,ar6
      00019A 08               [12] 1446 	inc	r0
      00019B A6 05            [24] 1447 	mov	@r0,ar5
      00019D 08               [12] 1448 	inc	r0
      00019E A6 04            [24] 1449 	mov	@r0,ar4
                                   1450 ;	/opt/contiki/core/net/llsec/anti-replay.c:90: if(packetbuf_holds_broadcast()) {
      0001A0 78r00            [12] 1451 	mov	r0,#_packetbuf_holds_broadcast
      0001A2 79s00            [12] 1452 	mov	r1,#(_packetbuf_holds_broadcast >> 8)
      0001A4 7As00            [12] 1453 	mov	r2,#(_packetbuf_holds_broadcast >> 16)
      0001A6 12r00r00         [24] 1454 	lcall	__sdcc_banked_call
      0001A9 E5 82            [12] 1455 	mov	a,dpl
      0001AB 85 83 F0         [24] 1456 	mov	b,dph
      0001AE 45 F0            [12] 1457 	orl	a,b
      0001B0 60 67            [24] 1458 	jz	00108$
                                   1459 ;	/opt/contiki/core/net/llsec/anti-replay.c:92: if(received_counter <= info->last_broadcast_counter) {
      0001B2 E5 81            [12] 1460 	mov	a,sp
      0001B4 24 F7            [12] 1461 	add	a,#0xf7
      0001B6 F8               [12] 1462 	mov	r0,a
      0001B7 86 82            [24] 1463 	mov	dpl,@r0
      0001B9 08               [12] 1464 	inc	r0
      0001BA 86 83            [24] 1465 	mov	dph,@r0
      0001BC 08               [12] 1466 	inc	r0
      0001BD 86 F0            [24] 1467 	mov	b,@r0
      0001BF 12r00r00         [24] 1468 	lcall	__gptrget
      0001C2 FC               [12] 1469 	mov	r4,a
      0001C3 A3               [24] 1470 	inc	dptr
      0001C4 12r00r00         [24] 1471 	lcall	__gptrget
      0001C7 FD               [12] 1472 	mov	r5,a
      0001C8 A3               [24] 1473 	inc	dptr
      0001C9 12r00r00         [24] 1474 	lcall	__gptrget
      0001CC FE               [12] 1475 	mov	r6,a
      0001CD A3               [24] 1476 	inc	dptr
      0001CE 12r00r00         [24] 1477 	lcall	__gptrget
      0001D1 FF               [12] 1478 	mov	r7,a
      0001D2 E5 81            [12] 1479 	mov	a,sp
      0001D4 24 FD            [12] 1480 	add	a,#0xfd
      0001D6 F8               [12] 1481 	mov	r0,a
      0001D7 C3               [12] 1482 	clr	c
      0001D8 EC               [12] 1483 	mov	a,r4
      0001D9 96               [12] 1484 	subb	a,@r0
      0001DA ED               [12] 1485 	mov	a,r5
      0001DB 08               [12] 1486 	inc	r0
      0001DC 96               [12] 1487 	subb	a,@r0
      0001DD EE               [12] 1488 	mov	a,r6
      0001DE 08               [12] 1489 	inc	r0
      0001DF 96               [12] 1490 	subb	a,@r0
      0001E0 EF               [12] 1491 	mov	a,r7
      0001E1 08               [12] 1492 	inc	r0
      0001E2 96               [12] 1493 	subb	a,@r0
      0001E3 40 06            [24] 1494 	jc	00102$
                                   1495 ;	/opt/contiki/core/net/llsec/anti-replay.c:93: return 1;
      0001E5 90 00 01         [24] 1496 	mov	dptr,#0x0001
      0001E8 02r02r93         [24] 1497 	ljmp	00110$
      0001EB                       1498 00102$:
                                   1499 ;	/opt/contiki/core/net/llsec/anti-replay.c:95: info->last_broadcast_counter = received_counter;
      0001EB E5 81            [12] 1500 	mov	a,sp
      0001ED 24 F7            [12] 1501 	add	a,#0xf7
      0001EF F8               [12] 1502 	mov	r0,a
      0001F0 86 82            [24] 1503 	mov	dpl,@r0
      0001F2 08               [12] 1504 	inc	r0
      0001F3 86 83            [24] 1505 	mov	dph,@r0
      0001F5 08               [12] 1506 	inc	r0
      0001F6 86 F0            [24] 1507 	mov	b,@r0
      0001F8 E5 81            [12] 1508 	mov	a,sp
      0001FA 24 FD            [12] 1509 	add	a,#0xfd
      0001FC F9               [12] 1510 	mov	r1,a
      0001FD E7               [12] 1511 	mov	a,@r1
      0001FE 12r00r00         [24] 1512 	lcall	__gptrput
      000201 A3               [24] 1513 	inc	dptr
      000202 09               [12] 1514 	inc	r1
      000203 E7               [12] 1515 	mov	a,@r1
      000204 12r00r00         [24] 1516 	lcall	__gptrput
      000207 A3               [24] 1517 	inc	dptr
      000208 09               [12] 1518 	inc	r1
      000209 E7               [12] 1519 	mov	a,@r1
      00020A 12r00r00         [24] 1520 	lcall	__gptrput
      00020D A3               [24] 1521 	inc	dptr
      00020E 09               [12] 1522 	inc	r1
      00020F E7               [12] 1523 	mov	a,@r1
      000210 12r00r00         [24] 1524 	lcall	__gptrput
                                   1525 ;	/opt/contiki/core/net/llsec/anti-replay.c:96: return 0;
      000213 90 00 00         [24] 1526 	mov	dptr,#0x0000
      000216 02r02r93         [24] 1527 	ljmp	00110$
      000219                       1528 00108$:
                                   1529 ;	/opt/contiki/core/net/llsec/anti-replay.c:100: if(received_counter <= info->last_unicast_counter) {
      000219 E5 81            [12] 1530 	mov	a,sp
      00021B 24 F7            [12] 1531 	add	a,#0xf7
      00021D F8               [12] 1532 	mov	r0,a
      00021E E5 81            [12] 1533 	mov	a,sp
      000220 24 FA            [12] 1534 	add	a,#0xfa
      000222 F9               [12] 1535 	mov	r1,a
      000223 74 04            [12] 1536 	mov	a,#0x04
      000225 26               [12] 1537 	add	a,@r0
      000226 F7               [12] 1538 	mov	@r1,a
      000227 E4               [12] 1539 	clr	a
      000228 08               [12] 1540 	inc	r0
      000229 36               [12] 1541 	addc	a,@r0
      00022A 09               [12] 1542 	inc	r1
      00022B F7               [12] 1543 	mov	@r1,a
      00022C 08               [12] 1544 	inc	r0
      00022D 09               [12] 1545 	inc	r1
      00022E E6               [12] 1546 	mov	a,@r0
      00022F F7               [12] 1547 	mov	@r1,a
      000230 E5 81            [12] 1548 	mov	a,sp
      000232 24 FA            [12] 1549 	add	a,#0xfa
      000234 F8               [12] 1550 	mov	r0,a
      000235 86 82            [24] 1551 	mov	dpl,@r0
      000237 08               [12] 1552 	inc	r0
      000238 86 83            [24] 1553 	mov	dph,@r0
      00023A 08               [12] 1554 	inc	r0
      00023B 86 F0            [24] 1555 	mov	b,@r0
      00023D 12r00r00         [24] 1556 	lcall	__gptrget
      000240 FA               [12] 1557 	mov	r2,a
      000241 A3               [24] 1558 	inc	dptr
      000242 12r00r00         [24] 1559 	lcall	__gptrget
      000245 FB               [12] 1560 	mov	r3,a
      000246 A3               [24] 1561 	inc	dptr
      000247 12r00r00         [24] 1562 	lcall	__gptrget
      00024A FC               [12] 1563 	mov	r4,a
      00024B A3               [24] 1564 	inc	dptr
      00024C 12r00r00         [24] 1565 	lcall	__gptrget
      00024F FF               [12] 1566 	mov	r7,a
      000250 E5 81            [12] 1567 	mov	a,sp
      000252 24 FD            [12] 1568 	add	a,#0xfd
      000254 F8               [12] 1569 	mov	r0,a
      000255 C3               [12] 1570 	clr	c
      000256 EA               [12] 1571 	mov	a,r2
      000257 96               [12] 1572 	subb	a,@r0
      000258 EB               [12] 1573 	mov	a,r3
      000259 08               [12] 1574 	inc	r0
      00025A 96               [12] 1575 	subb	a,@r0
      00025B EC               [12] 1576 	mov	a,r4
      00025C 08               [12] 1577 	inc	r0
      00025D 96               [12] 1578 	subb	a,@r0
      00025E EF               [12] 1579 	mov	a,r7
      00025F 08               [12] 1580 	inc	r0
      000260 96               [12] 1581 	subb	a,@r0
      000261 40 05            [24] 1582 	jc	00105$
                                   1583 ;	/opt/contiki/core/net/llsec/anti-replay.c:101: return 1;
      000263 90 00 01         [24] 1584 	mov	dptr,#0x0001
      000266 80 2B            [24] 1585 	sjmp	00110$
      000268                       1586 00105$:
                                   1587 ;	/opt/contiki/core/net/llsec/anti-replay.c:103: info->last_unicast_counter = received_counter;
      000268 E5 81            [12] 1588 	mov	a,sp
      00026A 24 FA            [12] 1589 	add	a,#0xfa
      00026C F8               [12] 1590 	mov	r0,a
      00026D 86 82            [24] 1591 	mov	dpl,@r0
      00026F 08               [12] 1592 	inc	r0
      000270 86 83            [24] 1593 	mov	dph,@r0
      000272 08               [12] 1594 	inc	r0
      000273 86 F0            [24] 1595 	mov	b,@r0
      000275 E5 81            [12] 1596 	mov	a,sp
      000277 24 FD            [12] 1597 	add	a,#0xfd
      000279 F9               [12] 1598 	mov	r1,a
      00027A E7               [12] 1599 	mov	a,@r1
      00027B 12r00r00         [24] 1600 	lcall	__gptrput
      00027E A3               [24] 1601 	inc	dptr
      00027F 09               [12] 1602 	inc	r1
      000280 E7               [12] 1603 	mov	a,@r1
      000281 12r00r00         [24] 1604 	lcall	__gptrput
      000284 A3               [24] 1605 	inc	dptr
      000285 09               [12] 1606 	inc	r1
      000286 E7               [12] 1607 	mov	a,@r1
      000287 12r00r00         [24] 1608 	lcall	__gptrput
      00028A A3               [24] 1609 	inc	dptr
      00028B 09               [12] 1610 	inc	r1
      00028C E7               [12] 1611 	mov	a,@r1
      00028D 12r00r00         [24] 1612 	lcall	__gptrput
                                   1613 ;	/opt/contiki/core/net/llsec/anti-replay.c:104: return 0;
      000290 90 00 00         [24] 1614 	mov	dptr,#0x0000
      000293                       1615 00110$:
      000293 E5 81            [12] 1616 	mov	a,sp
      000295 24 F6            [12] 1617 	add	a,#0xF6
      000297 F5 81            [12] 1618 	mov	sp,a
      000299 02r00r00         [24] 1619 	ljmp	__sdcc_banked_ret
                                   1620 	.area CSEG    (CODE)
                                   1621 	.area CONST   (CODE)
                                   1622 	.area XINIT   (CODE)
                                   1623 	.area CABS    (ABS,CODE)
