                                      1 ;--------------------------------------------------------
                                      2 ; File Created by SDCC : free open source ANSI-C Compiler
                                      3 ; Version 3.5.5 #9380 (Linux)
                                      4 ; This file was generated Wed Nov 18 02:57:26 2015
                                      5 ;--------------------------------------------------------
                                      6 	.module autostart
                                      7 	.optsdcc -mmcs51 --model-huge
                                      8 	
                                      9 ;--------------------------------------------------------
                                     10 ; Public variables in this module
                                     11 ;--------------------------------------------------------
                                     12 	.globl _process_exit
                                     13 	.globl _process_start
                                     14 	.globl _autostart_start
                                     15 	.globl _autostart_exit
                                     16 ;--------------------------------------------------------
                                     17 ; special function registers
                                     18 ;--------------------------------------------------------
                                     19 	.area RSEG    (ABS,DATA)
      000000                         20 	.org 0x0000
                                     21 ;--------------------------------------------------------
                                     22 ; special function bits
                                     23 ;--------------------------------------------------------
                                     24 	.area RSEG    (ABS,DATA)
      000000                         25 	.org 0x0000
                                     26 ;--------------------------------------------------------
                                     27 ; overlayable register banks
                                     28 ;--------------------------------------------------------
                                     29 	.area REG_BANK_0	(REL,OVR,DATA)
      000000                         30 	.ds 8
                                     31 ;--------------------------------------------------------
                                     32 ; internal ram data
                                     33 ;--------------------------------------------------------
                                     34 	.area DSEG    (DATA)
                                     35 ;--------------------------------------------------------
                                     36 ; overlayable items in internal ram 
                                     37 ;--------------------------------------------------------
                                     38 ;--------------------------------------------------------
                                     39 ; indirectly addressable internal ram data
                                     40 ;--------------------------------------------------------
                                     41 	.area ISEG    (DATA)
                                     42 ;--------------------------------------------------------
                                     43 ; absolute internal ram data
                                     44 ;--------------------------------------------------------
                                     45 	.area IABS    (ABS,DATA)
                                     46 	.area IABS    (ABS,DATA)
                                     47 ;--------------------------------------------------------
                                     48 ; bit data
                                     49 ;--------------------------------------------------------
                                     50 	.area BSEG    (BIT)
                                     51 ;--------------------------------------------------------
                                     52 ; paged external ram data
                                     53 ;--------------------------------------------------------
                                     54 	.area PSEG    (PAG,XDATA)
                                     55 ;--------------------------------------------------------
                                     56 ; external ram data
                                     57 ;--------------------------------------------------------
                                     58 	.area XSEG    (XDATA)
                                     59 ;--------------------------------------------------------
                                     60 ; absolute external ram data
                                     61 ;--------------------------------------------------------
                                     62 	.area XABS    (ABS,XDATA)
                                     63 ;--------------------------------------------------------
                                     64 ; external initialized ram data
                                     65 ;--------------------------------------------------------
                                     66 	.area XISEG   (XDATA)
                                     67 	.area HOME    (CODE)
                                     68 	.area GSINIT0 (CODE)
                                     69 	.area GSINIT1 (CODE)
                                     70 	.area GSINIT2 (CODE)
                                     71 	.area GSINIT3 (CODE)
                                     72 	.area GSINIT4 (CODE)
                                     73 	.area GSINIT5 (CODE)
                                     74 	.area GSINIT  (CODE)
                                     75 	.area GSFINAL (CODE)
                                     76 	.area CSEG    (CODE)
                                     77 ;--------------------------------------------------------
                                     78 ; global & static initialisations
                                     79 ;--------------------------------------------------------
                                     80 	.area HOME    (CODE)
                                     81 	.area GSINIT  (CODE)
                                     82 	.area GSFINAL (CODE)
                                     83 	.area GSINIT  (CODE)
                                     84 ;--------------------------------------------------------
                                     85 ; Home
                                     86 ;--------------------------------------------------------
                                     87 	.area HOME    (CODE)
                                     88 	.area HOME    (CODE)
                                     89 ;--------------------------------------------------------
                                     90 ; code
                                     91 ;--------------------------------------------------------
                                     92 	.area BANK1   (CODE)
                                     93 ;------------------------------------------------------------
                                     94 ;Allocation info for local variables in function 'autostart_start'
                                     95 ;------------------------------------------------------------
                                     96 ;processes                 Allocated to registers r5 r6 r7 
                                     97 ;i                         Allocated to registers 
                                     98 ;------------------------------------------------------------
                                     99 ;	/opt/contiki/core/sys/autostart.c:52: autostart_start(struct process * const processes[])
                                    100 ;	-----------------------------------------
                                    101 ;	 function autostart_start
                                    102 ;	-----------------------------------------
      000000                        103 _autostart_start:
                           000007   104 	ar7 = 0x07
                           000006   105 	ar6 = 0x06
                           000005   106 	ar5 = 0x05
                           000004   107 	ar4 = 0x04
                           000003   108 	ar3 = 0x03
                           000002   109 	ar2 = 0x02
                           000001   110 	ar1 = 0x01
                           000000   111 	ar0 = 0x00
      000000 AD 82            [24]  112 	mov	r5,dpl
      000002 AE 83            [24]  113 	mov	r6,dph
      000004 AF F0            [24]  114 	mov	r7,b
                                    115 ;	/opt/contiki/core/sys/autostart.c:56: for(i = 0; processes[i] != NULL; ++i) {
      000006 E4               [12]  116 	clr	a
      000007 7B 00            [12]  117 	mov	r3,#0x00
      000009 7C 00            [12]  118 	mov	r4,#0x00
      00000B                        119 00103$:
      00000B EB               [12]  120 	mov	a,r3
      00000C 2D               [12]  121 	add	a,r5
      00000D F8               [12]  122 	mov	r0,a
      00000E EC               [12]  123 	mov	a,r4
      00000F 3E               [12]  124 	addc	a,r6
      000010 F9               [12]  125 	mov	r1,a
      000011 8F 02            [24]  126 	mov	ar2,r7
      000013 88 82            [24]  127 	mov	dpl,r0
      000015 89 83            [24]  128 	mov	dph,r1
      000017 8A F0            [24]  129 	mov	b,r2
      000019 12r00r00         [24]  130 	lcall	__gptrget
      00001C F8               [12]  131 	mov	r0,a
      00001D A3               [24]  132 	inc	dptr
      00001E 12r00r00         [24]  133 	lcall	__gptrget
      000021 F9               [12]  134 	mov	r1,a
      000022 A3               [24]  135 	inc	dptr
      000023 12r00r00         [24]  136 	lcall	__gptrget
      000026 FA               [12]  137 	mov	r2,a
      000027 E4               [12]  138 	clr	a
      000028 C0 E0            [24]  139 	push	acc
      00002A C0 E0            [24]  140 	push	acc
      00002C C0 E0            [24]  141 	push	acc
      00002E 88 82            [24]  142 	mov	dpl,r0
      000030 89 83            [24]  143 	mov	dph,r1
      000032 8A F0            [24]  144 	mov	b,r2
      000034 12r00r00         [24]  145 	lcall	___gptr_cmp
      000037 15 81            [12]  146 	dec	sp
      000039 15 81            [12]  147 	dec	sp
      00003B 15 81            [12]  148 	dec	sp
      00003D 60 39            [24]  149 	jz	00105$
                                    150 ;	/opt/contiki/core/sys/autostart.c:57: process_start(processes[i], NULL);
      00003F C0 07            [24]  151 	push	ar7
      000041 C0 06            [24]  152 	push	ar6
      000043 C0 05            [24]  153 	push	ar5
      000045 C0 04            [24]  154 	push	ar4
      000047 C0 03            [24]  155 	push	ar3
      000049 E4               [12]  156 	clr	a
      00004A C0 E0            [24]  157 	push	acc
      00004C C0 E0            [24]  158 	push	acc
      00004E C0 E0            [24]  159 	push	acc
      000050 88 82            [24]  160 	mov	dpl,r0
      000052 89 83            [24]  161 	mov	dph,r1
      000054 8A F0            [24]  162 	mov	b,r2
      000056 78r00            [12]  163 	mov	r0,#_process_start
      000058 79s00            [12]  164 	mov	r1,#(_process_start >> 8)
      00005A 7As00            [12]  165 	mov	r2,#(_process_start >> 16)
      00005C 12r00r00         [24]  166 	lcall	__sdcc_banked_call
      00005F 15 81            [12]  167 	dec	sp
      000061 15 81            [12]  168 	dec	sp
      000063 15 81            [12]  169 	dec	sp
      000065 D0 03            [24]  170 	pop	ar3
      000067 D0 04            [24]  171 	pop	ar4
      000069 D0 05            [24]  172 	pop	ar5
      00006B D0 06            [24]  173 	pop	ar6
      00006D D0 07            [24]  174 	pop	ar7
                                    175 ;	/opt/contiki/core/sys/autostart.c:56: for(i = 0; processes[i] != NULL; ++i) {
      00006F 74 03            [12]  176 	mov	a,#0x03
      000071 2B               [12]  177 	add	a,r3
      000072 FB               [12]  178 	mov	r3,a
      000073 E4               [12]  179 	clr	a
      000074 3C               [12]  180 	addc	a,r4
      000075 FC               [12]  181 	mov	r4,a
      000076 80 93            [24]  182 	sjmp	00103$
      000078                        183 00105$:
      000078 02r00r00         [24]  184 	ljmp	__sdcc_banked_ret
                                    185 ;------------------------------------------------------------
                                    186 ;Allocation info for local variables in function 'autostart_exit'
                                    187 ;------------------------------------------------------------
                                    188 ;processes                 Allocated to registers r5 r6 r7 
                                    189 ;i                         Allocated to registers 
                                    190 ;------------------------------------------------------------
                                    191 ;	/opt/contiki/core/sys/autostart.c:63: autostart_exit(struct process * const processes[])
                                    192 ;	-----------------------------------------
                                    193 ;	 function autostart_exit
                                    194 ;	-----------------------------------------
      00007B                        195 _autostart_exit:
      00007B AD 82            [24]  196 	mov	r5,dpl
      00007D AE 83            [24]  197 	mov	r6,dph
      00007F AF F0            [24]  198 	mov	r7,b
                                    199 ;	/opt/contiki/core/sys/autostart.c:67: for(i = 0; processes[i] != NULL; ++i) {
      000081 E4               [12]  200 	clr	a
      000082 7B 00            [12]  201 	mov	r3,#0x00
      000084 7C 00            [12]  202 	mov	r4,#0x00
      000086                        203 00103$:
      000086 EB               [12]  204 	mov	a,r3
      000087 2D               [12]  205 	add	a,r5
      000088 F8               [12]  206 	mov	r0,a
      000089 EC               [12]  207 	mov	a,r4
      00008A 3E               [12]  208 	addc	a,r6
      00008B F9               [12]  209 	mov	r1,a
      00008C 8F 02            [24]  210 	mov	ar2,r7
      00008E 88 82            [24]  211 	mov	dpl,r0
      000090 89 83            [24]  212 	mov	dph,r1
      000092 8A F0            [24]  213 	mov	b,r2
      000094 12r00r00         [24]  214 	lcall	__gptrget
      000097 F8               [12]  215 	mov	r0,a
      000098 A3               [24]  216 	inc	dptr
      000099 12r00r00         [24]  217 	lcall	__gptrget
      00009C F9               [12]  218 	mov	r1,a
      00009D A3               [24]  219 	inc	dptr
      00009E 12r00r00         [24]  220 	lcall	__gptrget
      0000A1 FA               [12]  221 	mov	r2,a
      0000A2 E4               [12]  222 	clr	a
      0000A3 C0 E0            [24]  223 	push	acc
      0000A5 C0 E0            [24]  224 	push	acc
      0000A7 C0 E0            [24]  225 	push	acc
      0000A9 88 82            [24]  226 	mov	dpl,r0
      0000AB 89 83            [24]  227 	mov	dph,r1
      0000AD 8A F0            [24]  228 	mov	b,r2
      0000AF 12r00r00         [24]  229 	lcall	___gptr_cmp
      0000B2 15 81            [12]  230 	dec	sp
      0000B4 15 81            [12]  231 	dec	sp
      0000B6 15 81            [12]  232 	dec	sp
      0000B8 60 2C            [24]  233 	jz	00105$
                                    234 ;	/opt/contiki/core/sys/autostart.c:68: process_exit(processes[i]);
      0000BA 88 82            [24]  235 	mov	dpl,r0
      0000BC 89 83            [24]  236 	mov	dph,r1
      0000BE 8A F0            [24]  237 	mov	b,r2
      0000C0 C0 07            [24]  238 	push	ar7
      0000C2 C0 06            [24]  239 	push	ar6
      0000C4 C0 05            [24]  240 	push	ar5
      0000C6 C0 04            [24]  241 	push	ar4
      0000C8 C0 03            [24]  242 	push	ar3
      0000CA 78r00            [12]  243 	mov	r0,#_process_exit
      0000CC 79s00            [12]  244 	mov	r1,#(_process_exit >> 8)
      0000CE 7As00            [12]  245 	mov	r2,#(_process_exit >> 16)
      0000D0 12r00r00         [24]  246 	lcall	__sdcc_banked_call
      0000D3 D0 03            [24]  247 	pop	ar3
      0000D5 D0 04            [24]  248 	pop	ar4
      0000D7 D0 05            [24]  249 	pop	ar5
      0000D9 D0 06            [24]  250 	pop	ar6
      0000DB D0 07            [24]  251 	pop	ar7
                                    252 ;	/opt/contiki/core/sys/autostart.c:67: for(i = 0; processes[i] != NULL; ++i) {
      0000DD 74 03            [12]  253 	mov	a,#0x03
      0000DF 2B               [12]  254 	add	a,r3
      0000E0 FB               [12]  255 	mov	r3,a
      0000E1 E4               [12]  256 	clr	a
      0000E2 3C               [12]  257 	addc	a,r4
      0000E3 FC               [12]  258 	mov	r4,a
      0000E4 80 A0            [24]  259 	sjmp	00103$
      0000E6                        260 00105$:
      0000E6 02r00r00         [24]  261 	ljmp	__sdcc_banked_ret
                                    262 	.area CSEG    (CODE)
                                    263 	.area CONST   (CODE)
                                    264 	.area XINIT   (CODE)
                                    265 	.area CABS    (ABS,CODE)
