                                      1 ;--------------------------------------------------------
                                      2 ; File Created by SDCC : free open source ANSI-C Compiler
                                      3 ; Version 3.5.5 #9380 (Linux)
                                      4 ; This file was generated Wed Nov 18 02:57:29 2015
                                      5 ;--------------------------------------------------------
                                      6 	.module broadcast
                                      7 	.optsdcc -mmcs51 --model-huge
                                      8 	
                                      9 ;--------------------------------------------------------
                                     10 ; Public variables in this module
                                     11 ;--------------------------------------------------------
                                     12 	.globl _abc_send
                                     13 	.globl _abc_close
                                     14 	.globl _abc_open
                                     15 	.globl _channel_set_attributes
                                     16 	.globl _packetbuf_addr
                                     17 	.globl _packetbuf_set_addr
                                     18 	.globl _linkaddr_copy
                                     19 	.globl _ACTIVE
                                     20 	.globl _TX_BYTE
                                     21 	.globl _RX_BYTE
                                     22 	.globl _ERR
                                     23 	.globl _FE
                                     24 	.globl _SLAVE
                                     25 	.globl _RE
                                     26 	.globl _MODE
                                     27 	.globl _T3OVFIF
                                     28 	.globl _T3CH0IF
                                     29 	.globl _T3CH1IF
                                     30 	.globl _T4OVFIF
                                     31 	.globl _T4CH0IF
                                     32 	.globl _T4CH1IF
                                     33 	.globl _OVFIM
                                     34 	.globl _B_0
                                     35 	.globl _B_1
                                     36 	.globl _B_2
                                     37 	.globl _B_3
                                     38 	.globl _B_4
                                     39 	.globl _B_5
                                     40 	.globl _B_6
                                     41 	.globl _B_7
                                     42 	.globl _P2IF
                                     43 	.globl _UTX0IF
                                     44 	.globl _UTX1IF
                                     45 	.globl _P1IF
                                     46 	.globl _WDTIF
                                     47 	.globl _ACC_0
                                     48 	.globl _ACC_1
                                     49 	.globl _ACC_2
                                     50 	.globl _ACC_3
                                     51 	.globl _ACC_4
                                     52 	.globl _ACC_5
                                     53 	.globl _ACC_6
                                     54 	.globl _ACC_7
                                     55 	.globl _P
                                     56 	.globl _F1
                                     57 	.globl _OV
                                     58 	.globl _RS0
                                     59 	.globl _RS1
                                     60 	.globl _F0
                                     61 	.globl _AC
                                     62 	.globl _CY
                                     63 	.globl _DMAIF
                                     64 	.globl _T1IF
                                     65 	.globl _T2IF
                                     66 	.globl _T3IF
                                     67 	.globl _T4IF
                                     68 	.globl _P0IF
                                     69 	.globl _STIF
                                     70 	.globl _DMAIE
                                     71 	.globl _T1IE
                                     72 	.globl _T2IE
                                     73 	.globl _T3IE
                                     74 	.globl _T4IE
                                     75 	.globl _P0IE
                                     76 	.globl _RFERRIE
                                     77 	.globl _ADCIE
                                     78 	.globl _URX0IE
                                     79 	.globl _URX1IE
                                     80 	.globl _ENCIE
                                     81 	.globl _STIE
                                     82 	.globl _EA
                                     83 	.globl _P2_0
                                     84 	.globl _P2_1
                                     85 	.globl _P2_2
                                     86 	.globl _P2_3
                                     87 	.globl _P2_4
                                     88 	.globl _P2_5
                                     89 	.globl _P2_6
                                     90 	.globl _P2_7
                                     91 	.globl _ENCIF_0
                                     92 	.globl _ENCIF_1
                                     93 	.globl _P1_0
                                     94 	.globl _P1_1
                                     95 	.globl _P1_2
                                     96 	.globl _P1_3
                                     97 	.globl _P1_4
                                     98 	.globl _P1_5
                                     99 	.globl _P1_6
                                    100 	.globl _P1_7
                                    101 	.globl _IT0
                                    102 	.globl _RFERRIF
                                    103 	.globl _IT1
                                    104 	.globl _URX0IF
                                    105 	.globl _ADCIF
                                    106 	.globl _URX1IF
                                    107 	.globl _P0_0
                                    108 	.globl _P0_1
                                    109 	.globl _P0_2
                                    110 	.globl _P0_3
                                    111 	.globl _P0_4
                                    112 	.globl _P0_5
                                    113 	.globl _P0_6
                                    114 	.globl _P0_7
                                    115 	.globl _WDCTL
                                    116 	.globl _U1GCR
                                    117 	.globl _U1UCR
                                    118 	.globl _U1BAUD
                                    119 	.globl _U1DBUF
                                    120 	.globl _U1CSR
                                    121 	.globl _U0GCR
                                    122 	.globl _U0UCR
                                    123 	.globl _U0BAUD
                                    124 	.globl _U0DBUF
                                    125 	.globl _U0CSR
                                    126 	.globl _TIMIF
                                    127 	.globl _T4CC1
                                    128 	.globl _T4CCTL1
                                    129 	.globl _T4CC0
                                    130 	.globl _T4CCTL0
                                    131 	.globl _T4CTL
                                    132 	.globl _T4CNT
                                    133 	.globl _T3CC1
                                    134 	.globl _T3CCTL1
                                    135 	.globl _T3CC0
                                    136 	.globl _T3CCTL0
                                    137 	.globl _T3CTL
                                    138 	.globl _T3CNT
                                    139 	.globl _T2MSEL
                                    140 	.globl _T2IRQM
                                    141 	.globl _T2MOVF2
                                    142 	.globl _T2MOVF1
                                    143 	.globl _T2MOVF0
                                    144 	.globl _T2M1
                                    145 	.globl _T2M0
                                    146 	.globl _T2IRQF
                                    147 	.globl _T2EVTCFG
                                    148 	.globl _T2CTRL
                                    149 	.globl _T1STAT
                                    150 	.globl _T1CCTL2
                                    151 	.globl _T1CCTL1
                                    152 	.globl _T1CCTL0
                                    153 	.globl _T1CTL
                                    154 	.globl _T1CNTH
                                    155 	.globl _T1CNTL
                                    156 	.globl _T1CC2H
                                    157 	.globl _T1CC2L
                                    158 	.globl _T1CC1H
                                    159 	.globl _T1CC1L
                                    160 	.globl _T1CC0H
                                    161 	.globl _T1CC0L
                                    162 	.globl _CLKCONSTA
                                    163 	.globl _CLKCONCMD
                                    164 	.globl _SLEEPSTA
                                    165 	.globl _SLEEPCMD
                                    166 	.globl _STLOAD
                                    167 	.globl _ST2
                                    168 	.globl _ST1
                                    169 	.globl _ST0
                                    170 	.globl _RFERRF
                                    171 	.globl _RFIRQF0
                                    172 	.globl _RFST
                                    173 	.globl _RFD
                                    174 	.globl _RFIRQF1
                                    175 	.globl _PSBANK
                                    176 	.globl _FMAP
                                    177 	.globl _MEMCTR
                                    178 	.globl __XPAGE
                                    179 	.globl _MPAGE
                                    180 	.globl _PMUX
                                    181 	.globl _P2DIR
                                    182 	.globl _P1DIR
                                    183 	.globl _P0DIR
                                    184 	.globl _P2INP
                                    185 	.globl _P1INP
                                    186 	.globl _P2SEL
                                    187 	.globl _P1SEL
                                    188 	.globl _P0SEL
                                    189 	.globl _APCFG
                                    190 	.globl _PERCFG
                                    191 	.globl _P0INP
                                    192 	.globl _P2IEN
                                    193 	.globl _P1IEN
                                    194 	.globl _P0IEN
                                    195 	.globl _PICTL
                                    196 	.globl _P2IFG
                                    197 	.globl _P1IFG
                                    198 	.globl _P0IFG
                                    199 	.globl _DMAREQ
                                    200 	.globl _DMAARM
                                    201 	.globl _DMA0CFGH
                                    202 	.globl _DMA0CFGL
                                    203 	.globl _DMA1CFGH
                                    204 	.globl _DMA1CFGL
                                    205 	.globl _DMAIRQ
                                    206 	.globl _ENCCS
                                    207 	.globl _ENCDO
                                    208 	.globl _ENCDI
                                    209 	.globl _RNDH
                                    210 	.globl _RNDL
                                    211 	.globl _ADCH
                                    212 	.globl _ADCL
                                    213 	.globl _ADCCON3
                                    214 	.globl _ADCCON2
                                    215 	.globl _ADCCON1
                                    216 	.globl _B
                                    217 	.globl _IRCON2
                                    218 	.globl _ACC
                                    219 	.globl _PSW
                                    220 	.globl _IRCON
                                    221 	.globl _IP1
                                    222 	.globl _IEN1
                                    223 	.globl _IP0
                                    224 	.globl _IEN0
                                    225 	.globl _P2
                                    226 	.globl _S1CON
                                    227 	.globl _IEN2
                                    228 	.globl _S0CON
                                    229 	.globl _DPS
                                    230 	.globl _P1
                                    231 	.globl _TCON
                                    232 	.globl _PCON
                                    233 	.globl _DPH1
                                    234 	.globl _DPL1
                                    235 	.globl _DPH0
                                    236 	.globl _DPL0
                                    237 	.globl _SP
                                    238 	.globl _P0
                                    239 	.globl _X_IEEE_ADDR
                                    240 	.globl _X_INFOPAGE
                                    241 	.globl _X_P2DIR
                                    242 	.globl _X_P1DIR
                                    243 	.globl _X_P0DIR
                                    244 	.globl _X_U1GCR
                                    245 	.globl _X_U1UCR
                                    246 	.globl _X_U1BAUD
                                    247 	.globl _X_U1DBUF
                                    248 	.globl _X_U1CSR
                                    249 	.globl _X_P2INP
                                    250 	.globl _X_P1INP
                                    251 	.globl _X_P2SEL
                                    252 	.globl _X_P1SEL
                                    253 	.globl _X_P0SEL
                                    254 	.globl _X_APCFG
                                    255 	.globl _X_PERCFG
                                    256 	.globl _X_T4CC1
                                    257 	.globl _X_T4CCTL1
                                    258 	.globl _X_T4CC0
                                    259 	.globl _X_T4CCTL0
                                    260 	.globl _X_T4CTL
                                    261 	.globl _X_T4CNT
                                    262 	.globl _X_RFIRQF0
                                    263 	.globl _X_T1CCTL2
                                    264 	.globl _X_T1CCTL1
                                    265 	.globl _X_T1CCTL0
                                    266 	.globl _X_T1CTL
                                    267 	.globl _X_T1CNTH
                                    268 	.globl _X_T1CNTL
                                    269 	.globl _X_RFST
                                    270 	.globl _X_T1CC2H
                                    271 	.globl _X_T1CC2L
                                    272 	.globl _X_T1CC1H
                                    273 	.globl _X_T1CC1L
                                    274 	.globl _X_T1CC0H
                                    275 	.globl _X_T1CC0L
                                    276 	.globl _X_RFD
                                    277 	.globl _X_TIMIF
                                    278 	.globl _X_DMAREQ
                                    279 	.globl _X_DMAARM
                                    280 	.globl _X_DMA0CFGH
                                    281 	.globl _X_DMA0CFGL
                                    282 	.globl _X_DMA1CFGH
                                    283 	.globl _X_DMA1CFGL
                                    284 	.globl _X_DMAIRQ
                                    285 	.globl _X_T3CC1
                                    286 	.globl _X_T3CCTL1
                                    287 	.globl _X_T3CC0
                                    288 	.globl _X_T3CCTL0
                                    289 	.globl _X_T3CTL
                                    290 	.globl _X_T3CNT
                                    291 	.globl _X_WDCTL
                                    292 	.globl _X_MEMCTR
                                    293 	.globl _X_CLKCONCMD
                                    294 	.globl _X_U0GCR
                                    295 	.globl _X_U0UCR
                                    296 	.globl _X_T2MSEL
                                    297 	.globl _X_U0BAUD
                                    298 	.globl _X_U0DBUF
                                    299 	.globl _X_RFERRF
                                    300 	.globl _X_SLEEPCMD
                                    301 	.globl _X_RNDH
                                    302 	.globl _X_RNDL
                                    303 	.globl _X_ADCH
                                    304 	.globl _X_ADCL
                                    305 	.globl _X_ADCCON3
                                    306 	.globl _X_ADCCON2
                                    307 	.globl _X_ADCCON1
                                    308 	.globl _X_ENCCS
                                    309 	.globl _X_ENCDO
                                    310 	.globl _X_ENCDI
                                    311 	.globl _X_T1STAT
                                    312 	.globl _X_PMUX
                                    313 	.globl _X_STLOAD
                                    314 	.globl _X_P2IEN
                                    315 	.globl _X_P0IEN
                                    316 	.globl _X_T2IRQM
                                    317 	.globl _X_T2MOVF2
                                    318 	.globl _X_T2MOVF1
                                    319 	.globl _X_T2MOVF0
                                    320 	.globl _X_T2M1
                                    321 	.globl _X_T2M0
                                    322 	.globl _X_T2IRQF
                                    323 	.globl _X_P2
                                    324 	.globl _X_PSBANK
                                    325 	.globl _X_FMAP
                                    326 	.globl _X_CLKCONSTA
                                    327 	.globl _X_SLEEPSTA
                                    328 	.globl _X_T2EVTCFG
                                    329 	.globl _X_ST2
                                    330 	.globl _X_ST1
                                    331 	.globl _X_ST0
                                    332 	.globl _X_T2CTRL
                                    333 	.globl _X__XPAGE
                                    334 	.globl _X_MPAGE
                                    335 	.globl _X_RFIRQF1
                                    336 	.globl _X_P1
                                    337 	.globl _X_P0INP
                                    338 	.globl _X_P1IEN
                                    339 	.globl _X_PICTL
                                    340 	.globl _X_P2IFG
                                    341 	.globl _X_P1IFG
                                    342 	.globl _X_P0IFG
                                    343 	.globl _X_U0CSR
                                    344 	.globl _X_P0
                                    345 	.globl _USBF5
                                    346 	.globl _USBF4
                                    347 	.globl _USBF3
                                    348 	.globl _USBF2
                                    349 	.globl _USBF1
                                    350 	.globl _USBF0
                                    351 	.globl _USBCNTH
                                    352 	.globl _USBCNTL
                                    353 	.globl _USBCNT0
                                    354 	.globl _USBCSOH
                                    355 	.globl _USBCSOL
                                    356 	.globl _USBMAXO
                                    357 	.globl _USBCSIH
                                    358 	.globl _USBCSIL
                                    359 	.globl _USBCS0
                                    360 	.globl _USBMAXI
                                    361 	.globl _USBCTRL
                                    362 	.globl _USBINDEX
                                    363 	.globl _USBFRMH
                                    364 	.globl _USBFRML
                                    365 	.globl _USBCIE
                                    366 	.globl _USBOIE
                                    367 	.globl _USBIIE
                                    368 	.globl _USBCIF
                                    369 	.globl _USBOIF
                                    370 	.globl _USBIIF
                                    371 	.globl _USBPOW
                                    372 	.globl _USBADDR
                                    373 	.globl _CSPT
                                    374 	.globl _CSPZ
                                    375 	.globl _CSPY
                                    376 	.globl _CSPX
                                    377 	.globl _CSPSTAT
                                    378 	.globl _CSPCTRL
                                    379 	.globl _CSPPROG23
                                    380 	.globl _CSPPROG22
                                    381 	.globl _CSPPROG21
                                    382 	.globl _CSPPROG20
                                    383 	.globl _CSPPROG19
                                    384 	.globl _CSPPROG18
                                    385 	.globl _CSPPROG17
                                    386 	.globl _CSPPROG16
                                    387 	.globl _CSPPROG15
                                    388 	.globl _CSPPROG14
                                    389 	.globl _CSPPROG13
                                    390 	.globl _CSPPROG12
                                    391 	.globl _CSPPROG11
                                    392 	.globl _CSPPROG10
                                    393 	.globl _CSPPROG9
                                    394 	.globl _CSPPROG8
                                    395 	.globl _CSPPROG7
                                    396 	.globl _CSPPROG6
                                    397 	.globl _CSPPROG5
                                    398 	.globl _CSPPROG4
                                    399 	.globl _CSPPROG3
                                    400 	.globl _CSPPROG2
                                    401 	.globl _CSPPROG1
                                    402 	.globl _CSPPROG0
                                    403 	.globl _RFC_OBS_CTRL2
                                    404 	.globl _RFC_OBS_CTRL1
                                    405 	.globl _RFC_OBS_CTRL0
                                    406 	.globl _TXFILTCFG
                                    407 	.globl _PTEST1
                                    408 	.globl _PTEST0
                                    409 	.globl _ATEST
                                    410 	.globl _DACTEST2
                                    411 	.globl _DACTEST1
                                    412 	.globl _DACTEST0
                                    413 	.globl _MDMTEST1
                                    414 	.globl _MDMTEST0
                                    415 	.globl _ADCTEST2
                                    416 	.globl _ADCTEST1
                                    417 	.globl _ADCTEST0
                                    418 	.globl _AGCCTRL3
                                    419 	.globl _AGCCTRL2
                                    420 	.globl _AGCCTRL1
                                    421 	.globl _AGCCTRL0
                                    422 	.globl _FSCAL3
                                    423 	.globl _FSCAL2
                                    424 	.globl _FSCAL1
                                    425 	.globl _FSCAL0
                                    426 	.globl _FSCTRL
                                    427 	.globl _RXCTRL
                                    428 	.globl _FREQEST
                                    429 	.globl _MDMCTRL1
                                    430 	.globl _MDMCTRL0
                                    431 	.globl _RFRND
                                    432 	.globl _RFERRM
                                    433 	.globl _RFIRQM1
                                    434 	.globl _RFIRQM0
                                    435 	.globl _TXLAST_PTR
                                    436 	.globl _TXFIRST_PTR
                                    437 	.globl _RXP1_PTR
                                    438 	.globl _RXLAST_PTR
                                    439 	.globl _RXFIRST_PTR
                                    440 	.globl _TXFIFOCNT
                                    441 	.globl _RXFIFOCNT
                                    442 	.globl _RXFIRST
                                    443 	.globl _RSSISTAT
                                    444 	.globl _RSSI
                                    445 	.globl _CCACTRL1
                                    446 	.globl _CCACTRL0
                                    447 	.globl _FSMCTRL
                                    448 	.globl _FIFOPCTRL
                                    449 	.globl _FSMSTAT1
                                    450 	.globl _FSMSTAT0
                                    451 	.globl _TXCTRL
                                    452 	.globl _TXPOWER
                                    453 	.globl _FREQCTRL
                                    454 	.globl _FREQTUNE
                                    455 	.globl _RXMASKCLR
                                    456 	.globl _RXMASKSET
                                    457 	.globl _RXENABLE
                                    458 	.globl _FRMCTRL1
                                    459 	.globl _FRMCTRL0
                                    460 	.globl _SRCEXTEN2
                                    461 	.globl _SRCEXTEN1
                                    462 	.globl _SRCEXTEN0
                                    463 	.globl _SRCSHORTEN2
                                    464 	.globl _SRCSHORTEN1
                                    465 	.globl _SRCSHORTEN0
                                    466 	.globl _SRCMATCH
                                    467 	.globl _FRMFILT1
                                    468 	.globl _FRMFILT0
                                    469 	.globl _SHORT_ADDR1
                                    470 	.globl _SHORT_ADDR0
                                    471 	.globl _PAN_ID1
                                    472 	.globl _PAN_ID0
                                    473 	.globl _EXT_ADDR7
                                    474 	.globl _EXT_ADDR6
                                    475 	.globl _EXT_ADDR5
                                    476 	.globl _EXT_ADDR4
                                    477 	.globl _EXT_ADDR3
                                    478 	.globl _EXT_ADDR2
                                    479 	.globl _EXT_ADDR1
                                    480 	.globl _EXT_ADDR0
                                    481 	.globl _SRCSHORTPENDEN2
                                    482 	.globl _SRCSHORTPENDEN1
                                    483 	.globl _SRCSHORTPENDEN0
                                    484 	.globl _SRCEXTPENDEN2
                                    485 	.globl _SRCEXTPENDEN1
                                    486 	.globl _SRCEXTPENDEN0
                                    487 	.globl _SRCRESINDEX
                                    488 	.globl _SRCRESMASK2
                                    489 	.globl _SRCRESMASK1
                                    490 	.globl _SRCRESMASK0
                                    491 	.globl _SRC_ADDR_TABLE
                                    492 	.globl _TXFIFO
                                    493 	.globl _RXFIFO
                                    494 	.globl _RFCORE_RAM
                                    495 	.globl _CMPCTL
                                    496 	.globl _OPAMPS
                                    497 	.globl _OPAMPC
                                    498 	.globl _STCV2
                                    499 	.globl _STCV1
                                    500 	.globl _STCV0
                                    501 	.globl _STCS
                                    502 	.globl _STCC
                                    503 	.globl _T1CC4H
                                    504 	.globl _T1CC4L
                                    505 	.globl _T1CC3H
                                    506 	.globl _T1CC3L
                                    507 	.globl _XX_T1CC2H
                                    508 	.globl _XX_T1CC2L
                                    509 	.globl _XX_T1CC1H
                                    510 	.globl _XX_T1CC1L
                                    511 	.globl _XX_T1CC0H
                                    512 	.globl _XX_T1CC0L
                                    513 	.globl _T1CCTL4
                                    514 	.globl _T1CCTL3
                                    515 	.globl _XX_T1CCTL2
                                    516 	.globl _XX_T1CCTL1
                                    517 	.globl _XX_T1CCTL0
                                    518 	.globl _CLD
                                    519 	.globl _IRCTL
                                    520 	.globl _CHIPINFO1
                                    521 	.globl _CHIPINFO0
                                    522 	.globl _FWDATA
                                    523 	.globl _FADDRH
                                    524 	.globl _FADDRL
                                    525 	.globl _FCTL
                                    526 	.globl _IVCTRL
                                    527 	.globl _BATTMON
                                    528 	.globl _SRCRC
                                    529 	.globl _DBGDATA
                                    530 	.globl _TESTREG0
                                    531 	.globl _CHIPID
                                    532 	.globl _CHVER
                                    533 	.globl _OBSSEL5
                                    534 	.globl _OBSSEL4
                                    535 	.globl _OBSSEL3
                                    536 	.globl _OBSSEL2
                                    537 	.globl _OBSSEL1
                                    538 	.globl _OBSSEL0
                                    539 	.globl _I2CIO
                                    540 	.globl _I2CWC
                                    541 	.globl _I2CADDR
                                    542 	.globl _I2CDATA
                                    543 	.globl _I2CSTAT
                                    544 	.globl _I2CCFG
                                    545 	.globl _OPAMPMC
                                    546 	.globl _MONMUX
                                    547 	.globl _broadcast_open
                                    548 	.globl _broadcast_close
                                    549 	.globl _broadcast_send
                                    550 ;--------------------------------------------------------
                                    551 ; special function registers
                                    552 ;--------------------------------------------------------
                                    553 	.area RSEG    (ABS,DATA)
      000000                        554 	.org 0x0000
                           000080   555 _P0	=	0x0080
                           000081   556 _SP	=	0x0081
                           000082   557 _DPL0	=	0x0082
                           000083   558 _DPH0	=	0x0083
                           000084   559 _DPL1	=	0x0084
                           000085   560 _DPH1	=	0x0085
                           000087   561 _PCON	=	0x0087
                           000088   562 _TCON	=	0x0088
                           000090   563 _P1	=	0x0090
                           000092   564 _DPS	=	0x0092
                           000098   565 _S0CON	=	0x0098
                           00009A   566 _IEN2	=	0x009a
                           00009B   567 _S1CON	=	0x009b
                           0000A0   568 _P2	=	0x00a0
                           0000A8   569 _IEN0	=	0x00a8
                           0000A9   570 _IP0	=	0x00a9
                           0000B8   571 _IEN1	=	0x00b8
                           0000B9   572 _IP1	=	0x00b9
                           0000C0   573 _IRCON	=	0x00c0
                           0000D0   574 _PSW	=	0x00d0
                           0000E0   575 _ACC	=	0x00e0
                           0000E8   576 _IRCON2	=	0x00e8
                           0000F0   577 _B	=	0x00f0
                           0000B4   578 _ADCCON1	=	0x00b4
                           0000B5   579 _ADCCON2	=	0x00b5
                           0000B6   580 _ADCCON3	=	0x00b6
                           0000BA   581 _ADCL	=	0x00ba
                           0000BB   582 _ADCH	=	0x00bb
                           0000BC   583 _RNDL	=	0x00bc
                           0000BD   584 _RNDH	=	0x00bd
                           0000B1   585 _ENCDI	=	0x00b1
                           0000B2   586 _ENCDO	=	0x00b2
                           0000B3   587 _ENCCS	=	0x00b3
                           0000D1   588 _DMAIRQ	=	0x00d1
                           0000D2   589 _DMA1CFGL	=	0x00d2
                           0000D3   590 _DMA1CFGH	=	0x00d3
                           0000D4   591 _DMA0CFGL	=	0x00d4
                           0000D5   592 _DMA0CFGH	=	0x00d5
                           0000D6   593 _DMAARM	=	0x00d6
                           0000D7   594 _DMAREQ	=	0x00d7
                           000089   595 _P0IFG	=	0x0089
                           00008A   596 _P1IFG	=	0x008a
                           00008B   597 _P2IFG	=	0x008b
                           00008C   598 _PICTL	=	0x008c
                           0000AB   599 _P0IEN	=	0x00ab
                           00008D   600 _P1IEN	=	0x008d
                           0000AC   601 _P2IEN	=	0x00ac
                           00008F   602 _P0INP	=	0x008f
                           0000F1   603 _PERCFG	=	0x00f1
                           0000F2   604 _APCFG	=	0x00f2
                           0000F3   605 _P0SEL	=	0x00f3
                           0000F4   606 _P1SEL	=	0x00f4
                           0000F5   607 _P2SEL	=	0x00f5
                           0000F6   608 _P1INP	=	0x00f6
                           0000F7   609 _P2INP	=	0x00f7
                           0000FD   610 _P0DIR	=	0x00fd
                           0000FE   611 _P1DIR	=	0x00fe
                           0000FF   612 _P2DIR	=	0x00ff
                           0000AE   613 _PMUX	=	0x00ae
                           000093   614 _MPAGE	=	0x0093
                           000093   615 __XPAGE	=	0x0093
                           0000C7   616 _MEMCTR	=	0x00c7
                           00009F   617 _FMAP	=	0x009f
                           00009F   618 _PSBANK	=	0x009f
                           000091   619 _RFIRQF1	=	0x0091
                           0000D9   620 _RFD	=	0x00d9
                           0000E1   621 _RFST	=	0x00e1
                           0000E9   622 _RFIRQF0	=	0x00e9
                           0000BF   623 _RFERRF	=	0x00bf
                           000095   624 _ST0	=	0x0095
                           000096   625 _ST1	=	0x0096
                           000097   626 _ST2	=	0x0097
                           0000AD   627 _STLOAD	=	0x00ad
                           0000BE   628 _SLEEPCMD	=	0x00be
                           00009D   629 _SLEEPSTA	=	0x009d
                           0000C6   630 _CLKCONCMD	=	0x00c6
                           00009E   631 _CLKCONSTA	=	0x009e
                           0000DA   632 _T1CC0L	=	0x00da
                           0000DB   633 _T1CC0H	=	0x00db
                           0000DC   634 _T1CC1L	=	0x00dc
                           0000DD   635 _T1CC1H	=	0x00dd
                           0000DE   636 _T1CC2L	=	0x00de
                           0000DF   637 _T1CC2H	=	0x00df
                           0000E2   638 _T1CNTL	=	0x00e2
                           0000E3   639 _T1CNTH	=	0x00e3
                           0000E4   640 _T1CTL	=	0x00e4
                           0000E5   641 _T1CCTL0	=	0x00e5
                           0000E6   642 _T1CCTL1	=	0x00e6
                           0000E7   643 _T1CCTL2	=	0x00e7
                           0000AF   644 _T1STAT	=	0x00af
                           000094   645 _T2CTRL	=	0x0094
                           00009C   646 _T2EVTCFG	=	0x009c
                           0000A1   647 _T2IRQF	=	0x00a1
                           0000A2   648 _T2M0	=	0x00a2
                           0000A3   649 _T2M1	=	0x00a3
                           0000A4   650 _T2MOVF0	=	0x00a4
                           0000A5   651 _T2MOVF1	=	0x00a5
                           0000A6   652 _T2MOVF2	=	0x00a6
                           0000A7   653 _T2IRQM	=	0x00a7
                           0000C3   654 _T2MSEL	=	0x00c3
                           0000CA   655 _T3CNT	=	0x00ca
                           0000CB   656 _T3CTL	=	0x00cb
                           0000CC   657 _T3CCTL0	=	0x00cc
                           0000CD   658 _T3CC0	=	0x00cd
                           0000CE   659 _T3CCTL1	=	0x00ce
                           0000CF   660 _T3CC1	=	0x00cf
                           0000EA   661 _T4CNT	=	0x00ea
                           0000EB   662 _T4CTL	=	0x00eb
                           0000EC   663 _T4CCTL0	=	0x00ec
                           0000ED   664 _T4CC0	=	0x00ed
                           0000EE   665 _T4CCTL1	=	0x00ee
                           0000EF   666 _T4CC1	=	0x00ef
                           0000D8   667 _TIMIF	=	0x00d8
                           000086   668 _U0CSR	=	0x0086
                           0000C1   669 _U0DBUF	=	0x00c1
                           0000C2   670 _U0BAUD	=	0x00c2
                           0000C4   671 _U0UCR	=	0x00c4
                           0000C5   672 _U0GCR	=	0x00c5
                           0000F8   673 _U1CSR	=	0x00f8
                           0000F9   674 _U1DBUF	=	0x00f9
                           0000FA   675 _U1BAUD	=	0x00fa
                           0000FB   676 _U1UCR	=	0x00fb
                           0000FC   677 _U1GCR	=	0x00fc
                           0000C9   678 _WDCTL	=	0x00c9
                                    679 ;--------------------------------------------------------
                                    680 ; special function bits
                                    681 ;--------------------------------------------------------
                                    682 	.area RSEG    (ABS,DATA)
      000000                        683 	.org 0x0000
                           000087   684 _P0_7	=	0x0087
                           000086   685 _P0_6	=	0x0086
                           000085   686 _P0_5	=	0x0085
                           000084   687 _P0_4	=	0x0084
                           000083   688 _P0_3	=	0x0083
                           000082   689 _P0_2	=	0x0082
                           000081   690 _P0_1	=	0x0081
                           000080   691 _P0_0	=	0x0080
                           00008F   692 _URX1IF	=	0x008f
                           00008D   693 _ADCIF	=	0x008d
                           00008B   694 _URX0IF	=	0x008b
                           00008A   695 _IT1	=	0x008a
                           000089   696 _RFERRIF	=	0x0089
                           000088   697 _IT0	=	0x0088
                           000097   698 _P1_7	=	0x0097
                           000096   699 _P1_6	=	0x0096
                           000095   700 _P1_5	=	0x0095
                           000094   701 _P1_4	=	0x0094
                           000093   702 _P1_3	=	0x0093
                           000092   703 _P1_2	=	0x0092
                           000091   704 _P1_1	=	0x0091
                           000090   705 _P1_0	=	0x0090
                           000099   706 _ENCIF_1	=	0x0099
                           000098   707 _ENCIF_0	=	0x0098
                           0000A7   708 _P2_7	=	0x00a7
                           0000A6   709 _P2_6	=	0x00a6
                           0000A5   710 _P2_5	=	0x00a5
                           0000A4   711 _P2_4	=	0x00a4
                           0000A3   712 _P2_3	=	0x00a3
                           0000A2   713 _P2_2	=	0x00a2
                           0000A1   714 _P2_1	=	0x00a1
                           0000A0   715 _P2_0	=	0x00a0
                           0000AF   716 _EA	=	0x00af
                           0000AD   717 _STIE	=	0x00ad
                           0000AC   718 _ENCIE	=	0x00ac
                           0000AB   719 _URX1IE	=	0x00ab
                           0000AA   720 _URX0IE	=	0x00aa
                           0000A9   721 _ADCIE	=	0x00a9
                           0000A8   722 _RFERRIE	=	0x00a8
                           0000BD   723 _P0IE	=	0x00bd
                           0000BC   724 _T4IE	=	0x00bc
                           0000BB   725 _T3IE	=	0x00bb
                           0000BA   726 _T2IE	=	0x00ba
                           0000B9   727 _T1IE	=	0x00b9
                           0000B8   728 _DMAIE	=	0x00b8
                           0000C7   729 _STIF	=	0x00c7
                           0000C5   730 _P0IF	=	0x00c5
                           0000C4   731 _T4IF	=	0x00c4
                           0000C3   732 _T3IF	=	0x00c3
                           0000C2   733 _T2IF	=	0x00c2
                           0000C1   734 _T1IF	=	0x00c1
                           0000C0   735 _DMAIF	=	0x00c0
                           0000D7   736 _CY	=	0x00d7
                           0000D6   737 _AC	=	0x00d6
                           0000D5   738 _F0	=	0x00d5
                           0000D4   739 _RS1	=	0x00d4
                           0000D3   740 _RS0	=	0x00d3
                           0000D2   741 _OV	=	0x00d2
                           0000D1   742 _F1	=	0x00d1
                           0000D0   743 _P	=	0x00d0
                           0000E7   744 _ACC_7	=	0x00e7
                           0000E6   745 _ACC_6	=	0x00e6
                           0000E5   746 _ACC_5	=	0x00e5
                           0000E4   747 _ACC_4	=	0x00e4
                           0000E3   748 _ACC_3	=	0x00e3
                           0000E2   749 _ACC_2	=	0x00e2
                           0000E1   750 _ACC_1	=	0x00e1
                           0000E0   751 _ACC_0	=	0x00e0
                           0000EC   752 _WDTIF	=	0x00ec
                           0000EB   753 _P1IF	=	0x00eb
                           0000EA   754 _UTX1IF	=	0x00ea
                           0000E9   755 _UTX0IF	=	0x00e9
                           0000E8   756 _P2IF	=	0x00e8
                           0000F7   757 _B_7	=	0x00f7
                           0000F6   758 _B_6	=	0x00f6
                           0000F5   759 _B_5	=	0x00f5
                           0000F4   760 _B_4	=	0x00f4
                           0000F3   761 _B_3	=	0x00f3
                           0000F2   762 _B_2	=	0x00f2
                           0000F1   763 _B_1	=	0x00f1
                           0000F0   764 _B_0	=	0x00f0
                           0000DE   765 _OVFIM	=	0x00de
                           0000DD   766 _T4CH1IF	=	0x00dd
                           0000DC   767 _T4CH0IF	=	0x00dc
                           0000DB   768 _T4OVFIF	=	0x00db
                           0000DA   769 _T3CH1IF	=	0x00da
                           0000D9   770 _T3CH0IF	=	0x00d9
                           0000D8   771 _T3OVFIF	=	0x00d8
                           0000FF   772 _MODE	=	0x00ff
                           0000FE   773 _RE	=	0x00fe
                           0000FD   774 _SLAVE	=	0x00fd
                           0000FC   775 _FE	=	0x00fc
                           0000FB   776 _ERR	=	0x00fb
                           0000FA   777 _RX_BYTE	=	0x00fa
                           0000F9   778 _TX_BYTE	=	0x00f9
                           0000F8   779 _ACTIVE	=	0x00f8
                                    780 ;--------------------------------------------------------
                                    781 ; overlayable register banks
                                    782 ;--------------------------------------------------------
                                    783 	.area REG_BANK_0	(REL,OVR,DATA)
      000000                        784 	.ds 8
                                    785 ;--------------------------------------------------------
                                    786 ; internal ram data
                                    787 ;--------------------------------------------------------
                                    788 	.area DSEG    (DATA)
                                    789 ;--------------------------------------------------------
                                    790 ; overlayable items in internal ram 
                                    791 ;--------------------------------------------------------
                                    792 ;--------------------------------------------------------
                                    793 ; indirectly addressable internal ram data
                                    794 ;--------------------------------------------------------
                                    795 	.area ISEG    (DATA)
                                    796 ;--------------------------------------------------------
                                    797 ; absolute internal ram data
                                    798 ;--------------------------------------------------------
                                    799 	.area IABS    (ABS,DATA)
                                    800 	.area IABS    (ABS,DATA)
                                    801 ;--------------------------------------------------------
                                    802 ; bit data
                                    803 ;--------------------------------------------------------
                                    804 	.area BSEG    (BIT)
                                    805 ;--------------------------------------------------------
                                    806 ; paged external ram data
                                    807 ;--------------------------------------------------------
                                    808 	.area PSEG    (PAG,XDATA)
                                    809 ;--------------------------------------------------------
                                    810 ; external ram data
                                    811 ;--------------------------------------------------------
                                    812 	.area XSEG    (XDATA)
                           0061A6   813 _MONMUX	=	0x61a6
                           0061A6   814 _OPAMPMC	=	0x61a6
                           006230   815 _I2CCFG	=	0x6230
                           006231   816 _I2CSTAT	=	0x6231
                           006232   817 _I2CDATA	=	0x6232
                           006233   818 _I2CADDR	=	0x6233
                           006234   819 _I2CWC	=	0x6234
                           006235   820 _I2CIO	=	0x6235
                           006243   821 _OBSSEL0	=	0x6243
                           006244   822 _OBSSEL1	=	0x6244
                           006245   823 _OBSSEL2	=	0x6245
                           006246   824 _OBSSEL3	=	0x6246
                           006247   825 _OBSSEL4	=	0x6247
                           006248   826 _OBSSEL5	=	0x6248
                           006249   827 _CHVER	=	0x6249
                           00624A   828 _CHIPID	=	0x624a
                           00624B   829 _TESTREG0	=	0x624b
                           006260   830 _DBGDATA	=	0x6260
                           006262   831 _SRCRC	=	0x6262
                           006264   832 _BATTMON	=	0x6264
                           006265   833 _IVCTRL	=	0x6265
                           006270   834 _FCTL	=	0x6270
                           006271   835 _FADDRL	=	0x6271
                           006272   836 _FADDRH	=	0x6272
                           006273   837 _FWDATA	=	0x6273
                           006276   838 _CHIPINFO0	=	0x6276
                           006277   839 _CHIPINFO1	=	0x6277
                           006281   840 _IRCTL	=	0x6281
                           006290   841 _CLD	=	0x6290
                           0062A0   842 _XX_T1CCTL0	=	0x62a0
                           0062A1   843 _XX_T1CCTL1	=	0x62a1
                           0062A2   844 _XX_T1CCTL2	=	0x62a2
                           0062A3   845 _T1CCTL3	=	0x62a3
                           0062A4   846 _T1CCTL4	=	0x62a4
                           0062A6   847 _XX_T1CC0L	=	0x62a6
                           0062A7   848 _XX_T1CC0H	=	0x62a7
                           0062A8   849 _XX_T1CC1L	=	0x62a8
                           0062A9   850 _XX_T1CC1H	=	0x62a9
                           0062AA   851 _XX_T1CC2L	=	0x62aa
                           0062AB   852 _XX_T1CC2H	=	0x62ab
                           0062AC   853 _T1CC3L	=	0x62ac
                           0062AD   854 _T1CC3H	=	0x62ad
                           0062AE   855 _T1CC4L	=	0x62ae
                           0062AF   856 _T1CC4H	=	0x62af
                           0062B0   857 _STCC	=	0x62b0
                           0062B1   858 _STCS	=	0x62b1
                           0062B2   859 _STCV0	=	0x62b2
                           0062B3   860 _STCV1	=	0x62b3
                           0062B4   861 _STCV2	=	0x62b4
                           0062C0   862 _OPAMPC	=	0x62c0
                           0062C1   863 _OPAMPS	=	0x62c1
                           0062D0   864 _CMPCTL	=	0x62d0
                           006000   865 _RFCORE_RAM	=	0x6000
                           006000   866 _RXFIFO	=	0x6000
                           006080   867 _TXFIFO	=	0x6080
                           006100   868 _SRC_ADDR_TABLE	=	0x6100
                           006160   869 _SRCRESMASK0	=	0x6160
                           006161   870 _SRCRESMASK1	=	0x6161
                           006162   871 _SRCRESMASK2	=	0x6162
                           006163   872 _SRCRESINDEX	=	0x6163
                           006164   873 _SRCEXTPENDEN0	=	0x6164
                           006165   874 _SRCEXTPENDEN1	=	0x6165
                           006166   875 _SRCEXTPENDEN2	=	0x6166
                           006167   876 _SRCSHORTPENDEN0	=	0x6167
                           006168   877 _SRCSHORTPENDEN1	=	0x6168
                           006169   878 _SRCSHORTPENDEN2	=	0x6169
                           00616A   879 _EXT_ADDR0	=	0x616a
                           00616B   880 _EXT_ADDR1	=	0x616b
                           00616C   881 _EXT_ADDR2	=	0x616c
                           00616D   882 _EXT_ADDR3	=	0x616d
                           00616E   883 _EXT_ADDR4	=	0x616e
                           00616F   884 _EXT_ADDR5	=	0x616f
                           006170   885 _EXT_ADDR6	=	0x6170
                           006171   886 _EXT_ADDR7	=	0x6171
                           006172   887 _PAN_ID0	=	0x6172
                           006173   888 _PAN_ID1	=	0x6173
                           006174   889 _SHORT_ADDR0	=	0x6174
                           006175   890 _SHORT_ADDR1	=	0x6175
                           006180   891 _FRMFILT0	=	0x6180
                           006181   892 _FRMFILT1	=	0x6181
                           006182   893 _SRCMATCH	=	0x6182
                           006183   894 _SRCSHORTEN0	=	0x6183
                           006184   895 _SRCSHORTEN1	=	0x6184
                           006185   896 _SRCSHORTEN2	=	0x6185
                           006186   897 _SRCEXTEN0	=	0x6186
                           006187   898 _SRCEXTEN1	=	0x6187
                           006188   899 _SRCEXTEN2	=	0x6188
                           006189   900 _FRMCTRL0	=	0x6189
                           00618A   901 _FRMCTRL1	=	0x618a
                           00618B   902 _RXENABLE	=	0x618b
                           00618C   903 _RXMASKSET	=	0x618c
                           00618D   904 _RXMASKCLR	=	0x618d
                           00618E   905 _FREQTUNE	=	0x618e
                           00618F   906 _FREQCTRL	=	0x618f
                           006190   907 _TXPOWER	=	0x6190
                           006191   908 _TXCTRL	=	0x6191
                           006192   909 _FSMSTAT0	=	0x6192
                           006193   910 _FSMSTAT1	=	0x6193
                           006194   911 _FIFOPCTRL	=	0x6194
                           006195   912 _FSMCTRL	=	0x6195
                           006196   913 _CCACTRL0	=	0x6196
                           006197   914 _CCACTRL1	=	0x6197
                           006198   915 _RSSI	=	0x6198
                           006199   916 _RSSISTAT	=	0x6199
                           00619A   917 _RXFIRST	=	0x619a
                           00619B   918 _RXFIFOCNT	=	0x619b
                           00619C   919 _TXFIFOCNT	=	0x619c
                           00619D   920 _RXFIRST_PTR	=	0x619d
                           00619E   921 _RXLAST_PTR	=	0x619e
                           00619F   922 _RXP1_PTR	=	0x619f
                           0061A1   923 _TXFIRST_PTR	=	0x61a1
                           0061A2   924 _TXLAST_PTR	=	0x61a2
                           0061A3   925 _RFIRQM0	=	0x61a3
                           0061A4   926 _RFIRQM1	=	0x61a4
                           0061A5   927 _RFERRM	=	0x61a5
                           0061A7   928 _RFRND	=	0x61a7
                           0061A8   929 _MDMCTRL0	=	0x61a8
                           0061A9   930 _MDMCTRL1	=	0x61a9
                           0061AA   931 _FREQEST	=	0x61aa
                           0061AB   932 _RXCTRL	=	0x61ab
                           0061AC   933 _FSCTRL	=	0x61ac
                           0061AD   934 _FSCAL0	=	0x61ad
                           0061AE   935 _FSCAL1	=	0x61ae
                           0061AF   936 _FSCAL2	=	0x61af
                           0061B0   937 _FSCAL3	=	0x61b0
                           0061B1   938 _AGCCTRL0	=	0x61b1
                           0061B2   939 _AGCCTRL1	=	0x61b2
                           0061B3   940 _AGCCTRL2	=	0x61b3
                           0061B4   941 _AGCCTRL3	=	0x61b4
                           0061B5   942 _ADCTEST0	=	0x61b5
                           0061B6   943 _ADCTEST1	=	0x61b6
                           0061B7   944 _ADCTEST2	=	0x61b7
                           0061B8   945 _MDMTEST0	=	0x61b8
                           0061B9   946 _MDMTEST1	=	0x61b9
                           0061BA   947 _DACTEST0	=	0x61ba
                           0061BB   948 _DACTEST1	=	0x61bb
                           0061BC   949 _DACTEST2	=	0x61bc
                           0061BD   950 _ATEST	=	0x61bd
                           0061BE   951 _PTEST0	=	0x61be
                           0061BF   952 _PTEST1	=	0x61bf
                           0061FA   953 _TXFILTCFG	=	0x61fa
                           0061EB   954 _RFC_OBS_CTRL0	=	0x61eb
                           0061EC   955 _RFC_OBS_CTRL1	=	0x61ec
                           0061ED   956 _RFC_OBS_CTRL2	=	0x61ed
                           0061C0   957 _CSPPROG0	=	0x61c0
                           0061C1   958 _CSPPROG1	=	0x61c1
                           0061C2   959 _CSPPROG2	=	0x61c2
                           0061C3   960 _CSPPROG3	=	0x61c3
                           0061C4   961 _CSPPROG4	=	0x61c4
                           0061C5   962 _CSPPROG5	=	0x61c5
                           0061C6   963 _CSPPROG6	=	0x61c6
                           0061C7   964 _CSPPROG7	=	0x61c7
                           0061C8   965 _CSPPROG8	=	0x61c8
                           0061C9   966 _CSPPROG9	=	0x61c9
                           0061CA   967 _CSPPROG10	=	0x61ca
                           0061CB   968 _CSPPROG11	=	0x61cb
                           0061CC   969 _CSPPROG12	=	0x61cc
                           0061CD   970 _CSPPROG13	=	0x61cd
                           0061CE   971 _CSPPROG14	=	0x61ce
                           0061CF   972 _CSPPROG15	=	0x61cf
                           0061D0   973 _CSPPROG16	=	0x61d0
                           0061D1   974 _CSPPROG17	=	0x61d1
                           0061D2   975 _CSPPROG18	=	0x61d2
                           0061D3   976 _CSPPROG19	=	0x61d3
                           0061D4   977 _CSPPROG20	=	0x61d4
                           0061D5   978 _CSPPROG21	=	0x61d5
                           0061D6   979 _CSPPROG22	=	0x61d6
                           0061D7   980 _CSPPROG23	=	0x61d7
                           0061E0   981 _CSPCTRL	=	0x61e0
                           0061E1   982 _CSPSTAT	=	0x61e1
                           0061E2   983 _CSPX	=	0x61e2
                           0061E3   984 _CSPY	=	0x61e3
                           0061E4   985 _CSPZ	=	0x61e4
                           0061E5   986 _CSPT	=	0x61e5
                           006200   987 _USBADDR	=	0x6200
                           006201   988 _USBPOW	=	0x6201
                           006202   989 _USBIIF	=	0x6202
                           006204   990 _USBOIF	=	0x6204
                           006206   991 _USBCIF	=	0x6206
                           006207   992 _USBIIE	=	0x6207
                           006209   993 _USBOIE	=	0x6209
                           00620B   994 _USBCIE	=	0x620b
                           00620C   995 _USBFRML	=	0x620c
                           00620D   996 _USBFRMH	=	0x620d
                           00620E   997 _USBINDEX	=	0x620e
                           00620F   998 _USBCTRL	=	0x620f
                           006210   999 _USBMAXI	=	0x6210
                           006211  1000 _USBCS0	=	0x6211
                           006211  1001 _USBCSIL	=	0x6211
                           006212  1002 _USBCSIH	=	0x6212
                           006213  1003 _USBMAXO	=	0x6213
                           006214  1004 _USBCSOL	=	0x6214
                           006215  1005 _USBCSOH	=	0x6215
                           006216  1006 _USBCNT0	=	0x6216
                           006216  1007 _USBCNTL	=	0x6216
                           006217  1008 _USBCNTH	=	0x6217
                           006220  1009 _USBF0	=	0x6220
                           006222  1010 _USBF1	=	0x6222
                           006224  1011 _USBF2	=	0x6224
                           006226  1012 _USBF3	=	0x6226
                           006228  1013 _USBF4	=	0x6228
                           00622A  1014 _USBF5	=	0x622a
                           007080  1015 _X_P0	=	0x7080
                           007086  1016 _X_U0CSR	=	0x7086
                           007089  1017 _X_P0IFG	=	0x7089
                           00708A  1018 _X_P1IFG	=	0x708a
                           00708B  1019 _X_P2IFG	=	0x708b
                           00708C  1020 _X_PICTL	=	0x708c
                           00708D  1021 _X_P1IEN	=	0x708d
                           00708F  1022 _X_P0INP	=	0x708f
                           007090  1023 _X_P1	=	0x7090
                           007091  1024 _X_RFIRQF1	=	0x7091
                           007093  1025 _X_MPAGE	=	0x7093
                           007093  1026 _X__XPAGE	=	0x7093
                           007094  1027 _X_T2CTRL	=	0x7094
                           007095  1028 _X_ST0	=	0x7095
                           007096  1029 _X_ST1	=	0x7096
                           007097  1030 _X_ST2	=	0x7097
                           00709C  1031 _X_T2EVTCFG	=	0x709c
                           00709D  1032 _X_SLEEPSTA	=	0x709d
                           00709E  1033 _X_CLKCONSTA	=	0x709e
                           00709F  1034 _X_FMAP	=	0x709f
                           00709F  1035 _X_PSBANK	=	0x709f
                           0070A0  1036 _X_P2	=	0x70a0
                           0070A1  1037 _X_T2IRQF	=	0x70a1
                           0070A2  1038 _X_T2M0	=	0x70a2
                           0070A3  1039 _X_T2M1	=	0x70a3
                           0070A4  1040 _X_T2MOVF0	=	0x70a4
                           0070A5  1041 _X_T2MOVF1	=	0x70a5
                           0070A6  1042 _X_T2MOVF2	=	0x70a6
                           0070A7  1043 _X_T2IRQM	=	0x70a7
                           0070AB  1044 _X_P0IEN	=	0x70ab
                           0070AC  1045 _X_P2IEN	=	0x70ac
                           0070AD  1046 _X_STLOAD	=	0x70ad
                           0070AE  1047 _X_PMUX	=	0x70ae
                           0070AF  1048 _X_T1STAT	=	0x70af
                           0070B1  1049 _X_ENCDI	=	0x70b1
                           0070B2  1050 _X_ENCDO	=	0x70b2
                           0070B3  1051 _X_ENCCS	=	0x70b3
                           0070B4  1052 _X_ADCCON1	=	0x70b4
                           0070B5  1053 _X_ADCCON2	=	0x70b5
                           0070B6  1054 _X_ADCCON3	=	0x70b6
                           0070BA  1055 _X_ADCL	=	0x70ba
                           0070BB  1056 _X_ADCH	=	0x70bb
                           0070BC  1057 _X_RNDL	=	0x70bc
                           0070BD  1058 _X_RNDH	=	0x70bd
                           0070BE  1059 _X_SLEEPCMD	=	0x70be
                           0070BF  1060 _X_RFERRF	=	0x70bf
                           0070C1  1061 _X_U0DBUF	=	0x70c1
                           0070C2  1062 _X_U0BAUD	=	0x70c2
                           0070C3  1063 _X_T2MSEL	=	0x70c3
                           0070C4  1064 _X_U0UCR	=	0x70c4
                           0070C5  1065 _X_U0GCR	=	0x70c5
                           0070C6  1066 _X_CLKCONCMD	=	0x70c6
                           0070C7  1067 _X_MEMCTR	=	0x70c7
                           0070C9  1068 _X_WDCTL	=	0x70c9
                           0070CA  1069 _X_T3CNT	=	0x70ca
                           0070CB  1070 _X_T3CTL	=	0x70cb
                           0070CC  1071 _X_T3CCTL0	=	0x70cc
                           0070CD  1072 _X_T3CC0	=	0x70cd
                           0070CE  1073 _X_T3CCTL1	=	0x70ce
                           0070CF  1074 _X_T3CC1	=	0x70cf
                           0070D1  1075 _X_DMAIRQ	=	0x70d1
                           0070D2  1076 _X_DMA1CFGL	=	0x70d2
                           0070D3  1077 _X_DMA1CFGH	=	0x70d3
                           0070D4  1078 _X_DMA0CFGL	=	0x70d4
                           0070D5  1079 _X_DMA0CFGH	=	0x70d5
                           0070D6  1080 _X_DMAARM	=	0x70d6
                           0070D7  1081 _X_DMAREQ	=	0x70d7
                           0070D8  1082 _X_TIMIF	=	0x70d8
                           0070D9  1083 _X_RFD	=	0x70d9
                           0070DA  1084 _X_T1CC0L	=	0x70da
                           0070DB  1085 _X_T1CC0H	=	0x70db
                           0070DC  1086 _X_T1CC1L	=	0x70dc
                           0070DD  1087 _X_T1CC1H	=	0x70dd
                           0070DE  1088 _X_T1CC2L	=	0x70de
                           0070DF  1089 _X_T1CC2H	=	0x70df
                           0070E1  1090 _X_RFST	=	0x70e1
                           0070E2  1091 _X_T1CNTL	=	0x70e2
                           0070E3  1092 _X_T1CNTH	=	0x70e3
                           0070E4  1093 _X_T1CTL	=	0x70e4
                           0070E5  1094 _X_T1CCTL0	=	0x70e5
                           0070E6  1095 _X_T1CCTL1	=	0x70e6
                           0070E7  1096 _X_T1CCTL2	=	0x70e7
                           0070E9  1097 _X_RFIRQF0	=	0x70e9
                           0070EA  1098 _X_T4CNT	=	0x70ea
                           0070EB  1099 _X_T4CTL	=	0x70eb
                           0070EC  1100 _X_T4CCTL0	=	0x70ec
                           0070ED  1101 _X_T4CC0	=	0x70ed
                           0070EE  1102 _X_T4CCTL1	=	0x70ee
                           0070EF  1103 _X_T4CC1	=	0x70ef
                           0070F1  1104 _X_PERCFG	=	0x70f1
                           0070F2  1105 _X_APCFG	=	0x70f2
                           0070F3  1106 _X_P0SEL	=	0x70f3
                           0070F4  1107 _X_P1SEL	=	0x70f4
                           0070F5  1108 _X_P2SEL	=	0x70f5
                           0070F6  1109 _X_P1INP	=	0x70f6
                           0070F7  1110 _X_P2INP	=	0x70f7
                           0070F8  1111 _X_U1CSR	=	0x70f8
                           0070F9  1112 _X_U1DBUF	=	0x70f9
                           0070FA  1113 _X_U1BAUD	=	0x70fa
                           0070FB  1114 _X_U1UCR	=	0x70fb
                           0070FC  1115 _X_U1GCR	=	0x70fc
                           0070FD  1116 _X_P0DIR	=	0x70fd
                           0070FE  1117 _X_P1DIR	=	0x70fe
                           0070FF  1118 _X_P2DIR	=	0x70ff
                           007800  1119 _X_INFOPAGE	=	0x7800
                           00780C  1120 _X_IEEE_ADDR	=	0x780c
                                   1121 ;--------------------------------------------------------
                                   1122 ; absolute external ram data
                                   1123 ;--------------------------------------------------------
                                   1124 	.area XABS    (ABS,XDATA)
                                   1125 ;--------------------------------------------------------
                                   1126 ; external initialized ram data
                                   1127 ;--------------------------------------------------------
                                   1128 	.area XISEG   (XDATA)
                                   1129 	.area HOME    (CODE)
                                   1130 	.area GSINIT0 (CODE)
                                   1131 	.area GSINIT1 (CODE)
                                   1132 	.area GSINIT2 (CODE)
                                   1133 	.area GSINIT3 (CODE)
                                   1134 	.area GSINIT4 (CODE)
                                   1135 	.area GSINIT5 (CODE)
                                   1136 	.area GSINIT  (CODE)
                                   1137 	.area GSFINAL (CODE)
                                   1138 	.area CSEG    (CODE)
                                   1139 ;--------------------------------------------------------
                                   1140 ; global & static initialisations
                                   1141 ;--------------------------------------------------------
                                   1142 	.area HOME    (CODE)
                                   1143 	.area GSINIT  (CODE)
                                   1144 	.area GSFINAL (CODE)
                                   1145 	.area GSINIT  (CODE)
                                   1146 ;--------------------------------------------------------
                                   1147 ; Home
                                   1148 ;--------------------------------------------------------
                                   1149 	.area HOME    (CODE)
                                   1150 	.area HOME    (CODE)
                                   1151 ;--------------------------------------------------------
                                   1152 ; code
                                   1153 ;--------------------------------------------------------
                                   1154 	.area BANK1   (CODE)
                                   1155 ;------------------------------------------------------------
                                   1156 ;Allocation info for local variables in function 'recv_from_abc'
                                   1157 ;------------------------------------------------------------
                                   1158 ;bc                        Allocated to registers r5 r6 r7 
                                   1159 ;sender                    Allocated to stack - sp -10
                                   1160 ;c                         Allocated to stack - sp -2
                                   1161 ;sloc0                     Allocated to stack - sp -11
                                   1162 ;------------------------------------------------------------
                                   1163 ;	/opt/contiki/core/net/rime/broadcast.c:63: recv_from_abc(struct abc_conn *bc)
                                   1164 ;	-----------------------------------------
                                   1165 ;	 function recv_from_abc
                                   1166 ;	-----------------------------------------
      000000                       1167 _recv_from_abc:
                           000007  1168 	ar7 = 0x07
                           000006  1169 	ar6 = 0x06
                           000005  1170 	ar5 = 0x05
                           000004  1171 	ar4 = 0x04
                           000003  1172 	ar3 = 0x03
                           000002  1173 	ar2 = 0x02
                           000001  1174 	ar1 = 0x01
                           000000  1175 	ar0 = 0x00
      000000 E5 81            [12] 1176 	mov	a,sp
      000002 24 0C            [12] 1177 	add	a,#0x0C
      000004 F5 81            [12] 1178 	mov	sp,a
      000006 AD 82            [24] 1179 	mov	r5,dpl
      000008 AE 83            [24] 1180 	mov	r6,dph
      00000A AF F0            [24] 1181 	mov	r7,b
                                   1182 ;	/opt/contiki/core/net/rime/broadcast.c:66: struct broadcast_conn *c = (struct broadcast_conn *)bc;
      00000C A8 81            [24] 1183 	mov	r0,sp
      00000E 18               [12] 1184 	dec	r0
      00000F 18               [12] 1185 	dec	r0
      000010 A6 05            [24] 1186 	mov	@r0,ar5
      000012 08               [12] 1187 	inc	r0
      000013 A6 06            [24] 1188 	mov	@r0,ar6
      000015 08               [12] 1189 	inc	r0
      000016 A6 07            [24] 1190 	mov	@r0,ar7
                                   1191 ;	/opt/contiki/core/net/rime/broadcast.c:68: linkaddr_copy(&sender, packetbuf_addr(PACKETBUF_ADDR_SENDER));
      000018 75 82 1A         [24] 1192 	mov	dpl,#0x1A
      00001B 78r00            [12] 1193 	mov	r0,#_packetbuf_addr
      00001D 79s00            [12] 1194 	mov	r1,#(_packetbuf_addr >> 8)
      00001F 7As00            [12] 1195 	mov	r2,#(_packetbuf_addr >> 16)
      000021 12r00r00         [24] 1196 	lcall	__sdcc_banked_call
      000024 AA 82            [24] 1197 	mov	r2,dpl
      000026 AB 83            [24] 1198 	mov	r3,dph
      000028 AC F0            [24] 1199 	mov	r4,b
      00002A E5 81            [12] 1200 	mov	a,sp
      00002C 24 F5            [12] 1201 	add	a,#0xf5
      00002E F8               [12] 1202 	mov	r0,a
      00002F E5 81            [12] 1203 	mov	a,sp
      000031 24 F6            [12] 1204 	add	a,#0xF6
      000033 F6               [12] 1205 	mov	@r0,a
      000034 E5 81            [12] 1206 	mov	a,sp
      000036 24 F5            [12] 1207 	add	a,#0xf5
      000038 F8               [12] 1208 	mov	r0,a
      000039 86 05            [24] 1209 	mov	ar5,@r0
      00003B 7E 00            [12] 1210 	mov	r6,#0x00
      00003D 7F 40            [12] 1211 	mov	r7,#0x40
      00003F C0 02            [24] 1212 	push	ar2
      000041 C0 03            [24] 1213 	push	ar3
      000043 C0 04            [24] 1214 	push	ar4
      000045 8D 82            [24] 1215 	mov	dpl,r5
      000047 8E 83            [24] 1216 	mov	dph,r6
      000049 8F F0            [24] 1217 	mov	b,r7
      00004B 78r00            [12] 1218 	mov	r0,#_linkaddr_copy
      00004D 79s00            [12] 1219 	mov	r1,#(_linkaddr_copy >> 8)
      00004F 7As00            [12] 1220 	mov	r2,#(_linkaddr_copy >> 16)
      000051 12r00r00         [24] 1221 	lcall	__sdcc_banked_call
      000054 15 81            [12] 1222 	dec	sp
      000056 15 81            [12] 1223 	dec	sp
      000058 15 81            [12] 1224 	dec	sp
                                   1225 ;	/opt/contiki/core/net/rime/broadcast.c:73: if(c->u->recv) {
      00005A A8 81            [24] 1226 	mov	r0,sp
      00005C 18               [12] 1227 	dec	r0
      00005D 18               [12] 1228 	dec	r0
      00005E 74 0C            [12] 1229 	mov	a,#0x0C
      000060 26               [12] 1230 	add	a,@r0
      000061 FD               [12] 1231 	mov	r5,a
      000062 E4               [12] 1232 	clr	a
      000063 08               [12] 1233 	inc	r0
      000064 36               [12] 1234 	addc	a,@r0
      000065 FE               [12] 1235 	mov	r6,a
      000066 08               [12] 1236 	inc	r0
      000067 86 07            [24] 1237 	mov	ar7,@r0
      000069 8D 82            [24] 1238 	mov	dpl,r5
      00006B 8E 83            [24] 1239 	mov	dph,r6
      00006D 8F F0            [24] 1240 	mov	b,r7
      00006F 12r00r00         [24] 1241 	lcall	__gptrget
      000072 FD               [12] 1242 	mov	r5,a
      000073 A3               [24] 1243 	inc	dptr
      000074 12r00r00         [24] 1244 	lcall	__gptrget
      000077 FE               [12] 1245 	mov	r6,a
      000078 A3               [24] 1246 	inc	dptr
      000079 12r00r00         [24] 1247 	lcall	__gptrget
      00007C FF               [12] 1248 	mov	r7,a
      00007D 8D 82            [24] 1249 	mov	dpl,r5
      00007F 8E 83            [24] 1250 	mov	dph,r6
      000081 8F F0            [24] 1251 	mov	b,r7
      000083 12r00r00         [24] 1252 	lcall	__gptrget
      000086 FD               [12] 1253 	mov	r5,a
      000087 A3               [24] 1254 	inc	dptr
      000088 12r00r00         [24] 1255 	lcall	__gptrget
      00008B FE               [12] 1256 	mov	r6,a
      00008C A3               [24] 1257 	inc	dptr
      00008D 12r00r00         [24] 1258 	lcall	__gptrget
      000090 FF               [12] 1259 	mov	r7,a
      000091 ED               [12] 1260 	mov	a,r5
      000092 4E               [12] 1261 	orl	a,r6
      000093 60 3F            [24] 1262 	jz	00103$
                                   1263 ;	/opt/contiki/core/net/rime/broadcast.c:74: c->u->recv(c, &sender);
      000095 E5 81            [12] 1264 	mov	a,sp
      000097 24 F5            [12] 1265 	add	a,#0xf5
      000099 F8               [12] 1266 	mov	r0,a
      00009A 86 04            [24] 1267 	mov	ar4,@r0
      00009C 7B 00            [12] 1268 	mov	r3,#0x00
      00009E 7A 40            [12] 1269 	mov	r2,#0x40
      0000A0 C0 07            [24] 1270 	push	ar7
      0000A2 C0 06            [24] 1271 	push	ar6
      0000A4 C0 05            [24] 1272 	push	ar5
      0000A6 C0 04            [24] 1273 	push	ar4
      0000A8 C0 03            [24] 1274 	push	ar3
      0000AA C0 02            [24] 1275 	push	ar2
      0000AC C0 05            [24] 1276 	push	ar5
      0000AE C0 06            [24] 1277 	push	ar6
      0000B0 C0 07            [24] 1278 	push	ar7
      0000B2 E5 81            [12] 1279 	mov	a,sp
      0000B4 24 F5            [12] 1280 	add	a,#0xf5
      0000B6 F8               [12] 1281 	mov	r0,a
      0000B7 86 82            [24] 1282 	mov	dpl,@r0
      0000B9 08               [12] 1283 	inc	r0
      0000BA 86 83            [24] 1284 	mov	dph,@r0
      0000BC 08               [12] 1285 	inc	r0
      0000BD 86 F0            [24] 1286 	mov	b,@r0
      0000BF D0 02            [24] 1287 	pop	ar2
      0000C1 D0 01            [24] 1288 	pop	ar1
      0000C3 D0 00            [24] 1289 	pop	ar0
      0000C5 12r00r00         [24] 1290 	lcall	__sdcc_banked_call
      0000C8 15 81            [12] 1291 	dec	sp
      0000CA 15 81            [12] 1292 	dec	sp
      0000CC 15 81            [12] 1293 	dec	sp
      0000CE D0 05            [24] 1294 	pop	ar5
      0000D0 D0 06            [24] 1295 	pop	ar6
      0000D2 D0 07            [24] 1296 	pop	ar7
      0000D4                       1297 00103$:
      0000D4 E5 81            [12] 1298 	mov	a,sp
      0000D6 24 F4            [12] 1299 	add	a,#0xF4
      0000D8 F5 81            [12] 1300 	mov	sp,a
      0000DA 02r00r00         [24] 1301 	ljmp	__sdcc_banked_ret
                                   1302 ;------------------------------------------------------------
                                   1303 ;Allocation info for local variables in function 'sent_by_abc'
                                   1304 ;------------------------------------------------------------
                                   1305 ;status                    Allocated to stack - sp -4
                                   1306 ;num_tx                    Allocated to stack - sp -6
                                   1307 ;bc                        Allocated to registers r5 r6 r7 
                                   1308 ;c                         Allocated to registers r5 r6 r7 
                                   1309 ;------------------------------------------------------------
                                   1310 ;	/opt/contiki/core/net/rime/broadcast.c:79: sent_by_abc(struct abc_conn *bc, int status, int num_tx)
                                   1311 ;	-----------------------------------------
                                   1312 ;	 function sent_by_abc
                                   1313 ;	-----------------------------------------
      0000DD                       1314 _sent_by_abc:
      0000DD AD 82            [24] 1315 	mov	r5,dpl
      0000DF AE 83            [24] 1316 	mov	r6,dph
      0000E1 AF F0            [24] 1317 	mov	r7,b
                                   1318 ;	/opt/contiki/core/net/rime/broadcast.c:81: struct broadcast_conn *c = (struct broadcast_conn *)bc;
                                   1319 ;	/opt/contiki/core/net/rime/broadcast.c:88: if(c->u->sent) {
      0000E3 74 0C            [12] 1320 	mov	a,#0x0C
      0000E5 2D               [12] 1321 	add	a,r5
      0000E6 FA               [12] 1322 	mov	r2,a
      0000E7 E4               [12] 1323 	clr	a
      0000E8 3E               [12] 1324 	addc	a,r6
      0000E9 FB               [12] 1325 	mov	r3,a
      0000EA 8F 04            [24] 1326 	mov	ar4,r7
      0000EC 8A 82            [24] 1327 	mov	dpl,r2
      0000EE 8B 83            [24] 1328 	mov	dph,r3
      0000F0 8C F0            [24] 1329 	mov	b,r4
      0000F2 12r00r00         [24] 1330 	lcall	__gptrget
      0000F5 FA               [12] 1331 	mov	r2,a
      0000F6 A3               [24] 1332 	inc	dptr
      0000F7 12r00r00         [24] 1333 	lcall	__gptrget
      0000FA FB               [12] 1334 	mov	r3,a
      0000FB A3               [24] 1335 	inc	dptr
      0000FC 12r00r00         [24] 1336 	lcall	__gptrget
      0000FF FC               [12] 1337 	mov	r4,a
      000100 74 03            [12] 1338 	mov	a,#0x03
      000102 2A               [12] 1339 	add	a,r2
      000103 FA               [12] 1340 	mov	r2,a
      000104 E4               [12] 1341 	clr	a
      000105 3B               [12] 1342 	addc	a,r3
      000106 FB               [12] 1343 	mov	r3,a
      000107 8A 82            [24] 1344 	mov	dpl,r2
      000109 8B 83            [24] 1345 	mov	dph,r3
      00010B 8C F0            [24] 1346 	mov	b,r4
      00010D 12r00r00         [24] 1347 	lcall	__gptrget
      000110 FA               [12] 1348 	mov	r2,a
      000111 A3               [24] 1349 	inc	dptr
      000112 12r00r00         [24] 1350 	lcall	__gptrget
      000115 FB               [12] 1351 	mov	r3,a
      000116 A3               [24] 1352 	inc	dptr
      000117 12r00r00         [24] 1353 	lcall	__gptrget
      00011A FC               [12] 1354 	mov	r4,a
      00011B EA               [12] 1355 	mov	a,r2
      00011C 4B               [12] 1356 	orl	a,r3
      00011D 60 3F            [24] 1357 	jz	00103$
                                   1358 ;	/opt/contiki/core/net/rime/broadcast.c:89: c->u->sent(c, status, num_tx);
      00011F C0 04            [24] 1359 	push	ar4
      000121 C0 03            [24] 1360 	push	ar3
      000123 C0 02            [24] 1361 	push	ar2
      000125 E5 81            [12] 1362 	mov	a,sp
      000127 24 F7            [12] 1363 	add	a,#0xf7
      000129 F8               [12] 1364 	mov	r0,a
      00012A E6               [12] 1365 	mov	a,@r0
      00012B C0 E0            [24] 1366 	push	acc
      00012D 08               [12] 1367 	inc	r0
      00012E E6               [12] 1368 	mov	a,@r0
      00012F C0 E0            [24] 1369 	push	acc
      000131 E5 81            [12] 1370 	mov	a,sp
      000133 24 F7            [12] 1371 	add	a,#0xf7
      000135 F8               [12] 1372 	mov	r0,a
      000136 E6               [12] 1373 	mov	a,@r0
      000137 C0 E0            [24] 1374 	push	acc
      000139 08               [12] 1375 	inc	r0
      00013A E6               [12] 1376 	mov	a,@r0
      00013B C0 E0            [24] 1377 	push	acc
      00013D C0 02            [24] 1378 	push	ar2
      00013F C0 03            [24] 1379 	push	ar3
      000141 C0 04            [24] 1380 	push	ar4
      000143 8D 82            [24] 1381 	mov	dpl,r5
      000145 8E 83            [24] 1382 	mov	dph,r6
      000147 8F F0            [24] 1383 	mov	b,r7
      000149 D0 02            [24] 1384 	pop	ar2
      00014B D0 01            [24] 1385 	pop	ar1
      00014D D0 00            [24] 1386 	pop	ar0
      00014F 12r00r00         [24] 1387 	lcall	__sdcc_banked_call
      000152 E5 81            [12] 1388 	mov	a,sp
      000154 24 FC            [12] 1389 	add	a,#0xfc
      000156 F5 81            [12] 1390 	mov	sp,a
      000158 D0 02            [24] 1391 	pop	ar2
      00015A D0 03            [24] 1392 	pop	ar3
      00015C D0 04            [24] 1393 	pop	ar4
      00015E                       1394 00103$:
      00015E 02r00r00         [24] 1395 	ljmp	__sdcc_banked_ret
                                   1396 ;------------------------------------------------------------
                                   1397 ;Allocation info for local variables in function 'broadcast_open'
                                   1398 ;------------------------------------------------------------
                                   1399 ;channel                   Allocated to stack - sp -4
                                   1400 ;u                         Allocated to stack - sp -7
                                   1401 ;c                         Allocated to registers r5 r6 r7 
                                   1402 ;------------------------------------------------------------
                                   1403 ;	/opt/contiki/core/net/rime/broadcast.c:96: broadcast_open(struct broadcast_conn *c, uint16_t channel,
                                   1404 ;	-----------------------------------------
                                   1405 ;	 function broadcast_open
                                   1406 ;	-----------------------------------------
      000161                       1407 _broadcast_open:
      000161 AD 82            [24] 1408 	mov	r5,dpl
      000163 AE 83            [24] 1409 	mov	r6,dph
      000165 AF F0            [24] 1410 	mov	r7,b
                                   1411 ;	/opt/contiki/core/net/rime/broadcast.c:99: abc_open(&c->c, channel, &broadcast);
      000167 C0 07            [24] 1412 	push	ar7
      000169 C0 06            [24] 1413 	push	ar6
      00016B C0 05            [24] 1414 	push	ar5
      00016D 74r04            [12] 1415 	mov	a,#_broadcast
      00016F C0 E0            [24] 1416 	push	acc
      000171 74s00            [12] 1417 	mov	a,#(_broadcast >> 8)
      000173 C0 E0            [24] 1418 	push	acc
      000175 74 80            [12] 1419 	mov	a,#0x80
      000177 C0 E0            [24] 1420 	push	acc
      000179 E5 81            [12] 1421 	mov	a,sp
      00017B 24 F6            [12] 1422 	add	a,#0xf6
      00017D F8               [12] 1423 	mov	r0,a
      00017E E6               [12] 1424 	mov	a,@r0
      00017F C0 E0            [24] 1425 	push	acc
      000181 08               [12] 1426 	inc	r0
      000182 E6               [12] 1427 	mov	a,@r0
      000183 C0 E0            [24] 1428 	push	acc
      000185 8D 82            [24] 1429 	mov	dpl,r5
      000187 8E 83            [24] 1430 	mov	dph,r6
      000189 8F F0            [24] 1431 	mov	b,r7
      00018B 78r00            [12] 1432 	mov	r0,#_abc_open
      00018D 79s00            [12] 1433 	mov	r1,#(_abc_open >> 8)
      00018F 7As00            [12] 1434 	mov	r2,#(_abc_open >> 16)
      000191 12r00r00         [24] 1435 	lcall	__sdcc_banked_call
      000194 E5 81            [12] 1436 	mov	a,sp
      000196 24 FB            [12] 1437 	add	a,#0xfb
      000198 F5 81            [12] 1438 	mov	sp,a
      00019A D0 05            [24] 1439 	pop	ar5
      00019C D0 06            [24] 1440 	pop	ar6
      00019E D0 07            [24] 1441 	pop	ar7
                                   1442 ;	/opt/contiki/core/net/rime/broadcast.c:100: c->u = u;
      0001A0 74 0C            [12] 1443 	mov	a,#0x0C
      0001A2 2D               [12] 1444 	add	a,r5
      0001A3 FD               [12] 1445 	mov	r5,a
      0001A4 E4               [12] 1446 	clr	a
      0001A5 3E               [12] 1447 	addc	a,r6
      0001A6 FE               [12] 1448 	mov	r6,a
      0001A7 8D 82            [24] 1449 	mov	dpl,r5
      0001A9 8E 83            [24] 1450 	mov	dph,r6
      0001AB 8F F0            [24] 1451 	mov	b,r7
      0001AD E5 81            [12] 1452 	mov	a,sp
      0001AF 24 F9            [12] 1453 	add	a,#0xf9
      0001B1 F8               [12] 1454 	mov	r0,a
      0001B2 E6               [12] 1455 	mov	a,@r0
      0001B3 12r00r00         [24] 1456 	lcall	__gptrput
      0001B6 A3               [24] 1457 	inc	dptr
      0001B7 08               [12] 1458 	inc	r0
      0001B8 E6               [12] 1459 	mov	a,@r0
      0001B9 12r00r00         [24] 1460 	lcall	__gptrput
      0001BC A3               [24] 1461 	inc	dptr
      0001BD 08               [12] 1462 	inc	r0
      0001BE E6               [12] 1463 	mov	a,@r0
      0001BF 12r00r00         [24] 1464 	lcall	__gptrput
                                   1465 ;	/opt/contiki/core/net/rime/broadcast.c:101: channel_set_attributes(channel, attributes);
      0001C2 74r00            [12] 1466 	mov	a,#_attributes
      0001C4 C0 E0            [24] 1467 	push	acc
      0001C6 74s00            [12] 1468 	mov	a,#(_attributes >> 8)
      0001C8 C0 E0            [24] 1469 	push	acc
      0001CA 74 80            [12] 1470 	mov	a,#0x80
      0001CC C0 E0            [24] 1471 	push	acc
      0001CE E5 81            [12] 1472 	mov	a,sp
      0001D0 24 F9            [12] 1473 	add	a,#0xf9
      0001D2 F8               [12] 1474 	mov	r0,a
      0001D3 86 82            [24] 1475 	mov	dpl,@r0
      0001D5 08               [12] 1476 	inc	r0
      0001D6 86 83            [24] 1477 	mov	dph,@r0
      0001D8 78r00            [12] 1478 	mov	r0,#_channel_set_attributes
      0001DA 79s00            [12] 1479 	mov	r1,#(_channel_set_attributes >> 8)
      0001DC 7As00            [12] 1480 	mov	r2,#(_channel_set_attributes >> 16)
      0001DE 12r00r00         [24] 1481 	lcall	__sdcc_banked_call
      0001E1 15 81            [12] 1482 	dec	sp
      0001E3 15 81            [12] 1483 	dec	sp
      0001E5 15 81            [12] 1484 	dec	sp
      0001E7 02r00r00         [24] 1485 	ljmp	__sdcc_banked_ret
                                   1486 ;------------------------------------------------------------
                                   1487 ;Allocation info for local variables in function 'broadcast_close'
                                   1488 ;------------------------------------------------------------
                                   1489 ;c                         Allocated to registers r5 r6 r7 
                                   1490 ;------------------------------------------------------------
                                   1491 ;	/opt/contiki/core/net/rime/broadcast.c:105: broadcast_close(struct broadcast_conn *c)
                                   1492 ;	-----------------------------------------
                                   1493 ;	 function broadcast_close
                                   1494 ;	-----------------------------------------
      0001EA                       1495 _broadcast_close:
                                   1496 ;	/opt/contiki/core/net/rime/broadcast.c:107: abc_close(&c->c);
      0001EA 78r00            [12] 1497 	mov	r0,#_abc_close
      0001EC 79s00            [12] 1498 	mov	r1,#(_abc_close >> 8)
      0001EE 7As00            [12] 1499 	mov	r2,#(_abc_close >> 16)
      0001F0 12r00r00         [24] 1500 	lcall	__sdcc_banked_call
      0001F3 02r00r00         [24] 1501 	ljmp	__sdcc_banked_ret
                                   1502 ;------------------------------------------------------------
                                   1503 ;Allocation info for local variables in function 'broadcast_send'
                                   1504 ;------------------------------------------------------------
                                   1505 ;c                         Allocated to registers r5 r6 r7 
                                   1506 ;------------------------------------------------------------
                                   1507 ;	/opt/contiki/core/net/rime/broadcast.c:111: broadcast_send(struct broadcast_conn *c)
                                   1508 ;	-----------------------------------------
                                   1509 ;	 function broadcast_send
                                   1510 ;	-----------------------------------------
      0001F6                       1511 _broadcast_send:
      0001F6 AD 82            [24] 1512 	mov	r5,dpl
      0001F8 AE 83            [24] 1513 	mov	r6,dph
      0001FA AF F0            [24] 1514 	mov	r7,b
                                   1515 ;	/opt/contiki/core/net/rime/broadcast.c:115: packetbuf_set_addr(PACKETBUF_ADDR_SENDER, &linkaddr_node_addr);
      0001FC C0 07            [24] 1516 	push	ar7
      0001FE C0 06            [24] 1517 	push	ar6
      000200 C0 05            [24] 1518 	push	ar5
      000202 74r00            [12] 1519 	mov	a,#_linkaddr_node_addr
      000204 C0 E0            [24] 1520 	push	acc
      000206 74s00            [12] 1521 	mov	a,#(_linkaddr_node_addr >> 8)
      000208 C0 E0            [24] 1522 	push	acc
      00020A E4               [12] 1523 	clr	a
      00020B C0 E0            [24] 1524 	push	acc
      00020D 75 82 1A         [24] 1525 	mov	dpl,#0x1A
      000210 78r00            [12] 1526 	mov	r0,#_packetbuf_set_addr
      000212 79s00            [12] 1527 	mov	r1,#(_packetbuf_set_addr >> 8)
      000214 7As00            [12] 1528 	mov	r2,#(_packetbuf_set_addr >> 16)
      000216 12r00r00         [24] 1529 	lcall	__sdcc_banked_call
      000219 15 81            [12] 1530 	dec	sp
      00021B 15 81            [12] 1531 	dec	sp
      00021D 15 81            [12] 1532 	dec	sp
      00021F D0 05            [24] 1533 	pop	ar5
      000221 D0 06            [24] 1534 	pop	ar6
      000223 D0 07            [24] 1535 	pop	ar7
                                   1536 ;	/opt/contiki/core/net/rime/broadcast.c:116: return abc_send(&c->c);
      000225 8D 82            [24] 1537 	mov	dpl,r5
      000227 8E 83            [24] 1538 	mov	dph,r6
      000229 8F F0            [24] 1539 	mov	b,r7
      00022B 78r00            [12] 1540 	mov	r0,#_abc_send
      00022D 79s00            [12] 1541 	mov	r1,#(_abc_send >> 8)
      00022F 7As00            [12] 1542 	mov	r2,#(_abc_send >> 16)
      000231 12r00r00         [24] 1543 	lcall	__sdcc_banked_call
      000234 AE 82            [24] 1544 	mov	r6,dpl
      000236 AF 83            [24] 1545 	mov  r7,dph
      000238 02r00r00         [24] 1546 	ljmp	__sdcc_banked_ret
                                   1547 	.area CSEG    (CODE)
                                   1548 	.area CONST   (CODE)
      000000                       1549 _attributes:
      000000 1A                    1550 	.db #0x1A	; 26
      000001 40                    1551 	.db #0x40	; 64
      000002 00                    1552 	.db #0x00	; 0
      000003 00                    1553 	.db #0x00	; 0
      000004                       1554 _broadcast:
      000004r00s00s00              1555 	.byte _recv_from_abc, (_recv_from_abc >> 8), (_recv_from_abc >> 16)
      000007rDDs00s00              1556 	.byte _sent_by_abc, (_sent_by_abc >> 8), (_sent_by_abc >> 16)
                                   1557 	.area XINIT   (CODE)
                                   1558 	.area CABS    (ABS,CODE)
