                                      1 ;--------------------------------------------------------
                                      2 ; File Created by SDCC : free open source ANSI-C Compiler
                                      3 ; Version 3.5.5 #9380 (Linux)
                                      4 ; This file was generated Wed Nov 18 01:47:31 2015
                                      5 ;--------------------------------------------------------
                                      6 	.module list
                                      7 	.optsdcc -mmcs51 --model-huge
                                      8 	
                                      9 ;--------------------------------------------------------
                                     10 ; Public variables in this module
                                     11 ;--------------------------------------------------------
                                     12 	.globl _list_init
                                     13 	.globl _list_head
                                     14 	.globl _list_copy
                                     15 	.globl _list_tail
                                     16 	.globl _list_add
                                     17 	.globl _list_push
                                     18 	.globl _list_chop
                                     19 	.globl _list_pop
                                     20 	.globl _list_remove
                                     21 	.globl _list_length
                                     22 	.globl _list_insert
                                     23 	.globl _list_item_next
                                     24 ;--------------------------------------------------------
                                     25 ; special function registers
                                     26 ;--------------------------------------------------------
                                     27 	.area RSEG    (ABS,DATA)
      000000                         28 	.org 0x0000
                                     29 ;--------------------------------------------------------
                                     30 ; special function bits
                                     31 ;--------------------------------------------------------
                                     32 	.area RSEG    (ABS,DATA)
      000000                         33 	.org 0x0000
                                     34 ;--------------------------------------------------------
                                     35 ; overlayable register banks
                                     36 ;--------------------------------------------------------
                                     37 	.area REG_BANK_0	(REL,OVR,DATA)
      000000                         38 	.ds 8
                                     39 ;--------------------------------------------------------
                                     40 ; internal ram data
                                     41 ;--------------------------------------------------------
                                     42 	.area DSEG    (DATA)
                                     43 ;--------------------------------------------------------
                                     44 ; overlayable items in internal ram 
                                     45 ;--------------------------------------------------------
                                     46 ;--------------------------------------------------------
                                     47 ; indirectly addressable internal ram data
                                     48 ;--------------------------------------------------------
                                     49 	.area ISEG    (DATA)
                                     50 ;--------------------------------------------------------
                                     51 ; absolute internal ram data
                                     52 ;--------------------------------------------------------
                                     53 	.area IABS    (ABS,DATA)
                                     54 	.area IABS    (ABS,DATA)
                                     55 ;--------------------------------------------------------
                                     56 ; bit data
                                     57 ;--------------------------------------------------------
                                     58 	.area BSEG    (BIT)
                                     59 ;--------------------------------------------------------
                                     60 ; paged external ram data
                                     61 ;--------------------------------------------------------
                                     62 	.area PSEG    (PAG,XDATA)
                                     63 ;--------------------------------------------------------
                                     64 ; external ram data
                                     65 ;--------------------------------------------------------
                                     66 	.area XSEG    (XDATA)
                                     67 ;--------------------------------------------------------
                                     68 ; absolute external ram data
                                     69 ;--------------------------------------------------------
                                     70 	.area XABS    (ABS,XDATA)
                                     71 ;--------------------------------------------------------
                                     72 ; external initialized ram data
                                     73 ;--------------------------------------------------------
                                     74 	.area XISEG   (XDATA)
                                     75 	.area HOME    (CODE)
                                     76 	.area GSINIT0 (CODE)
                                     77 	.area GSINIT1 (CODE)
                                     78 	.area GSINIT2 (CODE)
                                     79 	.area GSINIT3 (CODE)
                                     80 	.area GSINIT4 (CODE)
                                     81 	.area GSINIT5 (CODE)
                                     82 	.area GSINIT  (CODE)
                                     83 	.area GSFINAL (CODE)
                                     84 	.area CSEG    (CODE)
                                     85 ;--------------------------------------------------------
                                     86 ; global & static initialisations
                                     87 ;--------------------------------------------------------
                                     88 	.area HOME    (CODE)
                                     89 	.area GSINIT  (CODE)
                                     90 	.area GSFINAL (CODE)
                                     91 	.area GSINIT  (CODE)
                                     92 ;--------------------------------------------------------
                                     93 ; Home
                                     94 ;--------------------------------------------------------
                                     95 	.area HOME    (CODE)
                                     96 	.area HOME    (CODE)
                                     97 ;--------------------------------------------------------
                                     98 ; code
                                     99 ;--------------------------------------------------------
                                    100 	.area BANK1   (CODE)
                                    101 ;------------------------------------------------------------
                                    102 ;Allocation info for local variables in function 'list_init'
                                    103 ;------------------------------------------------------------
                                    104 ;list                      Allocated to registers r5 r6 r7 
                                    105 ;------------------------------------------------------------
                                    106 ;	/opt/contiki/core/lib/list.c:66: list_init(list_t list)
                                    107 ;	-----------------------------------------
                                    108 ;	 function list_init
                                    109 ;	-----------------------------------------
      000000                        110 _list_init:
                           000007   111 	ar7 = 0x07
                           000006   112 	ar6 = 0x06
                           000005   113 	ar5 = 0x05
                           000004   114 	ar4 = 0x04
                           000003   115 	ar3 = 0x03
                           000002   116 	ar2 = 0x02
                           000001   117 	ar1 = 0x01
                           000000   118 	ar0 = 0x00
                                    119 ;	/opt/contiki/core/lib/list.c:68: *list = NULL;
      000000 AD 82            [24]  120 	mov	r5,dpl
      000002 AE 83            [24]  121 	mov	r6,dph
      000004 AF F0            [24]  122 	mov	r7,b
      000006 E4               [12]  123 	clr	a
      000007 12r00r00         [24]  124 	lcall	__gptrput
      00000A A3               [24]  125 	inc	dptr
      00000B 12r00r00         [24]  126 	lcall	__gptrput
      00000E A3               [24]  127 	inc	dptr
      00000F 12r00r00         [24]  128 	lcall	__gptrput
      000012 02r00r00         [24]  129 	ljmp	__sdcc_banked_ret
                                    130 ;------------------------------------------------------------
                                    131 ;Allocation info for local variables in function 'list_head'
                                    132 ;------------------------------------------------------------
                                    133 ;list                      Allocated to registers r5 r6 r7 
                                    134 ;------------------------------------------------------------
                                    135 ;	/opt/contiki/core/lib/list.c:83: list_head(list_t list)
                                    136 ;	-----------------------------------------
                                    137 ;	 function list_head
                                    138 ;	-----------------------------------------
      000015                        139 _list_head:
                                    140 ;	/opt/contiki/core/lib/list.c:85: return *list;
      000015 12r00r00         [24]  141 	lcall	__gptrget
      000018 FD               [12]  142 	mov	r5,a
      000019 A3               [24]  143 	inc	dptr
      00001A 12r00r00         [24]  144 	lcall	__gptrget
      00001D FE               [12]  145 	mov	r6,a
      00001E A3               [24]  146 	inc	dptr
      00001F 12r00r00         [24]  147 	lcall	__gptrget
      000022 FF               [12]  148 	mov	r7,a
      000023 8D 82            [24]  149 	mov	dpl,r5
      000025 8E 83            [24]  150 	mov	dph,r6
      000027 8F F0            [24]  151 	mov	b,r7
      000029 02r00r00         [24]  152 	ljmp	__sdcc_banked_ret
                                    153 ;------------------------------------------------------------
                                    154 ;Allocation info for local variables in function 'list_copy'
                                    155 ;------------------------------------------------------------
                                    156 ;src                       Allocated to stack - sp -5
                                    157 ;dest                      Allocated to registers r5 r6 r7 
                                    158 ;------------------------------------------------------------
                                    159 ;	/opt/contiki/core/lib/list.c:101: list_copy(list_t dest, list_t src)
                                    160 ;	-----------------------------------------
                                    161 ;	 function list_copy
                                    162 ;	-----------------------------------------
      00002C                        163 _list_copy:
      00002C AD 82            [24]  164 	mov	r5,dpl
      00002E AE 83            [24]  165 	mov	r6,dph
      000030 AF F0            [24]  166 	mov	r7,b
                                    167 ;	/opt/contiki/core/lib/list.c:103: *dest = *src;
      000032 E5 81            [12]  168 	mov	a,sp
      000034 24 FB            [12]  169 	add	a,#0xfb
      000036 F8               [12]  170 	mov	r0,a
      000037 86 02            [24]  171 	mov	ar2,@r0
      000039 08               [12]  172 	inc	r0
      00003A 86 03            [24]  173 	mov	ar3,@r0
      00003C 08               [12]  174 	inc	r0
      00003D 86 04            [24]  175 	mov	ar4,@r0
      00003F 8A 82            [24]  176 	mov	dpl,r2
      000041 8B 83            [24]  177 	mov	dph,r3
      000043 8C F0            [24]  178 	mov	b,r4
      000045 12r00r00         [24]  179 	lcall	__gptrget
      000048 FA               [12]  180 	mov	r2,a
      000049 A3               [24]  181 	inc	dptr
      00004A 12r00r00         [24]  182 	lcall	__gptrget
      00004D FB               [12]  183 	mov	r3,a
      00004E A3               [24]  184 	inc	dptr
      00004F 12r00r00         [24]  185 	lcall	__gptrget
      000052 FC               [12]  186 	mov	r4,a
      000053 8D 82            [24]  187 	mov	dpl,r5
      000055 8E 83            [24]  188 	mov	dph,r6
      000057 8F F0            [24]  189 	mov	b,r7
      000059 EA               [12]  190 	mov	a,r2
      00005A 12r00r00         [24]  191 	lcall	__gptrput
      00005D A3               [24]  192 	inc	dptr
      00005E EB               [12]  193 	mov	a,r3
      00005F 12r00r00         [24]  194 	lcall	__gptrput
      000062 A3               [24]  195 	inc	dptr
      000063 EC               [12]  196 	mov	a,r4
      000064 12r00r00         [24]  197 	lcall	__gptrput
      000067 02r00r00         [24]  198 	ljmp	__sdcc_banked_ret
                                    199 ;------------------------------------------------------------
                                    200 ;Allocation info for local variables in function 'list_tail'
                                    201 ;------------------------------------------------------------
                                    202 ;list                      Allocated to registers r5 r6 r7 
                                    203 ;l                         Allocated to registers r5 r6 r7 
                                    204 ;------------------------------------------------------------
                                    205 ;	/opt/contiki/core/lib/list.c:118: list_tail(list_t list)
                                    206 ;	-----------------------------------------
                                    207 ;	 function list_tail
                                    208 ;	-----------------------------------------
      00006A                        209 _list_tail:
                                    210 ;	/opt/contiki/core/lib/list.c:122: if(*list == NULL) {
      00006A 12r00r00         [24]  211 	lcall	__gptrget
      00006D FD               [12]  212 	mov	r5,a
      00006E A3               [24]  213 	inc	dptr
      00006F 12r00r00         [24]  214 	lcall	__gptrget
      000072 FE               [12]  215 	mov	r6,a
      000073 A3               [24]  216 	inc	dptr
      000074 12r00r00         [24]  217 	lcall	__gptrget
      000077 FF               [12]  218 	mov	r7,a
      000078 ED               [12]  219 	mov	a,r5
      000079 4E               [12]  220 	orl	a,r6
                                    221 ;	/opt/contiki/core/lib/list.c:123: return NULL;
      00007A 70 07            [24]  222 	jnz	00102$
      00007C 90 00 00         [24]  223 	mov	dptr,#0x0000
      00007F F5 F0            [12]  224 	mov	b,a
      000081 80 3A            [24]  225 	sjmp	00107$
      000083                        226 00102$:
                                    227 ;	/opt/contiki/core/lib/list.c:126: for(l = *list; l->next != NULL; l = l->next);
      000083                        228 00105$:
      000083 8D 82            [24]  229 	mov	dpl,r5
      000085 8E 83            [24]  230 	mov	dph,r6
      000087 8F F0            [24]  231 	mov	b,r7
      000089 12r00r00         [24]  232 	lcall	__gptrget
      00008C FA               [12]  233 	mov	r2,a
      00008D A3               [24]  234 	inc	dptr
      00008E 12r00r00         [24]  235 	lcall	__gptrget
      000091 FB               [12]  236 	mov	r3,a
      000092 A3               [24]  237 	inc	dptr
      000093 12r00r00         [24]  238 	lcall	__gptrget
      000096 FC               [12]  239 	mov	r4,a
      000097 E4               [12]  240 	clr	a
      000098 C0 E0            [24]  241 	push	acc
      00009A C0 E0            [24]  242 	push	acc
      00009C C0 E0            [24]  243 	push	acc
      00009E 8A 82            [24]  244 	mov	dpl,r2
      0000A0 8B 83            [24]  245 	mov	dph,r3
      0000A2 8C F0            [24]  246 	mov	b,r4
      0000A4 12r00r00         [24]  247 	lcall	___gptr_cmp
      0000A7 15 81            [12]  248 	dec	sp
      0000A9 15 81            [12]  249 	dec	sp
      0000AB 15 81            [12]  250 	dec	sp
      0000AD 60 08            [24]  251 	jz	00103$
      0000AF 8A 05            [24]  252 	mov	ar5,r2
      0000B1 8B 06            [24]  253 	mov	ar6,r3
      0000B3 8C 07            [24]  254 	mov	ar7,r4
      0000B5 80 CC            [24]  255 	sjmp	00105$
      0000B7                        256 00103$:
                                    257 ;	/opt/contiki/core/lib/list.c:128: return l;
      0000B7 8D 82            [24]  258 	mov	dpl,r5
      0000B9 8E 83            [24]  259 	mov	dph,r6
      0000BB 8F F0            [24]  260 	mov	b,r7
      0000BD                        261 00107$:
      0000BD 02r00r00         [24]  262 	ljmp	__sdcc_banked_ret
                                    263 ;------------------------------------------------------------
                                    264 ;Allocation info for local variables in function 'list_add'
                                    265 ;------------------------------------------------------------
                                    266 ;item                      Allocated to stack - sp -8
                                    267 ;list                      Allocated to registers r5 r6 r7 
                                    268 ;l                         Allocated to stack - sp -2
                                    269 ;------------------------------------------------------------
                                    270 ;	/opt/contiki/core/lib/list.c:143: list_add(list_t list, void *item)
                                    271 ;	-----------------------------------------
                                    272 ;	 function list_add
                                    273 ;	-----------------------------------------
      0000C0                        274 _list_add:
      0000C0 05 81            [12]  275 	inc	sp
      0000C2 05 81            [12]  276 	inc	sp
      0000C4 05 81            [12]  277 	inc	sp
      0000C6 AD 82            [24]  278 	mov	r5,dpl
      0000C8 AE 83            [24]  279 	mov	r6,dph
      0000CA AF F0            [24]  280 	mov	r7,b
                                    281 ;	/opt/contiki/core/lib/list.c:148: list_remove(list, item);
      0000CC C0 07            [24]  282 	push	ar7
      0000CE C0 06            [24]  283 	push	ar6
      0000D0 C0 05            [24]  284 	push	ar5
      0000D2 E5 81            [12]  285 	mov	a,sp
      0000D4 24 F5            [12]  286 	add	a,#0xf5
      0000D6 F8               [12]  287 	mov	r0,a
      0000D7 E6               [12]  288 	mov	a,@r0
      0000D8 C0 E0            [24]  289 	push	acc
      0000DA 08               [12]  290 	inc	r0
      0000DB E6               [12]  291 	mov	a,@r0
      0000DC C0 E0            [24]  292 	push	acc
      0000DE 08               [12]  293 	inc	r0
      0000DF E6               [12]  294 	mov	a,@r0
      0000E0 C0 E0            [24]  295 	push	acc
      0000E2 8D 82            [24]  296 	mov	dpl,r5
      0000E4 8E 83            [24]  297 	mov	dph,r6
      0000E6 8F F0            [24]  298 	mov	b,r7
      0000E8 78rED            [12]  299 	mov	r0,#_list_remove
      0000EA 79s03            [12]  300 	mov	r1,#(_list_remove >> 8)
      0000EC 7As00            [12]  301 	mov	r2,#(_list_remove >> 16)
      0000EE 12r00r00         [24]  302 	lcall	__sdcc_banked_call
      0000F1 15 81            [12]  303 	dec	sp
      0000F3 15 81            [12]  304 	dec	sp
      0000F5 15 81            [12]  305 	dec	sp
      0000F7 D0 05            [24]  306 	pop	ar5
      0000F9 D0 06            [24]  307 	pop	ar6
      0000FB D0 07            [24]  308 	pop	ar7
                                    309 ;	/opt/contiki/core/lib/list.c:150: ((struct list *)item)->next = NULL;
      0000FD E5 81            [12]  310 	mov	a,sp
      0000FF 24 F8            [12]  311 	add	a,#0xf8
      000101 F8               [12]  312 	mov	r0,a
      000102 86 02            [24]  313 	mov	ar2,@r0
      000104 08               [12]  314 	inc	r0
      000105 86 03            [24]  315 	mov	ar3,@r0
      000107 08               [12]  316 	inc	r0
      000108 86 04            [24]  317 	mov	ar4,@r0
      00010A 8A 82            [24]  318 	mov	dpl,r2
      00010C 8B 83            [24]  319 	mov	dph,r3
      00010E 8C F0            [24]  320 	mov	b,r4
      000110 E4               [12]  321 	clr	a
      000111 12r00r00         [24]  322 	lcall	__gptrput
      000114 A3               [24]  323 	inc	dptr
      000115 12r00r00         [24]  324 	lcall	__gptrput
      000118 A3               [24]  325 	inc	dptr
      000119 12r00r00         [24]  326 	lcall	__gptrput
                                    327 ;	/opt/contiki/core/lib/list.c:152: l = list_tail(list);
      00011C 8D 82            [24]  328 	mov	dpl,r5
      00011E 8E 83            [24]  329 	mov	dph,r6
      000120 8F F0            [24]  330 	mov	b,r7
      000122 C0 07            [24]  331 	push	ar7
      000124 C0 06            [24]  332 	push	ar6
      000126 C0 05            [24]  333 	push	ar5
      000128 78r6A            [12]  334 	mov	r0,#_list_tail
      00012A 79s00            [12]  335 	mov	r1,#(_list_tail >> 8)
      00012C 7As00            [12]  336 	mov	r2,#(_list_tail >> 16)
      00012E 12r00r00         [24]  337 	lcall	__sdcc_banked_call
      000131 AA 82            [24]  338 	mov	r2,dpl
      000133 AB 83            [24]  339 	mov	r3,dph
      000135 AC F0            [24]  340 	mov	r4,b
      000137 D0 05            [24]  341 	pop	ar5
      000139 D0 06            [24]  342 	pop	ar6
      00013B D0 07            [24]  343 	pop	ar7
      00013D A8 81            [24]  344 	mov	r0,sp
      00013F 18               [12]  345 	dec	r0
      000140 18               [12]  346 	dec	r0
      000141 A6 02            [24]  347 	mov	@r0,ar2
      000143 08               [12]  348 	inc	r0
      000144 A6 03            [24]  349 	mov	@r0,ar3
      000146 08               [12]  350 	inc	r0
      000147 A6 04            [24]  351 	mov	@r0,ar4
      000149 A8 81            [24]  352 	mov	r0,sp
      00014B 18               [12]  353 	dec	r0
      00014C 18               [12]  354 	dec	r0
      00014D 86 02            [24]  355 	mov	ar2,@r0
      00014F 08               [12]  356 	inc	r0
      000150 86 03            [24]  357 	mov	ar3,@r0
      000152 08               [12]  358 	inc	r0
      000153 86 04            [24]  359 	mov	ar4,@r0
                                    360 ;	/opt/contiki/core/lib/list.c:154: if(l == NULL) {
      000155 A8 81            [24]  361 	mov	r0,sp
      000157 18               [12]  362 	dec	r0
      000158 18               [12]  363 	dec	r0
      000159 E6               [12]  364 	mov	a,@r0
      00015A 08               [12]  365 	inc	r0
      00015B 46               [12]  366 	orl	a,@r0
      00015C 70 1D            [24]  367 	jnz	00102$
                                    368 ;	/opt/contiki/core/lib/list.c:155: *list = item;
      00015E 8D 82            [24]  369 	mov	dpl,r5
      000160 8E 83            [24]  370 	mov	dph,r6
      000162 8F F0            [24]  371 	mov	b,r7
      000164 E5 81            [12]  372 	mov	a,sp
      000166 24 F8            [12]  373 	add	a,#0xf8
      000168 F8               [12]  374 	mov	r0,a
      000169 E6               [12]  375 	mov	a,@r0
      00016A 12r00r00         [24]  376 	lcall	__gptrput
      00016D A3               [24]  377 	inc	dptr
      00016E 08               [12]  378 	inc	r0
      00016F E6               [12]  379 	mov	a,@r0
      000170 12r00r00         [24]  380 	lcall	__gptrput
      000173 A3               [24]  381 	inc	dptr
      000174 08               [12]  382 	inc	r0
      000175 E6               [12]  383 	mov	a,@r0
      000176 12r00r00         [24]  384 	lcall	__gptrput
      000179 80 21            [24]  385 	sjmp	00104$
      00017B                        386 00102$:
                                    387 ;	/opt/contiki/core/lib/list.c:157: l->next = item;
      00017B E5 81            [12]  388 	mov	a,sp
      00017D 24 F8            [12]  389 	add	a,#0xf8
      00017F F8               [12]  390 	mov	r0,a
      000180 86 05            [24]  391 	mov	ar5,@r0
      000182 08               [12]  392 	inc	r0
      000183 86 06            [24]  393 	mov	ar6,@r0
      000185 08               [12]  394 	inc	r0
      000186 86 07            [24]  395 	mov	ar7,@r0
      000188 8A 82            [24]  396 	mov	dpl,r2
      00018A 8B 83            [24]  397 	mov	dph,r3
      00018C 8C F0            [24]  398 	mov	b,r4
      00018E ED               [12]  399 	mov	a,r5
      00018F 12r00r00         [24]  400 	lcall	__gptrput
      000192 A3               [24]  401 	inc	dptr
      000193 EE               [12]  402 	mov	a,r6
      000194 12r00r00         [24]  403 	lcall	__gptrput
      000197 A3               [24]  404 	inc	dptr
      000198 EF               [12]  405 	mov	a,r7
      000199 12r00r00         [24]  406 	lcall	__gptrput
      00019C                        407 00104$:
      00019C 15 81            [12]  408 	dec	sp
      00019E 15 81            [12]  409 	dec	sp
      0001A0 15 81            [12]  410 	dec	sp
      0001A2 02r00r00         [24]  411 	ljmp	__sdcc_banked_ret
                                    412 ;------------------------------------------------------------
                                    413 ;Allocation info for local variables in function 'list_push'
                                    414 ;------------------------------------------------------------
                                    415 ;item                      Allocated to stack - sp -8
                                    416 ;list                      Allocated to stack - sp -2
                                    417 ;------------------------------------------------------------
                                    418 ;	/opt/contiki/core/lib/list.c:165: list_push(list_t list, void *item)
                                    419 ;	-----------------------------------------
                                    420 ;	 function list_push
                                    421 ;	-----------------------------------------
      0001A5                        422 _list_push:
      0001A5 C0 82            [24]  423 	push	dpl
      0001A7 C0 83            [24]  424 	push	dph
      0001A9 C0 F0            [24]  425 	push	b
                                    426 ;	/opt/contiki/core/lib/list.c:170: list_remove(list, item);
      0001AB E5 81            [12]  427 	mov	a,sp
      0001AD 24 F8            [12]  428 	add	a,#0xf8
      0001AF F8               [12]  429 	mov	r0,a
      0001B0 E6               [12]  430 	mov	a,@r0
      0001B1 C0 E0            [24]  431 	push	acc
      0001B3 08               [12]  432 	inc	r0
      0001B4 E6               [12]  433 	mov	a,@r0
      0001B5 C0 E0            [24]  434 	push	acc
      0001B7 08               [12]  435 	inc	r0
      0001B8 E6               [12]  436 	mov	a,@r0
      0001B9 C0 E0            [24]  437 	push	acc
      0001BB E5 81            [12]  438 	mov	a,sp
      0001BD 24 FB            [12]  439 	add	a,#0xfb
      0001BF F8               [12]  440 	mov	r0,a
      0001C0 86 82            [24]  441 	mov	dpl,@r0
      0001C2 08               [12]  442 	inc	r0
      0001C3 86 83            [24]  443 	mov	dph,@r0
      0001C5 08               [12]  444 	inc	r0
      0001C6 86 F0            [24]  445 	mov	b,@r0
      0001C8 78rED            [12]  446 	mov	r0,#_list_remove
      0001CA 79s03            [12]  447 	mov	r1,#(_list_remove >> 8)
      0001CC 7As00            [12]  448 	mov	r2,#(_list_remove >> 16)
      0001CE 12r00r00         [24]  449 	lcall	__sdcc_banked_call
      0001D1 15 81            [12]  450 	dec	sp
      0001D3 15 81            [12]  451 	dec	sp
      0001D5 15 81            [12]  452 	dec	sp
                                    453 ;	/opt/contiki/core/lib/list.c:172: ((struct list *)item)->next = *list;
      0001D7 E5 81            [12]  454 	mov	a,sp
      0001D9 24 F8            [12]  455 	add	a,#0xf8
      0001DB F8               [12]  456 	mov	r0,a
      0001DC 86 02            [24]  457 	mov	ar2,@r0
      0001DE 08               [12]  458 	inc	r0
      0001DF 86 03            [24]  459 	mov	ar3,@r0
      0001E1 08               [12]  460 	inc	r0
      0001E2 86 04            [24]  461 	mov	ar4,@r0
      0001E4 A8 81            [24]  462 	mov	r0,sp
      0001E6 18               [12]  463 	dec	r0
      0001E7 18               [12]  464 	dec	r0
      0001E8 86 82            [24]  465 	mov	dpl,@r0
      0001EA 08               [12]  466 	inc	r0
      0001EB 86 83            [24]  467 	mov	dph,@r0
      0001ED 08               [12]  468 	inc	r0
      0001EE 86 F0            [24]  469 	mov	b,@r0
      0001F0 12r00r00         [24]  470 	lcall	__gptrget
      0001F3 FD               [12]  471 	mov	r5,a
      0001F4 A3               [24]  472 	inc	dptr
      0001F5 12r00r00         [24]  473 	lcall	__gptrget
      0001F8 FE               [12]  474 	mov	r6,a
      0001F9 A3               [24]  475 	inc	dptr
      0001FA 12r00r00         [24]  476 	lcall	__gptrget
      0001FD FF               [12]  477 	mov	r7,a
      0001FE 8A 82            [24]  478 	mov	dpl,r2
      000200 8B 83            [24]  479 	mov	dph,r3
      000202 8C F0            [24]  480 	mov	b,r4
      000204 ED               [12]  481 	mov	a,r5
      000205 12r00r00         [24]  482 	lcall	__gptrput
      000208 A3               [24]  483 	inc	dptr
      000209 EE               [12]  484 	mov	a,r6
      00020A 12r00r00         [24]  485 	lcall	__gptrput
      00020D A3               [24]  486 	inc	dptr
      00020E EF               [12]  487 	mov	a,r7
      00020F 12r00r00         [24]  488 	lcall	__gptrput
                                    489 ;	/opt/contiki/core/lib/list.c:173: *list = item;
      000212 A8 81            [24]  490 	mov	r0,sp
      000214 18               [12]  491 	dec	r0
      000215 18               [12]  492 	dec	r0
      000216 86 82            [24]  493 	mov	dpl,@r0
      000218 08               [12]  494 	inc	r0
      000219 86 83            [24]  495 	mov	dph,@r0
      00021B 08               [12]  496 	inc	r0
      00021C 86 F0            [24]  497 	mov	b,@r0
      00021E E5 81            [12]  498 	mov	a,sp
      000220 24 F8            [12]  499 	add	a,#0xf8
      000222 F9               [12]  500 	mov	r1,a
      000223 E7               [12]  501 	mov	a,@r1
      000224 12r00r00         [24]  502 	lcall	__gptrput
      000227 A3               [24]  503 	inc	dptr
      000228 09               [12]  504 	inc	r1
      000229 E7               [12]  505 	mov	a,@r1
      00022A 12r00r00         [24]  506 	lcall	__gptrput
      00022D A3               [24]  507 	inc	dptr
      00022E 09               [12]  508 	inc	r1
      00022F E7               [12]  509 	mov	a,@r1
      000230 12r00r00         [24]  510 	lcall	__gptrput
      000233 15 81            [12]  511 	dec	sp
      000235 15 81            [12]  512 	dec	sp
      000237 15 81            [12]  513 	dec	sp
      000239 02r00r00         [24]  514 	ljmp	__sdcc_banked_ret
                                    515 ;------------------------------------------------------------
                                    516 ;Allocation info for local variables in function 'list_chop'
                                    517 ;------------------------------------------------------------
                                    518 ;list                      Allocated to stack - sp -5
                                    519 ;l                         Allocated to stack - sp -2
                                    520 ;r                         Allocated to registers r5 r6 r7 
                                    521 ;------------------------------------------------------------
                                    522 ;	/opt/contiki/core/lib/list.c:186: list_chop(list_t list)
                                    523 ;	-----------------------------------------
                                    524 ;	 function list_chop
                                    525 ;	-----------------------------------------
      00023C                        526 _list_chop:
      00023C C0 82            [24]  527 	push	dpl
      00023E C0 83            [24]  528 	push	dph
      000240 C0 F0            [24]  529 	push	b
      000242 05 81            [12]  530 	inc	sp
      000244 05 81            [12]  531 	inc	sp
      000246 05 81            [12]  532 	inc	sp
                                    533 ;	/opt/contiki/core/lib/list.c:190: if(*list == NULL) {
      000248 E5 81            [12]  534 	mov	a,sp
      00024A 24 FB            [12]  535 	add	a,#0xfb
      00024C F8               [12]  536 	mov	r0,a
      00024D 86 82            [24]  537 	mov	dpl,@r0
      00024F 08               [12]  538 	inc	r0
      000250 86 83            [24]  539 	mov	dph,@r0
      000252 08               [12]  540 	inc	r0
      000253 86 F0            [24]  541 	mov	b,@r0
      000255 12r00r00         [24]  542 	lcall	__gptrget
      000258 FA               [12]  543 	mov	r2,a
      000259 A3               [24]  544 	inc	dptr
      00025A 12r00r00         [24]  545 	lcall	__gptrget
      00025D FB               [12]  546 	mov	r3,a
      00025E A3               [24]  547 	inc	dptr
      00025F 12r00r00         [24]  548 	lcall	__gptrget
      000262 FC               [12]  549 	mov	r4,a
      000263 EA               [12]  550 	mov	a,r2
      000264 4B               [12]  551 	orl	a,r3
                                    552 ;	/opt/contiki/core/lib/list.c:191: return NULL;
      000265 70 08            [24]  553 	jnz	00102$
      000267 90 00 00         [24]  554 	mov	dptr,#0x0000
      00026A F5 F0            [12]  555 	mov	b,a
      00026C 02r03r77         [24]  556 	ljmp	00109$
      00026F                        557 00102$:
                                    558 ;	/opt/contiki/core/lib/list.c:193: if(((struct list *)*list)->next == NULL) {
      00026F 8A 05            [24]  559 	mov	ar5,r2
      000271 8B 06            [24]  560 	mov	ar6,r3
      000273 8C 07            [24]  561 	mov	ar7,r4
      000275 8D 82            [24]  562 	mov	dpl,r5
      000277 8E 83            [24]  563 	mov	dph,r6
      000279 8F F0            [24]  564 	mov	b,r7
      00027B 12r00r00         [24]  565 	lcall	__gptrget
      00027E FD               [12]  566 	mov	r5,a
      00027F A3               [24]  567 	inc	dptr
      000280 12r00r00         [24]  568 	lcall	__gptrget
      000283 FE               [12]  569 	mov	r6,a
      000284 A3               [24]  570 	inc	dptr
      000285 12r00r00         [24]  571 	lcall	__gptrget
      000288 FF               [12]  572 	mov	r7,a
      000289 ED               [12]  573 	mov	a,r5
      00028A 4E               [12]  574 	orl	a,r6
      00028B 70 40            [24]  575 	jnz	00104$
                                    576 ;	/opt/contiki/core/lib/list.c:194: l = *list;
      00028D 8A 05            [24]  577 	mov	ar5,r2
      00028F 8B 06            [24]  578 	mov	ar6,r3
      000291 8C 07            [24]  579 	mov	ar7,r4
      000293 A8 81            [24]  580 	mov	r0,sp
      000295 18               [12]  581 	dec	r0
      000296 18               [12]  582 	dec	r0
      000297 A6 05            [24]  583 	mov	@r0,ar5
      000299 08               [12]  584 	inc	r0
      00029A A6 06            [24]  585 	mov	@r0,ar6
      00029C 08               [12]  586 	inc	r0
      00029D A6 07            [24]  587 	mov	@r0,ar7
                                    588 ;	/opt/contiki/core/lib/list.c:195: *list = NULL;
      00029F E5 81            [12]  589 	mov	a,sp
      0002A1 24 FB            [12]  590 	add	a,#0xfb
      0002A3 F8               [12]  591 	mov	r0,a
      0002A4 86 82            [24]  592 	mov	dpl,@r0
      0002A6 08               [12]  593 	inc	r0
      0002A7 86 83            [24]  594 	mov	dph,@r0
      0002A9 08               [12]  595 	inc	r0
      0002AA 86 F0            [24]  596 	mov	b,@r0
      0002AC E4               [12]  597 	clr	a
      0002AD 12r00r00         [24]  598 	lcall	__gptrput
      0002B0 A3               [24]  599 	inc	dptr
      0002B1 12r00r00         [24]  600 	lcall	__gptrput
      0002B4 A3               [24]  601 	inc	dptr
      0002B5 12r00r00         [24]  602 	lcall	__gptrput
                                    603 ;	/opt/contiki/core/lib/list.c:196: return l;
      0002B8 A8 81            [24]  604 	mov	r0,sp
      0002BA 18               [12]  605 	dec	r0
      0002BB 18               [12]  606 	dec	r0
      0002BC 86 05            [24]  607 	mov	ar5,@r0
      0002BE 08               [12]  608 	inc	r0
      0002BF 86 06            [24]  609 	mov	ar6,@r0
      0002C1 08               [12]  610 	inc	r0
      0002C2 86 07            [24]  611 	mov	ar7,@r0
      0002C4 8D 82            [24]  612 	mov	dpl,r5
      0002C6 8E 83            [24]  613 	mov	dph,r6
      0002C8 8F F0            [24]  614 	mov	b,r7
      0002CA 02r03r77         [24]  615 	ljmp	00109$
      0002CD                        616 00104$:
                                    617 ;	/opt/contiki/core/lib/list.c:199: for(l = *list; l->next->next != NULL; l = l->next);
      0002CD A8 81            [24]  618 	mov	r0,sp
      0002CF 18               [12]  619 	dec	r0
      0002D0 18               [12]  620 	dec	r0
      0002D1 A6 02            [24]  621 	mov	@r0,ar2
      0002D3 08               [12]  622 	inc	r0
      0002D4 A6 03            [24]  623 	mov	@r0,ar3
      0002D6 08               [12]  624 	inc	r0
      0002D7 A6 04            [24]  625 	mov	@r0,ar4
      0002D9                        626 00107$:
      0002D9 A8 81            [24]  627 	mov	r0,sp
      0002DB 18               [12]  628 	dec	r0
      0002DC 18               [12]  629 	dec	r0
      0002DD 86 82            [24]  630 	mov	dpl,@r0
      0002DF 08               [12]  631 	inc	r0
      0002E0 86 83            [24]  632 	mov	dph,@r0
      0002E2 08               [12]  633 	inc	r0
      0002E3 86 F0            [24]  634 	mov	b,@r0
      0002E5 12r00r00         [24]  635 	lcall	__gptrget
      0002E8 FD               [12]  636 	mov	r5,a
      0002E9 A3               [24]  637 	inc	dptr
      0002EA 12r00r00         [24]  638 	lcall	__gptrget
      0002ED FE               [12]  639 	mov	r6,a
      0002EE A3               [24]  640 	inc	dptr
      0002EF 12r00r00         [24]  641 	lcall	__gptrget
      0002F2 FF               [12]  642 	mov	r7,a
      0002F3 8D 82            [24]  643 	mov	dpl,r5
      0002F5 8E 83            [24]  644 	mov	dph,r6
      0002F7 8F F0            [24]  645 	mov	b,r7
      0002F9 12r00r00         [24]  646 	lcall	__gptrget
      0002FC FD               [12]  647 	mov	r5,a
      0002FD A3               [24]  648 	inc	dptr
      0002FE 12r00r00         [24]  649 	lcall	__gptrget
      000301 FE               [12]  650 	mov	r6,a
      000302 A3               [24]  651 	inc	dptr
      000303 12r00r00         [24]  652 	lcall	__gptrget
      000306 FF               [12]  653 	mov	r7,a
      000307 E4               [12]  654 	clr	a
      000308 C0 E0            [24]  655 	push	acc
      00030A C0 E0            [24]  656 	push	acc
      00030C C0 E0            [24]  657 	push	acc
      00030E 8D 82            [24]  658 	mov	dpl,r5
      000310 8E 83            [24]  659 	mov	dph,r6
      000312 8F F0            [24]  660 	mov	b,r7
      000314 12r00r00         [24]  661 	lcall	___gptr_cmp
      000317 15 81            [12]  662 	dec	sp
      000319 15 81            [12]  663 	dec	sp
      00031B 15 81            [12]  664 	dec	sp
      00031D 60 20            [24]  665 	jz	00105$
      00031F A8 81            [24]  666 	mov	r0,sp
      000321 18               [12]  667 	dec	r0
      000322 18               [12]  668 	dec	r0
      000323 86 82            [24]  669 	mov	dpl,@r0
      000325 08               [12]  670 	inc	r0
      000326 86 83            [24]  671 	mov	dph,@r0
      000328 08               [12]  672 	inc	r0
      000329 86 F0            [24]  673 	mov	b,@r0
      00032B 12r00r00         [24]  674 	lcall	__gptrget
      00032E 18               [12]  675 	dec	r0
      00032F 18               [12]  676 	dec	r0
      000330 F6               [12]  677 	mov	@r0,a
      000331 A3               [24]  678 	inc	dptr
      000332 12r00r00         [24]  679 	lcall	__gptrget
      000335 08               [12]  680 	inc	r0
      000336 F6               [12]  681 	mov	@r0,a
      000337 A3               [24]  682 	inc	dptr
      000338 12r00r00         [24]  683 	lcall	__gptrget
      00033B 08               [12]  684 	inc	r0
      00033C F6               [12]  685 	mov	@r0,a
      00033D 80 9A            [24]  686 	sjmp	00107$
      00033F                        687 00105$:
                                    688 ;	/opt/contiki/core/lib/list.c:201: r = l->next;
      00033F A8 81            [24]  689 	mov	r0,sp
      000341 18               [12]  690 	dec	r0
      000342 18               [12]  691 	dec	r0
      000343 86 82            [24]  692 	mov	dpl,@r0
      000345 08               [12]  693 	inc	r0
      000346 86 83            [24]  694 	mov	dph,@r0
      000348 08               [12]  695 	inc	r0
      000349 86 F0            [24]  696 	mov	b,@r0
      00034B 12r00r00         [24]  697 	lcall	__gptrget
      00034E FD               [12]  698 	mov	r5,a
      00034F A3               [24]  699 	inc	dptr
      000350 12r00r00         [24]  700 	lcall	__gptrget
      000353 FE               [12]  701 	mov	r6,a
      000354 A3               [24]  702 	inc	dptr
      000355 12r00r00         [24]  703 	lcall	__gptrget
      000358 FF               [12]  704 	mov	r7,a
                                    705 ;	/opt/contiki/core/lib/list.c:202: l->next = NULL;
      000359 A8 81            [24]  706 	mov	r0,sp
      00035B 18               [12]  707 	dec	r0
      00035C 18               [12]  708 	dec	r0
      00035D 86 82            [24]  709 	mov	dpl,@r0
      00035F 08               [12]  710 	inc	r0
      000360 86 83            [24]  711 	mov	dph,@r0
      000362 08               [12]  712 	inc	r0
      000363 86 F0            [24]  713 	mov	b,@r0
      000365 E4               [12]  714 	clr	a
      000366 12r00r00         [24]  715 	lcall	__gptrput
      000369 A3               [24]  716 	inc	dptr
      00036A 12r00r00         [24]  717 	lcall	__gptrput
      00036D A3               [24]  718 	inc	dptr
      00036E 12r00r00         [24]  719 	lcall	__gptrput
                                    720 ;	/opt/contiki/core/lib/list.c:204: return r;
      000371 8D 82            [24]  721 	mov	dpl,r5
      000373 8E 83            [24]  722 	mov	dph,r6
      000375 8F F0            [24]  723 	mov	b,r7
      000377                        724 00109$:
      000377 E5 81            [12]  725 	mov	a,sp
      000379 24 FA            [12]  726 	add	a,#0xFA
      00037B F5 81            [12]  727 	mov	sp,a
      00037D 02r00r00         [24]  728 	ljmp	__sdcc_banked_ret
                                    729 ;------------------------------------------------------------
                                    730 ;Allocation info for local variables in function 'list_pop'
                                    731 ;------------------------------------------------------------
                                    732 ;list                      Allocated to registers r5 r6 r7 
                                    733 ;l                         Allocated to stack - sp -2
                                    734 ;------------------------------------------------------------
                                    735 ;	/opt/contiki/core/lib/list.c:218: list_pop(list_t list)
                                    736 ;	-----------------------------------------
                                    737 ;	 function list_pop
                                    738 ;	-----------------------------------------
      000380                        739 _list_pop:
      000380 05 81            [12]  740 	inc	sp
      000382 05 81            [12]  741 	inc	sp
      000384 05 81            [12]  742 	inc	sp
                                    743 ;	/opt/contiki/core/lib/list.c:221: l = *list;
      000386 AD 82            [24]  744 	mov	r5,dpl
      000388 AE 83            [24]  745 	mov	r6,dph
      00038A AF F0            [24]  746 	mov	r7,b
      00038C 12r00r00         [24]  747 	lcall	__gptrget
      00038F FA               [12]  748 	mov	r2,a
      000390 A3               [24]  749 	inc	dptr
      000391 12r00r00         [24]  750 	lcall	__gptrget
      000394 FB               [12]  751 	mov	r3,a
      000395 A3               [24]  752 	inc	dptr
      000396 12r00r00         [24]  753 	lcall	__gptrget
      000399 FC               [12]  754 	mov	r4,a
      00039A A8 81            [24]  755 	mov	r0,sp
      00039C 18               [12]  756 	dec	r0
      00039D 18               [12]  757 	dec	r0
      00039E A6 02            [24]  758 	mov	@r0,ar2
      0003A0 08               [12]  759 	inc	r0
      0003A1 A6 03            [24]  760 	mov	@r0,ar3
      0003A3 08               [12]  761 	inc	r0
      0003A4 A6 04            [24]  762 	mov	@r0,ar4
                                    763 ;	/opt/contiki/core/lib/list.c:222: if(*list != NULL) {
      0003A6 EA               [12]  764 	mov	a,r2
      0003A7 4B               [12]  765 	orl	a,r3
      0003A8 60 28            [24]  766 	jz	00102$
                                    767 ;	/opt/contiki/core/lib/list.c:223: *list = ((struct list *)*list)->next;
      0003AA 8A 82            [24]  768 	mov	dpl,r2
      0003AC 8B 83            [24]  769 	mov	dph,r3
      0003AE 8C F0            [24]  770 	mov	b,r4
      0003B0 12r00r00         [24]  771 	lcall	__gptrget
      0003B3 FA               [12]  772 	mov	r2,a
      0003B4 A3               [24]  773 	inc	dptr
      0003B5 12r00r00         [24]  774 	lcall	__gptrget
      0003B8 FB               [12]  775 	mov	r3,a
      0003B9 A3               [24]  776 	inc	dptr
      0003BA 12r00r00         [24]  777 	lcall	__gptrget
      0003BD FC               [12]  778 	mov	r4,a
      0003BE 8D 82            [24]  779 	mov	dpl,r5
      0003C0 8E 83            [24]  780 	mov	dph,r6
      0003C2 8F F0            [24]  781 	mov	b,r7
      0003C4 EA               [12]  782 	mov	a,r2
      0003C5 12r00r00         [24]  783 	lcall	__gptrput
      0003C8 A3               [24]  784 	inc	dptr
      0003C9 EB               [12]  785 	mov	a,r3
      0003CA 12r00r00         [24]  786 	lcall	__gptrput
      0003CD A3               [24]  787 	inc	dptr
      0003CE EC               [12]  788 	mov	a,r4
      0003CF 12r00r00         [24]  789 	lcall	__gptrput
      0003D2                        790 00102$:
                                    791 ;	/opt/contiki/core/lib/list.c:226: return l;
      0003D2 A8 81            [24]  792 	mov	r0,sp
      0003D4 18               [12]  793 	dec	r0
      0003D5 18               [12]  794 	dec	r0
      0003D6 86 05            [24]  795 	mov	ar5,@r0
      0003D8 08               [12]  796 	inc	r0
      0003D9 86 06            [24]  797 	mov	ar6,@r0
      0003DB 08               [12]  798 	inc	r0
      0003DC 86 07            [24]  799 	mov	ar7,@r0
      0003DE 8D 82            [24]  800 	mov	dpl,r5
      0003E0 8E 83            [24]  801 	mov	dph,r6
      0003E2 8F F0            [24]  802 	mov	b,r7
      0003E4 15 81            [12]  803 	dec	sp
      0003E6 15 81            [12]  804 	dec	sp
      0003E8 15 81            [12]  805 	dec	sp
      0003EA 02r00r00         [24]  806 	ljmp	__sdcc_banked_ret
                                    807 ;------------------------------------------------------------
                                    808 ;Allocation info for local variables in function 'list_remove'
                                    809 ;------------------------------------------------------------
                                    810 ;item                      Allocated to stack - sp -11
                                    811 ;list                      Allocated to stack - sp -5
                                    812 ;l                         Allocated to stack - sp -2
                                    813 ;r                         Allocated to registers r5 r6 r7 
                                    814 ;------------------------------------------------------------
                                    815 ;	/opt/contiki/core/lib/list.c:240: list_remove(list_t list, void *item)
                                    816 ;	-----------------------------------------
                                    817 ;	 function list_remove
                                    818 ;	-----------------------------------------
      0003ED                        819 _list_remove:
      0003ED C0 82            [24]  820 	push	dpl
      0003EF C0 83            [24]  821 	push	dph
      0003F1 C0 F0            [24]  822 	push	b
      0003F3 05 81            [12]  823 	inc	sp
      0003F5 05 81            [12]  824 	inc	sp
      0003F7 05 81            [12]  825 	inc	sp
                                    826 ;	/opt/contiki/core/lib/list.c:244: if(*list == NULL) {
      0003F9 E5 81            [12]  827 	mov	a,sp
      0003FB 24 FB            [12]  828 	add	a,#0xfb
      0003FD F8               [12]  829 	mov	r0,a
      0003FE 86 82            [24]  830 	mov	dpl,@r0
      000400 08               [12]  831 	inc	r0
      000401 86 83            [24]  832 	mov	dph,@r0
      000403 08               [12]  833 	inc	r0
      000404 86 F0            [24]  834 	mov	b,@r0
      000406 12r00r00         [24]  835 	lcall	__gptrget
      000409 FA               [12]  836 	mov	r2,a
      00040A A3               [24]  837 	inc	dptr
      00040B 12r00r00         [24]  838 	lcall	__gptrget
      00040E FB               [12]  839 	mov	r3,a
      00040F A3               [24]  840 	inc	dptr
      000410 12r00r00         [24]  841 	lcall	__gptrget
      000413 FC               [12]  842 	mov	r4,a
      000414 EA               [12]  843 	mov	a,r2
      000415 4B               [12]  844 	orl	a,r3
      000416 70 03            [24]  845 	jnz	00102$
                                    846 ;	/opt/contiki/core/lib/list.c:245: return;
      000418 02r05r3E         [24]  847 	ljmp	00112$
      00041B                        848 00102$:
                                    849 ;	/opt/contiki/core/lib/list.c:248: r = NULL;
      00041B 7D 00            [12]  850 	mov	r5,#0x00
      00041D 7E 00            [12]  851 	mov	r6,#0x00
      00041F 7F 00            [12]  852 	mov	r7,#0x00
                                    853 ;	/opt/contiki/core/lib/list.c:249: for(l = *list; l != NULL; l = l->next) {
      000421 A8 81            [24]  854 	mov	r0,sp
      000423 18               [12]  855 	dec	r0
      000424 18               [12]  856 	dec	r0
      000425 A6 02            [24]  857 	mov	@r0,ar2
      000427 08               [12]  858 	inc	r0
      000428 A6 03            [24]  859 	mov	@r0,ar3
      00042A 08               [12]  860 	inc	r0
      00042B A6 04            [24]  861 	mov	@r0,ar4
      00042D                        862 00110$:
      00042D A8 81            [24]  863 	mov	r0,sp
      00042F 18               [12]  864 	dec	r0
      000430 18               [12]  865 	dec	r0
      000431 E4               [12]  866 	clr	a
      000432 C0 E0            [24]  867 	push	acc
      000434 C0 E0            [24]  868 	push	acc
      000436 C0 E0            [24]  869 	push	acc
      000438 86 82            [24]  870 	mov	dpl,@r0
      00043A 08               [12]  871 	inc	r0
      00043B 86 83            [24]  872 	mov	dph,@r0
      00043D 08               [12]  873 	inc	r0
      00043E 86 F0            [24]  874 	mov	b,@r0
      000440 12r00r00         [24]  875 	lcall	___gptr_cmp
      000443 15 81            [12]  876 	dec	sp
      000445 15 81            [12]  877 	dec	sp
      000447 15 81            [12]  878 	dec	sp
      000449 70 03            [24]  879 	jnz	00130$
      00044B 02r05r3E         [24]  880 	ljmp	00112$
      00044E                        881 00130$:
                                    882 ;	/opt/contiki/core/lib/list.c:250: if(l == item) {
      00044E C0 05            [24]  883 	push	ar5
      000450 C0 06            [24]  884 	push	ar6
      000452 C0 07            [24]  885 	push	ar7
      000454 E5 81            [12]  886 	mov	a,sp
      000456 24 F2            [12]  887 	add	a,#0xf2
      000458 F8               [12]  888 	mov	r0,a
      000459 86 05            [24]  889 	mov	ar5,@r0
      00045B 08               [12]  890 	inc	r0
      00045C 86 06            [24]  891 	mov	ar6,@r0
      00045E 08               [12]  892 	inc	r0
      00045F 86 07            [24]  893 	mov	ar7,@r0
      000461 E5 81            [12]  894 	mov	a,sp
      000463 24 FB            [12]  895 	add	a,#0xfb
      000465 F8               [12]  896 	mov	r0,a
      000466 C0 05            [24]  897 	push	ar5
      000468 C0 06            [24]  898 	push	ar6
      00046A C0 07            [24]  899 	push	ar7
      00046C 86 82            [24]  900 	mov	dpl,@r0
      00046E 08               [12]  901 	inc	r0
      00046F 86 83            [24]  902 	mov	dph,@r0
      000471 08               [12]  903 	inc	r0
      000472 86 F0            [24]  904 	mov	b,@r0
      000474 12r00r00         [24]  905 	lcall	___gptr_cmp
      000477 15 81            [12]  906 	dec	sp
      000479 15 81            [12]  907 	dec	sp
      00047B 15 81            [12]  908 	dec	sp
      00047D 60 09            [24]  909 	jz	00132$
      00047F D0 07            [24]  910 	pop	ar7
      000481 D0 06            [24]  911 	pop	ar6
      000483 D0 05            [24]  912 	pop	ar5
      000485 02r05r11         [24]  913 	ljmp	00107$
      000488                        914 00132$:
      000488 D0 07            [24]  915 	pop	ar7
      00048A D0 06            [24]  916 	pop	ar6
      00048C D0 05            [24]  917 	pop	ar5
                                    918 ;	/opt/contiki/core/lib/list.c:251: if(r == NULL) {
      00048E ED               [12]  919 	mov	a,r5
      00048F 4E               [12]  920 	orl	a,r6
      000490 70 37            [24]  921 	jnz	00104$
                                    922 ;	/opt/contiki/core/lib/list.c:253: *list = l->next;
      000492 A8 81            [24]  923 	mov	r0,sp
      000494 18               [12]  924 	dec	r0
      000495 18               [12]  925 	dec	r0
      000496 86 82            [24]  926 	mov	dpl,@r0
      000498 08               [12]  927 	inc	r0
      000499 86 83            [24]  928 	mov	dph,@r0
      00049B 08               [12]  929 	inc	r0
      00049C 86 F0            [24]  930 	mov	b,@r0
      00049E 12r00r00         [24]  931 	lcall	__gptrget
      0004A1 FA               [12]  932 	mov	r2,a
      0004A2 A3               [24]  933 	inc	dptr
      0004A3 12r00r00         [24]  934 	lcall	__gptrget
      0004A6 FB               [12]  935 	mov	r3,a
      0004A7 A3               [24]  936 	inc	dptr
      0004A8 12r00r00         [24]  937 	lcall	__gptrget
      0004AB FC               [12]  938 	mov	r4,a
      0004AC E5 81            [12]  939 	mov	a,sp
      0004AE 24 FB            [12]  940 	add	a,#0xfb
      0004B0 F8               [12]  941 	mov	r0,a
      0004B1 86 82            [24]  942 	mov	dpl,@r0
      0004B3 08               [12]  943 	inc	r0
      0004B4 86 83            [24]  944 	mov	dph,@r0
      0004B6 08               [12]  945 	inc	r0
      0004B7 86 F0            [24]  946 	mov	b,@r0
      0004B9 EA               [12]  947 	mov	a,r2
      0004BA 12r00r00         [24]  948 	lcall	__gptrput
      0004BD A3               [24]  949 	inc	dptr
      0004BE EB               [12]  950 	mov	a,r3
      0004BF 12r00r00         [24]  951 	lcall	__gptrput
      0004C2 A3               [24]  952 	inc	dptr
      0004C3 EC               [12]  953 	mov	a,r4
      0004C4 12r00r00         [24]  954 	lcall	__gptrput
      0004C7 80 2E            [24]  955 	sjmp	00105$
      0004C9                        956 00104$:
                                    957 ;	/opt/contiki/core/lib/list.c:256: r->next = l->next;
      0004C9 A8 81            [24]  958 	mov	r0,sp
      0004CB 18               [12]  959 	dec	r0
      0004CC 18               [12]  960 	dec	r0
      0004CD 86 82            [24]  961 	mov	dpl,@r0
      0004CF 08               [12]  962 	inc	r0
      0004D0 86 83            [24]  963 	mov	dph,@r0
      0004D2 08               [12]  964 	inc	r0
      0004D3 86 F0            [24]  965 	mov	b,@r0
      0004D5 12r00r00         [24]  966 	lcall	__gptrget
      0004D8 FA               [12]  967 	mov	r2,a
      0004D9 A3               [24]  968 	inc	dptr
      0004DA 12r00r00         [24]  969 	lcall	__gptrget
      0004DD FB               [12]  970 	mov	r3,a
      0004DE A3               [24]  971 	inc	dptr
      0004DF 12r00r00         [24]  972 	lcall	__gptrget
      0004E2 FC               [12]  973 	mov	r4,a
      0004E3 8D 82            [24]  974 	mov	dpl,r5
      0004E5 8E 83            [24]  975 	mov	dph,r6
      0004E7 8F F0            [24]  976 	mov	b,r7
      0004E9 EA               [12]  977 	mov	a,r2
      0004EA 12r00r00         [24]  978 	lcall	__gptrput
      0004ED A3               [24]  979 	inc	dptr
      0004EE EB               [12]  980 	mov	a,r3
      0004EF 12r00r00         [24]  981 	lcall	__gptrput
      0004F2 A3               [24]  982 	inc	dptr
      0004F3 EC               [12]  983 	mov	a,r4
      0004F4 12r00r00         [24]  984 	lcall	__gptrput
      0004F7                        985 00105$:
                                    986 ;	/opt/contiki/core/lib/list.c:258: l->next = NULL;
      0004F7 A8 81            [24]  987 	mov	r0,sp
      0004F9 18               [12]  988 	dec	r0
      0004FA 18               [12]  989 	dec	r0
      0004FB 86 82            [24]  990 	mov	dpl,@r0
      0004FD 08               [12]  991 	inc	r0
      0004FE 86 83            [24]  992 	mov	dph,@r0
      000500 08               [12]  993 	inc	r0
      000501 86 F0            [24]  994 	mov	b,@r0
      000503 E4               [12]  995 	clr	a
      000504 12r00r00         [24]  996 	lcall	__gptrput
      000507 A3               [24]  997 	inc	dptr
      000508 12r00r00         [24]  998 	lcall	__gptrput
      00050B A3               [24]  999 	inc	dptr
      00050C 12r00r00         [24] 1000 	lcall	__gptrput
                                   1001 ;	/opt/contiki/core/lib/list.c:259: return;
      00050F 80 2D            [24] 1002 	sjmp	00112$
      000511                       1003 00107$:
                                   1004 ;	/opt/contiki/core/lib/list.c:261: r = l;
      000511 A8 81            [24] 1005 	mov	r0,sp
      000513 18               [12] 1006 	dec	r0
      000514 18               [12] 1007 	dec	r0
      000515 86 05            [24] 1008 	mov	ar5,@r0
      000517 08               [12] 1009 	inc	r0
      000518 86 06            [24] 1010 	mov	ar6,@r0
      00051A 08               [12] 1011 	inc	r0
      00051B 86 07            [24] 1012 	mov	ar7,@r0
                                   1013 ;	/opt/contiki/core/lib/list.c:249: for(l = *list; l != NULL; l = l->next) {
      00051D A8 81            [24] 1014 	mov	r0,sp
      00051F 18               [12] 1015 	dec	r0
      000520 18               [12] 1016 	dec	r0
      000521 86 82            [24] 1017 	mov	dpl,@r0
      000523 08               [12] 1018 	inc	r0
      000524 86 83            [24] 1019 	mov	dph,@r0
      000526 08               [12] 1020 	inc	r0
      000527 86 F0            [24] 1021 	mov	b,@r0
      000529 12r00r00         [24] 1022 	lcall	__gptrget
      00052C 18               [12] 1023 	dec	r0
      00052D 18               [12] 1024 	dec	r0
      00052E F6               [12] 1025 	mov	@r0,a
      00052F A3               [24] 1026 	inc	dptr
      000530 12r00r00         [24] 1027 	lcall	__gptrget
      000533 08               [12] 1028 	inc	r0
      000534 F6               [12] 1029 	mov	@r0,a
      000535 A3               [24] 1030 	inc	dptr
      000536 12r00r00         [24] 1031 	lcall	__gptrget
      000539 08               [12] 1032 	inc	r0
      00053A F6               [12] 1033 	mov	@r0,a
      00053B 02r04r2D         [24] 1034 	ljmp	00110$
      00053E                       1035 00112$:
      00053E E5 81            [12] 1036 	mov	a,sp
      000540 24 FA            [12] 1037 	add	a,#0xFA
      000542 F5 81            [12] 1038 	mov	sp,a
      000544 02r00r00         [24] 1039 	ljmp	__sdcc_banked_ret
                                   1040 ;------------------------------------------------------------
                                   1041 ;Allocation info for local variables in function 'list_length'
                                   1042 ;------------------------------------------------------------
                                   1043 ;list                      Allocated to registers r5 r6 r7 
                                   1044 ;l                         Allocated to registers r5 r6 r7 
                                   1045 ;n                         Allocated to registers r3 r4 
                                   1046 ;------------------------------------------------------------
                                   1047 ;	/opt/contiki/core/lib/list.c:275: list_length(list_t list)
                                   1048 ;	-----------------------------------------
                                   1049 ;	 function list_length
                                   1050 ;	-----------------------------------------
      000547                       1051 _list_length:
                                   1052 ;	/opt/contiki/core/lib/list.c:280: for(l = *list; l != NULL; l = l->next) {
      000547 12r00r00         [24] 1053 	lcall	__gptrget
      00054A FD               [12] 1054 	mov	r5,a
      00054B A3               [24] 1055 	inc	dptr
      00054C 12r00r00         [24] 1056 	lcall	__gptrget
      00054F FE               [12] 1057 	mov	r6,a
      000550 A3               [24] 1058 	inc	dptr
      000551 12r00r00         [24] 1059 	lcall	__gptrget
      000554 FF               [12] 1060 	mov	r7,a
      000555 7B 00            [12] 1061 	mov	r3,#0x00
      000557 7C 00            [12] 1062 	mov	r4,#0x00
      000559                       1063 00103$:
      000559 E4               [12] 1064 	clr	a
      00055A C0 E0            [24] 1065 	push	acc
      00055C C0 E0            [24] 1066 	push	acc
      00055E C0 E0            [24] 1067 	push	acc
      000560 8D 82            [24] 1068 	mov	dpl,r5
      000562 8E 83            [24] 1069 	mov	dph,r6
      000564 8F F0            [24] 1070 	mov	b,r7
      000566 12r00r00         [24] 1071 	lcall	___gptr_cmp
      000569 15 81            [12] 1072 	dec	sp
      00056B 15 81            [12] 1073 	dec	sp
      00056D 15 81            [12] 1074 	dec	sp
      00056F 60 1B            [24] 1075 	jz	00101$
                                   1076 ;	/opt/contiki/core/lib/list.c:281: ++n;
      000571 0B               [12] 1077 	inc	r3
      000572 BB 00 01         [24] 1078 	cjne	r3,#0x00,00115$
      000575 0C               [12] 1079 	inc	r4
      000576                       1080 00115$:
                                   1081 ;	/opt/contiki/core/lib/list.c:280: for(l = *list; l != NULL; l = l->next) {
      000576 8D 82            [24] 1082 	mov	dpl,r5
      000578 8E 83            [24] 1083 	mov	dph,r6
      00057A 8F F0            [24] 1084 	mov	b,r7
      00057C 12r00r00         [24] 1085 	lcall	__gptrget
      00057F FD               [12] 1086 	mov	r5,a
      000580 A3               [24] 1087 	inc	dptr
      000581 12r00r00         [24] 1088 	lcall	__gptrget
      000584 FE               [12] 1089 	mov	r6,a
      000585 A3               [24] 1090 	inc	dptr
      000586 12r00r00         [24] 1091 	lcall	__gptrget
      000589 FF               [12] 1092 	mov	r7,a
      00058A 80 CD            [24] 1093 	sjmp	00103$
      00058C                       1094 00101$:
                                   1095 ;	/opt/contiki/core/lib/list.c:284: return n;
      00058C 8B 82            [24] 1096 	mov	dpl,r3
      00058E 8C 83            [24] 1097 	mov	dph,r4
      000590 02r00r00         [24] 1098 	ljmp	__sdcc_banked_ret
                                   1099 ;------------------------------------------------------------
                                   1100 ;Allocation info for local variables in function 'list_insert'
                                   1101 ;------------------------------------------------------------
                                   1102 ;previtem                  Allocated to stack - sp -8
                                   1103 ;newitem                   Allocated to stack - sp -11
                                   1104 ;list                      Allocated to registers r5 r6 r7 
                                   1105 ;sloc0                     Allocated to stack - sp -2
                                   1106 ;------------------------------------------------------------
                                   1107 ;	/opt/contiki/core/lib/list.c:303: list_insert(list_t list, void *previtem, void *newitem)
                                   1108 ;	-----------------------------------------
                                   1109 ;	 function list_insert
                                   1110 ;	-----------------------------------------
      000593                       1111 _list_insert:
      000593 05 81            [12] 1112 	inc	sp
      000595 05 81            [12] 1113 	inc	sp
      000597 05 81            [12] 1114 	inc	sp
      000599 AD 82            [24] 1115 	mov	r5,dpl
      00059B AE 83            [24] 1116 	mov	r6,dph
      00059D AF F0            [24] 1117 	mov	r7,b
                                   1118 ;	/opt/contiki/core/lib/list.c:305: if(previtem == NULL) {
      00059F E5 81            [12] 1119 	mov	a,sp
      0005A1 24 F8            [12] 1120 	add	a,#0xf8
      0005A3 F8               [12] 1121 	mov	r0,a
      0005A4 E6               [12] 1122 	mov	a,@r0
      0005A5 08               [12] 1123 	inc	r0
      0005A6 46               [12] 1124 	orl	a,@r0
      0005A7 70 27            [24] 1125 	jnz	00102$
                                   1126 ;	/opt/contiki/core/lib/list.c:306: list_push(list, newitem);
      0005A9 E5 81            [12] 1127 	mov	a,sp
      0005AB 24 F5            [12] 1128 	add	a,#0xf5
      0005AD F8               [12] 1129 	mov	r0,a
      0005AE E6               [12] 1130 	mov	a,@r0
      0005AF C0 E0            [24] 1131 	push	acc
      0005B1 08               [12] 1132 	inc	r0
      0005B2 E6               [12] 1133 	mov	a,@r0
      0005B3 C0 E0            [24] 1134 	push	acc
      0005B5 08               [12] 1135 	inc	r0
      0005B6 E6               [12] 1136 	mov	a,@r0
      0005B7 C0 E0            [24] 1137 	push	acc
      0005B9 8D 82            [24] 1138 	mov	dpl,r5
      0005BB 8E 83            [24] 1139 	mov	dph,r6
      0005BD 8F F0            [24] 1140 	mov	b,r7
      0005BF 78rA5            [12] 1141 	mov	r0,#_list_push
      0005C1 79s01            [12] 1142 	mov	r1,#(_list_push >> 8)
      0005C3 7As00            [12] 1143 	mov	r2,#(_list_push >> 16)
      0005C5 12r00r00         [24] 1144 	lcall	__sdcc_banked_call
      0005C8 15 81            [12] 1145 	dec	sp
      0005CA 15 81            [12] 1146 	dec	sp
      0005CC 15 81            [12] 1147 	dec	sp
      0005CE 80 6F            [24] 1148 	sjmp	00104$
      0005D0                       1149 00102$:
                                   1150 ;	/opt/contiki/core/lib/list.c:309: ((struct list *)newitem)->next = ((struct list *)previtem)->next;
      0005D0 E5 81            [12] 1151 	mov	a,sp
      0005D2 24 F5            [12] 1152 	add	a,#0xf5
      0005D4 F8               [12] 1153 	mov	r0,a
      0005D5 A9 81            [24] 1154 	mov	r1,sp
      0005D7 19               [12] 1155 	dec	r1
      0005D8 19               [12] 1156 	dec	r1
      0005D9 E6               [12] 1157 	mov	a,@r0
      0005DA F7               [12] 1158 	mov	@r1,a
      0005DB 08               [12] 1159 	inc	r0
      0005DC 09               [12] 1160 	inc	r1
      0005DD E6               [12] 1161 	mov	a,@r0
      0005DE F7               [12] 1162 	mov	@r1,a
      0005DF 08               [12] 1163 	inc	r0
      0005E0 09               [12] 1164 	inc	r1
      0005E1 E6               [12] 1165 	mov	a,@r0
      0005E2 F7               [12] 1166 	mov	@r1,a
      0005E3 E5 81            [12] 1167 	mov	a,sp
      0005E5 24 F8            [12] 1168 	add	a,#0xf8
      0005E7 F8               [12] 1169 	mov	r0,a
      0005E8 86 02            [24] 1170 	mov	ar2,@r0
      0005EA 08               [12] 1171 	inc	r0
      0005EB 86 03            [24] 1172 	mov	ar3,@r0
      0005ED 08               [12] 1173 	inc	r0
      0005EE 86 04            [24] 1174 	mov	ar4,@r0
      0005F0 8A 82            [24] 1175 	mov	dpl,r2
      0005F2 8B 83            [24] 1176 	mov	dph,r3
      0005F4 8C F0            [24] 1177 	mov	b,r4
      0005F6 12r00r00         [24] 1178 	lcall	__gptrget
      0005F9 FD               [12] 1179 	mov	r5,a
      0005FA A3               [24] 1180 	inc	dptr
      0005FB 12r00r00         [24] 1181 	lcall	__gptrget
      0005FE FE               [12] 1182 	mov	r6,a
      0005FF A3               [24] 1183 	inc	dptr
      000600 12r00r00         [24] 1184 	lcall	__gptrget
      000603 FF               [12] 1185 	mov	r7,a
      000604 A8 81            [24] 1186 	mov	r0,sp
      000606 18               [12] 1187 	dec	r0
      000607 18               [12] 1188 	dec	r0
      000608 86 82            [24] 1189 	mov	dpl,@r0
      00060A 08               [12] 1190 	inc	r0
      00060B 86 83            [24] 1191 	mov	dph,@r0
      00060D 08               [12] 1192 	inc	r0
      00060E 86 F0            [24] 1193 	mov	b,@r0
      000610 ED               [12] 1194 	mov	a,r5
      000611 12r00r00         [24] 1195 	lcall	__gptrput
      000614 A3               [24] 1196 	inc	dptr
      000615 EE               [12] 1197 	mov	a,r6
      000616 12r00r00         [24] 1198 	lcall	__gptrput
      000619 A3               [24] 1199 	inc	dptr
      00061A EF               [12] 1200 	mov	a,r7
      00061B 12r00r00         [24] 1201 	lcall	__gptrput
                                   1202 ;	/opt/contiki/core/lib/list.c:310: ((struct list *)previtem)->next = newitem;
      00061E E5 81            [12] 1203 	mov	a,sp
      000620 24 F5            [12] 1204 	add	a,#0xf5
      000622 F8               [12] 1205 	mov	r0,a
      000623 86 05            [24] 1206 	mov	ar5,@r0
      000625 08               [12] 1207 	inc	r0
      000626 86 06            [24] 1208 	mov	ar6,@r0
      000628 08               [12] 1209 	inc	r0
      000629 86 07            [24] 1210 	mov	ar7,@r0
      00062B 8A 82            [24] 1211 	mov	dpl,r2
      00062D 8B 83            [24] 1212 	mov	dph,r3
      00062F 8C F0            [24] 1213 	mov	b,r4
      000631 ED               [12] 1214 	mov	a,r5
      000632 12r00r00         [24] 1215 	lcall	__gptrput
      000635 A3               [24] 1216 	inc	dptr
      000636 EE               [12] 1217 	mov	a,r6
      000637 12r00r00         [24] 1218 	lcall	__gptrput
      00063A A3               [24] 1219 	inc	dptr
      00063B EF               [12] 1220 	mov	a,r7
      00063C 12r00r00         [24] 1221 	lcall	__gptrput
      00063F                       1222 00104$:
      00063F 15 81            [12] 1223 	dec	sp
      000641 15 81            [12] 1224 	dec	sp
      000643 15 81            [12] 1225 	dec	sp
      000645 02r00r00         [24] 1226 	ljmp	__sdcc_banked_ret
                                   1227 ;------------------------------------------------------------
                                   1228 ;Allocation info for local variables in function 'list_item_next'
                                   1229 ;------------------------------------------------------------
                                   1230 ;item                      Allocated to registers r5 r6 r7 
                                   1231 ;------------------------------------------------------------
                                   1232 ;	/opt/contiki/core/lib/list.c:325: list_item_next(void *item)
                                   1233 ;	-----------------------------------------
                                   1234 ;	 function list_item_next
                                   1235 ;	-----------------------------------------
      000648                       1236 _list_item_next:
      000648 AD 82            [24] 1237 	mov	r5,dpl
      00064A AE 83            [24] 1238 	mov	r6,dph
      00064C AF F0            [24] 1239 	mov	r7,b
                                   1240 ;	/opt/contiki/core/lib/list.c:327: return item == NULL? NULL: ((struct list *)item)->next;
      00064E ED               [12] 1241 	mov	a,r5
      00064F 4E               [12] 1242 	orl	a,r6
      000650 70 05            [24] 1243 	jnz	00103$
      000652 FA               [12] 1244 	mov	r2,a
      000653 FB               [12] 1245 	mov	r3,a
      000654 FC               [12] 1246 	mov	r4,a
      000655 80 14            [24] 1247 	sjmp	00104$
      000657                       1248 00103$:
      000657 8D 82            [24] 1249 	mov	dpl,r5
      000659 8E 83            [24] 1250 	mov	dph,r6
      00065B 8F F0            [24] 1251 	mov	b,r7
      00065D 12r00r00         [24] 1252 	lcall	__gptrget
      000660 FA               [12] 1253 	mov	r2,a
      000661 A3               [24] 1254 	inc	dptr
      000662 12r00r00         [24] 1255 	lcall	__gptrget
      000665 FB               [12] 1256 	mov	r3,a
      000666 A3               [24] 1257 	inc	dptr
      000667 12r00r00         [24] 1258 	lcall	__gptrget
      00066A FC               [12] 1259 	mov	r4,a
      00066B                       1260 00104$:
      00066B 8A 82            [24] 1261 	mov	dpl,r2
      00066D 8B 83            [24] 1262 	mov	dph,r3
      00066F 8C F0            [24] 1263 	mov	b,r4
      000671 02r00r00         [24] 1264 	ljmp	__sdcc_banked_ret
                                   1265 	.area CSEG    (CODE)
                                   1266 	.area CONST   (CODE)
                                   1267 	.area XINIT   (CODE)
                                   1268 	.area CABS    (ABS,CODE)
