                                      1 ;--------------------------------------------------------
                                      2 ; File Created by SDCC : free open source ANSI-C Compiler
                                      3 ; Version 3.5.5 #9380 (Linux)
                                      4 ; This file was generated Wed Nov 18 02:57:37 2015
                                      5 ;--------------------------------------------------------
                                      6 	.module mac_sequence
                                      7 	.optsdcc -mmcs51 --model-huge
                                      8 	
                                      9 ;--------------------------------------------------------
                                     10 ; Public variables in this module
                                     11 ;--------------------------------------------------------
                                     12 	.globl _packetbuf_addr
                                     13 	.globl _packetbuf_attr
                                     14 	.globl _linkaddr_cmp
                                     15 	.globl _linkaddr_copy
                                     16 	.globl _memcpy
                                     17 	.globl _ACTIVE
                                     18 	.globl _TX_BYTE
                                     19 	.globl _RX_BYTE
                                     20 	.globl _ERR
                                     21 	.globl _FE
                                     22 	.globl _SLAVE
                                     23 	.globl _RE
                                     24 	.globl _MODE
                                     25 	.globl _T3OVFIF
                                     26 	.globl _T3CH0IF
                                     27 	.globl _T3CH1IF
                                     28 	.globl _T4OVFIF
                                     29 	.globl _T4CH0IF
                                     30 	.globl _T4CH1IF
                                     31 	.globl _OVFIM
                                     32 	.globl _B_0
                                     33 	.globl _B_1
                                     34 	.globl _B_2
                                     35 	.globl _B_3
                                     36 	.globl _B_4
                                     37 	.globl _B_5
                                     38 	.globl _B_6
                                     39 	.globl _B_7
                                     40 	.globl _P2IF
                                     41 	.globl _UTX0IF
                                     42 	.globl _UTX1IF
                                     43 	.globl _P1IF
                                     44 	.globl _WDTIF
                                     45 	.globl _ACC_0
                                     46 	.globl _ACC_1
                                     47 	.globl _ACC_2
                                     48 	.globl _ACC_3
                                     49 	.globl _ACC_4
                                     50 	.globl _ACC_5
                                     51 	.globl _ACC_6
                                     52 	.globl _ACC_7
                                     53 	.globl _P
                                     54 	.globl _F1
                                     55 	.globl _OV
                                     56 	.globl _RS0
                                     57 	.globl _RS1
                                     58 	.globl _F0
                                     59 	.globl _AC
                                     60 	.globl _CY
                                     61 	.globl _DMAIF
                                     62 	.globl _T1IF
                                     63 	.globl _T2IF
                                     64 	.globl _T3IF
                                     65 	.globl _T4IF
                                     66 	.globl _P0IF
                                     67 	.globl _STIF
                                     68 	.globl _DMAIE
                                     69 	.globl _T1IE
                                     70 	.globl _T2IE
                                     71 	.globl _T3IE
                                     72 	.globl _T4IE
                                     73 	.globl _P0IE
                                     74 	.globl _RFERRIE
                                     75 	.globl _ADCIE
                                     76 	.globl _URX0IE
                                     77 	.globl _URX1IE
                                     78 	.globl _ENCIE
                                     79 	.globl _STIE
                                     80 	.globl _EA
                                     81 	.globl _P2_0
                                     82 	.globl _P2_1
                                     83 	.globl _P2_2
                                     84 	.globl _P2_3
                                     85 	.globl _P2_4
                                     86 	.globl _P2_5
                                     87 	.globl _P2_6
                                     88 	.globl _P2_7
                                     89 	.globl _ENCIF_0
                                     90 	.globl _ENCIF_1
                                     91 	.globl _P1_0
                                     92 	.globl _P1_1
                                     93 	.globl _P1_2
                                     94 	.globl _P1_3
                                     95 	.globl _P1_4
                                     96 	.globl _P1_5
                                     97 	.globl _P1_6
                                     98 	.globl _P1_7
                                     99 	.globl _IT0
                                    100 	.globl _RFERRIF
                                    101 	.globl _IT1
                                    102 	.globl _URX0IF
                                    103 	.globl _ADCIF
                                    104 	.globl _URX1IF
                                    105 	.globl _P0_0
                                    106 	.globl _P0_1
                                    107 	.globl _P0_2
                                    108 	.globl _P0_3
                                    109 	.globl _P0_4
                                    110 	.globl _P0_5
                                    111 	.globl _P0_6
                                    112 	.globl _P0_7
                                    113 	.globl _WDCTL
                                    114 	.globl _U1GCR
                                    115 	.globl _U1UCR
                                    116 	.globl _U1BAUD
                                    117 	.globl _U1DBUF
                                    118 	.globl _U1CSR
                                    119 	.globl _U0GCR
                                    120 	.globl _U0UCR
                                    121 	.globl _U0BAUD
                                    122 	.globl _U0DBUF
                                    123 	.globl _U0CSR
                                    124 	.globl _TIMIF
                                    125 	.globl _T4CC1
                                    126 	.globl _T4CCTL1
                                    127 	.globl _T4CC0
                                    128 	.globl _T4CCTL0
                                    129 	.globl _T4CTL
                                    130 	.globl _T4CNT
                                    131 	.globl _T3CC1
                                    132 	.globl _T3CCTL1
                                    133 	.globl _T3CC0
                                    134 	.globl _T3CCTL0
                                    135 	.globl _T3CTL
                                    136 	.globl _T3CNT
                                    137 	.globl _T2MSEL
                                    138 	.globl _T2IRQM
                                    139 	.globl _T2MOVF2
                                    140 	.globl _T2MOVF1
                                    141 	.globl _T2MOVF0
                                    142 	.globl _T2M1
                                    143 	.globl _T2M0
                                    144 	.globl _T2IRQF
                                    145 	.globl _T2EVTCFG
                                    146 	.globl _T2CTRL
                                    147 	.globl _T1STAT
                                    148 	.globl _T1CCTL2
                                    149 	.globl _T1CCTL1
                                    150 	.globl _T1CCTL0
                                    151 	.globl _T1CTL
                                    152 	.globl _T1CNTH
                                    153 	.globl _T1CNTL
                                    154 	.globl _T1CC2H
                                    155 	.globl _T1CC2L
                                    156 	.globl _T1CC1H
                                    157 	.globl _T1CC1L
                                    158 	.globl _T1CC0H
                                    159 	.globl _T1CC0L
                                    160 	.globl _CLKCONSTA
                                    161 	.globl _CLKCONCMD
                                    162 	.globl _SLEEPSTA
                                    163 	.globl _SLEEPCMD
                                    164 	.globl _STLOAD
                                    165 	.globl _ST2
                                    166 	.globl _ST1
                                    167 	.globl _ST0
                                    168 	.globl _RFERRF
                                    169 	.globl _RFIRQF0
                                    170 	.globl _RFST
                                    171 	.globl _RFD
                                    172 	.globl _RFIRQF1
                                    173 	.globl _PSBANK
                                    174 	.globl _FMAP
                                    175 	.globl _MEMCTR
                                    176 	.globl __XPAGE
                                    177 	.globl _MPAGE
                                    178 	.globl _PMUX
                                    179 	.globl _P2DIR
                                    180 	.globl _P1DIR
                                    181 	.globl _P0DIR
                                    182 	.globl _P2INP
                                    183 	.globl _P1INP
                                    184 	.globl _P2SEL
                                    185 	.globl _P1SEL
                                    186 	.globl _P0SEL
                                    187 	.globl _APCFG
                                    188 	.globl _PERCFG
                                    189 	.globl _P0INP
                                    190 	.globl _P2IEN
                                    191 	.globl _P1IEN
                                    192 	.globl _P0IEN
                                    193 	.globl _PICTL
                                    194 	.globl _P2IFG
                                    195 	.globl _P1IFG
                                    196 	.globl _P0IFG
                                    197 	.globl _DMAREQ
                                    198 	.globl _DMAARM
                                    199 	.globl _DMA0CFGH
                                    200 	.globl _DMA0CFGL
                                    201 	.globl _DMA1CFGH
                                    202 	.globl _DMA1CFGL
                                    203 	.globl _DMAIRQ
                                    204 	.globl _ENCCS
                                    205 	.globl _ENCDO
                                    206 	.globl _ENCDI
                                    207 	.globl _RNDH
                                    208 	.globl _RNDL
                                    209 	.globl _ADCH
                                    210 	.globl _ADCL
                                    211 	.globl _ADCCON3
                                    212 	.globl _ADCCON2
                                    213 	.globl _ADCCON1
                                    214 	.globl _B
                                    215 	.globl _IRCON2
                                    216 	.globl _ACC
                                    217 	.globl _PSW
                                    218 	.globl _IRCON
                                    219 	.globl _IP1
                                    220 	.globl _IEN1
                                    221 	.globl _IP0
                                    222 	.globl _IEN0
                                    223 	.globl _P2
                                    224 	.globl _S1CON
                                    225 	.globl _IEN2
                                    226 	.globl _S0CON
                                    227 	.globl _DPS
                                    228 	.globl _P1
                                    229 	.globl _TCON
                                    230 	.globl _PCON
                                    231 	.globl _DPH1
                                    232 	.globl _DPL1
                                    233 	.globl _DPH0
                                    234 	.globl _DPL0
                                    235 	.globl _SP
                                    236 	.globl _P0
                                    237 	.globl _X_IEEE_ADDR
                                    238 	.globl _X_INFOPAGE
                                    239 	.globl _X_P2DIR
                                    240 	.globl _X_P1DIR
                                    241 	.globl _X_P0DIR
                                    242 	.globl _X_U1GCR
                                    243 	.globl _X_U1UCR
                                    244 	.globl _X_U1BAUD
                                    245 	.globl _X_U1DBUF
                                    246 	.globl _X_U1CSR
                                    247 	.globl _X_P2INP
                                    248 	.globl _X_P1INP
                                    249 	.globl _X_P2SEL
                                    250 	.globl _X_P1SEL
                                    251 	.globl _X_P0SEL
                                    252 	.globl _X_APCFG
                                    253 	.globl _X_PERCFG
                                    254 	.globl _X_T4CC1
                                    255 	.globl _X_T4CCTL1
                                    256 	.globl _X_T4CC0
                                    257 	.globl _X_T4CCTL0
                                    258 	.globl _X_T4CTL
                                    259 	.globl _X_T4CNT
                                    260 	.globl _X_RFIRQF0
                                    261 	.globl _X_T1CCTL2
                                    262 	.globl _X_T1CCTL1
                                    263 	.globl _X_T1CCTL0
                                    264 	.globl _X_T1CTL
                                    265 	.globl _X_T1CNTH
                                    266 	.globl _X_T1CNTL
                                    267 	.globl _X_RFST
                                    268 	.globl _X_T1CC2H
                                    269 	.globl _X_T1CC2L
                                    270 	.globl _X_T1CC1H
                                    271 	.globl _X_T1CC1L
                                    272 	.globl _X_T1CC0H
                                    273 	.globl _X_T1CC0L
                                    274 	.globl _X_RFD
                                    275 	.globl _X_TIMIF
                                    276 	.globl _X_DMAREQ
                                    277 	.globl _X_DMAARM
                                    278 	.globl _X_DMA0CFGH
                                    279 	.globl _X_DMA0CFGL
                                    280 	.globl _X_DMA1CFGH
                                    281 	.globl _X_DMA1CFGL
                                    282 	.globl _X_DMAIRQ
                                    283 	.globl _X_T3CC1
                                    284 	.globl _X_T3CCTL1
                                    285 	.globl _X_T3CC0
                                    286 	.globl _X_T3CCTL0
                                    287 	.globl _X_T3CTL
                                    288 	.globl _X_T3CNT
                                    289 	.globl _X_WDCTL
                                    290 	.globl _X_MEMCTR
                                    291 	.globl _X_CLKCONCMD
                                    292 	.globl _X_U0GCR
                                    293 	.globl _X_U0UCR
                                    294 	.globl _X_T2MSEL
                                    295 	.globl _X_U0BAUD
                                    296 	.globl _X_U0DBUF
                                    297 	.globl _X_RFERRF
                                    298 	.globl _X_SLEEPCMD
                                    299 	.globl _X_RNDH
                                    300 	.globl _X_RNDL
                                    301 	.globl _X_ADCH
                                    302 	.globl _X_ADCL
                                    303 	.globl _X_ADCCON3
                                    304 	.globl _X_ADCCON2
                                    305 	.globl _X_ADCCON1
                                    306 	.globl _X_ENCCS
                                    307 	.globl _X_ENCDO
                                    308 	.globl _X_ENCDI
                                    309 	.globl _X_T1STAT
                                    310 	.globl _X_PMUX
                                    311 	.globl _X_STLOAD
                                    312 	.globl _X_P2IEN
                                    313 	.globl _X_P0IEN
                                    314 	.globl _X_T2IRQM
                                    315 	.globl _X_T2MOVF2
                                    316 	.globl _X_T2MOVF1
                                    317 	.globl _X_T2MOVF0
                                    318 	.globl _X_T2M1
                                    319 	.globl _X_T2M0
                                    320 	.globl _X_T2IRQF
                                    321 	.globl _X_P2
                                    322 	.globl _X_PSBANK
                                    323 	.globl _X_FMAP
                                    324 	.globl _X_CLKCONSTA
                                    325 	.globl _X_SLEEPSTA
                                    326 	.globl _X_T2EVTCFG
                                    327 	.globl _X_ST2
                                    328 	.globl _X_ST1
                                    329 	.globl _X_ST0
                                    330 	.globl _X_T2CTRL
                                    331 	.globl _X__XPAGE
                                    332 	.globl _X_MPAGE
                                    333 	.globl _X_RFIRQF1
                                    334 	.globl _X_P1
                                    335 	.globl _X_P0INP
                                    336 	.globl _X_P1IEN
                                    337 	.globl _X_PICTL
                                    338 	.globl _X_P2IFG
                                    339 	.globl _X_P1IFG
                                    340 	.globl _X_P0IFG
                                    341 	.globl _X_U0CSR
                                    342 	.globl _X_P0
                                    343 	.globl _USBF5
                                    344 	.globl _USBF4
                                    345 	.globl _USBF3
                                    346 	.globl _USBF2
                                    347 	.globl _USBF1
                                    348 	.globl _USBF0
                                    349 	.globl _USBCNTH
                                    350 	.globl _USBCNTL
                                    351 	.globl _USBCNT0
                                    352 	.globl _USBCSOH
                                    353 	.globl _USBCSOL
                                    354 	.globl _USBMAXO
                                    355 	.globl _USBCSIH
                                    356 	.globl _USBCSIL
                                    357 	.globl _USBCS0
                                    358 	.globl _USBMAXI
                                    359 	.globl _USBCTRL
                                    360 	.globl _USBINDEX
                                    361 	.globl _USBFRMH
                                    362 	.globl _USBFRML
                                    363 	.globl _USBCIE
                                    364 	.globl _USBOIE
                                    365 	.globl _USBIIE
                                    366 	.globl _USBCIF
                                    367 	.globl _USBOIF
                                    368 	.globl _USBIIF
                                    369 	.globl _USBPOW
                                    370 	.globl _USBADDR
                                    371 	.globl _CSPT
                                    372 	.globl _CSPZ
                                    373 	.globl _CSPY
                                    374 	.globl _CSPX
                                    375 	.globl _CSPSTAT
                                    376 	.globl _CSPCTRL
                                    377 	.globl _CSPPROG23
                                    378 	.globl _CSPPROG22
                                    379 	.globl _CSPPROG21
                                    380 	.globl _CSPPROG20
                                    381 	.globl _CSPPROG19
                                    382 	.globl _CSPPROG18
                                    383 	.globl _CSPPROG17
                                    384 	.globl _CSPPROG16
                                    385 	.globl _CSPPROG15
                                    386 	.globl _CSPPROG14
                                    387 	.globl _CSPPROG13
                                    388 	.globl _CSPPROG12
                                    389 	.globl _CSPPROG11
                                    390 	.globl _CSPPROG10
                                    391 	.globl _CSPPROG9
                                    392 	.globl _CSPPROG8
                                    393 	.globl _CSPPROG7
                                    394 	.globl _CSPPROG6
                                    395 	.globl _CSPPROG5
                                    396 	.globl _CSPPROG4
                                    397 	.globl _CSPPROG3
                                    398 	.globl _CSPPROG2
                                    399 	.globl _CSPPROG1
                                    400 	.globl _CSPPROG0
                                    401 	.globl _RFC_OBS_CTRL2
                                    402 	.globl _RFC_OBS_CTRL1
                                    403 	.globl _RFC_OBS_CTRL0
                                    404 	.globl _TXFILTCFG
                                    405 	.globl _PTEST1
                                    406 	.globl _PTEST0
                                    407 	.globl _ATEST
                                    408 	.globl _DACTEST2
                                    409 	.globl _DACTEST1
                                    410 	.globl _DACTEST0
                                    411 	.globl _MDMTEST1
                                    412 	.globl _MDMTEST0
                                    413 	.globl _ADCTEST2
                                    414 	.globl _ADCTEST1
                                    415 	.globl _ADCTEST0
                                    416 	.globl _AGCCTRL3
                                    417 	.globl _AGCCTRL2
                                    418 	.globl _AGCCTRL1
                                    419 	.globl _AGCCTRL0
                                    420 	.globl _FSCAL3
                                    421 	.globl _FSCAL2
                                    422 	.globl _FSCAL1
                                    423 	.globl _FSCAL0
                                    424 	.globl _FSCTRL
                                    425 	.globl _RXCTRL
                                    426 	.globl _FREQEST
                                    427 	.globl _MDMCTRL1
                                    428 	.globl _MDMCTRL0
                                    429 	.globl _RFRND
                                    430 	.globl _RFERRM
                                    431 	.globl _RFIRQM1
                                    432 	.globl _RFIRQM0
                                    433 	.globl _TXLAST_PTR
                                    434 	.globl _TXFIRST_PTR
                                    435 	.globl _RXP1_PTR
                                    436 	.globl _RXLAST_PTR
                                    437 	.globl _RXFIRST_PTR
                                    438 	.globl _TXFIFOCNT
                                    439 	.globl _RXFIFOCNT
                                    440 	.globl _RXFIRST
                                    441 	.globl _RSSISTAT
                                    442 	.globl _RSSI
                                    443 	.globl _CCACTRL1
                                    444 	.globl _CCACTRL0
                                    445 	.globl _FSMCTRL
                                    446 	.globl _FIFOPCTRL
                                    447 	.globl _FSMSTAT1
                                    448 	.globl _FSMSTAT0
                                    449 	.globl _TXCTRL
                                    450 	.globl _TXPOWER
                                    451 	.globl _FREQCTRL
                                    452 	.globl _FREQTUNE
                                    453 	.globl _RXMASKCLR
                                    454 	.globl _RXMASKSET
                                    455 	.globl _RXENABLE
                                    456 	.globl _FRMCTRL1
                                    457 	.globl _FRMCTRL0
                                    458 	.globl _SRCEXTEN2
                                    459 	.globl _SRCEXTEN1
                                    460 	.globl _SRCEXTEN0
                                    461 	.globl _SRCSHORTEN2
                                    462 	.globl _SRCSHORTEN1
                                    463 	.globl _SRCSHORTEN0
                                    464 	.globl _SRCMATCH
                                    465 	.globl _FRMFILT1
                                    466 	.globl _FRMFILT0
                                    467 	.globl _SHORT_ADDR1
                                    468 	.globl _SHORT_ADDR0
                                    469 	.globl _PAN_ID1
                                    470 	.globl _PAN_ID0
                                    471 	.globl _EXT_ADDR7
                                    472 	.globl _EXT_ADDR6
                                    473 	.globl _EXT_ADDR5
                                    474 	.globl _EXT_ADDR4
                                    475 	.globl _EXT_ADDR3
                                    476 	.globl _EXT_ADDR2
                                    477 	.globl _EXT_ADDR1
                                    478 	.globl _EXT_ADDR0
                                    479 	.globl _SRCSHORTPENDEN2
                                    480 	.globl _SRCSHORTPENDEN1
                                    481 	.globl _SRCSHORTPENDEN0
                                    482 	.globl _SRCEXTPENDEN2
                                    483 	.globl _SRCEXTPENDEN1
                                    484 	.globl _SRCEXTPENDEN0
                                    485 	.globl _SRCRESINDEX
                                    486 	.globl _SRCRESMASK2
                                    487 	.globl _SRCRESMASK1
                                    488 	.globl _SRCRESMASK0
                                    489 	.globl _SRC_ADDR_TABLE
                                    490 	.globl _TXFIFO
                                    491 	.globl _RXFIFO
                                    492 	.globl _RFCORE_RAM
                                    493 	.globl _CMPCTL
                                    494 	.globl _OPAMPS
                                    495 	.globl _OPAMPC
                                    496 	.globl _STCV2
                                    497 	.globl _STCV1
                                    498 	.globl _STCV0
                                    499 	.globl _STCS
                                    500 	.globl _STCC
                                    501 	.globl _T1CC4H
                                    502 	.globl _T1CC4L
                                    503 	.globl _T1CC3H
                                    504 	.globl _T1CC3L
                                    505 	.globl _XX_T1CC2H
                                    506 	.globl _XX_T1CC2L
                                    507 	.globl _XX_T1CC1H
                                    508 	.globl _XX_T1CC1L
                                    509 	.globl _XX_T1CC0H
                                    510 	.globl _XX_T1CC0L
                                    511 	.globl _T1CCTL4
                                    512 	.globl _T1CCTL3
                                    513 	.globl _XX_T1CCTL2
                                    514 	.globl _XX_T1CCTL1
                                    515 	.globl _XX_T1CCTL0
                                    516 	.globl _CLD
                                    517 	.globl _IRCTL
                                    518 	.globl _CHIPINFO1
                                    519 	.globl _CHIPINFO0
                                    520 	.globl _FWDATA
                                    521 	.globl _FADDRH
                                    522 	.globl _FADDRL
                                    523 	.globl _FCTL
                                    524 	.globl _IVCTRL
                                    525 	.globl _BATTMON
                                    526 	.globl _SRCRC
                                    527 	.globl _DBGDATA
                                    528 	.globl _TESTREG0
                                    529 	.globl _CHIPID
                                    530 	.globl _CHVER
                                    531 	.globl _OBSSEL5
                                    532 	.globl _OBSSEL4
                                    533 	.globl _OBSSEL3
                                    534 	.globl _OBSSEL2
                                    535 	.globl _OBSSEL1
                                    536 	.globl _OBSSEL0
                                    537 	.globl _I2CIO
                                    538 	.globl _I2CWC
                                    539 	.globl _I2CADDR
                                    540 	.globl _I2CDATA
                                    541 	.globl _I2CSTAT
                                    542 	.globl _I2CCFG
                                    543 	.globl _OPAMPMC
                                    544 	.globl _MONMUX
                                    545 	.globl _mac_sequence_is_duplicate
                                    546 	.globl _mac_sequence_register_seqno
                                    547 ;--------------------------------------------------------
                                    548 ; special function registers
                                    549 ;--------------------------------------------------------
                                    550 	.area RSEG    (ABS,DATA)
      000000                        551 	.org 0x0000
                           000080   552 _P0	=	0x0080
                           000081   553 _SP	=	0x0081
                           000082   554 _DPL0	=	0x0082
                           000083   555 _DPH0	=	0x0083
                           000084   556 _DPL1	=	0x0084
                           000085   557 _DPH1	=	0x0085
                           000087   558 _PCON	=	0x0087
                           000088   559 _TCON	=	0x0088
                           000090   560 _P1	=	0x0090
                           000092   561 _DPS	=	0x0092
                           000098   562 _S0CON	=	0x0098
                           00009A   563 _IEN2	=	0x009a
                           00009B   564 _S1CON	=	0x009b
                           0000A0   565 _P2	=	0x00a0
                           0000A8   566 _IEN0	=	0x00a8
                           0000A9   567 _IP0	=	0x00a9
                           0000B8   568 _IEN1	=	0x00b8
                           0000B9   569 _IP1	=	0x00b9
                           0000C0   570 _IRCON	=	0x00c0
                           0000D0   571 _PSW	=	0x00d0
                           0000E0   572 _ACC	=	0x00e0
                           0000E8   573 _IRCON2	=	0x00e8
                           0000F0   574 _B	=	0x00f0
                           0000B4   575 _ADCCON1	=	0x00b4
                           0000B5   576 _ADCCON2	=	0x00b5
                           0000B6   577 _ADCCON3	=	0x00b6
                           0000BA   578 _ADCL	=	0x00ba
                           0000BB   579 _ADCH	=	0x00bb
                           0000BC   580 _RNDL	=	0x00bc
                           0000BD   581 _RNDH	=	0x00bd
                           0000B1   582 _ENCDI	=	0x00b1
                           0000B2   583 _ENCDO	=	0x00b2
                           0000B3   584 _ENCCS	=	0x00b3
                           0000D1   585 _DMAIRQ	=	0x00d1
                           0000D2   586 _DMA1CFGL	=	0x00d2
                           0000D3   587 _DMA1CFGH	=	0x00d3
                           0000D4   588 _DMA0CFGL	=	0x00d4
                           0000D5   589 _DMA0CFGH	=	0x00d5
                           0000D6   590 _DMAARM	=	0x00d6
                           0000D7   591 _DMAREQ	=	0x00d7
                           000089   592 _P0IFG	=	0x0089
                           00008A   593 _P1IFG	=	0x008a
                           00008B   594 _P2IFG	=	0x008b
                           00008C   595 _PICTL	=	0x008c
                           0000AB   596 _P0IEN	=	0x00ab
                           00008D   597 _P1IEN	=	0x008d
                           0000AC   598 _P2IEN	=	0x00ac
                           00008F   599 _P0INP	=	0x008f
                           0000F1   600 _PERCFG	=	0x00f1
                           0000F2   601 _APCFG	=	0x00f2
                           0000F3   602 _P0SEL	=	0x00f3
                           0000F4   603 _P1SEL	=	0x00f4
                           0000F5   604 _P2SEL	=	0x00f5
                           0000F6   605 _P1INP	=	0x00f6
                           0000F7   606 _P2INP	=	0x00f7
                           0000FD   607 _P0DIR	=	0x00fd
                           0000FE   608 _P1DIR	=	0x00fe
                           0000FF   609 _P2DIR	=	0x00ff
                           0000AE   610 _PMUX	=	0x00ae
                           000093   611 _MPAGE	=	0x0093
                           000093   612 __XPAGE	=	0x0093
                           0000C7   613 _MEMCTR	=	0x00c7
                           00009F   614 _FMAP	=	0x009f
                           00009F   615 _PSBANK	=	0x009f
                           000091   616 _RFIRQF1	=	0x0091
                           0000D9   617 _RFD	=	0x00d9
                           0000E1   618 _RFST	=	0x00e1
                           0000E9   619 _RFIRQF0	=	0x00e9
                           0000BF   620 _RFERRF	=	0x00bf
                           000095   621 _ST0	=	0x0095
                           000096   622 _ST1	=	0x0096
                           000097   623 _ST2	=	0x0097
                           0000AD   624 _STLOAD	=	0x00ad
                           0000BE   625 _SLEEPCMD	=	0x00be
                           00009D   626 _SLEEPSTA	=	0x009d
                           0000C6   627 _CLKCONCMD	=	0x00c6
                           00009E   628 _CLKCONSTA	=	0x009e
                           0000DA   629 _T1CC0L	=	0x00da
                           0000DB   630 _T1CC0H	=	0x00db
                           0000DC   631 _T1CC1L	=	0x00dc
                           0000DD   632 _T1CC1H	=	0x00dd
                           0000DE   633 _T1CC2L	=	0x00de
                           0000DF   634 _T1CC2H	=	0x00df
                           0000E2   635 _T1CNTL	=	0x00e2
                           0000E3   636 _T1CNTH	=	0x00e3
                           0000E4   637 _T1CTL	=	0x00e4
                           0000E5   638 _T1CCTL0	=	0x00e5
                           0000E6   639 _T1CCTL1	=	0x00e6
                           0000E7   640 _T1CCTL2	=	0x00e7
                           0000AF   641 _T1STAT	=	0x00af
                           000094   642 _T2CTRL	=	0x0094
                           00009C   643 _T2EVTCFG	=	0x009c
                           0000A1   644 _T2IRQF	=	0x00a1
                           0000A2   645 _T2M0	=	0x00a2
                           0000A3   646 _T2M1	=	0x00a3
                           0000A4   647 _T2MOVF0	=	0x00a4
                           0000A5   648 _T2MOVF1	=	0x00a5
                           0000A6   649 _T2MOVF2	=	0x00a6
                           0000A7   650 _T2IRQM	=	0x00a7
                           0000C3   651 _T2MSEL	=	0x00c3
                           0000CA   652 _T3CNT	=	0x00ca
                           0000CB   653 _T3CTL	=	0x00cb
                           0000CC   654 _T3CCTL0	=	0x00cc
                           0000CD   655 _T3CC0	=	0x00cd
                           0000CE   656 _T3CCTL1	=	0x00ce
                           0000CF   657 _T3CC1	=	0x00cf
                           0000EA   658 _T4CNT	=	0x00ea
                           0000EB   659 _T4CTL	=	0x00eb
                           0000EC   660 _T4CCTL0	=	0x00ec
                           0000ED   661 _T4CC0	=	0x00ed
                           0000EE   662 _T4CCTL1	=	0x00ee
                           0000EF   663 _T4CC1	=	0x00ef
                           0000D8   664 _TIMIF	=	0x00d8
                           000086   665 _U0CSR	=	0x0086
                           0000C1   666 _U0DBUF	=	0x00c1
                           0000C2   667 _U0BAUD	=	0x00c2
                           0000C4   668 _U0UCR	=	0x00c4
                           0000C5   669 _U0GCR	=	0x00c5
                           0000F8   670 _U1CSR	=	0x00f8
                           0000F9   671 _U1DBUF	=	0x00f9
                           0000FA   672 _U1BAUD	=	0x00fa
                           0000FB   673 _U1UCR	=	0x00fb
                           0000FC   674 _U1GCR	=	0x00fc
                           0000C9   675 _WDCTL	=	0x00c9
                                    676 ;--------------------------------------------------------
                                    677 ; special function bits
                                    678 ;--------------------------------------------------------
                                    679 	.area RSEG    (ABS,DATA)
      000000                        680 	.org 0x0000
                           000087   681 _P0_7	=	0x0087
                           000086   682 _P0_6	=	0x0086
                           000085   683 _P0_5	=	0x0085
                           000084   684 _P0_4	=	0x0084
                           000083   685 _P0_3	=	0x0083
                           000082   686 _P0_2	=	0x0082
                           000081   687 _P0_1	=	0x0081
                           000080   688 _P0_0	=	0x0080
                           00008F   689 _URX1IF	=	0x008f
                           00008D   690 _ADCIF	=	0x008d
                           00008B   691 _URX0IF	=	0x008b
                           00008A   692 _IT1	=	0x008a
                           000089   693 _RFERRIF	=	0x0089
                           000088   694 _IT0	=	0x0088
                           000097   695 _P1_7	=	0x0097
                           000096   696 _P1_6	=	0x0096
                           000095   697 _P1_5	=	0x0095
                           000094   698 _P1_4	=	0x0094
                           000093   699 _P1_3	=	0x0093
                           000092   700 _P1_2	=	0x0092
                           000091   701 _P1_1	=	0x0091
                           000090   702 _P1_0	=	0x0090
                           000099   703 _ENCIF_1	=	0x0099
                           000098   704 _ENCIF_0	=	0x0098
                           0000A7   705 _P2_7	=	0x00a7
                           0000A6   706 _P2_6	=	0x00a6
                           0000A5   707 _P2_5	=	0x00a5
                           0000A4   708 _P2_4	=	0x00a4
                           0000A3   709 _P2_3	=	0x00a3
                           0000A2   710 _P2_2	=	0x00a2
                           0000A1   711 _P2_1	=	0x00a1
                           0000A0   712 _P2_0	=	0x00a0
                           0000AF   713 _EA	=	0x00af
                           0000AD   714 _STIE	=	0x00ad
                           0000AC   715 _ENCIE	=	0x00ac
                           0000AB   716 _URX1IE	=	0x00ab
                           0000AA   717 _URX0IE	=	0x00aa
                           0000A9   718 _ADCIE	=	0x00a9
                           0000A8   719 _RFERRIE	=	0x00a8
                           0000BD   720 _P0IE	=	0x00bd
                           0000BC   721 _T4IE	=	0x00bc
                           0000BB   722 _T3IE	=	0x00bb
                           0000BA   723 _T2IE	=	0x00ba
                           0000B9   724 _T1IE	=	0x00b9
                           0000B8   725 _DMAIE	=	0x00b8
                           0000C7   726 _STIF	=	0x00c7
                           0000C5   727 _P0IF	=	0x00c5
                           0000C4   728 _T4IF	=	0x00c4
                           0000C3   729 _T3IF	=	0x00c3
                           0000C2   730 _T2IF	=	0x00c2
                           0000C1   731 _T1IF	=	0x00c1
                           0000C0   732 _DMAIF	=	0x00c0
                           0000D7   733 _CY	=	0x00d7
                           0000D6   734 _AC	=	0x00d6
                           0000D5   735 _F0	=	0x00d5
                           0000D4   736 _RS1	=	0x00d4
                           0000D3   737 _RS0	=	0x00d3
                           0000D2   738 _OV	=	0x00d2
                           0000D1   739 _F1	=	0x00d1
                           0000D0   740 _P	=	0x00d0
                           0000E7   741 _ACC_7	=	0x00e7
                           0000E6   742 _ACC_6	=	0x00e6
                           0000E5   743 _ACC_5	=	0x00e5
                           0000E4   744 _ACC_4	=	0x00e4
                           0000E3   745 _ACC_3	=	0x00e3
                           0000E2   746 _ACC_2	=	0x00e2
                           0000E1   747 _ACC_1	=	0x00e1
                           0000E0   748 _ACC_0	=	0x00e0
                           0000EC   749 _WDTIF	=	0x00ec
                           0000EB   750 _P1IF	=	0x00eb
                           0000EA   751 _UTX1IF	=	0x00ea
                           0000E9   752 _UTX0IF	=	0x00e9
                           0000E8   753 _P2IF	=	0x00e8
                           0000F7   754 _B_7	=	0x00f7
                           0000F6   755 _B_6	=	0x00f6
                           0000F5   756 _B_5	=	0x00f5
                           0000F4   757 _B_4	=	0x00f4
                           0000F3   758 _B_3	=	0x00f3
                           0000F2   759 _B_2	=	0x00f2
                           0000F1   760 _B_1	=	0x00f1
                           0000F0   761 _B_0	=	0x00f0
                           0000DE   762 _OVFIM	=	0x00de
                           0000DD   763 _T4CH1IF	=	0x00dd
                           0000DC   764 _T4CH0IF	=	0x00dc
                           0000DB   765 _T4OVFIF	=	0x00db
                           0000DA   766 _T3CH1IF	=	0x00da
                           0000D9   767 _T3CH0IF	=	0x00d9
                           0000D8   768 _T3OVFIF	=	0x00d8
                           0000FF   769 _MODE	=	0x00ff
                           0000FE   770 _RE	=	0x00fe
                           0000FD   771 _SLAVE	=	0x00fd
                           0000FC   772 _FE	=	0x00fc
                           0000FB   773 _ERR	=	0x00fb
                           0000FA   774 _RX_BYTE	=	0x00fa
                           0000F9   775 _TX_BYTE	=	0x00f9
                           0000F8   776 _ACTIVE	=	0x00f8
                                    777 ;--------------------------------------------------------
                                    778 ; overlayable register banks
                                    779 ;--------------------------------------------------------
                                    780 	.area REG_BANK_0	(REL,OVR,DATA)
      000000                        781 	.ds 8
                                    782 ;--------------------------------------------------------
                                    783 ; internal ram data
                                    784 ;--------------------------------------------------------
                                    785 	.area DSEG    (DATA)
                                    786 ;--------------------------------------------------------
                                    787 ; overlayable items in internal ram 
                                    788 ;--------------------------------------------------------
                                    789 ;--------------------------------------------------------
                                    790 ; indirectly addressable internal ram data
                                    791 ;--------------------------------------------------------
                                    792 	.area ISEG    (DATA)
                                    793 ;--------------------------------------------------------
                                    794 ; absolute internal ram data
                                    795 ;--------------------------------------------------------
                                    796 	.area IABS    (ABS,DATA)
                                    797 	.area IABS    (ABS,DATA)
                                    798 ;--------------------------------------------------------
                                    799 ; bit data
                                    800 ;--------------------------------------------------------
                                    801 	.area BSEG    (BIT)
                                    802 ;--------------------------------------------------------
                                    803 ; paged external ram data
                                    804 ;--------------------------------------------------------
                                    805 	.area PSEG    (PAG,XDATA)
                                    806 ;--------------------------------------------------------
                                    807 ; external ram data
                                    808 ;--------------------------------------------------------
                                    809 	.area XSEG    (XDATA)
                           0061A6   810 _MONMUX	=	0x61a6
                           0061A6   811 _OPAMPMC	=	0x61a6
                           006230   812 _I2CCFG	=	0x6230
                           006231   813 _I2CSTAT	=	0x6231
                           006232   814 _I2CDATA	=	0x6232
                           006233   815 _I2CADDR	=	0x6233
                           006234   816 _I2CWC	=	0x6234
                           006235   817 _I2CIO	=	0x6235
                           006243   818 _OBSSEL0	=	0x6243
                           006244   819 _OBSSEL1	=	0x6244
                           006245   820 _OBSSEL2	=	0x6245
                           006246   821 _OBSSEL3	=	0x6246
                           006247   822 _OBSSEL4	=	0x6247
                           006248   823 _OBSSEL5	=	0x6248
                           006249   824 _CHVER	=	0x6249
                           00624A   825 _CHIPID	=	0x624a
                           00624B   826 _TESTREG0	=	0x624b
                           006260   827 _DBGDATA	=	0x6260
                           006262   828 _SRCRC	=	0x6262
                           006264   829 _BATTMON	=	0x6264
                           006265   830 _IVCTRL	=	0x6265
                           006270   831 _FCTL	=	0x6270
                           006271   832 _FADDRL	=	0x6271
                           006272   833 _FADDRH	=	0x6272
                           006273   834 _FWDATA	=	0x6273
                           006276   835 _CHIPINFO0	=	0x6276
                           006277   836 _CHIPINFO1	=	0x6277
                           006281   837 _IRCTL	=	0x6281
                           006290   838 _CLD	=	0x6290
                           0062A0   839 _XX_T1CCTL0	=	0x62a0
                           0062A1   840 _XX_T1CCTL1	=	0x62a1
                           0062A2   841 _XX_T1CCTL2	=	0x62a2
                           0062A3   842 _T1CCTL3	=	0x62a3
                           0062A4   843 _T1CCTL4	=	0x62a4
                           0062A6   844 _XX_T1CC0L	=	0x62a6
                           0062A7   845 _XX_T1CC0H	=	0x62a7
                           0062A8   846 _XX_T1CC1L	=	0x62a8
                           0062A9   847 _XX_T1CC1H	=	0x62a9
                           0062AA   848 _XX_T1CC2L	=	0x62aa
                           0062AB   849 _XX_T1CC2H	=	0x62ab
                           0062AC   850 _T1CC3L	=	0x62ac
                           0062AD   851 _T1CC3H	=	0x62ad
                           0062AE   852 _T1CC4L	=	0x62ae
                           0062AF   853 _T1CC4H	=	0x62af
                           0062B0   854 _STCC	=	0x62b0
                           0062B1   855 _STCS	=	0x62b1
                           0062B2   856 _STCV0	=	0x62b2
                           0062B3   857 _STCV1	=	0x62b3
                           0062B4   858 _STCV2	=	0x62b4
                           0062C0   859 _OPAMPC	=	0x62c0
                           0062C1   860 _OPAMPS	=	0x62c1
                           0062D0   861 _CMPCTL	=	0x62d0
                           006000   862 _RFCORE_RAM	=	0x6000
                           006000   863 _RXFIFO	=	0x6000
                           006080   864 _TXFIFO	=	0x6080
                           006100   865 _SRC_ADDR_TABLE	=	0x6100
                           006160   866 _SRCRESMASK0	=	0x6160
                           006161   867 _SRCRESMASK1	=	0x6161
                           006162   868 _SRCRESMASK2	=	0x6162
                           006163   869 _SRCRESINDEX	=	0x6163
                           006164   870 _SRCEXTPENDEN0	=	0x6164
                           006165   871 _SRCEXTPENDEN1	=	0x6165
                           006166   872 _SRCEXTPENDEN2	=	0x6166
                           006167   873 _SRCSHORTPENDEN0	=	0x6167
                           006168   874 _SRCSHORTPENDEN1	=	0x6168
                           006169   875 _SRCSHORTPENDEN2	=	0x6169
                           00616A   876 _EXT_ADDR0	=	0x616a
                           00616B   877 _EXT_ADDR1	=	0x616b
                           00616C   878 _EXT_ADDR2	=	0x616c
                           00616D   879 _EXT_ADDR3	=	0x616d
                           00616E   880 _EXT_ADDR4	=	0x616e
                           00616F   881 _EXT_ADDR5	=	0x616f
                           006170   882 _EXT_ADDR6	=	0x6170
                           006171   883 _EXT_ADDR7	=	0x6171
                           006172   884 _PAN_ID0	=	0x6172
                           006173   885 _PAN_ID1	=	0x6173
                           006174   886 _SHORT_ADDR0	=	0x6174
                           006175   887 _SHORT_ADDR1	=	0x6175
                           006180   888 _FRMFILT0	=	0x6180
                           006181   889 _FRMFILT1	=	0x6181
                           006182   890 _SRCMATCH	=	0x6182
                           006183   891 _SRCSHORTEN0	=	0x6183
                           006184   892 _SRCSHORTEN1	=	0x6184
                           006185   893 _SRCSHORTEN2	=	0x6185
                           006186   894 _SRCEXTEN0	=	0x6186
                           006187   895 _SRCEXTEN1	=	0x6187
                           006188   896 _SRCEXTEN2	=	0x6188
                           006189   897 _FRMCTRL0	=	0x6189
                           00618A   898 _FRMCTRL1	=	0x618a
                           00618B   899 _RXENABLE	=	0x618b
                           00618C   900 _RXMASKSET	=	0x618c
                           00618D   901 _RXMASKCLR	=	0x618d
                           00618E   902 _FREQTUNE	=	0x618e
                           00618F   903 _FREQCTRL	=	0x618f
                           006190   904 _TXPOWER	=	0x6190
                           006191   905 _TXCTRL	=	0x6191
                           006192   906 _FSMSTAT0	=	0x6192
                           006193   907 _FSMSTAT1	=	0x6193
                           006194   908 _FIFOPCTRL	=	0x6194
                           006195   909 _FSMCTRL	=	0x6195
                           006196   910 _CCACTRL0	=	0x6196
                           006197   911 _CCACTRL1	=	0x6197
                           006198   912 _RSSI	=	0x6198
                           006199   913 _RSSISTAT	=	0x6199
                           00619A   914 _RXFIRST	=	0x619a
                           00619B   915 _RXFIFOCNT	=	0x619b
                           00619C   916 _TXFIFOCNT	=	0x619c
                           00619D   917 _RXFIRST_PTR	=	0x619d
                           00619E   918 _RXLAST_PTR	=	0x619e
                           00619F   919 _RXP1_PTR	=	0x619f
                           0061A1   920 _TXFIRST_PTR	=	0x61a1
                           0061A2   921 _TXLAST_PTR	=	0x61a2
                           0061A3   922 _RFIRQM0	=	0x61a3
                           0061A4   923 _RFIRQM1	=	0x61a4
                           0061A5   924 _RFERRM	=	0x61a5
                           0061A7   925 _RFRND	=	0x61a7
                           0061A8   926 _MDMCTRL0	=	0x61a8
                           0061A9   927 _MDMCTRL1	=	0x61a9
                           0061AA   928 _FREQEST	=	0x61aa
                           0061AB   929 _RXCTRL	=	0x61ab
                           0061AC   930 _FSCTRL	=	0x61ac
                           0061AD   931 _FSCAL0	=	0x61ad
                           0061AE   932 _FSCAL1	=	0x61ae
                           0061AF   933 _FSCAL2	=	0x61af
                           0061B0   934 _FSCAL3	=	0x61b0
                           0061B1   935 _AGCCTRL0	=	0x61b1
                           0061B2   936 _AGCCTRL1	=	0x61b2
                           0061B3   937 _AGCCTRL2	=	0x61b3
                           0061B4   938 _AGCCTRL3	=	0x61b4
                           0061B5   939 _ADCTEST0	=	0x61b5
                           0061B6   940 _ADCTEST1	=	0x61b6
                           0061B7   941 _ADCTEST2	=	0x61b7
                           0061B8   942 _MDMTEST0	=	0x61b8
                           0061B9   943 _MDMTEST1	=	0x61b9
                           0061BA   944 _DACTEST0	=	0x61ba
                           0061BB   945 _DACTEST1	=	0x61bb
                           0061BC   946 _DACTEST2	=	0x61bc
                           0061BD   947 _ATEST	=	0x61bd
                           0061BE   948 _PTEST0	=	0x61be
                           0061BF   949 _PTEST1	=	0x61bf
                           0061FA   950 _TXFILTCFG	=	0x61fa
                           0061EB   951 _RFC_OBS_CTRL0	=	0x61eb
                           0061EC   952 _RFC_OBS_CTRL1	=	0x61ec
                           0061ED   953 _RFC_OBS_CTRL2	=	0x61ed
                           0061C0   954 _CSPPROG0	=	0x61c0
                           0061C1   955 _CSPPROG1	=	0x61c1
                           0061C2   956 _CSPPROG2	=	0x61c2
                           0061C3   957 _CSPPROG3	=	0x61c3
                           0061C4   958 _CSPPROG4	=	0x61c4
                           0061C5   959 _CSPPROG5	=	0x61c5
                           0061C6   960 _CSPPROG6	=	0x61c6
                           0061C7   961 _CSPPROG7	=	0x61c7
                           0061C8   962 _CSPPROG8	=	0x61c8
                           0061C9   963 _CSPPROG9	=	0x61c9
                           0061CA   964 _CSPPROG10	=	0x61ca
                           0061CB   965 _CSPPROG11	=	0x61cb
                           0061CC   966 _CSPPROG12	=	0x61cc
                           0061CD   967 _CSPPROG13	=	0x61cd
                           0061CE   968 _CSPPROG14	=	0x61ce
                           0061CF   969 _CSPPROG15	=	0x61cf
                           0061D0   970 _CSPPROG16	=	0x61d0
                           0061D1   971 _CSPPROG17	=	0x61d1
                           0061D2   972 _CSPPROG18	=	0x61d2
                           0061D3   973 _CSPPROG19	=	0x61d3
                           0061D4   974 _CSPPROG20	=	0x61d4
                           0061D5   975 _CSPPROG21	=	0x61d5
                           0061D6   976 _CSPPROG22	=	0x61d6
                           0061D7   977 _CSPPROG23	=	0x61d7
                           0061E0   978 _CSPCTRL	=	0x61e0
                           0061E1   979 _CSPSTAT	=	0x61e1
                           0061E2   980 _CSPX	=	0x61e2
                           0061E3   981 _CSPY	=	0x61e3
                           0061E4   982 _CSPZ	=	0x61e4
                           0061E5   983 _CSPT	=	0x61e5
                           006200   984 _USBADDR	=	0x6200
                           006201   985 _USBPOW	=	0x6201
                           006202   986 _USBIIF	=	0x6202
                           006204   987 _USBOIF	=	0x6204
                           006206   988 _USBCIF	=	0x6206
                           006207   989 _USBIIE	=	0x6207
                           006209   990 _USBOIE	=	0x6209
                           00620B   991 _USBCIE	=	0x620b
                           00620C   992 _USBFRML	=	0x620c
                           00620D   993 _USBFRMH	=	0x620d
                           00620E   994 _USBINDEX	=	0x620e
                           00620F   995 _USBCTRL	=	0x620f
                           006210   996 _USBMAXI	=	0x6210
                           006211   997 _USBCS0	=	0x6211
                           006211   998 _USBCSIL	=	0x6211
                           006212   999 _USBCSIH	=	0x6212
                           006213  1000 _USBMAXO	=	0x6213
                           006214  1001 _USBCSOL	=	0x6214
                           006215  1002 _USBCSOH	=	0x6215
                           006216  1003 _USBCNT0	=	0x6216
                           006216  1004 _USBCNTL	=	0x6216
                           006217  1005 _USBCNTH	=	0x6217
                           006220  1006 _USBF0	=	0x6220
                           006222  1007 _USBF1	=	0x6222
                           006224  1008 _USBF2	=	0x6224
                           006226  1009 _USBF3	=	0x6226
                           006228  1010 _USBF4	=	0x6228
                           00622A  1011 _USBF5	=	0x622a
                           007080  1012 _X_P0	=	0x7080
                           007086  1013 _X_U0CSR	=	0x7086
                           007089  1014 _X_P0IFG	=	0x7089
                           00708A  1015 _X_P1IFG	=	0x708a
                           00708B  1016 _X_P2IFG	=	0x708b
                           00708C  1017 _X_PICTL	=	0x708c
                           00708D  1018 _X_P1IEN	=	0x708d
                           00708F  1019 _X_P0INP	=	0x708f
                           007090  1020 _X_P1	=	0x7090
                           007091  1021 _X_RFIRQF1	=	0x7091
                           007093  1022 _X_MPAGE	=	0x7093
                           007093  1023 _X__XPAGE	=	0x7093
                           007094  1024 _X_T2CTRL	=	0x7094
                           007095  1025 _X_ST0	=	0x7095
                           007096  1026 _X_ST1	=	0x7096
                           007097  1027 _X_ST2	=	0x7097
                           00709C  1028 _X_T2EVTCFG	=	0x709c
                           00709D  1029 _X_SLEEPSTA	=	0x709d
                           00709E  1030 _X_CLKCONSTA	=	0x709e
                           00709F  1031 _X_FMAP	=	0x709f
                           00709F  1032 _X_PSBANK	=	0x709f
                           0070A0  1033 _X_P2	=	0x70a0
                           0070A1  1034 _X_T2IRQF	=	0x70a1
                           0070A2  1035 _X_T2M0	=	0x70a2
                           0070A3  1036 _X_T2M1	=	0x70a3
                           0070A4  1037 _X_T2MOVF0	=	0x70a4
                           0070A5  1038 _X_T2MOVF1	=	0x70a5
                           0070A6  1039 _X_T2MOVF2	=	0x70a6
                           0070A7  1040 _X_T2IRQM	=	0x70a7
                           0070AB  1041 _X_P0IEN	=	0x70ab
                           0070AC  1042 _X_P2IEN	=	0x70ac
                           0070AD  1043 _X_STLOAD	=	0x70ad
                           0070AE  1044 _X_PMUX	=	0x70ae
                           0070AF  1045 _X_T1STAT	=	0x70af
                           0070B1  1046 _X_ENCDI	=	0x70b1
                           0070B2  1047 _X_ENCDO	=	0x70b2
                           0070B3  1048 _X_ENCCS	=	0x70b3
                           0070B4  1049 _X_ADCCON1	=	0x70b4
                           0070B5  1050 _X_ADCCON2	=	0x70b5
                           0070B6  1051 _X_ADCCON3	=	0x70b6
                           0070BA  1052 _X_ADCL	=	0x70ba
                           0070BB  1053 _X_ADCH	=	0x70bb
                           0070BC  1054 _X_RNDL	=	0x70bc
                           0070BD  1055 _X_RNDH	=	0x70bd
                           0070BE  1056 _X_SLEEPCMD	=	0x70be
                           0070BF  1057 _X_RFERRF	=	0x70bf
                           0070C1  1058 _X_U0DBUF	=	0x70c1
                           0070C2  1059 _X_U0BAUD	=	0x70c2
                           0070C3  1060 _X_T2MSEL	=	0x70c3
                           0070C4  1061 _X_U0UCR	=	0x70c4
                           0070C5  1062 _X_U0GCR	=	0x70c5
                           0070C6  1063 _X_CLKCONCMD	=	0x70c6
                           0070C7  1064 _X_MEMCTR	=	0x70c7
                           0070C9  1065 _X_WDCTL	=	0x70c9
                           0070CA  1066 _X_T3CNT	=	0x70ca
                           0070CB  1067 _X_T3CTL	=	0x70cb
                           0070CC  1068 _X_T3CCTL0	=	0x70cc
                           0070CD  1069 _X_T3CC0	=	0x70cd
                           0070CE  1070 _X_T3CCTL1	=	0x70ce
                           0070CF  1071 _X_T3CC1	=	0x70cf
                           0070D1  1072 _X_DMAIRQ	=	0x70d1
                           0070D2  1073 _X_DMA1CFGL	=	0x70d2
                           0070D3  1074 _X_DMA1CFGH	=	0x70d3
                           0070D4  1075 _X_DMA0CFGL	=	0x70d4
                           0070D5  1076 _X_DMA0CFGH	=	0x70d5
                           0070D6  1077 _X_DMAARM	=	0x70d6
                           0070D7  1078 _X_DMAREQ	=	0x70d7
                           0070D8  1079 _X_TIMIF	=	0x70d8
                           0070D9  1080 _X_RFD	=	0x70d9
                           0070DA  1081 _X_T1CC0L	=	0x70da
                           0070DB  1082 _X_T1CC0H	=	0x70db
                           0070DC  1083 _X_T1CC1L	=	0x70dc
                           0070DD  1084 _X_T1CC1H	=	0x70dd
                           0070DE  1085 _X_T1CC2L	=	0x70de
                           0070DF  1086 _X_T1CC2H	=	0x70df
                           0070E1  1087 _X_RFST	=	0x70e1
                           0070E2  1088 _X_T1CNTL	=	0x70e2
                           0070E3  1089 _X_T1CNTH	=	0x70e3
                           0070E4  1090 _X_T1CTL	=	0x70e4
                           0070E5  1091 _X_T1CCTL0	=	0x70e5
                           0070E6  1092 _X_T1CCTL1	=	0x70e6
                           0070E7  1093 _X_T1CCTL2	=	0x70e7
                           0070E9  1094 _X_RFIRQF0	=	0x70e9
                           0070EA  1095 _X_T4CNT	=	0x70ea
                           0070EB  1096 _X_T4CTL	=	0x70eb
                           0070EC  1097 _X_T4CCTL0	=	0x70ec
                           0070ED  1098 _X_T4CC0	=	0x70ed
                           0070EE  1099 _X_T4CCTL1	=	0x70ee
                           0070EF  1100 _X_T4CC1	=	0x70ef
                           0070F1  1101 _X_PERCFG	=	0x70f1
                           0070F2  1102 _X_APCFG	=	0x70f2
                           0070F3  1103 _X_P0SEL	=	0x70f3
                           0070F4  1104 _X_P1SEL	=	0x70f4
                           0070F5  1105 _X_P2SEL	=	0x70f5
                           0070F6  1106 _X_P1INP	=	0x70f6
                           0070F7  1107 _X_P2INP	=	0x70f7
                           0070F8  1108 _X_U1CSR	=	0x70f8
                           0070F9  1109 _X_U1DBUF	=	0x70f9
                           0070FA  1110 _X_U1BAUD	=	0x70fa
                           0070FB  1111 _X_U1UCR	=	0x70fb
                           0070FC  1112 _X_U1GCR	=	0x70fc
                           0070FD  1113 _X_P0DIR	=	0x70fd
                           0070FE  1114 _X_P1DIR	=	0x70fe
                           0070FF  1115 _X_P2DIR	=	0x70ff
                           007800  1116 _X_INFOPAGE	=	0x7800
                           00780C  1117 _X_IEEE_ADDR	=	0x780c
      000000                       1118 _received_seqnos:
      000000                       1119 	.ds 144
                                   1120 ;--------------------------------------------------------
                                   1121 ; absolute external ram data
                                   1122 ;--------------------------------------------------------
                                   1123 	.area XABS    (ABS,XDATA)
                                   1124 ;--------------------------------------------------------
                                   1125 ; external initialized ram data
                                   1126 ;--------------------------------------------------------
                                   1127 	.area XISEG   (XDATA)
                                   1128 	.area HOME    (CODE)
                                   1129 	.area GSINIT0 (CODE)
                                   1130 	.area GSINIT1 (CODE)
                                   1131 	.area GSINIT2 (CODE)
                                   1132 	.area GSINIT3 (CODE)
                                   1133 	.area GSINIT4 (CODE)
                                   1134 	.area GSINIT5 (CODE)
                                   1135 	.area GSINIT  (CODE)
                                   1136 	.area GSFINAL (CODE)
                                   1137 	.area CSEG    (CODE)
                                   1138 ;--------------------------------------------------------
                                   1139 ; global & static initialisations
                                   1140 ;--------------------------------------------------------
                                   1141 	.area HOME    (CODE)
                                   1142 	.area GSINIT  (CODE)
                                   1143 	.area GSFINAL (CODE)
                                   1144 	.area GSINIT  (CODE)
                                   1145 ;--------------------------------------------------------
                                   1146 ; Home
                                   1147 ;--------------------------------------------------------
                                   1148 	.area HOME    (CODE)
                                   1149 	.area HOME    (CODE)
                                   1150 ;--------------------------------------------------------
                                   1151 ; code
                                   1152 ;--------------------------------------------------------
                                   1153 	.area BANK1   (CODE)
                                   1154 ;------------------------------------------------------------
                                   1155 ;Allocation info for local variables in function 'mac_sequence_is_duplicate'
                                   1156 ;------------------------------------------------------------
                                   1157 ;i                         Allocated to registers r6 r7 
                                   1158 ;sloc0                     Allocated to stack - sp -5
                                   1159 ;sloc1                     Allocated to stack - sp -2
                                   1160 ;------------------------------------------------------------
                                   1161 ;	/opt/contiki/core/net/mac/mac-sequence.c:66: mac_sequence_is_duplicate(void)
                                   1162 ;	-----------------------------------------
                                   1163 ;	 function mac_sequence_is_duplicate
                                   1164 ;	-----------------------------------------
      000000                       1165 _mac_sequence_is_duplicate:
                           000007  1166 	ar7 = 0x07
                           000006  1167 	ar6 = 0x06
                           000005  1168 	ar5 = 0x05
                           000004  1169 	ar4 = 0x04
                           000003  1170 	ar3 = 0x03
                           000002  1171 	ar2 = 0x02
                           000001  1172 	ar1 = 0x01
                           000000  1173 	ar0 = 0x00
      000000 E5 81            [12] 1174 	mov	a,sp
      000002 24 06            [12] 1175 	add	a,#0x06
      000004 F5 81            [12] 1176 	mov	sp,a
                                   1177 ;	/opt/contiki/core/net/mac/mac-sequence.c:74: for(i = 0; i < MAX_SEQNOS; ++i) {
      000006 7E 00            [12] 1178 	mov	r6,#0x00
      000008 7F 00            [12] 1179 	mov	r7,#0x00
      00000A 7C 00            [12] 1180 	mov	r4,#0x00
      00000C 7D 00            [12] 1181 	mov	r5,#0x00
      00000E                       1182 00106$:
                                   1183 ;	/opt/contiki/core/net/mac/mac-sequence.c:76: &received_seqnos[i].sender)) {
      00000E C0 06            [24] 1184 	push	ar6
      000010 C0 07            [24] 1185 	push	ar7
      000012 EC               [12] 1186 	mov	a,r4
      000013 24r00            [12] 1187 	add	a,#_received_seqnos
      000015 FA               [12] 1188 	mov	r2,a
      000016 ED               [12] 1189 	mov	a,r5
      000017 34s00            [12] 1190 	addc	a,#(_received_seqnos >> 8)
      000019 FB               [12] 1191 	mov	r3,a
      00001A E5 81            [12] 1192 	mov	a,sp
      00001C 24 F9            [12] 1193 	add	a,#0xf9
      00001E F8               [12] 1194 	mov	r0,a
      00001F A6 02            [24] 1195 	mov	@r0,ar2
      000021 08               [12] 1196 	inc	r0
      000022 A6 03            [24] 1197 	mov	@r0,ar3
      000024 08               [12] 1198 	inc	r0
      000025 76 00            [12] 1199 	mov	@r0,#0x00
                                   1200 ;	/opt/contiki/core/net/mac/mac-sequence.c:75: if(linkaddr_cmp(packetbuf_addr(PACKETBUF_ADDR_SENDER),
      000027 75 82 1A         [24] 1201 	mov	dpl,#0x1A
      00002A C0 07            [24] 1202 	push	ar7
      00002C C0 06            [24] 1203 	push	ar6
      00002E C0 05            [24] 1204 	push	ar5
      000030 C0 04            [24] 1205 	push	ar4
      000032 78r00            [12] 1206 	mov	r0,#_packetbuf_addr
      000034 79s00            [12] 1207 	mov	r1,#(_packetbuf_addr >> 8)
      000036 7As00            [12] 1208 	mov	r2,#(_packetbuf_addr >> 16)
      000038 12r00r00         [24] 1209 	lcall	__sdcc_banked_call
      00003B C8               [12] 1210 	xch	a,r0
      00003C E5 81            [12] 1211 	mov	a,sp
      00003E 24 F8            [12] 1212 	add	a,#0xf8
      000040 C8               [12] 1213 	xch	a,r0
      000041 A6 82            [24] 1214 	mov	@r0,dpl
      000043 08               [12] 1215 	inc	r0
      000044 A6 83            [24] 1216 	mov	@r0,dph
      000046 08               [12] 1217 	inc	r0
      000047 A6 F0            [24] 1218 	mov	@r0,b
      000049 E5 81            [12] 1219 	mov	a,sp
      00004B 24 F5            [12] 1220 	add	a,#0xf5
      00004D F8               [12] 1221 	mov	r0,a
      00004E E6               [12] 1222 	mov	a,@r0
      00004F C0 E0            [24] 1223 	push	acc
      000051 08               [12] 1224 	inc	r0
      000052 E6               [12] 1225 	mov	a,@r0
      000053 C0 E0            [24] 1226 	push	acc
      000055 08               [12] 1227 	inc	r0
      000056 E6               [12] 1228 	mov	a,@r0
      000057 C0 E0            [24] 1229 	push	acc
      000059 E5 81            [12] 1230 	mov	a,sp
      00005B 24 F5            [12] 1231 	add	a,#0xf5
      00005D F8               [12] 1232 	mov	r0,a
      00005E 86 82            [24] 1233 	mov	dpl,@r0
      000060 08               [12] 1234 	inc	r0
      000061 86 83            [24] 1235 	mov	dph,@r0
      000063 08               [12] 1236 	inc	r0
      000064 86 F0            [24] 1237 	mov	b,@r0
      000066 78r00            [12] 1238 	mov	r0,#_linkaddr_cmp
      000068 79s00            [12] 1239 	mov	r1,#(_linkaddr_cmp >> 8)
      00006A 7As00            [12] 1240 	mov	r2,#(_linkaddr_cmp >> 16)
      00006C 12r00r00         [24] 1241 	lcall	__sdcc_banked_call
      00006F AA 82            [24] 1242 	mov	r2,dpl
      000071 AB 83            [24] 1243 	mov	r3,dph
      000073 15 81            [12] 1244 	dec	sp
      000075 15 81            [12] 1245 	dec	sp
      000077 15 81            [12] 1246 	dec	sp
      000079 D0 04            [24] 1247 	pop	ar4
      00007B D0 05            [24] 1248 	pop	ar5
      00007D D0 06            [24] 1249 	pop	ar6
      00007F D0 07            [24] 1250 	pop	ar7
      000081 D0 07            [24] 1251 	pop	ar7
      000083 D0 06            [24] 1252 	pop	ar6
      000085 EA               [12] 1253 	mov	a,r2
      000086 4B               [12] 1254 	orl	a,r3
      000087 60 3A            [24] 1255 	jz	00107$
                                   1256 ;	/opt/contiki/core/net/mac/mac-sequence.c:77: if(packetbuf_attr(PACKETBUF_ATTR_MAC_SEQNO) == received_seqnos[i].seqno) {
      000089 75 82 0A         [24] 1257 	mov	dpl,#0x0A
      00008C C0 05            [24] 1258 	push	ar5
      00008E C0 04            [24] 1259 	push	ar4
      000090 78r00            [12] 1260 	mov	r0,#_packetbuf_attr
      000092 79s00            [12] 1261 	mov	r1,#(_packetbuf_attr >> 8)
      000094 7As00            [12] 1262 	mov	r2,#(_packetbuf_attr >> 16)
      000096 12r00r00         [24] 1263 	lcall	__sdcc_banked_call
      000099 AF 82            [24] 1264 	mov	r7,dpl
      00009B AE 83            [24] 1265 	mov	r6,dph
      00009D D0 04            [24] 1266 	pop	ar4
      00009F D0 05            [24] 1267 	pop	ar5
      0000A1 EC               [12] 1268 	mov	a,r4
      0000A2 24r00            [12] 1269 	add	a,#_received_seqnos
      0000A4 FA               [12] 1270 	mov	r2,a
      0000A5 ED               [12] 1271 	mov	a,r5
      0000A6 34s00            [12] 1272 	addc	a,#(_received_seqnos >> 8)
      0000A8 FB               [12] 1273 	mov	r3,a
      0000A9 74 08            [12] 1274 	mov	a,#0x08
      0000AB 2A               [12] 1275 	add	a,r2
      0000AC F5 82            [12] 1276 	mov	dpl,a
      0000AE E4               [12] 1277 	clr	a
      0000AF 3B               [12] 1278 	addc	a,r3
      0000B0 F5 83            [12] 1279 	mov	dph,a
      0000B2 E0               [24] 1280 	movx	a,@dptr
      0000B3 FB               [12] 1281 	mov	r3,a
      0000B4 7A 00            [12] 1282 	mov	r2,#0x00
      0000B6 EF               [12] 1283 	mov	a,r7
      0000B7 B5 03 23         [24] 1284 	cjne	a,ar3,00105$
      0000BA EE               [12] 1285 	mov	a,r6
      0000BB B5 02 1F         [24] 1286 	cjne	a,ar2,00105$
                                   1287 ;	/opt/contiki/core/net/mac/mac-sequence.c:79: return 1;
      0000BE 90 00 01         [24] 1288 	mov	dptr,#0x0001
                                   1289 ;	/opt/contiki/core/net/mac/mac-sequence.c:81: break;
      0000C1 80 1D            [24] 1290 	sjmp	00108$
      0000C3                       1291 00107$:
                                   1292 ;	/opt/contiki/core/net/mac/mac-sequence.c:74: for(i = 0; i < MAX_SEQNOS; ++i) {
      0000C3 74 09            [12] 1293 	mov	a,#0x09
      0000C5 2C               [12] 1294 	add	a,r4
      0000C6 FC               [12] 1295 	mov	r4,a
      0000C7 E4               [12] 1296 	clr	a
      0000C8 3D               [12] 1297 	addc	a,r5
      0000C9 FD               [12] 1298 	mov	r5,a
      0000CA 0E               [12] 1299 	inc	r6
      0000CB BE 00 01         [24] 1300 	cjne	r6,#0x00,00122$
      0000CE 0F               [12] 1301 	inc	r7
      0000CF                       1302 00122$:
      0000CF C3               [12] 1303 	clr	c
      0000D0 EE               [12] 1304 	mov	a,r6
      0000D1 94 10            [12] 1305 	subb	a,#0x10
      0000D3 EF               [12] 1306 	mov	a,r7
      0000D4 64 80            [12] 1307 	xrl	a,#0x80
      0000D6 94 80            [12] 1308 	subb	a,#0x80
      0000D8 50 03            [24] 1309 	jnc	00123$
      0000DA 02r00r0E         [24] 1310 	ljmp	00106$
      0000DD                       1311 00123$:
      0000DD                       1312 00105$:
                                   1313 ;	/opt/contiki/core/net/mac/mac-sequence.c:84: return 0;
      0000DD 90 00 00         [24] 1314 	mov	dptr,#0x0000
      0000E0                       1315 00108$:
      0000E0 E5 81            [12] 1316 	mov	a,sp
      0000E2 24 FA            [12] 1317 	add	a,#0xFA
      0000E4 F5 81            [12] 1318 	mov	sp,a
      0000E6 02r00r00         [24] 1319 	ljmp	__sdcc_banked_ret
                                   1320 ;------------------------------------------------------------
                                   1321 ;Allocation info for local variables in function 'mac_sequence_register_seqno'
                                   1322 ;------------------------------------------------------------
                                   1323 ;i                         Allocated to stack - sp -1
                                   1324 ;j                         Allocated to registers r6 r7 
                                   1325 ;sloc0                     Allocated to stack - sp -7
                                   1326 ;sloc1                     Allocated to stack - sp -4
                                   1327 ;------------------------------------------------------------
                                   1328 ;	/opt/contiki/core/net/mac/mac-sequence.c:88: mac_sequence_register_seqno(void)
                                   1329 ;	-----------------------------------------
                                   1330 ;	 function mac_sequence_register_seqno
                                   1331 ;	-----------------------------------------
      0000E9                       1332 _mac_sequence_register_seqno:
      0000E9 E5 81            [12] 1333 	mov	a,sp
      0000EB 24 08            [12] 1334 	add	a,#0x08
      0000ED F5 81            [12] 1335 	mov	sp,a
                                   1336 ;	/opt/contiki/core/net/mac/mac-sequence.c:93: for(i = 0; i < MAX_SEQNOS; ++i) {
      0000EF 7E 00            [12] 1337 	mov	r6,#0x00
      0000F1 7F 00            [12] 1338 	mov	r7,#0x00
      0000F3 A8 81            [24] 1339 	mov	r0,sp
      0000F5 18               [12] 1340 	dec	r0
      0000F6 E4               [12] 1341 	clr	a
      0000F7 F6               [12] 1342 	mov	@r0,a
      0000F8 08               [12] 1343 	inc	r0
      0000F9 F6               [12] 1344 	mov	@r0,a
      0000FA 7A 00            [12] 1345 	mov	r2,#0x00
      0000FC 7B 00            [12] 1346 	mov	r3,#0x00
      0000FE                       1347 00105$:
                                   1348 ;	/opt/contiki/core/net/mac/mac-sequence.c:95: &received_seqnos[i].sender)) {
      0000FE C0 06            [24] 1349 	push	ar6
      000100 C0 07            [24] 1350 	push	ar7
      000102 EA               [12] 1351 	mov	a,r2
      000103 24r00            [12] 1352 	add	a,#_received_seqnos
      000105 FE               [12] 1353 	mov	r6,a
      000106 EB               [12] 1354 	mov	a,r3
      000107 34s00            [12] 1355 	addc	a,#(_received_seqnos >> 8)
      000109 FF               [12] 1356 	mov	r7,a
      00010A E5 81            [12] 1357 	mov	a,sp
      00010C 24 F7            [12] 1358 	add	a,#0xf7
      00010E F8               [12] 1359 	mov	r0,a
      00010F A6 06            [24] 1360 	mov	@r0,ar6
      000111 08               [12] 1361 	inc	r0
      000112 A6 07            [24] 1362 	mov	@r0,ar7
      000114 08               [12] 1363 	inc	r0
      000115 76 00            [12] 1364 	mov	@r0,#0x00
                                   1365 ;	/opt/contiki/core/net/mac/mac-sequence.c:94: if(linkaddr_cmp(packetbuf_addr(PACKETBUF_ADDR_SENDER),
      000117 75 82 1A         [24] 1366 	mov	dpl,#0x1A
      00011A C0 03            [24] 1367 	push	ar3
      00011C C0 02            [24] 1368 	push	ar2
      00011E 78r00            [12] 1369 	mov	r0,#_packetbuf_addr
      000120 79s00            [12] 1370 	mov	r1,#(_packetbuf_addr >> 8)
      000122 7As00            [12] 1371 	mov	r2,#(_packetbuf_addr >> 16)
      000124 12r00r00         [24] 1372 	lcall	__sdcc_banked_call
      000127 AC 82            [24] 1373 	mov	r4,dpl
      000129 AE 83            [24] 1374 	mov	r6,dph
      00012B AF F0            [24] 1375 	mov	r7,b
      00012D E5 81            [12] 1376 	mov	a,sp
      00012F 24 F5            [12] 1377 	add	a,#0xf5
      000131 F8               [12] 1378 	mov	r0,a
      000132 E6               [12] 1379 	mov	a,@r0
      000133 C0 E0            [24] 1380 	push	acc
      000135 08               [12] 1381 	inc	r0
      000136 E6               [12] 1382 	mov	a,@r0
      000137 C0 E0            [24] 1383 	push	acc
      000139 08               [12] 1384 	inc	r0
      00013A E6               [12] 1385 	mov	a,@r0
      00013B C0 E0            [24] 1386 	push	acc
      00013D 8C 82            [24] 1387 	mov	dpl,r4
      00013F 8E 83            [24] 1388 	mov	dph,r6
      000141 8F F0            [24] 1389 	mov	b,r7
      000143 78r00            [12] 1390 	mov	r0,#_linkaddr_cmp
      000145 79s00            [12] 1391 	mov	r1,#(_linkaddr_cmp >> 8)
      000147 7As00            [12] 1392 	mov	r2,#(_linkaddr_cmp >> 16)
      000149 12r00r00         [24] 1393 	lcall	__sdcc_banked_call
      00014C AE 82            [24] 1394 	mov	r6,dpl
      00014E AF 83            [24] 1395 	mov	r7,dph
      000150 15 81            [12] 1396 	dec	sp
      000152 15 81            [12] 1397 	dec	sp
      000154 15 81            [12] 1398 	dec	sp
      000156 D0 02            [24] 1399 	pop	ar2
      000158 D0 03            [24] 1400 	pop	ar3
      00015A EE               [12] 1401 	mov	a,r6
      00015B 4F               [12] 1402 	orl	a,r7
      00015C D0 07            [24] 1403 	pop	ar7
      00015E D0 06            [24] 1404 	pop	ar6
      000160 60 07            [24] 1405 	jz	00106$
                                   1406 ;	/opt/contiki/core/net/mac/mac-sequence.c:96: i++;
      000162 0E               [12] 1407 	inc	r6
                                   1408 ;	/opt/contiki/core/net/mac/mac-sequence.c:97: break;
      000163 BE 00 2D         [24] 1409 	cjne	r6,#0x00,00103$
      000166 0F               [12] 1410 	inc	r7
      000167 80 2A            [24] 1411 	sjmp	00103$
      000169                       1412 00106$:
                                   1413 ;	/opt/contiki/core/net/mac/mac-sequence.c:93: for(i = 0; i < MAX_SEQNOS; ++i) {
      000169 74 09            [12] 1414 	mov	a,#0x09
      00016B 2A               [12] 1415 	add	a,r2
      00016C FA               [12] 1416 	mov	r2,a
      00016D E4               [12] 1417 	clr	a
      00016E 3B               [12] 1418 	addc	a,r3
      00016F FB               [12] 1419 	mov	r3,a
      000170 A8 81            [24] 1420 	mov	r0,sp
      000172 18               [12] 1421 	dec	r0
      000173 06               [12] 1422 	inc	@r0
      000174 B6 00 02         [24] 1423 	cjne	@r0,#0x00,00127$
      000177 08               [12] 1424 	inc	r0
      000178 06               [12] 1425 	inc	@r0
      000179                       1426 00127$:
      000179 A8 81            [24] 1427 	mov	r0,sp
      00017B 18               [12] 1428 	dec	r0
      00017C 86 06            [24] 1429 	mov	ar6,@r0
      00017E 08               [12] 1430 	inc	r0
      00017F 86 07            [24] 1431 	mov	ar7,@r0
      000181 A8 81            [24] 1432 	mov	r0,sp
      000183 18               [12] 1433 	dec	r0
      000184 C3               [12] 1434 	clr	c
      000185 E6               [12] 1435 	mov	a,@r0
      000186 94 10            [12] 1436 	subb	a,#0x10
      000188 08               [12] 1437 	inc	r0
      000189 E6               [12] 1438 	mov	a,@r0
      00018A 64 80            [12] 1439 	xrl	a,#0x80
      00018C 94 80            [12] 1440 	subb	a,#0x80
      00018E 50 03            [24] 1441 	jnc	00128$
      000190 02r00rFE         [24] 1442 	ljmp	00105$
      000193                       1443 00128$:
      000193                       1444 00103$:
                                   1445 ;	/opt/contiki/core/net/mac/mac-sequence.c:102: for(j = i - 1; j > 0; --j) {
      000193 1E               [12] 1446 	dec	r6
      000194 BE FF 01         [24] 1447 	cjne	r6,#0xFF,00129$
      000197 1F               [12] 1448 	dec	r7
      000198                       1449 00129$:
      000198 8E 04            [24] 1450 	mov	ar4,r6
      00019A 8F 05            [24] 1451 	mov	ar5,r7
      00019C C0 05            [24] 1452 	push	ar5
      00019E C0 04            [24] 1453 	push	ar4
      0001A0 74 09            [12] 1454 	mov	a,#0x09
      0001A2 C0 E0            [24] 1455 	push	acc
      0001A4 E4               [12] 1456 	clr	a
      0001A5 C0 E0            [24] 1457 	push	acc
      0001A7 8E 82            [24] 1458 	mov	dpl,r6
      0001A9 8F 83            [24] 1459 	mov	dph,r7
      0001AB 12r00r00         [24] 1460 	lcall	__mulint
      0001AE C8               [12] 1461 	xch	a,r0
      0001AF E5 81            [12] 1462 	mov	a,sp
      0001B1 24 F5            [12] 1463 	add	a,#0xf5
      0001B3 C8               [12] 1464 	xch	a,r0
      0001B4 A6 82            [24] 1465 	mov	@r0,dpl
      0001B6 08               [12] 1466 	inc	r0
      0001B7 A6 83            [24] 1467 	mov	@r0,dph
      0001B9 15 81            [12] 1468 	dec	sp
      0001BB 15 81            [12] 1469 	dec	sp
      0001BD D0 04            [24] 1470 	pop	ar4
      0001BF D0 05            [24] 1471 	pop	ar5
      0001C1                       1472 00108$:
      0001C1 C3               [12] 1473 	clr	c
      0001C2 E4               [12] 1474 	clr	a
      0001C3 9C               [12] 1475 	subb	a,r4
      0001C4 74 80            [12] 1476 	mov	a,#(0x00 ^ 0x80)
      0001C6 8D F0            [24] 1477 	mov	b,r5
      0001C8 63 F0 80         [24] 1478 	xrl	b,#0x80
      0001CB 95 F0            [12] 1479 	subb	a,b
      0001CD 40 03            [24] 1480 	jc	00130$
      0001CF 02r02r5F         [24] 1481 	ljmp	00104$
      0001D2                       1482 00130$:
                                   1483 ;	/opt/contiki/core/net/mac/mac-sequence.c:103: memcpy(&received_seqnos[j], &received_seqnos[j - 1], sizeof(struct seqno));
      0001D2 8C 03            [24] 1484 	mov	ar3,r4
      0001D4 EB               [12] 1485 	mov	a,r3
      0001D5 14               [12] 1486 	dec	a
      0001D6 C2 D5            [12] 1487 	clr	F0
      0001D8 75 F0 09         [24] 1488 	mov	b,#0x09
      0001DB 30 E7 04         [24] 1489 	jnb	acc.7,00131$
      0001DE B2 D5            [12] 1490 	cpl	F0
      0001E0 F4               [12] 1491 	cpl	a
      0001E1 04               [12] 1492 	inc	a
      0001E2                       1493 00131$:
      0001E2 A4               [48] 1494 	mul	ab
      0001E3 30 D5 0A         [24] 1495 	jnb	F0,00132$
      0001E6 F4               [12] 1496 	cpl	a
      0001E7 24 01            [12] 1497 	add	a,#0x01
      0001E9 C5 F0            [12] 1498 	xch	a,b
      0001EB F4               [12] 1499 	cpl	a
      0001EC 34 00            [12] 1500 	addc	a,#0x00
      0001EE C5 F0            [12] 1501 	xch	a,b
      0001F0                       1502 00132$:
      0001F0 24r00            [12] 1503 	add	a,#_received_seqnos
      0001F2 FA               [12] 1504 	mov	r2,a
      0001F3 74s00            [12] 1505 	mov	a,#(_received_seqnos >> 8)
      0001F5 35 F0            [12] 1506 	addc	a,b
      0001F7 FB               [12] 1507 	mov	r3,a
      0001F8 E5 81            [12] 1508 	mov	a,sp
      0001FA 24 FC            [12] 1509 	add	a,#0xfc
      0001FC F8               [12] 1510 	mov	r0,a
      0001FD A6 02            [24] 1511 	mov	@r0,ar2
      0001FF 08               [12] 1512 	inc	r0
      000200 A6 03            [24] 1513 	mov	@r0,ar3
      000202 08               [12] 1514 	inc	r0
      000203 76 00            [12] 1515 	mov	@r0,#0x00
      000205 E5 81            [12] 1516 	mov	a,sp
      000207 24 F9            [12] 1517 	add	a,#0xf9
      000209 F8               [12] 1518 	mov	r0,a
      00020A E6               [12] 1519 	mov	a,@r0
      00020B 24r00            [12] 1520 	add	a,#_received_seqnos
      00020D FE               [12] 1521 	mov	r6,a
      00020E 08               [12] 1522 	inc	r0
      00020F E6               [12] 1523 	mov	a,@r0
      000210 34s00            [12] 1524 	addc	a,#(_received_seqnos >> 8)
      000212 FF               [12] 1525 	mov	r7,a
      000213 7B 00            [12] 1526 	mov	r3,#0x00
      000215 C0 05            [24] 1527 	push	ar5
      000217 C0 04            [24] 1528 	push	ar4
      000219 74 09            [12] 1529 	mov	a,#0x09
      00021B C0 E0            [24] 1530 	push	acc
      00021D E4               [12] 1531 	clr	a
      00021E C0 E0            [24] 1532 	push	acc
      000220 E5 81            [12] 1533 	mov	a,sp
      000222 24 F8            [12] 1534 	add	a,#0xf8
      000224 F8               [12] 1535 	mov	r0,a
      000225 E6               [12] 1536 	mov	a,@r0
      000226 C0 E0            [24] 1537 	push	acc
      000228 08               [12] 1538 	inc	r0
      000229 E6               [12] 1539 	mov	a,@r0
      00022A C0 E0            [24] 1540 	push	acc
      00022C 08               [12] 1541 	inc	r0
      00022D E6               [12] 1542 	mov	a,@r0
      00022E C0 E0            [24] 1543 	push	acc
      000230 8E 82            [24] 1544 	mov	dpl,r6
      000232 8F 83            [24] 1545 	mov	dph,r7
      000234 8B F0            [24] 1546 	mov	b,r3
      000236 78r00            [12] 1547 	mov	r0,#_memcpy
      000238 79s00            [12] 1548 	mov	r1,#(_memcpy >> 8)
      00023A 7As00            [12] 1549 	mov	r2,#(_memcpy >> 16)
      00023C 12r00r00         [24] 1550 	lcall	__sdcc_banked_call
      00023F E5 81            [12] 1551 	mov	a,sp
      000241 24 FB            [12] 1552 	add	a,#0xfb
      000243 F5 81            [12] 1553 	mov	sp,a
      000245 D0 04            [24] 1554 	pop	ar4
      000247 D0 05            [24] 1555 	pop	ar5
                                   1556 ;	/opt/contiki/core/net/mac/mac-sequence.c:102: for(j = i - 1; j > 0; --j) {
      000249 E5 81            [12] 1557 	mov	a,sp
      00024B 24 F9            [12] 1558 	add	a,#0xf9
      00024D F8               [12] 1559 	mov	r0,a
      00024E E6               [12] 1560 	mov	a,@r0
      00024F 24 F7            [12] 1561 	add	a,#0xF7
      000251 F6               [12] 1562 	mov	@r0,a
      000252 08               [12] 1563 	inc	r0
      000253 E6               [12] 1564 	mov	a,@r0
      000254 34 FF            [12] 1565 	addc	a,#0xFF
      000256 F6               [12] 1566 	mov	@r0,a
      000257 1C               [12] 1567 	dec	r4
      000258 BC FF 01         [24] 1568 	cjne	r4,#0xFF,00133$
      00025B 1D               [12] 1569 	dec	r5
      00025C                       1570 00133$:
      00025C 02r01rC1         [24] 1571 	ljmp	00108$
      00025F                       1572 00104$:
                                   1573 ;	/opt/contiki/core/net/mac/mac-sequence.c:105: received_seqnos[0].seqno = packetbuf_attr(PACKETBUF_ATTR_MAC_SEQNO);
      00025F 75 82 0A         [24] 1574 	mov	dpl,#0x0A
      000262 78r00            [12] 1575 	mov	r0,#_packetbuf_attr
      000264 79s00            [12] 1576 	mov	r1,#(_packetbuf_attr >> 8)
      000266 7As00            [12] 1577 	mov	r2,#(_packetbuf_attr >> 16)
      000268 12r00r00         [24] 1578 	lcall	__sdcc_banked_call
      00026B AE 82            [24] 1579 	mov	r6,dpl
      00026D 90r00r08         [24] 1580 	mov	dptr,#(_received_seqnos + 0x0008)
      000270 EE               [12] 1581 	mov	a,r6
      000271 F0               [24] 1582 	movx	@dptr,a
                                   1583 ;	/opt/contiki/core/net/mac/mac-sequence.c:107: packetbuf_addr(PACKETBUF_ADDR_SENDER));
      000272 75 82 1A         [24] 1584 	mov	dpl,#0x1A
      000275 78r00            [12] 1585 	mov	r0,#_packetbuf_addr
      000277 79s00            [12] 1586 	mov	r1,#(_packetbuf_addr >> 8)
      000279 7As00            [12] 1587 	mov	r2,#(_packetbuf_addr >> 16)
      00027B 12r00r00         [24] 1588 	lcall	__sdcc_banked_call
      00027E AD 82            [24] 1589 	mov	r5,dpl
      000280 AE 83            [24] 1590 	mov	r6,dph
      000282 AF F0            [24] 1591 	mov	r7,b
                                   1592 ;	/opt/contiki/core/net/mac/mac-sequence.c:106: linkaddr_copy(&received_seqnos[0].sender,
      000284 C0 05            [24] 1593 	push	ar5
      000286 C0 06            [24] 1594 	push	ar6
      000288 C0 07            [24] 1595 	push	ar7
      00028A 90r00r00         [24] 1596 	mov	dptr,#_received_seqnos
      00028D 75 F0 00         [24] 1597 	mov	b,#0x00
      000290 78r00            [12] 1598 	mov	r0,#_linkaddr_copy
      000292 79s00            [12] 1599 	mov	r1,#(_linkaddr_copy >> 8)
      000294 7As00            [12] 1600 	mov	r2,#(_linkaddr_copy >> 16)
      000296 12r00r00         [24] 1601 	lcall	__sdcc_banked_call
      000299 15 81            [12] 1602 	dec	sp
      00029B 15 81            [12] 1603 	dec	sp
      00029D 15 81            [12] 1604 	dec	sp
      00029F E5 81            [12] 1605 	mov	a,sp
      0002A1 24 F8            [12] 1606 	add	a,#0xF8
      0002A3 F5 81            [12] 1607 	mov	sp,a
      0002A5 02r00r00         [24] 1608 	ljmp	__sdcc_banked_ret
                                   1609 	.area CSEG    (CODE)
                                   1610 	.area CONST   (CODE)
                                   1611 	.area XINIT   (CODE)
                                   1612 	.area CABS    (ABS,CODE)
