                                      1 ;--------------------------------------------------------
                                      2 ; File Created by SDCC : free open source ANSI-C Compiler
                                      3 ; Version 3.5.5 #9380 (Linux)
                                      4 ; This file was generated Wed Nov 18 02:57:37 2015
                                      5 ;--------------------------------------------------------
                                      6 	.module mac
                                      7 	.optsdcc -mmcs51 --model-huge
                                      8 	
                                      9 ;--------------------------------------------------------
                                     10 ; Public variables in this module
                                     11 ;--------------------------------------------------------
                                     12 	.globl _mac_call_sent_callback
                                     13 ;--------------------------------------------------------
                                     14 ; special function registers
                                     15 ;--------------------------------------------------------
                                     16 	.area RSEG    (ABS,DATA)
      000000                         17 	.org 0x0000
                                     18 ;--------------------------------------------------------
                                     19 ; special function bits
                                     20 ;--------------------------------------------------------
                                     21 	.area RSEG    (ABS,DATA)
      000000                         22 	.org 0x0000
                                     23 ;--------------------------------------------------------
                                     24 ; overlayable register banks
                                     25 ;--------------------------------------------------------
                                     26 	.area REG_BANK_0	(REL,OVR,DATA)
      000000                         27 	.ds 8
                                     28 ;--------------------------------------------------------
                                     29 ; internal ram data
                                     30 ;--------------------------------------------------------
                                     31 	.area DSEG    (DATA)
                                     32 ;--------------------------------------------------------
                                     33 ; overlayable items in internal ram 
                                     34 ;--------------------------------------------------------
                                     35 ;--------------------------------------------------------
                                     36 ; indirectly addressable internal ram data
                                     37 ;--------------------------------------------------------
                                     38 	.area ISEG    (DATA)
                                     39 ;--------------------------------------------------------
                                     40 ; absolute internal ram data
                                     41 ;--------------------------------------------------------
                                     42 	.area IABS    (ABS,DATA)
                                     43 	.area IABS    (ABS,DATA)
                                     44 ;--------------------------------------------------------
                                     45 ; bit data
                                     46 ;--------------------------------------------------------
                                     47 	.area BSEG    (BIT)
                                     48 ;--------------------------------------------------------
                                     49 ; paged external ram data
                                     50 ;--------------------------------------------------------
                                     51 	.area PSEG    (PAG,XDATA)
                                     52 ;--------------------------------------------------------
                                     53 ; external ram data
                                     54 ;--------------------------------------------------------
                                     55 	.area XSEG    (XDATA)
                                     56 ;--------------------------------------------------------
                                     57 ; absolute external ram data
                                     58 ;--------------------------------------------------------
                                     59 	.area XABS    (ABS,XDATA)
                                     60 ;--------------------------------------------------------
                                     61 ; external initialized ram data
                                     62 ;--------------------------------------------------------
                                     63 	.area XISEG   (XDATA)
                                     64 	.area HOME    (CODE)
                                     65 	.area GSINIT0 (CODE)
                                     66 	.area GSINIT1 (CODE)
                                     67 	.area GSINIT2 (CODE)
                                     68 	.area GSINIT3 (CODE)
                                     69 	.area GSINIT4 (CODE)
                                     70 	.area GSINIT5 (CODE)
                                     71 	.area GSINIT  (CODE)
                                     72 	.area GSFINAL (CODE)
                                     73 	.area CSEG    (CODE)
                                     74 ;--------------------------------------------------------
                                     75 ; global & static initialisations
                                     76 ;--------------------------------------------------------
                                     77 	.area HOME    (CODE)
                                     78 	.area GSINIT  (CODE)
                                     79 	.area GSFINAL (CODE)
                                     80 	.area GSINIT  (CODE)
                                     81 ;--------------------------------------------------------
                                     82 ; Home
                                     83 ;--------------------------------------------------------
                                     84 	.area HOME    (CODE)
                                     85 	.area HOME    (CODE)
                                     86 ;--------------------------------------------------------
                                     87 ; code
                                     88 ;--------------------------------------------------------
                                     89 	.area BANK1   (CODE)
                                     90 ;------------------------------------------------------------
                                     91 ;Allocation info for local variables in function 'mac_call_sent_callback'
                                     92 ;------------------------------------------------------------
                                     93 ;ptr                       Allocated to stack - sp -5
                                     94 ;status                    Allocated to stack - sp -7
                                     95 ;num_tx                    Allocated to stack - sp -9
                                     96 ;sent                      Allocated to registers r5 r6 r7 
                                     97 ;------------------------------------------------------------
                                     98 ;	/opt/contiki/core/net/mac/mac.c:45: mac_call_sent_callback(mac_callback_t sent, void *ptr, int status, int num_tx)
                                     99 ;	-----------------------------------------
                                    100 ;	 function mac_call_sent_callback
                                    101 ;	-----------------------------------------
      000000                        102 _mac_call_sent_callback:
                           000007   103 	ar7 = 0x07
                           000006   104 	ar6 = 0x06
                           000005   105 	ar5 = 0x05
                           000004   106 	ar4 = 0x04
                           000003   107 	ar3 = 0x03
                           000002   108 	ar2 = 0x02
                           000001   109 	ar1 = 0x01
                           000000   110 	ar0 = 0x00
      000000 AD 82            [24]  111 	mov	r5,dpl
      000002 AE 83            [24]  112 	mov	r6,dph
      000004 AF F0            [24]  113 	mov	r7,b
                                    114 ;	/opt/contiki/core/net/mac/mac.c:63: if(sent) {
      000006 ED               [12]  115 	mov	a,r5
      000007 4E               [12]  116 	orl	a,r6
      000008 60 46            [24]  117 	jz	00108$
                                    118 ;	/opt/contiki/core/net/mac/mac.c:64: sent(ptr, status, num_tx);
      00000A C0 07            [24]  119 	push	ar7
      00000C C0 06            [24]  120 	push	ar6
      00000E C0 05            [24]  121 	push	ar5
      000010 E5 81            [12]  122 	mov	a,sp
      000012 24 F4            [12]  123 	add	a,#0xf4
      000014 F8               [12]  124 	mov	r0,a
      000015 E6               [12]  125 	mov	a,@r0
      000016 C0 E0            [24]  126 	push	acc
      000018 08               [12]  127 	inc	r0
      000019 E6               [12]  128 	mov	a,@r0
      00001A C0 E0            [24]  129 	push	acc
      00001C E5 81            [12]  130 	mov	a,sp
      00001E 24 F4            [12]  131 	add	a,#0xf4
      000020 F8               [12]  132 	mov	r0,a
      000021 E6               [12]  133 	mov	a,@r0
      000022 C0 E0            [24]  134 	push	acc
      000024 08               [12]  135 	inc	r0
      000025 E6               [12]  136 	mov	a,@r0
      000026 C0 E0            [24]  137 	push	acc
      000028 C0 05            [24]  138 	push	ar5
      00002A C0 06            [24]  139 	push	ar6
      00002C C0 07            [24]  140 	push	ar7
      00002E E5 81            [12]  141 	mov	a,sp
      000030 24 F1            [12]  142 	add	a,#0xf1
      000032 F8               [12]  143 	mov	r0,a
      000033 86 82            [24]  144 	mov	dpl,@r0
      000035 08               [12]  145 	inc	r0
      000036 86 83            [24]  146 	mov	dph,@r0
      000038 08               [12]  147 	inc	r0
      000039 86 F0            [24]  148 	mov	b,@r0
      00003B D0 02            [24]  149 	pop	ar2
      00003D D0 01            [24]  150 	pop	ar1
      00003F D0 00            [24]  151 	pop	ar0
      000041 12r00r00         [24]  152 	lcall	__sdcc_banked_call
      000044 E5 81            [12]  153 	mov	a,sp
      000046 24 FC            [12]  154 	add	a,#0xfc
      000048 F5 81            [12]  155 	mov	sp,a
      00004A D0 05            [24]  156 	pop	ar5
      00004C D0 06            [24]  157 	pop	ar6
      00004E D0 07            [24]  158 	pop	ar7
      000050                        159 00108$:
      000050 02r00r00         [24]  160 	ljmp	__sdcc_banked_ret
                                    161 	.area CSEG    (CODE)
                                    162 	.area CONST   (CODE)
                                    163 	.area XINIT   (CODE)
                                    164 	.area CABS    (ABS,CODE)
