                                      1 ;--------------------------------------------------------
                                      2 ; File Created by SDCC : free open source ANSI-C Compiler
                                      3 ; Version 3.5.5 #9380 (Linux)
                                      4 ; This file was generated Wed Nov 18 02:57:37 2015
                                      5 ;--------------------------------------------------------
                                      6 	.module nullrdc_noframer
                                      7 	.optsdcc -mmcs51 --model-huge
                                      8 	
                                      9 ;--------------------------------------------------------
                                     10 ; Public variables in this module
                                     11 ;--------------------------------------------------------
                                     12 	.globl _nullrdc_noframer_driver
                                     13 	.globl _queuebuf_to_packetbuf
                                     14 	.globl _packetbuf_totlen
                                     15 	.globl _packetbuf_hdrptr
                                     16 	.globl _mac_call_sent_callback
                                     17 	.globl _ACTIVE
                                     18 	.globl _TX_BYTE
                                     19 	.globl _RX_BYTE
                                     20 	.globl _ERR
                                     21 	.globl _FE
                                     22 	.globl _SLAVE
                                     23 	.globl _RE
                                     24 	.globl _MODE
                                     25 	.globl _T3OVFIF
                                     26 	.globl _T3CH0IF
                                     27 	.globl _T3CH1IF
                                     28 	.globl _T4OVFIF
                                     29 	.globl _T4CH0IF
                                     30 	.globl _T4CH1IF
                                     31 	.globl _OVFIM
                                     32 	.globl _B_0
                                     33 	.globl _B_1
                                     34 	.globl _B_2
                                     35 	.globl _B_3
                                     36 	.globl _B_4
                                     37 	.globl _B_5
                                     38 	.globl _B_6
                                     39 	.globl _B_7
                                     40 	.globl _P2IF
                                     41 	.globl _UTX0IF
                                     42 	.globl _UTX1IF
                                     43 	.globl _P1IF
                                     44 	.globl _WDTIF
                                     45 	.globl _ACC_0
                                     46 	.globl _ACC_1
                                     47 	.globl _ACC_2
                                     48 	.globl _ACC_3
                                     49 	.globl _ACC_4
                                     50 	.globl _ACC_5
                                     51 	.globl _ACC_6
                                     52 	.globl _ACC_7
                                     53 	.globl _P
                                     54 	.globl _F1
                                     55 	.globl _OV
                                     56 	.globl _RS0
                                     57 	.globl _RS1
                                     58 	.globl _F0
                                     59 	.globl _AC
                                     60 	.globl _CY
                                     61 	.globl _DMAIF
                                     62 	.globl _T1IF
                                     63 	.globl _T2IF
                                     64 	.globl _T3IF
                                     65 	.globl _T4IF
                                     66 	.globl _P0IF
                                     67 	.globl _STIF
                                     68 	.globl _DMAIE
                                     69 	.globl _T1IE
                                     70 	.globl _T2IE
                                     71 	.globl _T3IE
                                     72 	.globl _T4IE
                                     73 	.globl _P0IE
                                     74 	.globl _RFERRIE
                                     75 	.globl _ADCIE
                                     76 	.globl _URX0IE
                                     77 	.globl _URX1IE
                                     78 	.globl _ENCIE
                                     79 	.globl _STIE
                                     80 	.globl _EA
                                     81 	.globl _P2_0
                                     82 	.globl _P2_1
                                     83 	.globl _P2_2
                                     84 	.globl _P2_3
                                     85 	.globl _P2_4
                                     86 	.globl _P2_5
                                     87 	.globl _P2_6
                                     88 	.globl _P2_7
                                     89 	.globl _ENCIF_0
                                     90 	.globl _ENCIF_1
                                     91 	.globl _P1_0
                                     92 	.globl _P1_1
                                     93 	.globl _P1_2
                                     94 	.globl _P1_3
                                     95 	.globl _P1_4
                                     96 	.globl _P1_5
                                     97 	.globl _P1_6
                                     98 	.globl _P1_7
                                     99 	.globl _IT0
                                    100 	.globl _RFERRIF
                                    101 	.globl _IT1
                                    102 	.globl _URX0IF
                                    103 	.globl _ADCIF
                                    104 	.globl _URX1IF
                                    105 	.globl _P0_0
                                    106 	.globl _P0_1
                                    107 	.globl _P0_2
                                    108 	.globl _P0_3
                                    109 	.globl _P0_4
                                    110 	.globl _P0_5
                                    111 	.globl _P0_6
                                    112 	.globl _P0_7
                                    113 	.globl _WDCTL
                                    114 	.globl _U1GCR
                                    115 	.globl _U1UCR
                                    116 	.globl _U1BAUD
                                    117 	.globl _U1DBUF
                                    118 	.globl _U1CSR
                                    119 	.globl _U0GCR
                                    120 	.globl _U0UCR
                                    121 	.globl _U0BAUD
                                    122 	.globl _U0DBUF
                                    123 	.globl _U0CSR
                                    124 	.globl _TIMIF
                                    125 	.globl _T4CC1
                                    126 	.globl _T4CCTL1
                                    127 	.globl _T4CC0
                                    128 	.globl _T4CCTL0
                                    129 	.globl _T4CTL
                                    130 	.globl _T4CNT
                                    131 	.globl _T3CC1
                                    132 	.globl _T3CCTL1
                                    133 	.globl _T3CC0
                                    134 	.globl _T3CCTL0
                                    135 	.globl _T3CTL
                                    136 	.globl _T3CNT
                                    137 	.globl _T2MSEL
                                    138 	.globl _T2IRQM
                                    139 	.globl _T2MOVF2
                                    140 	.globl _T2MOVF1
                                    141 	.globl _T2MOVF0
                                    142 	.globl _T2M1
                                    143 	.globl _T2M0
                                    144 	.globl _T2IRQF
                                    145 	.globl _T2EVTCFG
                                    146 	.globl _T2CTRL
                                    147 	.globl _T1STAT
                                    148 	.globl _T1CCTL2
                                    149 	.globl _T1CCTL1
                                    150 	.globl _T1CCTL0
                                    151 	.globl _T1CTL
                                    152 	.globl _T1CNTH
                                    153 	.globl _T1CNTL
                                    154 	.globl _T1CC2H
                                    155 	.globl _T1CC2L
                                    156 	.globl _T1CC1H
                                    157 	.globl _T1CC1L
                                    158 	.globl _T1CC0H
                                    159 	.globl _T1CC0L
                                    160 	.globl _CLKCONSTA
                                    161 	.globl _CLKCONCMD
                                    162 	.globl _SLEEPSTA
                                    163 	.globl _SLEEPCMD
                                    164 	.globl _STLOAD
                                    165 	.globl _ST2
                                    166 	.globl _ST1
                                    167 	.globl _ST0
                                    168 	.globl _RFERRF
                                    169 	.globl _RFIRQF0
                                    170 	.globl _RFST
                                    171 	.globl _RFD
                                    172 	.globl _RFIRQF1
                                    173 	.globl _PSBANK
                                    174 	.globl _FMAP
                                    175 	.globl _MEMCTR
                                    176 	.globl __XPAGE
                                    177 	.globl _MPAGE
                                    178 	.globl _PMUX
                                    179 	.globl _P2DIR
                                    180 	.globl _P1DIR
                                    181 	.globl _P0DIR
                                    182 	.globl _P2INP
                                    183 	.globl _P1INP
                                    184 	.globl _P2SEL
                                    185 	.globl _P1SEL
                                    186 	.globl _P0SEL
                                    187 	.globl _APCFG
                                    188 	.globl _PERCFG
                                    189 	.globl _P0INP
                                    190 	.globl _P2IEN
                                    191 	.globl _P1IEN
                                    192 	.globl _P0IEN
                                    193 	.globl _PICTL
                                    194 	.globl _P2IFG
                                    195 	.globl _P1IFG
                                    196 	.globl _P0IFG
                                    197 	.globl _DMAREQ
                                    198 	.globl _DMAARM
                                    199 	.globl _DMA0CFGH
                                    200 	.globl _DMA0CFGL
                                    201 	.globl _DMA1CFGH
                                    202 	.globl _DMA1CFGL
                                    203 	.globl _DMAIRQ
                                    204 	.globl _ENCCS
                                    205 	.globl _ENCDO
                                    206 	.globl _ENCDI
                                    207 	.globl _RNDH
                                    208 	.globl _RNDL
                                    209 	.globl _ADCH
                                    210 	.globl _ADCL
                                    211 	.globl _ADCCON3
                                    212 	.globl _ADCCON2
                                    213 	.globl _ADCCON1
                                    214 	.globl _B
                                    215 	.globl _IRCON2
                                    216 	.globl _ACC
                                    217 	.globl _PSW
                                    218 	.globl _IRCON
                                    219 	.globl _IP1
                                    220 	.globl _IEN1
                                    221 	.globl _IP0
                                    222 	.globl _IEN0
                                    223 	.globl _P2
                                    224 	.globl _S1CON
                                    225 	.globl _IEN2
                                    226 	.globl _S0CON
                                    227 	.globl _DPS
                                    228 	.globl _P1
                                    229 	.globl _TCON
                                    230 	.globl _PCON
                                    231 	.globl _DPH1
                                    232 	.globl _DPL1
                                    233 	.globl _DPH0
                                    234 	.globl _DPL0
                                    235 	.globl _SP
                                    236 	.globl _P0
                                    237 	.globl _X_IEEE_ADDR
                                    238 	.globl _X_INFOPAGE
                                    239 	.globl _X_P2DIR
                                    240 	.globl _X_P1DIR
                                    241 	.globl _X_P0DIR
                                    242 	.globl _X_U1GCR
                                    243 	.globl _X_U1UCR
                                    244 	.globl _X_U1BAUD
                                    245 	.globl _X_U1DBUF
                                    246 	.globl _X_U1CSR
                                    247 	.globl _X_P2INP
                                    248 	.globl _X_P1INP
                                    249 	.globl _X_P2SEL
                                    250 	.globl _X_P1SEL
                                    251 	.globl _X_P0SEL
                                    252 	.globl _X_APCFG
                                    253 	.globl _X_PERCFG
                                    254 	.globl _X_T4CC1
                                    255 	.globl _X_T4CCTL1
                                    256 	.globl _X_T4CC0
                                    257 	.globl _X_T4CCTL0
                                    258 	.globl _X_T4CTL
                                    259 	.globl _X_T4CNT
                                    260 	.globl _X_RFIRQF0
                                    261 	.globl _X_T1CCTL2
                                    262 	.globl _X_T1CCTL1
                                    263 	.globl _X_T1CCTL0
                                    264 	.globl _X_T1CTL
                                    265 	.globl _X_T1CNTH
                                    266 	.globl _X_T1CNTL
                                    267 	.globl _X_RFST
                                    268 	.globl _X_T1CC2H
                                    269 	.globl _X_T1CC2L
                                    270 	.globl _X_T1CC1H
                                    271 	.globl _X_T1CC1L
                                    272 	.globl _X_T1CC0H
                                    273 	.globl _X_T1CC0L
                                    274 	.globl _X_RFD
                                    275 	.globl _X_TIMIF
                                    276 	.globl _X_DMAREQ
                                    277 	.globl _X_DMAARM
                                    278 	.globl _X_DMA0CFGH
                                    279 	.globl _X_DMA0CFGL
                                    280 	.globl _X_DMA1CFGH
                                    281 	.globl _X_DMA1CFGL
                                    282 	.globl _X_DMAIRQ
                                    283 	.globl _X_T3CC1
                                    284 	.globl _X_T3CCTL1
                                    285 	.globl _X_T3CC0
                                    286 	.globl _X_T3CCTL0
                                    287 	.globl _X_T3CTL
                                    288 	.globl _X_T3CNT
                                    289 	.globl _X_WDCTL
                                    290 	.globl _X_MEMCTR
                                    291 	.globl _X_CLKCONCMD
                                    292 	.globl _X_U0GCR
                                    293 	.globl _X_U0UCR
                                    294 	.globl _X_T2MSEL
                                    295 	.globl _X_U0BAUD
                                    296 	.globl _X_U0DBUF
                                    297 	.globl _X_RFERRF
                                    298 	.globl _X_SLEEPCMD
                                    299 	.globl _X_RNDH
                                    300 	.globl _X_RNDL
                                    301 	.globl _X_ADCH
                                    302 	.globl _X_ADCL
                                    303 	.globl _X_ADCCON3
                                    304 	.globl _X_ADCCON2
                                    305 	.globl _X_ADCCON1
                                    306 	.globl _X_ENCCS
                                    307 	.globl _X_ENCDO
                                    308 	.globl _X_ENCDI
                                    309 	.globl _X_T1STAT
                                    310 	.globl _X_PMUX
                                    311 	.globl _X_STLOAD
                                    312 	.globl _X_P2IEN
                                    313 	.globl _X_P0IEN
                                    314 	.globl _X_T2IRQM
                                    315 	.globl _X_T2MOVF2
                                    316 	.globl _X_T2MOVF1
                                    317 	.globl _X_T2MOVF0
                                    318 	.globl _X_T2M1
                                    319 	.globl _X_T2M0
                                    320 	.globl _X_T2IRQF
                                    321 	.globl _X_P2
                                    322 	.globl _X_PSBANK
                                    323 	.globl _X_FMAP
                                    324 	.globl _X_CLKCONSTA
                                    325 	.globl _X_SLEEPSTA
                                    326 	.globl _X_T2EVTCFG
                                    327 	.globl _X_ST2
                                    328 	.globl _X_ST1
                                    329 	.globl _X_ST0
                                    330 	.globl _X_T2CTRL
                                    331 	.globl _X__XPAGE
                                    332 	.globl _X_MPAGE
                                    333 	.globl _X_RFIRQF1
                                    334 	.globl _X_P1
                                    335 	.globl _X_P0INP
                                    336 	.globl _X_P1IEN
                                    337 	.globl _X_PICTL
                                    338 	.globl _X_P2IFG
                                    339 	.globl _X_P1IFG
                                    340 	.globl _X_P0IFG
                                    341 	.globl _X_U0CSR
                                    342 	.globl _X_P0
                                    343 	.globl _USBF5
                                    344 	.globl _USBF4
                                    345 	.globl _USBF3
                                    346 	.globl _USBF2
                                    347 	.globl _USBF1
                                    348 	.globl _USBF0
                                    349 	.globl _USBCNTH
                                    350 	.globl _USBCNTL
                                    351 	.globl _USBCNT0
                                    352 	.globl _USBCSOH
                                    353 	.globl _USBCSOL
                                    354 	.globl _USBMAXO
                                    355 	.globl _USBCSIH
                                    356 	.globl _USBCSIL
                                    357 	.globl _USBCS0
                                    358 	.globl _USBMAXI
                                    359 	.globl _USBCTRL
                                    360 	.globl _USBINDEX
                                    361 	.globl _USBFRMH
                                    362 	.globl _USBFRML
                                    363 	.globl _USBCIE
                                    364 	.globl _USBOIE
                                    365 	.globl _USBIIE
                                    366 	.globl _USBCIF
                                    367 	.globl _USBOIF
                                    368 	.globl _USBIIF
                                    369 	.globl _USBPOW
                                    370 	.globl _USBADDR
                                    371 	.globl _CSPT
                                    372 	.globl _CSPZ
                                    373 	.globl _CSPY
                                    374 	.globl _CSPX
                                    375 	.globl _CSPSTAT
                                    376 	.globl _CSPCTRL
                                    377 	.globl _CSPPROG23
                                    378 	.globl _CSPPROG22
                                    379 	.globl _CSPPROG21
                                    380 	.globl _CSPPROG20
                                    381 	.globl _CSPPROG19
                                    382 	.globl _CSPPROG18
                                    383 	.globl _CSPPROG17
                                    384 	.globl _CSPPROG16
                                    385 	.globl _CSPPROG15
                                    386 	.globl _CSPPROG14
                                    387 	.globl _CSPPROG13
                                    388 	.globl _CSPPROG12
                                    389 	.globl _CSPPROG11
                                    390 	.globl _CSPPROG10
                                    391 	.globl _CSPPROG9
                                    392 	.globl _CSPPROG8
                                    393 	.globl _CSPPROG7
                                    394 	.globl _CSPPROG6
                                    395 	.globl _CSPPROG5
                                    396 	.globl _CSPPROG4
                                    397 	.globl _CSPPROG3
                                    398 	.globl _CSPPROG2
                                    399 	.globl _CSPPROG1
                                    400 	.globl _CSPPROG0
                                    401 	.globl _RFC_OBS_CTRL2
                                    402 	.globl _RFC_OBS_CTRL1
                                    403 	.globl _RFC_OBS_CTRL0
                                    404 	.globl _TXFILTCFG
                                    405 	.globl _PTEST1
                                    406 	.globl _PTEST0
                                    407 	.globl _ATEST
                                    408 	.globl _DACTEST2
                                    409 	.globl _DACTEST1
                                    410 	.globl _DACTEST0
                                    411 	.globl _MDMTEST1
                                    412 	.globl _MDMTEST0
                                    413 	.globl _ADCTEST2
                                    414 	.globl _ADCTEST1
                                    415 	.globl _ADCTEST0
                                    416 	.globl _AGCCTRL3
                                    417 	.globl _AGCCTRL2
                                    418 	.globl _AGCCTRL1
                                    419 	.globl _AGCCTRL0
                                    420 	.globl _FSCAL3
                                    421 	.globl _FSCAL2
                                    422 	.globl _FSCAL1
                                    423 	.globl _FSCAL0
                                    424 	.globl _FSCTRL
                                    425 	.globl _RXCTRL
                                    426 	.globl _FREQEST
                                    427 	.globl _MDMCTRL1
                                    428 	.globl _MDMCTRL0
                                    429 	.globl _RFRND
                                    430 	.globl _RFERRM
                                    431 	.globl _RFIRQM1
                                    432 	.globl _RFIRQM0
                                    433 	.globl _TXLAST_PTR
                                    434 	.globl _TXFIRST_PTR
                                    435 	.globl _RXP1_PTR
                                    436 	.globl _RXLAST_PTR
                                    437 	.globl _RXFIRST_PTR
                                    438 	.globl _TXFIFOCNT
                                    439 	.globl _RXFIFOCNT
                                    440 	.globl _RXFIRST
                                    441 	.globl _RSSISTAT
                                    442 	.globl _RSSI
                                    443 	.globl _CCACTRL1
                                    444 	.globl _CCACTRL0
                                    445 	.globl _FSMCTRL
                                    446 	.globl _FIFOPCTRL
                                    447 	.globl _FSMSTAT1
                                    448 	.globl _FSMSTAT0
                                    449 	.globl _TXCTRL
                                    450 	.globl _TXPOWER
                                    451 	.globl _FREQCTRL
                                    452 	.globl _FREQTUNE
                                    453 	.globl _RXMASKCLR
                                    454 	.globl _RXMASKSET
                                    455 	.globl _RXENABLE
                                    456 	.globl _FRMCTRL1
                                    457 	.globl _FRMCTRL0
                                    458 	.globl _SRCEXTEN2
                                    459 	.globl _SRCEXTEN1
                                    460 	.globl _SRCEXTEN0
                                    461 	.globl _SRCSHORTEN2
                                    462 	.globl _SRCSHORTEN1
                                    463 	.globl _SRCSHORTEN0
                                    464 	.globl _SRCMATCH
                                    465 	.globl _FRMFILT1
                                    466 	.globl _FRMFILT0
                                    467 	.globl _SHORT_ADDR1
                                    468 	.globl _SHORT_ADDR0
                                    469 	.globl _PAN_ID1
                                    470 	.globl _PAN_ID0
                                    471 	.globl _EXT_ADDR7
                                    472 	.globl _EXT_ADDR6
                                    473 	.globl _EXT_ADDR5
                                    474 	.globl _EXT_ADDR4
                                    475 	.globl _EXT_ADDR3
                                    476 	.globl _EXT_ADDR2
                                    477 	.globl _EXT_ADDR1
                                    478 	.globl _EXT_ADDR0
                                    479 	.globl _SRCSHORTPENDEN2
                                    480 	.globl _SRCSHORTPENDEN1
                                    481 	.globl _SRCSHORTPENDEN0
                                    482 	.globl _SRCEXTPENDEN2
                                    483 	.globl _SRCEXTPENDEN1
                                    484 	.globl _SRCEXTPENDEN0
                                    485 	.globl _SRCRESINDEX
                                    486 	.globl _SRCRESMASK2
                                    487 	.globl _SRCRESMASK1
                                    488 	.globl _SRCRESMASK0
                                    489 	.globl _SRC_ADDR_TABLE
                                    490 	.globl _TXFIFO
                                    491 	.globl _RXFIFO
                                    492 	.globl _RFCORE_RAM
                                    493 	.globl _CMPCTL
                                    494 	.globl _OPAMPS
                                    495 	.globl _OPAMPC
                                    496 	.globl _STCV2
                                    497 	.globl _STCV1
                                    498 	.globl _STCV0
                                    499 	.globl _STCS
                                    500 	.globl _STCC
                                    501 	.globl _T1CC4H
                                    502 	.globl _T1CC4L
                                    503 	.globl _T1CC3H
                                    504 	.globl _T1CC3L
                                    505 	.globl _XX_T1CC2H
                                    506 	.globl _XX_T1CC2L
                                    507 	.globl _XX_T1CC1H
                                    508 	.globl _XX_T1CC1L
                                    509 	.globl _XX_T1CC0H
                                    510 	.globl _XX_T1CC0L
                                    511 	.globl _T1CCTL4
                                    512 	.globl _T1CCTL3
                                    513 	.globl _XX_T1CCTL2
                                    514 	.globl _XX_T1CCTL1
                                    515 	.globl _XX_T1CCTL0
                                    516 	.globl _CLD
                                    517 	.globl _IRCTL
                                    518 	.globl _CHIPINFO1
                                    519 	.globl _CHIPINFO0
                                    520 	.globl _FWDATA
                                    521 	.globl _FADDRH
                                    522 	.globl _FADDRL
                                    523 	.globl _FCTL
                                    524 	.globl _IVCTRL
                                    525 	.globl _BATTMON
                                    526 	.globl _SRCRC
                                    527 	.globl _DBGDATA
                                    528 	.globl _TESTREG0
                                    529 	.globl _CHIPID
                                    530 	.globl _CHVER
                                    531 	.globl _OBSSEL5
                                    532 	.globl _OBSSEL4
                                    533 	.globl _OBSSEL3
                                    534 	.globl _OBSSEL2
                                    535 	.globl _OBSSEL1
                                    536 	.globl _OBSSEL0
                                    537 	.globl _I2CIO
                                    538 	.globl _I2CWC
                                    539 	.globl _I2CADDR
                                    540 	.globl _I2CDATA
                                    541 	.globl _I2CSTAT
                                    542 	.globl _I2CCFG
                                    543 	.globl _OPAMPMC
                                    544 	.globl _MONMUX
                                    545 ;--------------------------------------------------------
                                    546 ; special function registers
                                    547 ;--------------------------------------------------------
                                    548 	.area RSEG    (ABS,DATA)
      000000                        549 	.org 0x0000
                           000080   550 _P0	=	0x0080
                           000081   551 _SP	=	0x0081
                           000082   552 _DPL0	=	0x0082
                           000083   553 _DPH0	=	0x0083
                           000084   554 _DPL1	=	0x0084
                           000085   555 _DPH1	=	0x0085
                           000087   556 _PCON	=	0x0087
                           000088   557 _TCON	=	0x0088
                           000090   558 _P1	=	0x0090
                           000092   559 _DPS	=	0x0092
                           000098   560 _S0CON	=	0x0098
                           00009A   561 _IEN2	=	0x009a
                           00009B   562 _S1CON	=	0x009b
                           0000A0   563 _P2	=	0x00a0
                           0000A8   564 _IEN0	=	0x00a8
                           0000A9   565 _IP0	=	0x00a9
                           0000B8   566 _IEN1	=	0x00b8
                           0000B9   567 _IP1	=	0x00b9
                           0000C0   568 _IRCON	=	0x00c0
                           0000D0   569 _PSW	=	0x00d0
                           0000E0   570 _ACC	=	0x00e0
                           0000E8   571 _IRCON2	=	0x00e8
                           0000F0   572 _B	=	0x00f0
                           0000B4   573 _ADCCON1	=	0x00b4
                           0000B5   574 _ADCCON2	=	0x00b5
                           0000B6   575 _ADCCON3	=	0x00b6
                           0000BA   576 _ADCL	=	0x00ba
                           0000BB   577 _ADCH	=	0x00bb
                           0000BC   578 _RNDL	=	0x00bc
                           0000BD   579 _RNDH	=	0x00bd
                           0000B1   580 _ENCDI	=	0x00b1
                           0000B2   581 _ENCDO	=	0x00b2
                           0000B3   582 _ENCCS	=	0x00b3
                           0000D1   583 _DMAIRQ	=	0x00d1
                           0000D2   584 _DMA1CFGL	=	0x00d2
                           0000D3   585 _DMA1CFGH	=	0x00d3
                           0000D4   586 _DMA0CFGL	=	0x00d4
                           0000D5   587 _DMA0CFGH	=	0x00d5
                           0000D6   588 _DMAARM	=	0x00d6
                           0000D7   589 _DMAREQ	=	0x00d7
                           000089   590 _P0IFG	=	0x0089
                           00008A   591 _P1IFG	=	0x008a
                           00008B   592 _P2IFG	=	0x008b
                           00008C   593 _PICTL	=	0x008c
                           0000AB   594 _P0IEN	=	0x00ab
                           00008D   595 _P1IEN	=	0x008d
                           0000AC   596 _P2IEN	=	0x00ac
                           00008F   597 _P0INP	=	0x008f
                           0000F1   598 _PERCFG	=	0x00f1
                           0000F2   599 _APCFG	=	0x00f2
                           0000F3   600 _P0SEL	=	0x00f3
                           0000F4   601 _P1SEL	=	0x00f4
                           0000F5   602 _P2SEL	=	0x00f5
                           0000F6   603 _P1INP	=	0x00f6
                           0000F7   604 _P2INP	=	0x00f7
                           0000FD   605 _P0DIR	=	0x00fd
                           0000FE   606 _P1DIR	=	0x00fe
                           0000FF   607 _P2DIR	=	0x00ff
                           0000AE   608 _PMUX	=	0x00ae
                           000093   609 _MPAGE	=	0x0093
                           000093   610 __XPAGE	=	0x0093
                           0000C7   611 _MEMCTR	=	0x00c7
                           00009F   612 _FMAP	=	0x009f
                           00009F   613 _PSBANK	=	0x009f
                           000091   614 _RFIRQF1	=	0x0091
                           0000D9   615 _RFD	=	0x00d9
                           0000E1   616 _RFST	=	0x00e1
                           0000E9   617 _RFIRQF0	=	0x00e9
                           0000BF   618 _RFERRF	=	0x00bf
                           000095   619 _ST0	=	0x0095
                           000096   620 _ST1	=	0x0096
                           000097   621 _ST2	=	0x0097
                           0000AD   622 _STLOAD	=	0x00ad
                           0000BE   623 _SLEEPCMD	=	0x00be
                           00009D   624 _SLEEPSTA	=	0x009d
                           0000C6   625 _CLKCONCMD	=	0x00c6
                           00009E   626 _CLKCONSTA	=	0x009e
                           0000DA   627 _T1CC0L	=	0x00da
                           0000DB   628 _T1CC0H	=	0x00db
                           0000DC   629 _T1CC1L	=	0x00dc
                           0000DD   630 _T1CC1H	=	0x00dd
                           0000DE   631 _T1CC2L	=	0x00de
                           0000DF   632 _T1CC2H	=	0x00df
                           0000E2   633 _T1CNTL	=	0x00e2
                           0000E3   634 _T1CNTH	=	0x00e3
                           0000E4   635 _T1CTL	=	0x00e4
                           0000E5   636 _T1CCTL0	=	0x00e5
                           0000E6   637 _T1CCTL1	=	0x00e6
                           0000E7   638 _T1CCTL2	=	0x00e7
                           0000AF   639 _T1STAT	=	0x00af
                           000094   640 _T2CTRL	=	0x0094
                           00009C   641 _T2EVTCFG	=	0x009c
                           0000A1   642 _T2IRQF	=	0x00a1
                           0000A2   643 _T2M0	=	0x00a2
                           0000A3   644 _T2M1	=	0x00a3
                           0000A4   645 _T2MOVF0	=	0x00a4
                           0000A5   646 _T2MOVF1	=	0x00a5
                           0000A6   647 _T2MOVF2	=	0x00a6
                           0000A7   648 _T2IRQM	=	0x00a7
                           0000C3   649 _T2MSEL	=	0x00c3
                           0000CA   650 _T3CNT	=	0x00ca
                           0000CB   651 _T3CTL	=	0x00cb
                           0000CC   652 _T3CCTL0	=	0x00cc
                           0000CD   653 _T3CC0	=	0x00cd
                           0000CE   654 _T3CCTL1	=	0x00ce
                           0000CF   655 _T3CC1	=	0x00cf
                           0000EA   656 _T4CNT	=	0x00ea
                           0000EB   657 _T4CTL	=	0x00eb
                           0000EC   658 _T4CCTL0	=	0x00ec
                           0000ED   659 _T4CC0	=	0x00ed
                           0000EE   660 _T4CCTL1	=	0x00ee
                           0000EF   661 _T4CC1	=	0x00ef
                           0000D8   662 _TIMIF	=	0x00d8
                           000086   663 _U0CSR	=	0x0086
                           0000C1   664 _U0DBUF	=	0x00c1
                           0000C2   665 _U0BAUD	=	0x00c2
                           0000C4   666 _U0UCR	=	0x00c4
                           0000C5   667 _U0GCR	=	0x00c5
                           0000F8   668 _U1CSR	=	0x00f8
                           0000F9   669 _U1DBUF	=	0x00f9
                           0000FA   670 _U1BAUD	=	0x00fa
                           0000FB   671 _U1UCR	=	0x00fb
                           0000FC   672 _U1GCR	=	0x00fc
                           0000C9   673 _WDCTL	=	0x00c9
                                    674 ;--------------------------------------------------------
                                    675 ; special function bits
                                    676 ;--------------------------------------------------------
                                    677 	.area RSEG    (ABS,DATA)
      000000                        678 	.org 0x0000
                           000087   679 _P0_7	=	0x0087
                           000086   680 _P0_6	=	0x0086
                           000085   681 _P0_5	=	0x0085
                           000084   682 _P0_4	=	0x0084
                           000083   683 _P0_3	=	0x0083
                           000082   684 _P0_2	=	0x0082
                           000081   685 _P0_1	=	0x0081
                           000080   686 _P0_0	=	0x0080
                           00008F   687 _URX1IF	=	0x008f
                           00008D   688 _ADCIF	=	0x008d
                           00008B   689 _URX0IF	=	0x008b
                           00008A   690 _IT1	=	0x008a
                           000089   691 _RFERRIF	=	0x0089
                           000088   692 _IT0	=	0x0088
                           000097   693 _P1_7	=	0x0097
                           000096   694 _P1_6	=	0x0096
                           000095   695 _P1_5	=	0x0095
                           000094   696 _P1_4	=	0x0094
                           000093   697 _P1_3	=	0x0093
                           000092   698 _P1_2	=	0x0092
                           000091   699 _P1_1	=	0x0091
                           000090   700 _P1_0	=	0x0090
                           000099   701 _ENCIF_1	=	0x0099
                           000098   702 _ENCIF_0	=	0x0098
                           0000A7   703 _P2_7	=	0x00a7
                           0000A6   704 _P2_6	=	0x00a6
                           0000A5   705 _P2_5	=	0x00a5
                           0000A4   706 _P2_4	=	0x00a4
                           0000A3   707 _P2_3	=	0x00a3
                           0000A2   708 _P2_2	=	0x00a2
                           0000A1   709 _P2_1	=	0x00a1
                           0000A0   710 _P2_0	=	0x00a0
                           0000AF   711 _EA	=	0x00af
                           0000AD   712 _STIE	=	0x00ad
                           0000AC   713 _ENCIE	=	0x00ac
                           0000AB   714 _URX1IE	=	0x00ab
                           0000AA   715 _URX0IE	=	0x00aa
                           0000A9   716 _ADCIE	=	0x00a9
                           0000A8   717 _RFERRIE	=	0x00a8
                           0000BD   718 _P0IE	=	0x00bd
                           0000BC   719 _T4IE	=	0x00bc
                           0000BB   720 _T3IE	=	0x00bb
                           0000BA   721 _T2IE	=	0x00ba
                           0000B9   722 _T1IE	=	0x00b9
                           0000B8   723 _DMAIE	=	0x00b8
                           0000C7   724 _STIF	=	0x00c7
                           0000C5   725 _P0IF	=	0x00c5
                           0000C4   726 _T4IF	=	0x00c4
                           0000C3   727 _T3IF	=	0x00c3
                           0000C2   728 _T2IF	=	0x00c2
                           0000C1   729 _T1IF	=	0x00c1
                           0000C0   730 _DMAIF	=	0x00c0
                           0000D7   731 _CY	=	0x00d7
                           0000D6   732 _AC	=	0x00d6
                           0000D5   733 _F0	=	0x00d5
                           0000D4   734 _RS1	=	0x00d4
                           0000D3   735 _RS0	=	0x00d3
                           0000D2   736 _OV	=	0x00d2
                           0000D1   737 _F1	=	0x00d1
                           0000D0   738 _P	=	0x00d0
                           0000E7   739 _ACC_7	=	0x00e7
                           0000E6   740 _ACC_6	=	0x00e6
                           0000E5   741 _ACC_5	=	0x00e5
                           0000E4   742 _ACC_4	=	0x00e4
                           0000E3   743 _ACC_3	=	0x00e3
                           0000E2   744 _ACC_2	=	0x00e2
                           0000E1   745 _ACC_1	=	0x00e1
                           0000E0   746 _ACC_0	=	0x00e0
                           0000EC   747 _WDTIF	=	0x00ec
                           0000EB   748 _P1IF	=	0x00eb
                           0000EA   749 _UTX1IF	=	0x00ea
                           0000E9   750 _UTX0IF	=	0x00e9
                           0000E8   751 _P2IF	=	0x00e8
                           0000F7   752 _B_7	=	0x00f7
                           0000F6   753 _B_6	=	0x00f6
                           0000F5   754 _B_5	=	0x00f5
                           0000F4   755 _B_4	=	0x00f4
                           0000F3   756 _B_3	=	0x00f3
                           0000F2   757 _B_2	=	0x00f2
                           0000F1   758 _B_1	=	0x00f1
                           0000F0   759 _B_0	=	0x00f0
                           0000DE   760 _OVFIM	=	0x00de
                           0000DD   761 _T4CH1IF	=	0x00dd
                           0000DC   762 _T4CH0IF	=	0x00dc
                           0000DB   763 _T4OVFIF	=	0x00db
                           0000DA   764 _T3CH1IF	=	0x00da
                           0000D9   765 _T3CH0IF	=	0x00d9
                           0000D8   766 _T3OVFIF	=	0x00d8
                           0000FF   767 _MODE	=	0x00ff
                           0000FE   768 _RE	=	0x00fe
                           0000FD   769 _SLAVE	=	0x00fd
                           0000FC   770 _FE	=	0x00fc
                           0000FB   771 _ERR	=	0x00fb
                           0000FA   772 _RX_BYTE	=	0x00fa
                           0000F9   773 _TX_BYTE	=	0x00f9
                           0000F8   774 _ACTIVE	=	0x00f8
                                    775 ;--------------------------------------------------------
                                    776 ; overlayable register banks
                                    777 ;--------------------------------------------------------
                                    778 	.area REG_BANK_0	(REL,OVR,DATA)
      000000                        779 	.ds 8
                                    780 ;--------------------------------------------------------
                                    781 ; internal ram data
                                    782 ;--------------------------------------------------------
                                    783 	.area DSEG    (DATA)
                                    784 ;--------------------------------------------------------
                                    785 ; overlayable items in internal ram 
                                    786 ;--------------------------------------------------------
                                    787 ;--------------------------------------------------------
                                    788 ; indirectly addressable internal ram data
                                    789 ;--------------------------------------------------------
                                    790 	.area ISEG    (DATA)
                                    791 ;--------------------------------------------------------
                                    792 ; absolute internal ram data
                                    793 ;--------------------------------------------------------
                                    794 	.area IABS    (ABS,DATA)
                                    795 	.area IABS    (ABS,DATA)
                                    796 ;--------------------------------------------------------
                                    797 ; bit data
                                    798 ;--------------------------------------------------------
                                    799 	.area BSEG    (BIT)
                                    800 ;--------------------------------------------------------
                                    801 ; paged external ram data
                                    802 ;--------------------------------------------------------
                                    803 	.area PSEG    (PAG,XDATA)
                                    804 ;--------------------------------------------------------
                                    805 ; external ram data
                                    806 ;--------------------------------------------------------
                                    807 	.area XSEG    (XDATA)
                           0061A6   808 _MONMUX	=	0x61a6
                           0061A6   809 _OPAMPMC	=	0x61a6
                           006230   810 _I2CCFG	=	0x6230
                           006231   811 _I2CSTAT	=	0x6231
                           006232   812 _I2CDATA	=	0x6232
                           006233   813 _I2CADDR	=	0x6233
                           006234   814 _I2CWC	=	0x6234
                           006235   815 _I2CIO	=	0x6235
                           006243   816 _OBSSEL0	=	0x6243
                           006244   817 _OBSSEL1	=	0x6244
                           006245   818 _OBSSEL2	=	0x6245
                           006246   819 _OBSSEL3	=	0x6246
                           006247   820 _OBSSEL4	=	0x6247
                           006248   821 _OBSSEL5	=	0x6248
                           006249   822 _CHVER	=	0x6249
                           00624A   823 _CHIPID	=	0x624a
                           00624B   824 _TESTREG0	=	0x624b
                           006260   825 _DBGDATA	=	0x6260
                           006262   826 _SRCRC	=	0x6262
                           006264   827 _BATTMON	=	0x6264
                           006265   828 _IVCTRL	=	0x6265
                           006270   829 _FCTL	=	0x6270
                           006271   830 _FADDRL	=	0x6271
                           006272   831 _FADDRH	=	0x6272
                           006273   832 _FWDATA	=	0x6273
                           006276   833 _CHIPINFO0	=	0x6276
                           006277   834 _CHIPINFO1	=	0x6277
                           006281   835 _IRCTL	=	0x6281
                           006290   836 _CLD	=	0x6290
                           0062A0   837 _XX_T1CCTL0	=	0x62a0
                           0062A1   838 _XX_T1CCTL1	=	0x62a1
                           0062A2   839 _XX_T1CCTL2	=	0x62a2
                           0062A3   840 _T1CCTL3	=	0x62a3
                           0062A4   841 _T1CCTL4	=	0x62a4
                           0062A6   842 _XX_T1CC0L	=	0x62a6
                           0062A7   843 _XX_T1CC0H	=	0x62a7
                           0062A8   844 _XX_T1CC1L	=	0x62a8
                           0062A9   845 _XX_T1CC1H	=	0x62a9
                           0062AA   846 _XX_T1CC2L	=	0x62aa
                           0062AB   847 _XX_T1CC2H	=	0x62ab
                           0062AC   848 _T1CC3L	=	0x62ac
                           0062AD   849 _T1CC3H	=	0x62ad
                           0062AE   850 _T1CC4L	=	0x62ae
                           0062AF   851 _T1CC4H	=	0x62af
                           0062B0   852 _STCC	=	0x62b0
                           0062B1   853 _STCS	=	0x62b1
                           0062B2   854 _STCV0	=	0x62b2
                           0062B3   855 _STCV1	=	0x62b3
                           0062B4   856 _STCV2	=	0x62b4
                           0062C0   857 _OPAMPC	=	0x62c0
                           0062C1   858 _OPAMPS	=	0x62c1
                           0062D0   859 _CMPCTL	=	0x62d0
                           006000   860 _RFCORE_RAM	=	0x6000
                           006000   861 _RXFIFO	=	0x6000
                           006080   862 _TXFIFO	=	0x6080
                           006100   863 _SRC_ADDR_TABLE	=	0x6100
                           006160   864 _SRCRESMASK0	=	0x6160
                           006161   865 _SRCRESMASK1	=	0x6161
                           006162   866 _SRCRESMASK2	=	0x6162
                           006163   867 _SRCRESINDEX	=	0x6163
                           006164   868 _SRCEXTPENDEN0	=	0x6164
                           006165   869 _SRCEXTPENDEN1	=	0x6165
                           006166   870 _SRCEXTPENDEN2	=	0x6166
                           006167   871 _SRCSHORTPENDEN0	=	0x6167
                           006168   872 _SRCSHORTPENDEN1	=	0x6168
                           006169   873 _SRCSHORTPENDEN2	=	0x6169
                           00616A   874 _EXT_ADDR0	=	0x616a
                           00616B   875 _EXT_ADDR1	=	0x616b
                           00616C   876 _EXT_ADDR2	=	0x616c
                           00616D   877 _EXT_ADDR3	=	0x616d
                           00616E   878 _EXT_ADDR4	=	0x616e
                           00616F   879 _EXT_ADDR5	=	0x616f
                           006170   880 _EXT_ADDR6	=	0x6170
                           006171   881 _EXT_ADDR7	=	0x6171
                           006172   882 _PAN_ID0	=	0x6172
                           006173   883 _PAN_ID1	=	0x6173
                           006174   884 _SHORT_ADDR0	=	0x6174
                           006175   885 _SHORT_ADDR1	=	0x6175
                           006180   886 _FRMFILT0	=	0x6180
                           006181   887 _FRMFILT1	=	0x6181
                           006182   888 _SRCMATCH	=	0x6182
                           006183   889 _SRCSHORTEN0	=	0x6183
                           006184   890 _SRCSHORTEN1	=	0x6184
                           006185   891 _SRCSHORTEN2	=	0x6185
                           006186   892 _SRCEXTEN0	=	0x6186
                           006187   893 _SRCEXTEN1	=	0x6187
                           006188   894 _SRCEXTEN2	=	0x6188
                           006189   895 _FRMCTRL0	=	0x6189
                           00618A   896 _FRMCTRL1	=	0x618a
                           00618B   897 _RXENABLE	=	0x618b
                           00618C   898 _RXMASKSET	=	0x618c
                           00618D   899 _RXMASKCLR	=	0x618d
                           00618E   900 _FREQTUNE	=	0x618e
                           00618F   901 _FREQCTRL	=	0x618f
                           006190   902 _TXPOWER	=	0x6190
                           006191   903 _TXCTRL	=	0x6191
                           006192   904 _FSMSTAT0	=	0x6192
                           006193   905 _FSMSTAT1	=	0x6193
                           006194   906 _FIFOPCTRL	=	0x6194
                           006195   907 _FSMCTRL	=	0x6195
                           006196   908 _CCACTRL0	=	0x6196
                           006197   909 _CCACTRL1	=	0x6197
                           006198   910 _RSSI	=	0x6198
                           006199   911 _RSSISTAT	=	0x6199
                           00619A   912 _RXFIRST	=	0x619a
                           00619B   913 _RXFIFOCNT	=	0x619b
                           00619C   914 _TXFIFOCNT	=	0x619c
                           00619D   915 _RXFIRST_PTR	=	0x619d
                           00619E   916 _RXLAST_PTR	=	0x619e
                           00619F   917 _RXP1_PTR	=	0x619f
                           0061A1   918 _TXFIRST_PTR	=	0x61a1
                           0061A2   919 _TXLAST_PTR	=	0x61a2
                           0061A3   920 _RFIRQM0	=	0x61a3
                           0061A4   921 _RFIRQM1	=	0x61a4
                           0061A5   922 _RFERRM	=	0x61a5
                           0061A7   923 _RFRND	=	0x61a7
                           0061A8   924 _MDMCTRL0	=	0x61a8
                           0061A9   925 _MDMCTRL1	=	0x61a9
                           0061AA   926 _FREQEST	=	0x61aa
                           0061AB   927 _RXCTRL	=	0x61ab
                           0061AC   928 _FSCTRL	=	0x61ac
                           0061AD   929 _FSCAL0	=	0x61ad
                           0061AE   930 _FSCAL1	=	0x61ae
                           0061AF   931 _FSCAL2	=	0x61af
                           0061B0   932 _FSCAL3	=	0x61b0
                           0061B1   933 _AGCCTRL0	=	0x61b1
                           0061B2   934 _AGCCTRL1	=	0x61b2
                           0061B3   935 _AGCCTRL2	=	0x61b3
                           0061B4   936 _AGCCTRL3	=	0x61b4
                           0061B5   937 _ADCTEST0	=	0x61b5
                           0061B6   938 _ADCTEST1	=	0x61b6
                           0061B7   939 _ADCTEST2	=	0x61b7
                           0061B8   940 _MDMTEST0	=	0x61b8
                           0061B9   941 _MDMTEST1	=	0x61b9
                           0061BA   942 _DACTEST0	=	0x61ba
                           0061BB   943 _DACTEST1	=	0x61bb
                           0061BC   944 _DACTEST2	=	0x61bc
                           0061BD   945 _ATEST	=	0x61bd
                           0061BE   946 _PTEST0	=	0x61be
                           0061BF   947 _PTEST1	=	0x61bf
                           0061FA   948 _TXFILTCFG	=	0x61fa
                           0061EB   949 _RFC_OBS_CTRL0	=	0x61eb
                           0061EC   950 _RFC_OBS_CTRL1	=	0x61ec
                           0061ED   951 _RFC_OBS_CTRL2	=	0x61ed
                           0061C0   952 _CSPPROG0	=	0x61c0
                           0061C1   953 _CSPPROG1	=	0x61c1
                           0061C2   954 _CSPPROG2	=	0x61c2
                           0061C3   955 _CSPPROG3	=	0x61c3
                           0061C4   956 _CSPPROG4	=	0x61c4
                           0061C5   957 _CSPPROG5	=	0x61c5
                           0061C6   958 _CSPPROG6	=	0x61c6
                           0061C7   959 _CSPPROG7	=	0x61c7
                           0061C8   960 _CSPPROG8	=	0x61c8
                           0061C9   961 _CSPPROG9	=	0x61c9
                           0061CA   962 _CSPPROG10	=	0x61ca
                           0061CB   963 _CSPPROG11	=	0x61cb
                           0061CC   964 _CSPPROG12	=	0x61cc
                           0061CD   965 _CSPPROG13	=	0x61cd
                           0061CE   966 _CSPPROG14	=	0x61ce
                           0061CF   967 _CSPPROG15	=	0x61cf
                           0061D0   968 _CSPPROG16	=	0x61d0
                           0061D1   969 _CSPPROG17	=	0x61d1
                           0061D2   970 _CSPPROG18	=	0x61d2
                           0061D3   971 _CSPPROG19	=	0x61d3
                           0061D4   972 _CSPPROG20	=	0x61d4
                           0061D5   973 _CSPPROG21	=	0x61d5
                           0061D6   974 _CSPPROG22	=	0x61d6
                           0061D7   975 _CSPPROG23	=	0x61d7
                           0061E0   976 _CSPCTRL	=	0x61e0
                           0061E1   977 _CSPSTAT	=	0x61e1
                           0061E2   978 _CSPX	=	0x61e2
                           0061E3   979 _CSPY	=	0x61e3
                           0061E4   980 _CSPZ	=	0x61e4
                           0061E5   981 _CSPT	=	0x61e5
                           006200   982 _USBADDR	=	0x6200
                           006201   983 _USBPOW	=	0x6201
                           006202   984 _USBIIF	=	0x6202
                           006204   985 _USBOIF	=	0x6204
                           006206   986 _USBCIF	=	0x6206
                           006207   987 _USBIIE	=	0x6207
                           006209   988 _USBOIE	=	0x6209
                           00620B   989 _USBCIE	=	0x620b
                           00620C   990 _USBFRML	=	0x620c
                           00620D   991 _USBFRMH	=	0x620d
                           00620E   992 _USBINDEX	=	0x620e
                           00620F   993 _USBCTRL	=	0x620f
                           006210   994 _USBMAXI	=	0x6210
                           006211   995 _USBCS0	=	0x6211
                           006211   996 _USBCSIL	=	0x6211
                           006212   997 _USBCSIH	=	0x6212
                           006213   998 _USBMAXO	=	0x6213
                           006214   999 _USBCSOL	=	0x6214
                           006215  1000 _USBCSOH	=	0x6215
                           006216  1001 _USBCNT0	=	0x6216
                           006216  1002 _USBCNTL	=	0x6216
                           006217  1003 _USBCNTH	=	0x6217
                           006220  1004 _USBF0	=	0x6220
                           006222  1005 _USBF1	=	0x6222
                           006224  1006 _USBF2	=	0x6224
                           006226  1007 _USBF3	=	0x6226
                           006228  1008 _USBF4	=	0x6228
                           00622A  1009 _USBF5	=	0x622a
                           007080  1010 _X_P0	=	0x7080
                           007086  1011 _X_U0CSR	=	0x7086
                           007089  1012 _X_P0IFG	=	0x7089
                           00708A  1013 _X_P1IFG	=	0x708a
                           00708B  1014 _X_P2IFG	=	0x708b
                           00708C  1015 _X_PICTL	=	0x708c
                           00708D  1016 _X_P1IEN	=	0x708d
                           00708F  1017 _X_P0INP	=	0x708f
                           007090  1018 _X_P1	=	0x7090
                           007091  1019 _X_RFIRQF1	=	0x7091
                           007093  1020 _X_MPAGE	=	0x7093
                           007093  1021 _X__XPAGE	=	0x7093
                           007094  1022 _X_T2CTRL	=	0x7094
                           007095  1023 _X_ST0	=	0x7095
                           007096  1024 _X_ST1	=	0x7096
                           007097  1025 _X_ST2	=	0x7097
                           00709C  1026 _X_T2EVTCFG	=	0x709c
                           00709D  1027 _X_SLEEPSTA	=	0x709d
                           00709E  1028 _X_CLKCONSTA	=	0x709e
                           00709F  1029 _X_FMAP	=	0x709f
                           00709F  1030 _X_PSBANK	=	0x709f
                           0070A0  1031 _X_P2	=	0x70a0
                           0070A1  1032 _X_T2IRQF	=	0x70a1
                           0070A2  1033 _X_T2M0	=	0x70a2
                           0070A3  1034 _X_T2M1	=	0x70a3
                           0070A4  1035 _X_T2MOVF0	=	0x70a4
                           0070A5  1036 _X_T2MOVF1	=	0x70a5
                           0070A6  1037 _X_T2MOVF2	=	0x70a6
                           0070A7  1038 _X_T2IRQM	=	0x70a7
                           0070AB  1039 _X_P0IEN	=	0x70ab
                           0070AC  1040 _X_P2IEN	=	0x70ac
                           0070AD  1041 _X_STLOAD	=	0x70ad
                           0070AE  1042 _X_PMUX	=	0x70ae
                           0070AF  1043 _X_T1STAT	=	0x70af
                           0070B1  1044 _X_ENCDI	=	0x70b1
                           0070B2  1045 _X_ENCDO	=	0x70b2
                           0070B3  1046 _X_ENCCS	=	0x70b3
                           0070B4  1047 _X_ADCCON1	=	0x70b4
                           0070B5  1048 _X_ADCCON2	=	0x70b5
                           0070B6  1049 _X_ADCCON3	=	0x70b6
                           0070BA  1050 _X_ADCL	=	0x70ba
                           0070BB  1051 _X_ADCH	=	0x70bb
                           0070BC  1052 _X_RNDL	=	0x70bc
                           0070BD  1053 _X_RNDH	=	0x70bd
                           0070BE  1054 _X_SLEEPCMD	=	0x70be
                           0070BF  1055 _X_RFERRF	=	0x70bf
                           0070C1  1056 _X_U0DBUF	=	0x70c1
                           0070C2  1057 _X_U0BAUD	=	0x70c2
                           0070C3  1058 _X_T2MSEL	=	0x70c3
                           0070C4  1059 _X_U0UCR	=	0x70c4
                           0070C5  1060 _X_U0GCR	=	0x70c5
                           0070C6  1061 _X_CLKCONCMD	=	0x70c6
                           0070C7  1062 _X_MEMCTR	=	0x70c7
                           0070C9  1063 _X_WDCTL	=	0x70c9
                           0070CA  1064 _X_T3CNT	=	0x70ca
                           0070CB  1065 _X_T3CTL	=	0x70cb
                           0070CC  1066 _X_T3CCTL0	=	0x70cc
                           0070CD  1067 _X_T3CC0	=	0x70cd
                           0070CE  1068 _X_T3CCTL1	=	0x70ce
                           0070CF  1069 _X_T3CC1	=	0x70cf
                           0070D1  1070 _X_DMAIRQ	=	0x70d1
                           0070D2  1071 _X_DMA1CFGL	=	0x70d2
                           0070D3  1072 _X_DMA1CFGH	=	0x70d3
                           0070D4  1073 _X_DMA0CFGL	=	0x70d4
                           0070D5  1074 _X_DMA0CFGH	=	0x70d5
                           0070D6  1075 _X_DMAARM	=	0x70d6
                           0070D7  1076 _X_DMAREQ	=	0x70d7
                           0070D8  1077 _X_TIMIF	=	0x70d8
                           0070D9  1078 _X_RFD	=	0x70d9
                           0070DA  1079 _X_T1CC0L	=	0x70da
                           0070DB  1080 _X_T1CC0H	=	0x70db
                           0070DC  1081 _X_T1CC1L	=	0x70dc
                           0070DD  1082 _X_T1CC1H	=	0x70dd
                           0070DE  1083 _X_T1CC2L	=	0x70de
                           0070DF  1084 _X_T1CC2H	=	0x70df
                           0070E1  1085 _X_RFST	=	0x70e1
                           0070E2  1086 _X_T1CNTL	=	0x70e2
                           0070E3  1087 _X_T1CNTH	=	0x70e3
                           0070E4  1088 _X_T1CTL	=	0x70e4
                           0070E5  1089 _X_T1CCTL0	=	0x70e5
                           0070E6  1090 _X_T1CCTL1	=	0x70e6
                           0070E7  1091 _X_T1CCTL2	=	0x70e7
                           0070E9  1092 _X_RFIRQF0	=	0x70e9
                           0070EA  1093 _X_T4CNT	=	0x70ea
                           0070EB  1094 _X_T4CTL	=	0x70eb
                           0070EC  1095 _X_T4CCTL0	=	0x70ec
                           0070ED  1096 _X_T4CC0	=	0x70ed
                           0070EE  1097 _X_T4CCTL1	=	0x70ee
                           0070EF  1098 _X_T4CC1	=	0x70ef
                           0070F1  1099 _X_PERCFG	=	0x70f1
                           0070F2  1100 _X_APCFG	=	0x70f2
                           0070F3  1101 _X_P0SEL	=	0x70f3
                           0070F4  1102 _X_P1SEL	=	0x70f4
                           0070F5  1103 _X_P2SEL	=	0x70f5
                           0070F6  1104 _X_P1INP	=	0x70f6
                           0070F7  1105 _X_P2INP	=	0x70f7
                           0070F8  1106 _X_U1CSR	=	0x70f8
                           0070F9  1107 _X_U1DBUF	=	0x70f9
                           0070FA  1108 _X_U1BAUD	=	0x70fa
                           0070FB  1109 _X_U1UCR	=	0x70fb
                           0070FC  1110 _X_U1GCR	=	0x70fc
                           0070FD  1111 _X_P0DIR	=	0x70fd
                           0070FE  1112 _X_P1DIR	=	0x70fe
                           0070FF  1113 _X_P2DIR	=	0x70ff
                           007800  1114 _X_INFOPAGE	=	0x7800
                           00780C  1115 _X_IEEE_ADDR	=	0x780c
                                   1116 ;--------------------------------------------------------
                                   1117 ; absolute external ram data
                                   1118 ;--------------------------------------------------------
                                   1119 	.area XABS    (ABS,XDATA)
                                   1120 ;--------------------------------------------------------
                                   1121 ; external initialized ram data
                                   1122 ;--------------------------------------------------------
                                   1123 	.area XISEG   (XDATA)
                                   1124 	.area HOME    (CODE)
                                   1125 	.area GSINIT0 (CODE)
                                   1126 	.area GSINIT1 (CODE)
                                   1127 	.area GSINIT2 (CODE)
                                   1128 	.area GSINIT3 (CODE)
                                   1129 	.area GSINIT4 (CODE)
                                   1130 	.area GSINIT5 (CODE)
                                   1131 	.area GSINIT  (CODE)
                                   1132 	.area GSFINAL (CODE)
                                   1133 	.area CSEG    (CODE)
                                   1134 ;--------------------------------------------------------
                                   1135 ; global & static initialisations
                                   1136 ;--------------------------------------------------------
                                   1137 	.area HOME    (CODE)
                                   1138 	.area GSINIT  (CODE)
                                   1139 	.area GSFINAL (CODE)
                                   1140 	.area GSINIT  (CODE)
                                   1141 ;--------------------------------------------------------
                                   1142 ; Home
                                   1143 ;--------------------------------------------------------
                                   1144 	.area HOME    (CODE)
                                   1145 	.area HOME    (CODE)
                                   1146 ;--------------------------------------------------------
                                   1147 ; code
                                   1148 ;--------------------------------------------------------
                                   1149 	.area BANK1   (CODE)
                                   1150 ;------------------------------------------------------------
                                   1151 ;Allocation info for local variables in function 'send_packet'
                                   1152 ;------------------------------------------------------------
                                   1153 ;ptr                       Allocated to stack - sp -10
                                   1154 ;sent                      Allocated to stack - sp -4
                                   1155 ;ret                       Allocated to registers r6 r7 
                                   1156 ;sloc0                     Allocated to stack - sp -1
                                   1157 ;------------------------------------------------------------
                                   1158 ;	/opt/contiki/core/net/mac/nullrdc-noframer.c:48: send_packet(mac_callback_t sent, void *ptr)
                                   1159 ;	-----------------------------------------
                                   1160 ;	 function send_packet
                                   1161 ;	-----------------------------------------
      000000                       1162 _send_packet:
                           000007  1163 	ar7 = 0x07
                           000006  1164 	ar6 = 0x06
                           000005  1165 	ar5 = 0x05
                           000004  1166 	ar4 = 0x04
                           000003  1167 	ar3 = 0x03
                           000002  1168 	ar2 = 0x02
                           000001  1169 	ar1 = 0x01
                           000000  1170 	ar0 = 0x00
      000000 C0 82            [24] 1171 	push	dpl
      000002 C0 83            [24] 1172 	push	dph
      000004 C0 F0            [24] 1173 	push	b
      000006 05 81            [12] 1174 	inc	sp
      000008 05 81            [12] 1175 	inc	sp
                                   1176 ;	/opt/contiki/core/net/mac/nullrdc-noframer.c:51: if(NETSTACK_RADIO.send(packetbuf_hdrptr(), packetbuf_totlen()) == RADIO_TX_OK) {
      00000A 90r00r09         [24] 1177 	mov	dptr,#(_cc2530_rf_driver + 0x0009)
      00000D E4               [12] 1178 	clr	a
      00000E 93               [24] 1179 	movc	a,@a+dptr
      00000F FA               [12] 1180 	mov	r2,a
      000010 A3               [24] 1181 	inc	dptr
      000011 E4               [12] 1182 	clr	a
      000012 93               [24] 1183 	movc	a,@a+dptr
      000013 FB               [12] 1184 	mov	r3,a
      000014 A3               [24] 1185 	inc	dptr
      000015 E4               [12] 1186 	clr	a
      000016 93               [24] 1187 	movc	a,@a+dptr
      000017 FC               [12] 1188 	mov	r4,a
      000018 C0 04            [24] 1189 	push	ar4
      00001A C0 03            [24] 1190 	push	ar3
      00001C C0 02            [24] 1191 	push	ar2
      00001E 78r00            [12] 1192 	mov	r0,#_packetbuf_totlen
      000020 79s00            [12] 1193 	mov	r1,#(_packetbuf_totlen >> 8)
      000022 7As00            [12] 1194 	mov	r2,#(_packetbuf_totlen >> 16)
      000024 12r00r00         [24] 1195 	lcall	__sdcc_banked_call
      000027 C8               [12] 1196 	xch	a,r0
      000028 E5 81            [12] 1197 	mov	a,sp
      00002A 24 FC            [12] 1198 	add	a,#0xfc
      00002C C8               [12] 1199 	xch	a,r0
      00002D A6 82            [24] 1200 	mov	@r0,dpl
      00002F 08               [12] 1201 	inc	r0
      000030 A6 83            [24] 1202 	mov	@r0,dph
      000032 78r00            [12] 1203 	mov	r0,#_packetbuf_hdrptr
      000034 79s00            [12] 1204 	mov	r1,#(_packetbuf_hdrptr >> 8)
      000036 7As00            [12] 1205 	mov	r2,#(_packetbuf_hdrptr >> 16)
      000038 12r00r00         [24] 1206 	lcall	__sdcc_banked_call
      00003B AD 82            [24] 1207 	mov	r5,dpl
      00003D AE 83            [24] 1208 	mov	r6,dph
      00003F AF F0            [24] 1209 	mov	r7,b
      000041 D0 02            [24] 1210 	pop	ar2
      000043 D0 03            [24] 1211 	pop	ar3
      000045 D0 04            [24] 1212 	pop	ar4
      000047 C0 04            [24] 1213 	push	ar4
      000049 A8 81            [24] 1214 	mov	r0,sp
      00004B 18               [12] 1215 	dec	r0
      00004C 18               [12] 1216 	dec	r0
      00004D E6               [12] 1217 	mov	a,@r0
      00004E C0 E0            [24] 1218 	push	acc
      000050 08               [12] 1219 	inc	r0
      000051 E6               [12] 1220 	mov	a,@r0
      000052 C0 E0            [24] 1221 	push	acc
      000054 C0 02            [24] 1222 	push	ar2
      000056 C0 03            [24] 1223 	push	ar3
      000058 C0 04            [24] 1224 	push	ar4
      00005A 8D 82            [24] 1225 	mov	dpl,r5
      00005C 8E 83            [24] 1226 	mov	dph,r6
      00005E 8F F0            [24] 1227 	mov	b,r7
      000060 D0 02            [24] 1228 	pop	ar2
      000062 D0 01            [24] 1229 	pop	ar1
      000064 D0 00            [24] 1230 	pop	ar0
      000066 12r00r00         [24] 1231 	lcall	__sdcc_banked_call
      000069 AA 82            [24] 1232 	mov	r2,dpl
      00006B AB 83            [24] 1233 	mov	r3,dph
      00006D 15 81            [12] 1234 	dec	sp
      00006F 15 81            [12] 1235 	dec	sp
      000071 D0 04            [24] 1236 	pop	ar4
      000073 EA               [12] 1237 	mov	a,r2
      000074 4B               [12] 1238 	orl	a,r3
                                   1239 ;	/opt/contiki/core/net/mac/nullrdc-noframer.c:52: ret = MAC_TX_OK;
      000075 70 04            [24] 1240 	jnz	00102$
      000077 FE               [12] 1241 	mov	r6,a
      000078 FF               [12] 1242 	mov	r7,a
      000079 80 04            [24] 1243 	sjmp	00103$
      00007B                       1244 00102$:
                                   1245 ;	/opt/contiki/core/net/mac/nullrdc-noframer.c:54: ret =  MAC_TX_ERR;
      00007B 7E 04            [12] 1246 	mov	r6,#0x04
      00007D 7F 00            [12] 1247 	mov	r7,#0x00
      00007F                       1248 00103$:
                                   1249 ;	/opt/contiki/core/net/mac/nullrdc-noframer.c:56: mac_call_sent_callback(sent, ptr, ret, 1);
      00007F 74 01            [12] 1250 	mov	a,#0x01
      000081 C0 E0            [24] 1251 	push	acc
      000083 E4               [12] 1252 	clr	a
      000084 C0 E0            [24] 1253 	push	acc
      000086 C0 06            [24] 1254 	push	ar6
      000088 C0 07            [24] 1255 	push	ar7
      00008A E5 81            [12] 1256 	mov	a,sp
      00008C 24 F2            [12] 1257 	add	a,#0xf2
      00008E F8               [12] 1258 	mov	r0,a
      00008F E6               [12] 1259 	mov	a,@r0
      000090 C0 E0            [24] 1260 	push	acc
      000092 08               [12] 1261 	inc	r0
      000093 E6               [12] 1262 	mov	a,@r0
      000094 C0 E0            [24] 1263 	push	acc
      000096 08               [12] 1264 	inc	r0
      000097 E6               [12] 1265 	mov	a,@r0
      000098 C0 E0            [24] 1266 	push	acc
      00009A E5 81            [12] 1267 	mov	a,sp
      00009C 24 F5            [12] 1268 	add	a,#0xf5
      00009E F8               [12] 1269 	mov	r0,a
      00009F 86 82            [24] 1270 	mov	dpl,@r0
      0000A1 08               [12] 1271 	inc	r0
      0000A2 86 83            [24] 1272 	mov	dph,@r0
      0000A4 08               [12] 1273 	inc	r0
      0000A5 86 F0            [24] 1274 	mov	b,@r0
      0000A7 78r00            [12] 1275 	mov	r0,#_mac_call_sent_callback
      0000A9 79s00            [12] 1276 	mov	r1,#(_mac_call_sent_callback >> 8)
      0000AB 7As00            [12] 1277 	mov	r2,#(_mac_call_sent_callback >> 16)
      0000AD 12r00r00         [24] 1278 	lcall	__sdcc_banked_call
      0000B0 E5 81            [12] 1279 	mov	a,sp
      0000B2 24 F9            [12] 1280 	add	a,#0xf9
      0000B4 24 FB            [12] 1281 	add	a,#0xFB
      0000B6 F5 81            [12] 1282 	mov	sp,a
      0000B8 02r00r00         [24] 1283 	ljmp	__sdcc_banked_ret
                                   1284 ;------------------------------------------------------------
                                   1285 ;Allocation info for local variables in function 'send_list'
                                   1286 ;------------------------------------------------------------
                                   1287 ;ptr                       Allocated to stack - sp -5
                                   1288 ;buf_list                  Allocated to stack - sp -8
                                   1289 ;sent                      Allocated to registers r5 r6 r7 
                                   1290 ;------------------------------------------------------------
                                   1291 ;	/opt/contiki/core/net/mac/nullrdc-noframer.c:60: send_list(mac_callback_t sent, void *ptr, struct rdc_buf_list *buf_list)
                                   1292 ;	-----------------------------------------
                                   1293 ;	 function send_list
                                   1294 ;	-----------------------------------------
      0000BB                       1295 _send_list:
      0000BB AD 82            [24] 1296 	mov	r5,dpl
      0000BD AE 83            [24] 1297 	mov	r6,dph
      0000BF AF F0            [24] 1298 	mov	r7,b
                                   1299 ;	/opt/contiki/core/net/mac/nullrdc-noframer.c:62: if(buf_list != NULL) {
      0000C1 E5 81            [12] 1300 	mov	a,sp
      0000C3 24 F8            [12] 1301 	add	a,#0xf8
      0000C5 F8               [12] 1302 	mov	r0,a
      0000C6 E6               [12] 1303 	mov	a,@r0
      0000C7 08               [12] 1304 	inc	r0
      0000C8 46               [12] 1305 	orl	a,@r0
      0000C9 60 68            [24] 1306 	jz	00103$
                                   1307 ;	/opt/contiki/core/net/mac/nullrdc-noframer.c:63: queuebuf_to_packetbuf(buf_list->buf);
      0000CB E5 81            [12] 1308 	mov	a,sp
      0000CD 24 F8            [12] 1309 	add	a,#0xf8
      0000CF F8               [12] 1310 	mov	r0,a
      0000D0 86 02            [24] 1311 	mov	ar2,@r0
      0000D2 08               [12] 1312 	inc	r0
      0000D3 86 03            [24] 1313 	mov	ar3,@r0
      0000D5 08               [12] 1314 	inc	r0
      0000D6 86 04            [24] 1315 	mov	ar4,@r0
      0000D8 74 03            [12] 1316 	mov	a,#0x03
      0000DA 2A               [12] 1317 	add	a,r2
      0000DB FA               [12] 1318 	mov	r2,a
      0000DC E4               [12] 1319 	clr	a
      0000DD 3B               [12] 1320 	addc	a,r3
      0000DE FB               [12] 1321 	mov	r3,a
      0000DF 8A 82            [24] 1322 	mov	dpl,r2
      0000E1 8B 83            [24] 1323 	mov	dph,r3
      0000E3 8C F0            [24] 1324 	mov	b,r4
      0000E5 12r00r00         [24] 1325 	lcall	__gptrget
      0000E8 FA               [12] 1326 	mov	r2,a
      0000E9 A3               [24] 1327 	inc	dptr
      0000EA 12r00r00         [24] 1328 	lcall	__gptrget
      0000ED FB               [12] 1329 	mov	r3,a
      0000EE A3               [24] 1330 	inc	dptr
      0000EF 12r00r00         [24] 1331 	lcall	__gptrget
      0000F2 FC               [12] 1332 	mov	r4,a
      0000F3 8A 82            [24] 1333 	mov	dpl,r2
      0000F5 8B 83            [24] 1334 	mov	dph,r3
      0000F7 8C F0            [24] 1335 	mov	b,r4
      0000F9 C0 07            [24] 1336 	push	ar7
      0000FB C0 06            [24] 1337 	push	ar6
      0000FD C0 05            [24] 1338 	push	ar5
      0000FF 78r00            [12] 1339 	mov	r0,#_queuebuf_to_packetbuf
      000101 79s00            [12] 1340 	mov	r1,#(_queuebuf_to_packetbuf >> 8)
      000103 7As00            [12] 1341 	mov	r2,#(_queuebuf_to_packetbuf >> 16)
      000105 12r00r00         [24] 1342 	lcall	__sdcc_banked_call
      000108 D0 05            [24] 1343 	pop	ar5
      00010A D0 06            [24] 1344 	pop	ar6
      00010C D0 07            [24] 1345 	pop	ar7
                                   1346 ;	/opt/contiki/core/net/mac/nullrdc-noframer.c:64: send_packet(sent, ptr);
      00010E E5 81            [12] 1347 	mov	a,sp
      000110 24 FB            [12] 1348 	add	a,#0xfb
      000112 F8               [12] 1349 	mov	r0,a
      000113 E6               [12] 1350 	mov	a,@r0
      000114 C0 E0            [24] 1351 	push	acc
      000116 08               [12] 1352 	inc	r0
      000117 E6               [12] 1353 	mov	a,@r0
      000118 C0 E0            [24] 1354 	push	acc
      00011A 08               [12] 1355 	inc	r0
      00011B E6               [12] 1356 	mov	a,@r0
      00011C C0 E0            [24] 1357 	push	acc
      00011E 8D 82            [24] 1358 	mov	dpl,r5
      000120 8E 83            [24] 1359 	mov	dph,r6
      000122 8F F0            [24] 1360 	mov	b,r7
      000124 78r00            [12] 1361 	mov	r0,#_send_packet
      000126 79s00            [12] 1362 	mov	r1,#(_send_packet >> 8)
      000128 7As00            [12] 1363 	mov	r2,#(_send_packet >> 16)
      00012A 12r00r00         [24] 1364 	lcall	__sdcc_banked_call
      00012D 15 81            [12] 1365 	dec	sp
      00012F 15 81            [12] 1366 	dec	sp
      000131 15 81            [12] 1367 	dec	sp
      000133                       1368 00103$:
      000133 02r00r00         [24] 1369 	ljmp	__sdcc_banked_ret
                                   1370 ;------------------------------------------------------------
                                   1371 ;Allocation info for local variables in function 'packet_input'
                                   1372 ;------------------------------------------------------------
                                   1373 ;	/opt/contiki/core/net/mac/nullrdc-noframer.c:69: packet_input(void)
                                   1374 ;	-----------------------------------------
                                   1375 ;	 function packet_input
                                   1376 ;	-----------------------------------------
      000136                       1377 _packet_input:
                                   1378 ;	/opt/contiki/core/net/mac/nullrdc-noframer.c:71: NETSTACK_MAC.input();
      000136 90r00r09         [24] 1379 	mov	dptr,#(_csma_driver + 0x0009)
      000139 E4               [12] 1380 	clr	a
      00013A 93               [24] 1381 	movc	a,@a+dptr
      00013B FD               [12] 1382 	mov	r5,a
      00013C A3               [24] 1383 	inc	dptr
      00013D E4               [12] 1384 	clr	a
      00013E 93               [24] 1385 	movc	a,@a+dptr
      00013F FE               [12] 1386 	mov	r6,a
      000140 A3               [24] 1387 	inc	dptr
      000141 E4               [12] 1388 	clr	a
      000142 93               [24] 1389 	movc	a,@a+dptr
      000143 FF               [12] 1390 	mov	r7,a
      000144 C0 07            [24] 1391 	push	ar7
      000146 C0 06            [24] 1392 	push	ar6
      000148 C0 05            [24] 1393 	push	ar5
      00014A C0 05            [24] 1394 	push	ar5
      00014C C0 06            [24] 1395 	push	ar6
      00014E C0 07            [24] 1396 	push	ar7
      000150 D0 02            [24] 1397 	pop	ar2
      000152 D0 01            [24] 1398 	pop	ar1
      000154 D0 00            [24] 1399 	pop	ar0
      000156 12r00r00         [24] 1400 	lcall	__sdcc_banked_call
      000159 D0 05            [24] 1401 	pop	ar5
      00015B D0 06            [24] 1402 	pop	ar6
      00015D D0 07            [24] 1403 	pop	ar7
      00015F 02r00r00         [24] 1404 	ljmp	__sdcc_banked_ret
                                   1405 ;------------------------------------------------------------
                                   1406 ;Allocation info for local variables in function 'on'
                                   1407 ;------------------------------------------------------------
                                   1408 ;	/opt/contiki/core/net/mac/nullrdc-noframer.c:75: on(void)
                                   1409 ;	-----------------------------------------
                                   1410 ;	 function on
                                   1411 ;	-----------------------------------------
      000162                       1412 _on:
                                   1413 ;	/opt/contiki/core/net/mac/nullrdc-noframer.c:77: return NETSTACK_RADIO.on();
      000162 90r00r18         [24] 1414 	mov	dptr,#(_cc2530_rf_driver + 0x0018)
      000165 E4               [12] 1415 	clr	a
      000166 93               [24] 1416 	movc	a,@a+dptr
      000167 FD               [12] 1417 	mov	r5,a
      000168 A3               [24] 1418 	inc	dptr
      000169 E4               [12] 1419 	clr	a
      00016A 93               [24] 1420 	movc	a,@a+dptr
      00016B FE               [12] 1421 	mov	r6,a
      00016C A3               [24] 1422 	inc	dptr
      00016D E4               [12] 1423 	clr	a
      00016E 93               [24] 1424 	movc	a,@a+dptr
      00016F FF               [12] 1425 	mov	r7,a
      000170 C0 07            [24] 1426 	push	ar7
      000172 C0 05            [24] 1427 	push	ar5
      000174 C0 06            [24] 1428 	push	ar6
      000176 C0 07            [24] 1429 	push	ar7
      000178 D0 02            [24] 1430 	pop	ar2
      00017A D0 01            [24] 1431 	pop	ar1
      00017C D0 00            [24] 1432 	pop	ar0
      00017E 12r00r00         [24] 1433 	lcall	__sdcc_banked_call
      000181 AD 82            [24] 1434 	mov	r5,dpl
      000183 AE 83            [24] 1435 	mov	r6,dph
      000185 D0 07            [24] 1436 	pop	ar7
      000187 8D 82            [24] 1437 	mov	dpl,r5
      000189 8E 83            [24] 1438 	mov	dph,r6
      00018B 02r00r00         [24] 1439 	ljmp	__sdcc_banked_ret
                                   1440 ;------------------------------------------------------------
                                   1441 ;Allocation info for local variables in function 'off'
                                   1442 ;------------------------------------------------------------
                                   1443 ;keep_radio_on             Allocated to registers r6 r7 
                                   1444 ;------------------------------------------------------------
                                   1445 ;	/opt/contiki/core/net/mac/nullrdc-noframer.c:81: off(int keep_radio_on)
                                   1446 ;	-----------------------------------------
                                   1447 ;	 function off
                                   1448 ;	-----------------------------------------
      00018E                       1449 _off:
      00018E AE 82            [24] 1450 	mov	r6,dpl
      000190 AF 83            [24] 1451 	mov	r7,dph
                                   1452 ;	/opt/contiki/core/net/mac/nullrdc-noframer.c:83: if(keep_radio_on) {
      000192 EE               [12] 1453 	mov	a,r6
      000193 4F               [12] 1454 	orl	a,r7
      000194 60 2B            [24] 1455 	jz	00102$
                                   1456 ;	/opt/contiki/core/net/mac/nullrdc-noframer.c:84: return NETSTACK_RADIO.on();
      000196 90r00r18         [24] 1457 	mov	dptr,#(_cc2530_rf_driver + 0x0018)
      000199 E4               [12] 1458 	clr	a
      00019A 93               [24] 1459 	movc	a,@a+dptr
      00019B FD               [12] 1460 	mov	r5,a
      00019C A3               [24] 1461 	inc	dptr
      00019D E4               [12] 1462 	clr	a
      00019E 93               [24] 1463 	movc	a,@a+dptr
      00019F FE               [12] 1464 	mov	r6,a
      0001A0 A3               [24] 1465 	inc	dptr
      0001A1 E4               [12] 1466 	clr	a
      0001A2 93               [24] 1467 	movc	a,@a+dptr
      0001A3 FF               [12] 1468 	mov	r7,a
      0001A4 C0 07            [24] 1469 	push	ar7
      0001A6 C0 05            [24] 1470 	push	ar5
      0001A8 C0 06            [24] 1471 	push	ar6
      0001AA C0 07            [24] 1472 	push	ar7
      0001AC D0 02            [24] 1473 	pop	ar2
      0001AE D0 01            [24] 1474 	pop	ar1
      0001B0 D0 00            [24] 1475 	pop	ar0
      0001B2 12r00r00         [24] 1476 	lcall	__sdcc_banked_call
      0001B5 AD 82            [24] 1477 	mov	r5,dpl
      0001B7 AE 83            [24] 1478 	mov	r6,dph
      0001B9 D0 07            [24] 1479 	pop	ar7
      0001BB 8D 82            [24] 1480 	mov	dpl,r5
      0001BD 8E 83            [24] 1481 	mov	dph,r6
      0001BF 80 29            [24] 1482 	sjmp	00104$
      0001C1                       1483 00102$:
                                   1484 ;	/opt/contiki/core/net/mac/nullrdc-noframer.c:86: return NETSTACK_RADIO.off();
      0001C1 90r00r1B         [24] 1485 	mov	dptr,#(_cc2530_rf_driver + 0x001b)
      0001C4 E4               [12] 1486 	clr	a
      0001C5 93               [24] 1487 	movc	a,@a+dptr
      0001C6 FD               [12] 1488 	mov	r5,a
      0001C7 A3               [24] 1489 	inc	dptr
      0001C8 E4               [12] 1490 	clr	a
      0001C9 93               [24] 1491 	movc	a,@a+dptr
      0001CA FE               [12] 1492 	mov	r6,a
      0001CB A3               [24] 1493 	inc	dptr
      0001CC E4               [12] 1494 	clr	a
      0001CD 93               [24] 1495 	movc	a,@a+dptr
      0001CE FF               [12] 1496 	mov	r7,a
      0001CF C0 07            [24] 1497 	push	ar7
      0001D1 C0 05            [24] 1498 	push	ar5
      0001D3 C0 06            [24] 1499 	push	ar6
      0001D5 C0 07            [24] 1500 	push	ar7
      0001D7 D0 02            [24] 1501 	pop	ar2
      0001D9 D0 01            [24] 1502 	pop	ar1
      0001DB D0 00            [24] 1503 	pop	ar0
      0001DD 12r00r00         [24] 1504 	lcall	__sdcc_banked_call
      0001E0 AD 82            [24] 1505 	mov	r5,dpl
      0001E2 AE 83            [24] 1506 	mov	r6,dph
      0001E4 D0 07            [24] 1507 	pop	ar7
      0001E6 8D 82            [24] 1508 	mov	dpl,r5
      0001E8 8E 83            [24] 1509 	mov	dph,r6
      0001EA                       1510 00104$:
      0001EA 02r00r00         [24] 1511 	ljmp	__sdcc_banked_ret
                                   1512 ;------------------------------------------------------------
                                   1513 ;Allocation info for local variables in function 'channel_check_interval'
                                   1514 ;------------------------------------------------------------
                                   1515 ;	/opt/contiki/core/net/mac/nullrdc-noframer.c:91: channel_check_interval(void)
                                   1516 ;	-----------------------------------------
                                   1517 ;	 function channel_check_interval
                                   1518 ;	-----------------------------------------
      0001ED                       1519 _channel_check_interval:
                                   1520 ;	/opt/contiki/core/net/mac/nullrdc-noframer.c:93: return 0;
      0001ED 90 00 00         [24] 1521 	mov	dptr,#0x0000
      0001F0 02r00r00         [24] 1522 	ljmp	__sdcc_banked_ret
                                   1523 ;------------------------------------------------------------
                                   1524 ;Allocation info for local variables in function 'init'
                                   1525 ;------------------------------------------------------------
                                   1526 ;	/opt/contiki/core/net/mac/nullrdc-noframer.c:97: init(void)
                                   1527 ;	-----------------------------------------
                                   1528 ;	 function init
                                   1529 ;	-----------------------------------------
      0001F3                       1530 _init:
                                   1531 ;	/opt/contiki/core/net/mac/nullrdc-noframer.c:99: on();
      0001F3 78r62            [12] 1532 	mov	r0,#_on
      0001F5 79s01            [12] 1533 	mov	r1,#(_on >> 8)
      0001F7 7As00            [12] 1534 	mov	r2,#(_on >> 16)
      0001F9 12r00r00         [24] 1535 	lcall	__sdcc_banked_call
      0001FC 02r00r00         [24] 1536 	ljmp	__sdcc_banked_ret
                                   1537 	.area CSEG    (CODE)
                                   1538 	.area CONST   (CODE)
      000000                       1539 _nullrdc_noframer_driver:
      000000r18s00 80              1540 	.byte __str_0, (__str_0 >> 8),#0x80
      000003rF3s01s00              1541 	.byte _init, (_init >> 8), (_init >> 16)
      000006r00s00s00              1542 	.byte _send_packet, (_send_packet >> 8), (_send_packet >> 16)
      000009rBBs00s00              1543 	.byte _send_list, (_send_list >> 8), (_send_list >> 16)
      00000Cr36s01s00              1544 	.byte _packet_input, (_packet_input >> 8), (_packet_input >> 16)
      00000Fr62s01s00              1545 	.byte _on, (_on >> 8), (_on >> 16)
      000012r8Es01s00              1546 	.byte _off, (_off >> 8), (_off >> 16)
      000015rEDs01s00              1547 	.byte _channel_check_interval, (_channel_check_interval >> 8), (_channel_check_interval >> 16)
      000018                       1548 __str_0:
      000018 6E 75 6C 6C 72 64 63  1549 	.ascii "nullrdc-noframer"
             2D 6E 6F 66 72 61 6D
             65 72
      000028 00                    1550 	.db 0x00
                                   1551 	.area XINIT   (CODE)
                                   1552 	.area CABS    (ABS,CODE)
