                                      1 ;--------------------------------------------------------
                                      2 ; File Created by SDCC : free open source ANSI-C Compiler
                                      3 ; Version 3.5.5 #9380 (Linux)
                                      4 ; This file was generated Wed Nov 18 02:57:33 2015
                                      5 ;--------------------------------------------------------
                                      6 	.module uip_udp_packet
                                      7 	.optsdcc -mmcs51 --model-huge
                                      8 	
                                      9 ;--------------------------------------------------------
                                     10 ; Public variables in this module
                                     11 ;--------------------------------------------------------
                                     12 	.globl _uip_process
                                     13 	.globl _tcpip_ipv6_output
                                     14 	.globl _memmove
                                     15 	.globl _memcpy
                                     16 	.globl _ACTIVE
                                     17 	.globl _TX_BYTE
                                     18 	.globl _RX_BYTE
                                     19 	.globl _ERR
                                     20 	.globl _FE
                                     21 	.globl _SLAVE
                                     22 	.globl _RE
                                     23 	.globl _MODE
                                     24 	.globl _T3OVFIF
                                     25 	.globl _T3CH0IF
                                     26 	.globl _T3CH1IF
                                     27 	.globl _T4OVFIF
                                     28 	.globl _T4CH0IF
                                     29 	.globl _T4CH1IF
                                     30 	.globl _OVFIM
                                     31 	.globl _B_0
                                     32 	.globl _B_1
                                     33 	.globl _B_2
                                     34 	.globl _B_3
                                     35 	.globl _B_4
                                     36 	.globl _B_5
                                     37 	.globl _B_6
                                     38 	.globl _B_7
                                     39 	.globl _P2IF
                                     40 	.globl _UTX0IF
                                     41 	.globl _UTX1IF
                                     42 	.globl _P1IF
                                     43 	.globl _WDTIF
                                     44 	.globl _ACC_0
                                     45 	.globl _ACC_1
                                     46 	.globl _ACC_2
                                     47 	.globl _ACC_3
                                     48 	.globl _ACC_4
                                     49 	.globl _ACC_5
                                     50 	.globl _ACC_6
                                     51 	.globl _ACC_7
                                     52 	.globl _P
                                     53 	.globl _F1
                                     54 	.globl _OV
                                     55 	.globl _RS0
                                     56 	.globl _RS1
                                     57 	.globl _F0
                                     58 	.globl _AC
                                     59 	.globl _CY
                                     60 	.globl _DMAIF
                                     61 	.globl _T1IF
                                     62 	.globl _T2IF
                                     63 	.globl _T3IF
                                     64 	.globl _T4IF
                                     65 	.globl _P0IF
                                     66 	.globl _STIF
                                     67 	.globl _DMAIE
                                     68 	.globl _T1IE
                                     69 	.globl _T2IE
                                     70 	.globl _T3IE
                                     71 	.globl _T4IE
                                     72 	.globl _P0IE
                                     73 	.globl _RFERRIE
                                     74 	.globl _ADCIE
                                     75 	.globl _URX0IE
                                     76 	.globl _URX1IE
                                     77 	.globl _ENCIE
                                     78 	.globl _STIE
                                     79 	.globl _EA
                                     80 	.globl _P2_0
                                     81 	.globl _P2_1
                                     82 	.globl _P2_2
                                     83 	.globl _P2_3
                                     84 	.globl _P2_4
                                     85 	.globl _P2_5
                                     86 	.globl _P2_6
                                     87 	.globl _P2_7
                                     88 	.globl _ENCIF_0
                                     89 	.globl _ENCIF_1
                                     90 	.globl _P1_0
                                     91 	.globl _P1_1
                                     92 	.globl _P1_2
                                     93 	.globl _P1_3
                                     94 	.globl _P1_4
                                     95 	.globl _P1_5
                                     96 	.globl _P1_6
                                     97 	.globl _P1_7
                                     98 	.globl _IT0
                                     99 	.globl _RFERRIF
                                    100 	.globl _IT1
                                    101 	.globl _URX0IF
                                    102 	.globl _ADCIF
                                    103 	.globl _URX1IF
                                    104 	.globl _P0_0
                                    105 	.globl _P0_1
                                    106 	.globl _P0_2
                                    107 	.globl _P0_3
                                    108 	.globl _P0_4
                                    109 	.globl _P0_5
                                    110 	.globl _P0_6
                                    111 	.globl _P0_7
                                    112 	.globl _WDCTL
                                    113 	.globl _U1GCR
                                    114 	.globl _U1UCR
                                    115 	.globl _U1BAUD
                                    116 	.globl _U1DBUF
                                    117 	.globl _U1CSR
                                    118 	.globl _U0GCR
                                    119 	.globl _U0UCR
                                    120 	.globl _U0BAUD
                                    121 	.globl _U0DBUF
                                    122 	.globl _U0CSR
                                    123 	.globl _TIMIF
                                    124 	.globl _T4CC1
                                    125 	.globl _T4CCTL1
                                    126 	.globl _T4CC0
                                    127 	.globl _T4CCTL0
                                    128 	.globl _T4CTL
                                    129 	.globl _T4CNT
                                    130 	.globl _T3CC1
                                    131 	.globl _T3CCTL1
                                    132 	.globl _T3CC0
                                    133 	.globl _T3CCTL0
                                    134 	.globl _T3CTL
                                    135 	.globl _T3CNT
                                    136 	.globl _T2MSEL
                                    137 	.globl _T2IRQM
                                    138 	.globl _T2MOVF2
                                    139 	.globl _T2MOVF1
                                    140 	.globl _T2MOVF0
                                    141 	.globl _T2M1
                                    142 	.globl _T2M0
                                    143 	.globl _T2IRQF
                                    144 	.globl _T2EVTCFG
                                    145 	.globl _T2CTRL
                                    146 	.globl _T1STAT
                                    147 	.globl _T1CCTL2
                                    148 	.globl _T1CCTL1
                                    149 	.globl _T1CCTL0
                                    150 	.globl _T1CTL
                                    151 	.globl _T1CNTH
                                    152 	.globl _T1CNTL
                                    153 	.globl _T1CC2H
                                    154 	.globl _T1CC2L
                                    155 	.globl _T1CC1H
                                    156 	.globl _T1CC1L
                                    157 	.globl _T1CC0H
                                    158 	.globl _T1CC0L
                                    159 	.globl _CLKCONSTA
                                    160 	.globl _CLKCONCMD
                                    161 	.globl _SLEEPSTA
                                    162 	.globl _SLEEPCMD
                                    163 	.globl _STLOAD
                                    164 	.globl _ST2
                                    165 	.globl _ST1
                                    166 	.globl _ST0
                                    167 	.globl _RFERRF
                                    168 	.globl _RFIRQF0
                                    169 	.globl _RFST
                                    170 	.globl _RFD
                                    171 	.globl _RFIRQF1
                                    172 	.globl _PSBANK
                                    173 	.globl _FMAP
                                    174 	.globl _MEMCTR
                                    175 	.globl __XPAGE
                                    176 	.globl _MPAGE
                                    177 	.globl _PMUX
                                    178 	.globl _P2DIR
                                    179 	.globl _P1DIR
                                    180 	.globl _P0DIR
                                    181 	.globl _P2INP
                                    182 	.globl _P1INP
                                    183 	.globl _P2SEL
                                    184 	.globl _P1SEL
                                    185 	.globl _P0SEL
                                    186 	.globl _APCFG
                                    187 	.globl _PERCFG
                                    188 	.globl _P0INP
                                    189 	.globl _P2IEN
                                    190 	.globl _P1IEN
                                    191 	.globl _P0IEN
                                    192 	.globl _PICTL
                                    193 	.globl _P2IFG
                                    194 	.globl _P1IFG
                                    195 	.globl _P0IFG
                                    196 	.globl _DMAREQ
                                    197 	.globl _DMAARM
                                    198 	.globl _DMA0CFGH
                                    199 	.globl _DMA0CFGL
                                    200 	.globl _DMA1CFGH
                                    201 	.globl _DMA1CFGL
                                    202 	.globl _DMAIRQ
                                    203 	.globl _ENCCS
                                    204 	.globl _ENCDO
                                    205 	.globl _ENCDI
                                    206 	.globl _RNDH
                                    207 	.globl _RNDL
                                    208 	.globl _ADCH
                                    209 	.globl _ADCL
                                    210 	.globl _ADCCON3
                                    211 	.globl _ADCCON2
                                    212 	.globl _ADCCON1
                                    213 	.globl _B
                                    214 	.globl _IRCON2
                                    215 	.globl _ACC
                                    216 	.globl _PSW
                                    217 	.globl _IRCON
                                    218 	.globl _IP1
                                    219 	.globl _IEN1
                                    220 	.globl _IP0
                                    221 	.globl _IEN0
                                    222 	.globl _P2
                                    223 	.globl _S1CON
                                    224 	.globl _IEN2
                                    225 	.globl _S0CON
                                    226 	.globl _DPS
                                    227 	.globl _P1
                                    228 	.globl _TCON
                                    229 	.globl _PCON
                                    230 	.globl _DPH1
                                    231 	.globl _DPL1
                                    232 	.globl _DPH0
                                    233 	.globl _DPL0
                                    234 	.globl _SP
                                    235 	.globl _P0
                                    236 	.globl _X_IEEE_ADDR
                                    237 	.globl _X_INFOPAGE
                                    238 	.globl _X_P2DIR
                                    239 	.globl _X_P1DIR
                                    240 	.globl _X_P0DIR
                                    241 	.globl _X_U1GCR
                                    242 	.globl _X_U1UCR
                                    243 	.globl _X_U1BAUD
                                    244 	.globl _X_U1DBUF
                                    245 	.globl _X_U1CSR
                                    246 	.globl _X_P2INP
                                    247 	.globl _X_P1INP
                                    248 	.globl _X_P2SEL
                                    249 	.globl _X_P1SEL
                                    250 	.globl _X_P0SEL
                                    251 	.globl _X_APCFG
                                    252 	.globl _X_PERCFG
                                    253 	.globl _X_T4CC1
                                    254 	.globl _X_T4CCTL1
                                    255 	.globl _X_T4CC0
                                    256 	.globl _X_T4CCTL0
                                    257 	.globl _X_T4CTL
                                    258 	.globl _X_T4CNT
                                    259 	.globl _X_RFIRQF0
                                    260 	.globl _X_T1CCTL2
                                    261 	.globl _X_T1CCTL1
                                    262 	.globl _X_T1CCTL0
                                    263 	.globl _X_T1CTL
                                    264 	.globl _X_T1CNTH
                                    265 	.globl _X_T1CNTL
                                    266 	.globl _X_RFST
                                    267 	.globl _X_T1CC2H
                                    268 	.globl _X_T1CC2L
                                    269 	.globl _X_T1CC1H
                                    270 	.globl _X_T1CC1L
                                    271 	.globl _X_T1CC0H
                                    272 	.globl _X_T1CC0L
                                    273 	.globl _X_RFD
                                    274 	.globl _X_TIMIF
                                    275 	.globl _X_DMAREQ
                                    276 	.globl _X_DMAARM
                                    277 	.globl _X_DMA0CFGH
                                    278 	.globl _X_DMA0CFGL
                                    279 	.globl _X_DMA1CFGH
                                    280 	.globl _X_DMA1CFGL
                                    281 	.globl _X_DMAIRQ
                                    282 	.globl _X_T3CC1
                                    283 	.globl _X_T3CCTL1
                                    284 	.globl _X_T3CC0
                                    285 	.globl _X_T3CCTL0
                                    286 	.globl _X_T3CTL
                                    287 	.globl _X_T3CNT
                                    288 	.globl _X_WDCTL
                                    289 	.globl _X_MEMCTR
                                    290 	.globl _X_CLKCONCMD
                                    291 	.globl _X_U0GCR
                                    292 	.globl _X_U0UCR
                                    293 	.globl _X_T2MSEL
                                    294 	.globl _X_U0BAUD
                                    295 	.globl _X_U0DBUF
                                    296 	.globl _X_RFERRF
                                    297 	.globl _X_SLEEPCMD
                                    298 	.globl _X_RNDH
                                    299 	.globl _X_RNDL
                                    300 	.globl _X_ADCH
                                    301 	.globl _X_ADCL
                                    302 	.globl _X_ADCCON3
                                    303 	.globl _X_ADCCON2
                                    304 	.globl _X_ADCCON1
                                    305 	.globl _X_ENCCS
                                    306 	.globl _X_ENCDO
                                    307 	.globl _X_ENCDI
                                    308 	.globl _X_T1STAT
                                    309 	.globl _X_PMUX
                                    310 	.globl _X_STLOAD
                                    311 	.globl _X_P2IEN
                                    312 	.globl _X_P0IEN
                                    313 	.globl _X_T2IRQM
                                    314 	.globl _X_T2MOVF2
                                    315 	.globl _X_T2MOVF1
                                    316 	.globl _X_T2MOVF0
                                    317 	.globl _X_T2M1
                                    318 	.globl _X_T2M0
                                    319 	.globl _X_T2IRQF
                                    320 	.globl _X_P2
                                    321 	.globl _X_PSBANK
                                    322 	.globl _X_FMAP
                                    323 	.globl _X_CLKCONSTA
                                    324 	.globl _X_SLEEPSTA
                                    325 	.globl _X_T2EVTCFG
                                    326 	.globl _X_ST2
                                    327 	.globl _X_ST1
                                    328 	.globl _X_ST0
                                    329 	.globl _X_T2CTRL
                                    330 	.globl _X__XPAGE
                                    331 	.globl _X_MPAGE
                                    332 	.globl _X_RFIRQF1
                                    333 	.globl _X_P1
                                    334 	.globl _X_P0INP
                                    335 	.globl _X_P1IEN
                                    336 	.globl _X_PICTL
                                    337 	.globl _X_P2IFG
                                    338 	.globl _X_P1IFG
                                    339 	.globl _X_P0IFG
                                    340 	.globl _X_U0CSR
                                    341 	.globl _X_P0
                                    342 	.globl _USBF5
                                    343 	.globl _USBF4
                                    344 	.globl _USBF3
                                    345 	.globl _USBF2
                                    346 	.globl _USBF1
                                    347 	.globl _USBF0
                                    348 	.globl _USBCNTH
                                    349 	.globl _USBCNTL
                                    350 	.globl _USBCNT0
                                    351 	.globl _USBCSOH
                                    352 	.globl _USBCSOL
                                    353 	.globl _USBMAXO
                                    354 	.globl _USBCSIH
                                    355 	.globl _USBCSIL
                                    356 	.globl _USBCS0
                                    357 	.globl _USBMAXI
                                    358 	.globl _USBCTRL
                                    359 	.globl _USBINDEX
                                    360 	.globl _USBFRMH
                                    361 	.globl _USBFRML
                                    362 	.globl _USBCIE
                                    363 	.globl _USBOIE
                                    364 	.globl _USBIIE
                                    365 	.globl _USBCIF
                                    366 	.globl _USBOIF
                                    367 	.globl _USBIIF
                                    368 	.globl _USBPOW
                                    369 	.globl _USBADDR
                                    370 	.globl _CSPT
                                    371 	.globl _CSPZ
                                    372 	.globl _CSPY
                                    373 	.globl _CSPX
                                    374 	.globl _CSPSTAT
                                    375 	.globl _CSPCTRL
                                    376 	.globl _CSPPROG23
                                    377 	.globl _CSPPROG22
                                    378 	.globl _CSPPROG21
                                    379 	.globl _CSPPROG20
                                    380 	.globl _CSPPROG19
                                    381 	.globl _CSPPROG18
                                    382 	.globl _CSPPROG17
                                    383 	.globl _CSPPROG16
                                    384 	.globl _CSPPROG15
                                    385 	.globl _CSPPROG14
                                    386 	.globl _CSPPROG13
                                    387 	.globl _CSPPROG12
                                    388 	.globl _CSPPROG11
                                    389 	.globl _CSPPROG10
                                    390 	.globl _CSPPROG9
                                    391 	.globl _CSPPROG8
                                    392 	.globl _CSPPROG7
                                    393 	.globl _CSPPROG6
                                    394 	.globl _CSPPROG5
                                    395 	.globl _CSPPROG4
                                    396 	.globl _CSPPROG3
                                    397 	.globl _CSPPROG2
                                    398 	.globl _CSPPROG1
                                    399 	.globl _CSPPROG0
                                    400 	.globl _RFC_OBS_CTRL2
                                    401 	.globl _RFC_OBS_CTRL1
                                    402 	.globl _RFC_OBS_CTRL0
                                    403 	.globl _TXFILTCFG
                                    404 	.globl _PTEST1
                                    405 	.globl _PTEST0
                                    406 	.globl _ATEST
                                    407 	.globl _DACTEST2
                                    408 	.globl _DACTEST1
                                    409 	.globl _DACTEST0
                                    410 	.globl _MDMTEST1
                                    411 	.globl _MDMTEST0
                                    412 	.globl _ADCTEST2
                                    413 	.globl _ADCTEST1
                                    414 	.globl _ADCTEST0
                                    415 	.globl _AGCCTRL3
                                    416 	.globl _AGCCTRL2
                                    417 	.globl _AGCCTRL1
                                    418 	.globl _AGCCTRL0
                                    419 	.globl _FSCAL3
                                    420 	.globl _FSCAL2
                                    421 	.globl _FSCAL1
                                    422 	.globl _FSCAL0
                                    423 	.globl _FSCTRL
                                    424 	.globl _RXCTRL
                                    425 	.globl _FREQEST
                                    426 	.globl _MDMCTRL1
                                    427 	.globl _MDMCTRL0
                                    428 	.globl _RFRND
                                    429 	.globl _RFERRM
                                    430 	.globl _RFIRQM1
                                    431 	.globl _RFIRQM0
                                    432 	.globl _TXLAST_PTR
                                    433 	.globl _TXFIRST_PTR
                                    434 	.globl _RXP1_PTR
                                    435 	.globl _RXLAST_PTR
                                    436 	.globl _RXFIRST_PTR
                                    437 	.globl _TXFIFOCNT
                                    438 	.globl _RXFIFOCNT
                                    439 	.globl _RXFIRST
                                    440 	.globl _RSSISTAT
                                    441 	.globl _RSSI
                                    442 	.globl _CCACTRL1
                                    443 	.globl _CCACTRL0
                                    444 	.globl _FSMCTRL
                                    445 	.globl _FIFOPCTRL
                                    446 	.globl _FSMSTAT1
                                    447 	.globl _FSMSTAT0
                                    448 	.globl _TXCTRL
                                    449 	.globl _TXPOWER
                                    450 	.globl _FREQCTRL
                                    451 	.globl _FREQTUNE
                                    452 	.globl _RXMASKCLR
                                    453 	.globl _RXMASKSET
                                    454 	.globl _RXENABLE
                                    455 	.globl _FRMCTRL1
                                    456 	.globl _FRMCTRL0
                                    457 	.globl _SRCEXTEN2
                                    458 	.globl _SRCEXTEN1
                                    459 	.globl _SRCEXTEN0
                                    460 	.globl _SRCSHORTEN2
                                    461 	.globl _SRCSHORTEN1
                                    462 	.globl _SRCSHORTEN0
                                    463 	.globl _SRCMATCH
                                    464 	.globl _FRMFILT1
                                    465 	.globl _FRMFILT0
                                    466 	.globl _SHORT_ADDR1
                                    467 	.globl _SHORT_ADDR0
                                    468 	.globl _PAN_ID1
                                    469 	.globl _PAN_ID0
                                    470 	.globl _EXT_ADDR7
                                    471 	.globl _EXT_ADDR6
                                    472 	.globl _EXT_ADDR5
                                    473 	.globl _EXT_ADDR4
                                    474 	.globl _EXT_ADDR3
                                    475 	.globl _EXT_ADDR2
                                    476 	.globl _EXT_ADDR1
                                    477 	.globl _EXT_ADDR0
                                    478 	.globl _SRCSHORTPENDEN2
                                    479 	.globl _SRCSHORTPENDEN1
                                    480 	.globl _SRCSHORTPENDEN0
                                    481 	.globl _SRCEXTPENDEN2
                                    482 	.globl _SRCEXTPENDEN1
                                    483 	.globl _SRCEXTPENDEN0
                                    484 	.globl _SRCRESINDEX
                                    485 	.globl _SRCRESMASK2
                                    486 	.globl _SRCRESMASK1
                                    487 	.globl _SRCRESMASK0
                                    488 	.globl _SRC_ADDR_TABLE
                                    489 	.globl _TXFIFO
                                    490 	.globl _RXFIFO
                                    491 	.globl _RFCORE_RAM
                                    492 	.globl _CMPCTL
                                    493 	.globl _OPAMPS
                                    494 	.globl _OPAMPC
                                    495 	.globl _STCV2
                                    496 	.globl _STCV1
                                    497 	.globl _STCV0
                                    498 	.globl _STCS
                                    499 	.globl _STCC
                                    500 	.globl _T1CC4H
                                    501 	.globl _T1CC4L
                                    502 	.globl _T1CC3H
                                    503 	.globl _T1CC3L
                                    504 	.globl _XX_T1CC2H
                                    505 	.globl _XX_T1CC2L
                                    506 	.globl _XX_T1CC1H
                                    507 	.globl _XX_T1CC1L
                                    508 	.globl _XX_T1CC0H
                                    509 	.globl _XX_T1CC0L
                                    510 	.globl _T1CCTL4
                                    511 	.globl _T1CCTL3
                                    512 	.globl _XX_T1CCTL2
                                    513 	.globl _XX_T1CCTL1
                                    514 	.globl _XX_T1CCTL0
                                    515 	.globl _CLD
                                    516 	.globl _IRCTL
                                    517 	.globl _CHIPINFO1
                                    518 	.globl _CHIPINFO0
                                    519 	.globl _FWDATA
                                    520 	.globl _FADDRH
                                    521 	.globl _FADDRL
                                    522 	.globl _FCTL
                                    523 	.globl _IVCTRL
                                    524 	.globl _BATTMON
                                    525 	.globl _SRCRC
                                    526 	.globl _DBGDATA
                                    527 	.globl _TESTREG0
                                    528 	.globl _CHIPID
                                    529 	.globl _CHVER
                                    530 	.globl _OBSSEL5
                                    531 	.globl _OBSSEL4
                                    532 	.globl _OBSSEL3
                                    533 	.globl _OBSSEL2
                                    534 	.globl _OBSSEL1
                                    535 	.globl _OBSSEL0
                                    536 	.globl _I2CIO
                                    537 	.globl _I2CWC
                                    538 	.globl _I2CADDR
                                    539 	.globl _I2CDATA
                                    540 	.globl _I2CSTAT
                                    541 	.globl _I2CCFG
                                    542 	.globl _OPAMPMC
                                    543 	.globl _MONMUX
                                    544 	.globl _uip_udp_packet_send
                                    545 	.globl _uip_udp_packet_sendto
                                    546 ;--------------------------------------------------------
                                    547 ; special function registers
                                    548 ;--------------------------------------------------------
                                    549 	.area RSEG    (ABS,DATA)
      000000                        550 	.org 0x0000
                           000080   551 _P0	=	0x0080
                           000081   552 _SP	=	0x0081
                           000082   553 _DPL0	=	0x0082
                           000083   554 _DPH0	=	0x0083
                           000084   555 _DPL1	=	0x0084
                           000085   556 _DPH1	=	0x0085
                           000087   557 _PCON	=	0x0087
                           000088   558 _TCON	=	0x0088
                           000090   559 _P1	=	0x0090
                           000092   560 _DPS	=	0x0092
                           000098   561 _S0CON	=	0x0098
                           00009A   562 _IEN2	=	0x009a
                           00009B   563 _S1CON	=	0x009b
                           0000A0   564 _P2	=	0x00a0
                           0000A8   565 _IEN0	=	0x00a8
                           0000A9   566 _IP0	=	0x00a9
                           0000B8   567 _IEN1	=	0x00b8
                           0000B9   568 _IP1	=	0x00b9
                           0000C0   569 _IRCON	=	0x00c0
                           0000D0   570 _PSW	=	0x00d0
                           0000E0   571 _ACC	=	0x00e0
                           0000E8   572 _IRCON2	=	0x00e8
                           0000F0   573 _B	=	0x00f0
                           0000B4   574 _ADCCON1	=	0x00b4
                           0000B5   575 _ADCCON2	=	0x00b5
                           0000B6   576 _ADCCON3	=	0x00b6
                           0000BA   577 _ADCL	=	0x00ba
                           0000BB   578 _ADCH	=	0x00bb
                           0000BC   579 _RNDL	=	0x00bc
                           0000BD   580 _RNDH	=	0x00bd
                           0000B1   581 _ENCDI	=	0x00b1
                           0000B2   582 _ENCDO	=	0x00b2
                           0000B3   583 _ENCCS	=	0x00b3
                           0000D1   584 _DMAIRQ	=	0x00d1
                           0000D2   585 _DMA1CFGL	=	0x00d2
                           0000D3   586 _DMA1CFGH	=	0x00d3
                           0000D4   587 _DMA0CFGL	=	0x00d4
                           0000D5   588 _DMA0CFGH	=	0x00d5
                           0000D6   589 _DMAARM	=	0x00d6
                           0000D7   590 _DMAREQ	=	0x00d7
                           000089   591 _P0IFG	=	0x0089
                           00008A   592 _P1IFG	=	0x008a
                           00008B   593 _P2IFG	=	0x008b
                           00008C   594 _PICTL	=	0x008c
                           0000AB   595 _P0IEN	=	0x00ab
                           00008D   596 _P1IEN	=	0x008d
                           0000AC   597 _P2IEN	=	0x00ac
                           00008F   598 _P0INP	=	0x008f
                           0000F1   599 _PERCFG	=	0x00f1
                           0000F2   600 _APCFG	=	0x00f2
                           0000F3   601 _P0SEL	=	0x00f3
                           0000F4   602 _P1SEL	=	0x00f4
                           0000F5   603 _P2SEL	=	0x00f5
                           0000F6   604 _P1INP	=	0x00f6
                           0000F7   605 _P2INP	=	0x00f7
                           0000FD   606 _P0DIR	=	0x00fd
                           0000FE   607 _P1DIR	=	0x00fe
                           0000FF   608 _P2DIR	=	0x00ff
                           0000AE   609 _PMUX	=	0x00ae
                           000093   610 _MPAGE	=	0x0093
                           000093   611 __XPAGE	=	0x0093
                           0000C7   612 _MEMCTR	=	0x00c7
                           00009F   613 _FMAP	=	0x009f
                           00009F   614 _PSBANK	=	0x009f
                           000091   615 _RFIRQF1	=	0x0091
                           0000D9   616 _RFD	=	0x00d9
                           0000E1   617 _RFST	=	0x00e1
                           0000E9   618 _RFIRQF0	=	0x00e9
                           0000BF   619 _RFERRF	=	0x00bf
                           000095   620 _ST0	=	0x0095
                           000096   621 _ST1	=	0x0096
                           000097   622 _ST2	=	0x0097
                           0000AD   623 _STLOAD	=	0x00ad
                           0000BE   624 _SLEEPCMD	=	0x00be
                           00009D   625 _SLEEPSTA	=	0x009d
                           0000C6   626 _CLKCONCMD	=	0x00c6
                           00009E   627 _CLKCONSTA	=	0x009e
                           0000DA   628 _T1CC0L	=	0x00da
                           0000DB   629 _T1CC0H	=	0x00db
                           0000DC   630 _T1CC1L	=	0x00dc
                           0000DD   631 _T1CC1H	=	0x00dd
                           0000DE   632 _T1CC2L	=	0x00de
                           0000DF   633 _T1CC2H	=	0x00df
                           0000E2   634 _T1CNTL	=	0x00e2
                           0000E3   635 _T1CNTH	=	0x00e3
                           0000E4   636 _T1CTL	=	0x00e4
                           0000E5   637 _T1CCTL0	=	0x00e5
                           0000E6   638 _T1CCTL1	=	0x00e6
                           0000E7   639 _T1CCTL2	=	0x00e7
                           0000AF   640 _T1STAT	=	0x00af
                           000094   641 _T2CTRL	=	0x0094
                           00009C   642 _T2EVTCFG	=	0x009c
                           0000A1   643 _T2IRQF	=	0x00a1
                           0000A2   644 _T2M0	=	0x00a2
                           0000A3   645 _T2M1	=	0x00a3
                           0000A4   646 _T2MOVF0	=	0x00a4
                           0000A5   647 _T2MOVF1	=	0x00a5
                           0000A6   648 _T2MOVF2	=	0x00a6
                           0000A7   649 _T2IRQM	=	0x00a7
                           0000C3   650 _T2MSEL	=	0x00c3
                           0000CA   651 _T3CNT	=	0x00ca
                           0000CB   652 _T3CTL	=	0x00cb
                           0000CC   653 _T3CCTL0	=	0x00cc
                           0000CD   654 _T3CC0	=	0x00cd
                           0000CE   655 _T3CCTL1	=	0x00ce
                           0000CF   656 _T3CC1	=	0x00cf
                           0000EA   657 _T4CNT	=	0x00ea
                           0000EB   658 _T4CTL	=	0x00eb
                           0000EC   659 _T4CCTL0	=	0x00ec
                           0000ED   660 _T4CC0	=	0x00ed
                           0000EE   661 _T4CCTL1	=	0x00ee
                           0000EF   662 _T4CC1	=	0x00ef
                           0000D8   663 _TIMIF	=	0x00d8
                           000086   664 _U0CSR	=	0x0086
                           0000C1   665 _U0DBUF	=	0x00c1
                           0000C2   666 _U0BAUD	=	0x00c2
                           0000C4   667 _U0UCR	=	0x00c4
                           0000C5   668 _U0GCR	=	0x00c5
                           0000F8   669 _U1CSR	=	0x00f8
                           0000F9   670 _U1DBUF	=	0x00f9
                           0000FA   671 _U1BAUD	=	0x00fa
                           0000FB   672 _U1UCR	=	0x00fb
                           0000FC   673 _U1GCR	=	0x00fc
                           0000C9   674 _WDCTL	=	0x00c9
                                    675 ;--------------------------------------------------------
                                    676 ; special function bits
                                    677 ;--------------------------------------------------------
                                    678 	.area RSEG    (ABS,DATA)
      000000                        679 	.org 0x0000
                           000087   680 _P0_7	=	0x0087
                           000086   681 _P0_6	=	0x0086
                           000085   682 _P0_5	=	0x0085
                           000084   683 _P0_4	=	0x0084
                           000083   684 _P0_3	=	0x0083
                           000082   685 _P0_2	=	0x0082
                           000081   686 _P0_1	=	0x0081
                           000080   687 _P0_0	=	0x0080
                           00008F   688 _URX1IF	=	0x008f
                           00008D   689 _ADCIF	=	0x008d
                           00008B   690 _URX0IF	=	0x008b
                           00008A   691 _IT1	=	0x008a
                           000089   692 _RFERRIF	=	0x0089
                           000088   693 _IT0	=	0x0088
                           000097   694 _P1_7	=	0x0097
                           000096   695 _P1_6	=	0x0096
                           000095   696 _P1_5	=	0x0095
                           000094   697 _P1_4	=	0x0094
                           000093   698 _P1_3	=	0x0093
                           000092   699 _P1_2	=	0x0092
                           000091   700 _P1_1	=	0x0091
                           000090   701 _P1_0	=	0x0090
                           000099   702 _ENCIF_1	=	0x0099
                           000098   703 _ENCIF_0	=	0x0098
                           0000A7   704 _P2_7	=	0x00a7
                           0000A6   705 _P2_6	=	0x00a6
                           0000A5   706 _P2_5	=	0x00a5
                           0000A4   707 _P2_4	=	0x00a4
                           0000A3   708 _P2_3	=	0x00a3
                           0000A2   709 _P2_2	=	0x00a2
                           0000A1   710 _P2_1	=	0x00a1
                           0000A0   711 _P2_0	=	0x00a0
                           0000AF   712 _EA	=	0x00af
                           0000AD   713 _STIE	=	0x00ad
                           0000AC   714 _ENCIE	=	0x00ac
                           0000AB   715 _URX1IE	=	0x00ab
                           0000AA   716 _URX0IE	=	0x00aa
                           0000A9   717 _ADCIE	=	0x00a9
                           0000A8   718 _RFERRIE	=	0x00a8
                           0000BD   719 _P0IE	=	0x00bd
                           0000BC   720 _T4IE	=	0x00bc
                           0000BB   721 _T3IE	=	0x00bb
                           0000BA   722 _T2IE	=	0x00ba
                           0000B9   723 _T1IE	=	0x00b9
                           0000B8   724 _DMAIE	=	0x00b8
                           0000C7   725 _STIF	=	0x00c7
                           0000C5   726 _P0IF	=	0x00c5
                           0000C4   727 _T4IF	=	0x00c4
                           0000C3   728 _T3IF	=	0x00c3
                           0000C2   729 _T2IF	=	0x00c2
                           0000C1   730 _T1IF	=	0x00c1
                           0000C0   731 _DMAIF	=	0x00c0
                           0000D7   732 _CY	=	0x00d7
                           0000D6   733 _AC	=	0x00d6
                           0000D5   734 _F0	=	0x00d5
                           0000D4   735 _RS1	=	0x00d4
                           0000D3   736 _RS0	=	0x00d3
                           0000D2   737 _OV	=	0x00d2
                           0000D1   738 _F1	=	0x00d1
                           0000D0   739 _P	=	0x00d0
                           0000E7   740 _ACC_7	=	0x00e7
                           0000E6   741 _ACC_6	=	0x00e6
                           0000E5   742 _ACC_5	=	0x00e5
                           0000E4   743 _ACC_4	=	0x00e4
                           0000E3   744 _ACC_3	=	0x00e3
                           0000E2   745 _ACC_2	=	0x00e2
                           0000E1   746 _ACC_1	=	0x00e1
                           0000E0   747 _ACC_0	=	0x00e0
                           0000EC   748 _WDTIF	=	0x00ec
                           0000EB   749 _P1IF	=	0x00eb
                           0000EA   750 _UTX1IF	=	0x00ea
                           0000E9   751 _UTX0IF	=	0x00e9
                           0000E8   752 _P2IF	=	0x00e8
                           0000F7   753 _B_7	=	0x00f7
                           0000F6   754 _B_6	=	0x00f6
                           0000F5   755 _B_5	=	0x00f5
                           0000F4   756 _B_4	=	0x00f4
                           0000F3   757 _B_3	=	0x00f3
                           0000F2   758 _B_2	=	0x00f2
                           0000F1   759 _B_1	=	0x00f1
                           0000F0   760 _B_0	=	0x00f0
                           0000DE   761 _OVFIM	=	0x00de
                           0000DD   762 _T4CH1IF	=	0x00dd
                           0000DC   763 _T4CH0IF	=	0x00dc
                           0000DB   764 _T4OVFIF	=	0x00db
                           0000DA   765 _T3CH1IF	=	0x00da
                           0000D9   766 _T3CH0IF	=	0x00d9
                           0000D8   767 _T3OVFIF	=	0x00d8
                           0000FF   768 _MODE	=	0x00ff
                           0000FE   769 _RE	=	0x00fe
                           0000FD   770 _SLAVE	=	0x00fd
                           0000FC   771 _FE	=	0x00fc
                           0000FB   772 _ERR	=	0x00fb
                           0000FA   773 _RX_BYTE	=	0x00fa
                           0000F9   774 _TX_BYTE	=	0x00f9
                           0000F8   775 _ACTIVE	=	0x00f8
                                    776 ;--------------------------------------------------------
                                    777 ; overlayable register banks
                                    778 ;--------------------------------------------------------
                                    779 	.area REG_BANK_0	(REL,OVR,DATA)
      000000                        780 	.ds 8
                                    781 ;--------------------------------------------------------
                                    782 ; internal ram data
                                    783 ;--------------------------------------------------------
                                    784 	.area DSEG    (DATA)
                                    785 ;--------------------------------------------------------
                                    786 ; overlayable items in internal ram 
                                    787 ;--------------------------------------------------------
                                    788 ;--------------------------------------------------------
                                    789 ; indirectly addressable internal ram data
                                    790 ;--------------------------------------------------------
                                    791 	.area ISEG    (DATA)
                                    792 ;--------------------------------------------------------
                                    793 ; absolute internal ram data
                                    794 ;--------------------------------------------------------
                                    795 	.area IABS    (ABS,DATA)
                                    796 	.area IABS    (ABS,DATA)
                                    797 ;--------------------------------------------------------
                                    798 ; bit data
                                    799 ;--------------------------------------------------------
                                    800 	.area BSEG    (BIT)
                                    801 ;--------------------------------------------------------
                                    802 ; paged external ram data
                                    803 ;--------------------------------------------------------
                                    804 	.area PSEG    (PAG,XDATA)
                                    805 ;--------------------------------------------------------
                                    806 ; external ram data
                                    807 ;--------------------------------------------------------
                                    808 	.area XSEG    (XDATA)
                           0061A6   809 _MONMUX	=	0x61a6
                           0061A6   810 _OPAMPMC	=	0x61a6
                           006230   811 _I2CCFG	=	0x6230
                           006231   812 _I2CSTAT	=	0x6231
                           006232   813 _I2CDATA	=	0x6232
                           006233   814 _I2CADDR	=	0x6233
                           006234   815 _I2CWC	=	0x6234
                           006235   816 _I2CIO	=	0x6235
                           006243   817 _OBSSEL0	=	0x6243
                           006244   818 _OBSSEL1	=	0x6244
                           006245   819 _OBSSEL2	=	0x6245
                           006246   820 _OBSSEL3	=	0x6246
                           006247   821 _OBSSEL4	=	0x6247
                           006248   822 _OBSSEL5	=	0x6248
                           006249   823 _CHVER	=	0x6249
                           00624A   824 _CHIPID	=	0x624a
                           00624B   825 _TESTREG0	=	0x624b
                           006260   826 _DBGDATA	=	0x6260
                           006262   827 _SRCRC	=	0x6262
                           006264   828 _BATTMON	=	0x6264
                           006265   829 _IVCTRL	=	0x6265
                           006270   830 _FCTL	=	0x6270
                           006271   831 _FADDRL	=	0x6271
                           006272   832 _FADDRH	=	0x6272
                           006273   833 _FWDATA	=	0x6273
                           006276   834 _CHIPINFO0	=	0x6276
                           006277   835 _CHIPINFO1	=	0x6277
                           006281   836 _IRCTL	=	0x6281
                           006290   837 _CLD	=	0x6290
                           0062A0   838 _XX_T1CCTL0	=	0x62a0
                           0062A1   839 _XX_T1CCTL1	=	0x62a1
                           0062A2   840 _XX_T1CCTL2	=	0x62a2
                           0062A3   841 _T1CCTL3	=	0x62a3
                           0062A4   842 _T1CCTL4	=	0x62a4
                           0062A6   843 _XX_T1CC0L	=	0x62a6
                           0062A7   844 _XX_T1CC0H	=	0x62a7
                           0062A8   845 _XX_T1CC1L	=	0x62a8
                           0062A9   846 _XX_T1CC1H	=	0x62a9
                           0062AA   847 _XX_T1CC2L	=	0x62aa
                           0062AB   848 _XX_T1CC2H	=	0x62ab
                           0062AC   849 _T1CC3L	=	0x62ac
                           0062AD   850 _T1CC3H	=	0x62ad
                           0062AE   851 _T1CC4L	=	0x62ae
                           0062AF   852 _T1CC4H	=	0x62af
                           0062B0   853 _STCC	=	0x62b0
                           0062B1   854 _STCS	=	0x62b1
                           0062B2   855 _STCV0	=	0x62b2
                           0062B3   856 _STCV1	=	0x62b3
                           0062B4   857 _STCV2	=	0x62b4
                           0062C0   858 _OPAMPC	=	0x62c0
                           0062C1   859 _OPAMPS	=	0x62c1
                           0062D0   860 _CMPCTL	=	0x62d0
                           006000   861 _RFCORE_RAM	=	0x6000
                           006000   862 _RXFIFO	=	0x6000
                           006080   863 _TXFIFO	=	0x6080
                           006100   864 _SRC_ADDR_TABLE	=	0x6100
                           006160   865 _SRCRESMASK0	=	0x6160
                           006161   866 _SRCRESMASK1	=	0x6161
                           006162   867 _SRCRESMASK2	=	0x6162
                           006163   868 _SRCRESINDEX	=	0x6163
                           006164   869 _SRCEXTPENDEN0	=	0x6164
                           006165   870 _SRCEXTPENDEN1	=	0x6165
                           006166   871 _SRCEXTPENDEN2	=	0x6166
                           006167   872 _SRCSHORTPENDEN0	=	0x6167
                           006168   873 _SRCSHORTPENDEN1	=	0x6168
                           006169   874 _SRCSHORTPENDEN2	=	0x6169
                           00616A   875 _EXT_ADDR0	=	0x616a
                           00616B   876 _EXT_ADDR1	=	0x616b
                           00616C   877 _EXT_ADDR2	=	0x616c
                           00616D   878 _EXT_ADDR3	=	0x616d
                           00616E   879 _EXT_ADDR4	=	0x616e
                           00616F   880 _EXT_ADDR5	=	0x616f
                           006170   881 _EXT_ADDR6	=	0x6170
                           006171   882 _EXT_ADDR7	=	0x6171
                           006172   883 _PAN_ID0	=	0x6172
                           006173   884 _PAN_ID1	=	0x6173
                           006174   885 _SHORT_ADDR0	=	0x6174
                           006175   886 _SHORT_ADDR1	=	0x6175
                           006180   887 _FRMFILT0	=	0x6180
                           006181   888 _FRMFILT1	=	0x6181
                           006182   889 _SRCMATCH	=	0x6182
                           006183   890 _SRCSHORTEN0	=	0x6183
                           006184   891 _SRCSHORTEN1	=	0x6184
                           006185   892 _SRCSHORTEN2	=	0x6185
                           006186   893 _SRCEXTEN0	=	0x6186
                           006187   894 _SRCEXTEN1	=	0x6187
                           006188   895 _SRCEXTEN2	=	0x6188
                           006189   896 _FRMCTRL0	=	0x6189
                           00618A   897 _FRMCTRL1	=	0x618a
                           00618B   898 _RXENABLE	=	0x618b
                           00618C   899 _RXMASKSET	=	0x618c
                           00618D   900 _RXMASKCLR	=	0x618d
                           00618E   901 _FREQTUNE	=	0x618e
                           00618F   902 _FREQCTRL	=	0x618f
                           006190   903 _TXPOWER	=	0x6190
                           006191   904 _TXCTRL	=	0x6191
                           006192   905 _FSMSTAT0	=	0x6192
                           006193   906 _FSMSTAT1	=	0x6193
                           006194   907 _FIFOPCTRL	=	0x6194
                           006195   908 _FSMCTRL	=	0x6195
                           006196   909 _CCACTRL0	=	0x6196
                           006197   910 _CCACTRL1	=	0x6197
                           006198   911 _RSSI	=	0x6198
                           006199   912 _RSSISTAT	=	0x6199
                           00619A   913 _RXFIRST	=	0x619a
                           00619B   914 _RXFIFOCNT	=	0x619b
                           00619C   915 _TXFIFOCNT	=	0x619c
                           00619D   916 _RXFIRST_PTR	=	0x619d
                           00619E   917 _RXLAST_PTR	=	0x619e
                           00619F   918 _RXP1_PTR	=	0x619f
                           0061A1   919 _TXFIRST_PTR	=	0x61a1
                           0061A2   920 _TXLAST_PTR	=	0x61a2
                           0061A3   921 _RFIRQM0	=	0x61a3
                           0061A4   922 _RFIRQM1	=	0x61a4
                           0061A5   923 _RFERRM	=	0x61a5
                           0061A7   924 _RFRND	=	0x61a7
                           0061A8   925 _MDMCTRL0	=	0x61a8
                           0061A9   926 _MDMCTRL1	=	0x61a9
                           0061AA   927 _FREQEST	=	0x61aa
                           0061AB   928 _RXCTRL	=	0x61ab
                           0061AC   929 _FSCTRL	=	0x61ac
                           0061AD   930 _FSCAL0	=	0x61ad
                           0061AE   931 _FSCAL1	=	0x61ae
                           0061AF   932 _FSCAL2	=	0x61af
                           0061B0   933 _FSCAL3	=	0x61b0
                           0061B1   934 _AGCCTRL0	=	0x61b1
                           0061B2   935 _AGCCTRL1	=	0x61b2
                           0061B3   936 _AGCCTRL2	=	0x61b3
                           0061B4   937 _AGCCTRL3	=	0x61b4
                           0061B5   938 _ADCTEST0	=	0x61b5
                           0061B6   939 _ADCTEST1	=	0x61b6
                           0061B7   940 _ADCTEST2	=	0x61b7
                           0061B8   941 _MDMTEST0	=	0x61b8
                           0061B9   942 _MDMTEST1	=	0x61b9
                           0061BA   943 _DACTEST0	=	0x61ba
                           0061BB   944 _DACTEST1	=	0x61bb
                           0061BC   945 _DACTEST2	=	0x61bc
                           0061BD   946 _ATEST	=	0x61bd
                           0061BE   947 _PTEST0	=	0x61be
                           0061BF   948 _PTEST1	=	0x61bf
                           0061FA   949 _TXFILTCFG	=	0x61fa
                           0061EB   950 _RFC_OBS_CTRL0	=	0x61eb
                           0061EC   951 _RFC_OBS_CTRL1	=	0x61ec
                           0061ED   952 _RFC_OBS_CTRL2	=	0x61ed
                           0061C0   953 _CSPPROG0	=	0x61c0
                           0061C1   954 _CSPPROG1	=	0x61c1
                           0061C2   955 _CSPPROG2	=	0x61c2
                           0061C3   956 _CSPPROG3	=	0x61c3
                           0061C4   957 _CSPPROG4	=	0x61c4
                           0061C5   958 _CSPPROG5	=	0x61c5
                           0061C6   959 _CSPPROG6	=	0x61c6
                           0061C7   960 _CSPPROG7	=	0x61c7
                           0061C8   961 _CSPPROG8	=	0x61c8
                           0061C9   962 _CSPPROG9	=	0x61c9
                           0061CA   963 _CSPPROG10	=	0x61ca
                           0061CB   964 _CSPPROG11	=	0x61cb
                           0061CC   965 _CSPPROG12	=	0x61cc
                           0061CD   966 _CSPPROG13	=	0x61cd
                           0061CE   967 _CSPPROG14	=	0x61ce
                           0061CF   968 _CSPPROG15	=	0x61cf
                           0061D0   969 _CSPPROG16	=	0x61d0
                           0061D1   970 _CSPPROG17	=	0x61d1
                           0061D2   971 _CSPPROG18	=	0x61d2
                           0061D3   972 _CSPPROG19	=	0x61d3
                           0061D4   973 _CSPPROG20	=	0x61d4
                           0061D5   974 _CSPPROG21	=	0x61d5
                           0061D6   975 _CSPPROG22	=	0x61d6
                           0061D7   976 _CSPPROG23	=	0x61d7
                           0061E0   977 _CSPCTRL	=	0x61e0
                           0061E1   978 _CSPSTAT	=	0x61e1
                           0061E2   979 _CSPX	=	0x61e2
                           0061E3   980 _CSPY	=	0x61e3
                           0061E4   981 _CSPZ	=	0x61e4
                           0061E5   982 _CSPT	=	0x61e5
                           006200   983 _USBADDR	=	0x6200
                           006201   984 _USBPOW	=	0x6201
                           006202   985 _USBIIF	=	0x6202
                           006204   986 _USBOIF	=	0x6204
                           006206   987 _USBCIF	=	0x6206
                           006207   988 _USBIIE	=	0x6207
                           006209   989 _USBOIE	=	0x6209
                           00620B   990 _USBCIE	=	0x620b
                           00620C   991 _USBFRML	=	0x620c
                           00620D   992 _USBFRMH	=	0x620d
                           00620E   993 _USBINDEX	=	0x620e
                           00620F   994 _USBCTRL	=	0x620f
                           006210   995 _USBMAXI	=	0x6210
                           006211   996 _USBCS0	=	0x6211
                           006211   997 _USBCSIL	=	0x6211
                           006212   998 _USBCSIH	=	0x6212
                           006213   999 _USBMAXO	=	0x6213
                           006214  1000 _USBCSOL	=	0x6214
                           006215  1001 _USBCSOH	=	0x6215
                           006216  1002 _USBCNT0	=	0x6216
                           006216  1003 _USBCNTL	=	0x6216
                           006217  1004 _USBCNTH	=	0x6217
                           006220  1005 _USBF0	=	0x6220
                           006222  1006 _USBF1	=	0x6222
                           006224  1007 _USBF2	=	0x6224
                           006226  1008 _USBF3	=	0x6226
                           006228  1009 _USBF4	=	0x6228
                           00622A  1010 _USBF5	=	0x622a
                           007080  1011 _X_P0	=	0x7080
                           007086  1012 _X_U0CSR	=	0x7086
                           007089  1013 _X_P0IFG	=	0x7089
                           00708A  1014 _X_P1IFG	=	0x708a
                           00708B  1015 _X_P2IFG	=	0x708b
                           00708C  1016 _X_PICTL	=	0x708c
                           00708D  1017 _X_P1IEN	=	0x708d
                           00708F  1018 _X_P0INP	=	0x708f
                           007090  1019 _X_P1	=	0x7090
                           007091  1020 _X_RFIRQF1	=	0x7091
                           007093  1021 _X_MPAGE	=	0x7093
                           007093  1022 _X__XPAGE	=	0x7093
                           007094  1023 _X_T2CTRL	=	0x7094
                           007095  1024 _X_ST0	=	0x7095
                           007096  1025 _X_ST1	=	0x7096
                           007097  1026 _X_ST2	=	0x7097
                           00709C  1027 _X_T2EVTCFG	=	0x709c
                           00709D  1028 _X_SLEEPSTA	=	0x709d
                           00709E  1029 _X_CLKCONSTA	=	0x709e
                           00709F  1030 _X_FMAP	=	0x709f
                           00709F  1031 _X_PSBANK	=	0x709f
                           0070A0  1032 _X_P2	=	0x70a0
                           0070A1  1033 _X_T2IRQF	=	0x70a1
                           0070A2  1034 _X_T2M0	=	0x70a2
                           0070A3  1035 _X_T2M1	=	0x70a3
                           0070A4  1036 _X_T2MOVF0	=	0x70a4
                           0070A5  1037 _X_T2MOVF1	=	0x70a5
                           0070A6  1038 _X_T2MOVF2	=	0x70a6
                           0070A7  1039 _X_T2IRQM	=	0x70a7
                           0070AB  1040 _X_P0IEN	=	0x70ab
                           0070AC  1041 _X_P2IEN	=	0x70ac
                           0070AD  1042 _X_STLOAD	=	0x70ad
                           0070AE  1043 _X_PMUX	=	0x70ae
                           0070AF  1044 _X_T1STAT	=	0x70af
                           0070B1  1045 _X_ENCDI	=	0x70b1
                           0070B2  1046 _X_ENCDO	=	0x70b2
                           0070B3  1047 _X_ENCCS	=	0x70b3
                           0070B4  1048 _X_ADCCON1	=	0x70b4
                           0070B5  1049 _X_ADCCON2	=	0x70b5
                           0070B6  1050 _X_ADCCON3	=	0x70b6
                           0070BA  1051 _X_ADCL	=	0x70ba
                           0070BB  1052 _X_ADCH	=	0x70bb
                           0070BC  1053 _X_RNDL	=	0x70bc
                           0070BD  1054 _X_RNDH	=	0x70bd
                           0070BE  1055 _X_SLEEPCMD	=	0x70be
                           0070BF  1056 _X_RFERRF	=	0x70bf
                           0070C1  1057 _X_U0DBUF	=	0x70c1
                           0070C2  1058 _X_U0BAUD	=	0x70c2
                           0070C3  1059 _X_T2MSEL	=	0x70c3
                           0070C4  1060 _X_U0UCR	=	0x70c4
                           0070C5  1061 _X_U0GCR	=	0x70c5
                           0070C6  1062 _X_CLKCONCMD	=	0x70c6
                           0070C7  1063 _X_MEMCTR	=	0x70c7
                           0070C9  1064 _X_WDCTL	=	0x70c9
                           0070CA  1065 _X_T3CNT	=	0x70ca
                           0070CB  1066 _X_T3CTL	=	0x70cb
                           0070CC  1067 _X_T3CCTL0	=	0x70cc
                           0070CD  1068 _X_T3CC0	=	0x70cd
                           0070CE  1069 _X_T3CCTL1	=	0x70ce
                           0070CF  1070 _X_T3CC1	=	0x70cf
                           0070D1  1071 _X_DMAIRQ	=	0x70d1
                           0070D2  1072 _X_DMA1CFGL	=	0x70d2
                           0070D3  1073 _X_DMA1CFGH	=	0x70d3
                           0070D4  1074 _X_DMA0CFGL	=	0x70d4
                           0070D5  1075 _X_DMA0CFGH	=	0x70d5
                           0070D6  1076 _X_DMAARM	=	0x70d6
                           0070D7  1077 _X_DMAREQ	=	0x70d7
                           0070D8  1078 _X_TIMIF	=	0x70d8
                           0070D9  1079 _X_RFD	=	0x70d9
                           0070DA  1080 _X_T1CC0L	=	0x70da
                           0070DB  1081 _X_T1CC0H	=	0x70db
                           0070DC  1082 _X_T1CC1L	=	0x70dc
                           0070DD  1083 _X_T1CC1H	=	0x70dd
                           0070DE  1084 _X_T1CC2L	=	0x70de
                           0070DF  1085 _X_T1CC2H	=	0x70df
                           0070E1  1086 _X_RFST	=	0x70e1
                           0070E2  1087 _X_T1CNTL	=	0x70e2
                           0070E3  1088 _X_T1CNTH	=	0x70e3
                           0070E4  1089 _X_T1CTL	=	0x70e4
                           0070E5  1090 _X_T1CCTL0	=	0x70e5
                           0070E6  1091 _X_T1CCTL1	=	0x70e6
                           0070E7  1092 _X_T1CCTL2	=	0x70e7
                           0070E9  1093 _X_RFIRQF0	=	0x70e9
                           0070EA  1094 _X_T4CNT	=	0x70ea
                           0070EB  1095 _X_T4CTL	=	0x70eb
                           0070EC  1096 _X_T4CCTL0	=	0x70ec
                           0070ED  1097 _X_T4CC0	=	0x70ed
                           0070EE  1098 _X_T4CCTL1	=	0x70ee
                           0070EF  1099 _X_T4CC1	=	0x70ef
                           0070F1  1100 _X_PERCFG	=	0x70f1
                           0070F2  1101 _X_APCFG	=	0x70f2
                           0070F3  1102 _X_P0SEL	=	0x70f3
                           0070F4  1103 _X_P1SEL	=	0x70f4
                           0070F5  1104 _X_P2SEL	=	0x70f5
                           0070F6  1105 _X_P1INP	=	0x70f6
                           0070F7  1106 _X_P2INP	=	0x70f7
                           0070F8  1107 _X_U1CSR	=	0x70f8
                           0070F9  1108 _X_U1DBUF	=	0x70f9
                           0070FA  1109 _X_U1BAUD	=	0x70fa
                           0070FB  1110 _X_U1UCR	=	0x70fb
                           0070FC  1111 _X_U1GCR	=	0x70fc
                           0070FD  1112 _X_P0DIR	=	0x70fd
                           0070FE  1113 _X_P1DIR	=	0x70fe
                           0070FF  1114 _X_P2DIR	=	0x70ff
                           007800  1115 _X_INFOPAGE	=	0x7800
                           00780C  1116 _X_IEEE_ADDR	=	0x780c
                                   1117 ;--------------------------------------------------------
                                   1118 ; absolute external ram data
                                   1119 ;--------------------------------------------------------
                                   1120 	.area XABS    (ABS,XDATA)
                                   1121 ;--------------------------------------------------------
                                   1122 ; external initialized ram data
                                   1123 ;--------------------------------------------------------
                                   1124 	.area XISEG   (XDATA)
                                   1125 	.area HOME    (CODE)
                                   1126 	.area GSINIT0 (CODE)
                                   1127 	.area GSINIT1 (CODE)
                                   1128 	.area GSINIT2 (CODE)
                                   1129 	.area GSINIT3 (CODE)
                                   1130 	.area GSINIT4 (CODE)
                                   1131 	.area GSINIT5 (CODE)
                                   1132 	.area GSINIT  (CODE)
                                   1133 	.area GSFINAL (CODE)
                                   1134 	.area CSEG    (CODE)
                                   1135 ;--------------------------------------------------------
                                   1136 ; global & static initialisations
                                   1137 ;--------------------------------------------------------
                                   1138 	.area HOME    (CODE)
                                   1139 	.area GSINIT  (CODE)
                                   1140 	.area GSFINAL (CODE)
                                   1141 	.area GSINIT  (CODE)
                                   1142 ;--------------------------------------------------------
                                   1143 ; Home
                                   1144 ;--------------------------------------------------------
                                   1145 	.area HOME    (CODE)
                                   1146 	.area HOME    (CODE)
                                   1147 ;--------------------------------------------------------
                                   1148 ; code
                                   1149 ;--------------------------------------------------------
                                   1150 	.area BANK1   (CODE)
                                   1151 ;------------------------------------------------------------
                                   1152 ;Allocation info for local variables in function 'uip_udp_packet_send'
                                   1153 ;------------------------------------------------------------
                                   1154 ;data                      Allocated to stack - sp -5
                                   1155 ;len                       Allocated to stack - sp -7
                                   1156 ;c                         Allocated to registers r5 r6 r7 
                                   1157 ;------------------------------------------------------------
                                   1158 ;	/opt/contiki/core/net/ip/uip-udp-packet.c:51: uip_udp_packet_send(struct uip_udp_conn *c, const void *data, int len)
                                   1159 ;	-----------------------------------------
                                   1160 ;	 function uip_udp_packet_send
                                   1161 ;	-----------------------------------------
      000000                       1162 _uip_udp_packet_send:
                           000007  1163 	ar7 = 0x07
                           000006  1164 	ar6 = 0x06
                           000005  1165 	ar5 = 0x05
                           000004  1166 	ar4 = 0x04
                           000003  1167 	ar3 = 0x03
                           000002  1168 	ar2 = 0x02
                           000001  1169 	ar1 = 0x01
                           000000  1170 	ar0 = 0x00
      000000 AD 82            [24] 1171 	mov	r5,dpl
      000002 AE 83            [24] 1172 	mov	r6,dph
      000004 AF F0            [24] 1173 	mov	r7,b
                                   1174 ;	/opt/contiki/core/net/ip/uip-udp-packet.c:54: if(data != NULL) {
      000006 E5 81            [12] 1175 	mov	a,sp
      000008 24 FB            [12] 1176 	add	a,#0xfb
      00000A F8               [12] 1177 	mov	r0,a
      00000B E6               [12] 1178 	mov	a,@r0
      00000C 08               [12] 1179 	inc	r0
      00000D 46               [12] 1180 	orl	a,@r0
      00000E 70 03            [24] 1181 	jnz	00113$
      000010 02r00r8D         [24] 1182 	ljmp	00102$
      000013                       1183 00113$:
                                   1184 ;	/opt/contiki/core/net/ip/uip-udp-packet.c:55: uip_udp_conn = c;
      000013 90r00r00         [24] 1185 	mov	dptr,#_uip_udp_conn
      000016 ED               [12] 1186 	mov	a,r5
      000017 F0               [24] 1187 	movx	@dptr,a
      000018 EE               [12] 1188 	mov	a,r6
      000019 A3               [24] 1189 	inc	dptr
      00001A F0               [24] 1190 	movx	@dptr,a
      00001B EF               [12] 1191 	mov	a,r7
      00001C A3               [24] 1192 	inc	dptr
      00001D F0               [24] 1193 	movx	@dptr,a
                                   1194 ;	/opt/contiki/core/net/ip/uip-udp-packet.c:56: uip_slen = len;
      00001E E5 81            [12] 1195 	mov	a,sp
      000020 24 F9            [12] 1196 	add	a,#0xf9
      000022 F8               [12] 1197 	mov	r0,a
      000023 86 06            [24] 1198 	mov	ar6,@r0
      000025 08               [12] 1199 	inc	r0
      000026 86 07            [24] 1200 	mov	ar7,@r0
      000028 90r00r00         [24] 1201 	mov	dptr,#_uip_slen
      00002B EE               [12] 1202 	mov	a,r6
      00002C F0               [24] 1203 	movx	@dptr,a
      00002D EF               [12] 1204 	mov	a,r7
      00002E A3               [24] 1205 	inc	dptr
      00002F F0               [24] 1206 	movx	@dptr,a
                                   1207 ;	/opt/contiki/core/net/ip/uip-udp-packet.c:58: len > UIP_BUFSIZE - UIP_LLH_LEN - UIP_IPUDPH_LEN?
      000030 E5 81            [12] 1208 	mov	a,sp
      000032 24 F9            [12] 1209 	add	a,#0xf9
      000034 F8               [12] 1210 	mov	r0,a
      000035 C3               [12] 1211 	clr	c
      000036 74 C0            [12] 1212 	mov	a,#0xC0
      000038 96               [12] 1213 	subb	a,@r0
      000039 74 80            [12] 1214 	mov	a,#(0x00 ^ 0x80)
      00003B 08               [12] 1215 	inc	r0
      00003C 86 F0            [24] 1216 	mov	b,@r0
      00003E 63 F0 80         [24] 1217 	xrl	b,#0x80
      000041 95 F0            [12] 1218 	subb	a,b
      000043 50 06            [24] 1219 	jnc	00105$
                                   1220 ;	/opt/contiki/core/net/ip/uip-udp-packet.c:59: UIP_BUFSIZE - UIP_LLH_LEN - UIP_IPUDPH_LEN: len);
      000045 7C C0            [12] 1221 	mov	r4,#0xC0
      000047 7D 00            [12] 1222 	mov	r5,#0x00
      000049 80 04            [24] 1223 	sjmp	00106$
      00004B                       1224 00105$:
      00004B 8E 04            [24] 1225 	mov	ar4,r6
      00004D 8F 05            [24] 1226 	mov	ar5,r7
      00004F                       1227 00106$:
                                   1228 ;	/opt/contiki/core/net/ip/uip-udp-packet.c:57: memmove(&uip_buf[UIP_LLH_LEN + UIP_IPUDPH_LEN], data,
      00004F C0 04            [24] 1229 	push	ar4
      000051 C0 05            [24] 1230 	push	ar5
      000053 E5 81            [12] 1231 	mov	a,sp
      000055 24 F9            [12] 1232 	add	a,#0xf9
      000057 F8               [12] 1233 	mov	r0,a
      000058 E6               [12] 1234 	mov	a,@r0
      000059 C0 E0            [24] 1235 	push	acc
      00005B 08               [12] 1236 	inc	r0
      00005C E6               [12] 1237 	mov	a,@r0
      00005D C0 E0            [24] 1238 	push	acc
      00005F 08               [12] 1239 	inc	r0
      000060 E6               [12] 1240 	mov	a,@r0
      000061 C0 E0            [24] 1241 	push	acc
      000063 90r00r30         [24] 1242 	mov	dptr,#(_uip_aligned_buf + 0x0030)
      000066 75 F0 00         [24] 1243 	mov	b,#0x00
      000069 78r00            [12] 1244 	mov	r0,#_memmove
      00006B 79s00            [12] 1245 	mov	r1,#(_memmove >> 8)
      00006D 7As00            [12] 1246 	mov	r2,#(_memmove >> 16)
      00006F 12r00r00         [24] 1247 	lcall	__sdcc_banked_call
      000072 E5 81            [12] 1248 	mov	a,sp
      000074 24 FB            [12] 1249 	add	a,#0xfb
      000076 F5 81            [12] 1250 	mov	sp,a
                                   1251 ;	/opt/contiki/core/net/ip/uip-udp-packet.c:60: uip_process(UIP_UDP_SEND_CONN);
      000078 75 82 04         [24] 1252 	mov	dpl,#0x04
      00007B 78r00            [12] 1253 	mov	r0,#_uip_process
      00007D 79s00            [12] 1254 	mov	r1,#(_uip_process >> 8)
      00007F 7As00            [12] 1255 	mov	r2,#(_uip_process >> 16)
      000081 12r00r00         [24] 1256 	lcall	__sdcc_banked_call
                                   1257 ;	/opt/contiki/core/net/ip/uip-udp-packet.c:70: tcpip_ipv6_output();
      000084 78r00            [12] 1258 	mov	r0,#_tcpip_ipv6_output
      000086 79s00            [12] 1259 	mov	r1,#(_tcpip_ipv6_output >> 8)
      000088 7As00            [12] 1260 	mov	r2,#(_tcpip_ipv6_output >> 16)
      00008A 12r00r00         [24] 1261 	lcall	__sdcc_banked_call
      00008D                       1262 00102$:
                                   1263 ;	/opt/contiki/core/net/ip/uip-udp-packet.c:77: uip_slen = 0;
      00008D 90r00r00         [24] 1264 	mov	dptr,#_uip_slen
      000090 E4               [12] 1265 	clr	a
      000091 F0               [24] 1266 	movx	@dptr,a
      000092 A3               [24] 1267 	inc	dptr
      000093 F0               [24] 1268 	movx	@dptr,a
      000094 02r00r00         [24] 1269 	ljmp	__sdcc_banked_ret
                                   1270 ;------------------------------------------------------------
                                   1271 ;Allocation info for local variables in function 'uip_udp_packet_sendto'
                                   1272 ;------------------------------------------------------------
                                   1273 ;data                      Allocated to stack - sp -30
                                   1274 ;len                       Allocated to stack - sp -32
                                   1275 ;toaddr                    Allocated to stack - sp -35
                                   1276 ;toport                    Allocated to stack - sp -37
                                   1277 ;c                         Allocated to stack - sp -24
                                   1278 ;curaddr                   Allocated to stack - sp -17
                                   1279 ;curport                   Allocated to stack - sp -1
                                   1280 ;sloc0                     Allocated to stack - sp -21
                                   1281 ;sloc1                     Allocated to stack - sp -18
                                   1282 ;------------------------------------------------------------
                                   1283 ;	/opt/contiki/core/net/ip/uip-udp-packet.c:82: uip_udp_packet_sendto(struct uip_udp_conn *c, const void *data, int len,
                                   1284 ;	-----------------------------------------
                                   1285 ;	 function uip_udp_packet_sendto
                                   1286 ;	-----------------------------------------
      000097                       1287 _uip_udp_packet_sendto:
      000097 C0 82            [24] 1288 	push	dpl
      000099 C0 83            [24] 1289 	push	dph
      00009B C0 F0            [24] 1290 	push	b
      00009D E5 81            [12] 1291 	mov	a,sp
      00009F 24 16            [12] 1292 	add	a,#0x16
                                   1293 ;	/opt/contiki/core/net/ip/uip-udp-packet.c:88: if(toaddr != NULL) {
      0000A1 F5 81            [12] 1294 	mov	sp,a
      0000A3 24 DD            [12] 1295 	add	a,#0xdd
      0000A5 F8               [12] 1296 	mov	r0,a
      0000A6 E6               [12] 1297 	mov	a,@r0
      0000A7 08               [12] 1298 	inc	r0
      0000A8 46               [12] 1299 	orl	a,@r0
      0000A9 70 03            [24] 1300 	jnz	00108$
      0000AB 02r02r14         [24] 1301 	ljmp	00103$
      0000AE                       1302 00108$:
                                   1303 ;	/opt/contiki/core/net/ip/uip-udp-packet.c:90: uip_ipaddr_copy(&curaddr, &c->ripaddr);
      0000AE E5 81            [12] 1304 	mov	a,sp
      0000B0 24 E8            [12] 1305 	add	a,#0xe8
      0000B2 F8               [12] 1306 	mov	r0,a
      0000B3 86 02            [24] 1307 	mov	ar2,@r0
      0000B5 08               [12] 1308 	inc	r0
      0000B6 86 03            [24] 1309 	mov	ar3,@r0
      0000B8 08               [12] 1310 	inc	r0
      0000B9 86 04            [24] 1311 	mov	ar4,@r0
      0000BB 8C 07            [24] 1312 	mov	ar7,r4
      0000BD E5 81            [12] 1313 	mov	a,sp
      0000BF 24 EE            [12] 1314 	add	a,#0xee
      0000C1 F8               [12] 1315 	mov	r0,a
      0000C2 E5 81            [12] 1316 	mov	a,sp
      0000C4 24 EF            [12] 1317 	add	a,#0xEF
      0000C6 F6               [12] 1318 	mov	@r0,a
      0000C7 E5 81            [12] 1319 	mov	a,sp
      0000C9 24 EE            [12] 1320 	add	a,#0xee
      0000CB F8               [12] 1321 	mov	r0,a
      0000CC 86 04            [24] 1322 	mov	ar4,@r0
      0000CE 7D 00            [12] 1323 	mov	r5,#0x00
      0000D0 7E 40            [12] 1324 	mov	r6,#0x40
      0000D2 74 10            [12] 1325 	mov	a,#0x10
      0000D4 C0 E0            [24] 1326 	push	acc
      0000D6 E4               [12] 1327 	clr	a
      0000D7 C0 E0            [24] 1328 	push	acc
      0000D9 C0 02            [24] 1329 	push	ar2
      0000DB C0 03            [24] 1330 	push	ar3
      0000DD C0 07            [24] 1331 	push	ar7
      0000DF 8C 82            [24] 1332 	mov	dpl,r4
      0000E1 8D 83            [24] 1333 	mov	dph,r5
      0000E3 8E F0            [24] 1334 	mov	b,r6
      0000E5 78r00            [12] 1335 	mov	r0,#_memcpy
      0000E7 79s00            [12] 1336 	mov	r1,#(_memcpy >> 8)
      0000E9 7As00            [12] 1337 	mov	r2,#(_memcpy >> 16)
      0000EB 12r00r00         [24] 1338 	lcall	__sdcc_banked_call
      0000EE E5 81            [12] 1339 	mov	a,sp
      0000F0 24 FB            [12] 1340 	add	a,#0xfb
                                   1341 ;	/opt/contiki/core/net/ip/uip-udp-packet.c:91: curport = c->rport;
      0000F2 F5 81            [12] 1342 	mov	sp,a
      0000F4 24 E8            [12] 1343 	add	a,#0xe8
      0000F6 F8               [12] 1344 	mov	r0,a
      0000F7 74 12            [12] 1345 	mov	a,#0x12
      0000F9 26               [12] 1346 	add	a,@r0
      0000FA FC               [12] 1347 	mov	r4,a
      0000FB E4               [12] 1348 	clr	a
      0000FC 08               [12] 1349 	inc	r0
      0000FD 36               [12] 1350 	addc	a,@r0
      0000FE FD               [12] 1351 	mov	r5,a
      0000FF 08               [12] 1352 	inc	r0
      000100 86 06            [24] 1353 	mov	ar6,@r0
      000102 8C 82            [24] 1354 	mov	dpl,r4
      000104 8D 83            [24] 1355 	mov	dph,r5
      000106 8E F0            [24] 1356 	mov	b,r6
      000108 A8 81            [24] 1357 	mov	r0,sp
      00010A 18               [12] 1358 	dec	r0
      00010B 12r00r00         [24] 1359 	lcall	__gptrget
      00010E F6               [12] 1360 	mov	@r0,a
      00010F A3               [24] 1361 	inc	dptr
      000110 12r00r00         [24] 1362 	lcall	__gptrget
      000113 08               [12] 1363 	inc	r0
      000114 F6               [12] 1364 	mov	@r0,a
                                   1365 ;	/opt/contiki/core/net/ip/uip-udp-packet.c:94: uip_ipaddr_copy(&c->ripaddr, toaddr);
      000115 E5 81            [12] 1366 	mov	a,sp
      000117 24 DD            [12] 1367 	add	a,#0xdd
      000119 F8               [12] 1368 	mov	r0,a
      00011A E5 81            [12] 1369 	mov	a,sp
      00011C 24 EB            [12] 1370 	add	a,#0xeb
      00011E F9               [12] 1371 	mov	r1,a
      00011F E6               [12] 1372 	mov	a,@r0
      000120 F7               [12] 1373 	mov	@r1,a
      000121 08               [12] 1374 	inc	r0
      000122 09               [12] 1375 	inc	r1
      000123 E6               [12] 1376 	mov	a,@r0
      000124 F7               [12] 1377 	mov	@r1,a
      000125 08               [12] 1378 	inc	r0
      000126 09               [12] 1379 	inc	r1
      000127 E6               [12] 1380 	mov	a,@r0
      000128 F7               [12] 1381 	mov	@r1,a
      000129 E5 81            [12] 1382 	mov	a,sp
      00012B 24 E8            [12] 1383 	add	a,#0xe8
      00012D F8               [12] 1384 	mov	r0,a
      00012E 86 02            [24] 1385 	mov	ar2,@r0
      000130 08               [12] 1386 	inc	r0
      000131 86 03            [24] 1387 	mov	ar3,@r0
      000133 08               [12] 1388 	inc	r0
      000134 86 07            [24] 1389 	mov	ar7,@r0
      000136 C0 06            [24] 1390 	push	ar6
      000138 C0 05            [24] 1391 	push	ar5
      00013A C0 04            [24] 1392 	push	ar4
      00013C 74 10            [12] 1393 	mov	a,#0x10
      00013E C0 E0            [24] 1394 	push	acc
      000140 E4               [12] 1395 	clr	a
      000141 C0 E0            [24] 1396 	push	acc
      000143 E5 81            [12] 1397 	mov	a,sp
      000145 24 E6            [12] 1398 	add	a,#0xe6
      000147 F8               [12] 1399 	mov	r0,a
      000148 E6               [12] 1400 	mov	a,@r0
      000149 C0 E0            [24] 1401 	push	acc
      00014B 08               [12] 1402 	inc	r0
      00014C E6               [12] 1403 	mov	a,@r0
      00014D C0 E0            [24] 1404 	push	acc
      00014F 08               [12] 1405 	inc	r0
      000150 E6               [12] 1406 	mov	a,@r0
      000151 C0 E0            [24] 1407 	push	acc
      000153 8A 82            [24] 1408 	mov	dpl,r2
      000155 8B 83            [24] 1409 	mov	dph,r3
      000157 8F F0            [24] 1410 	mov	b,r7
      000159 78r00            [12] 1411 	mov	r0,#_memcpy
      00015B 79s00            [12] 1412 	mov	r1,#(_memcpy >> 8)
      00015D 7As00            [12] 1413 	mov	r2,#(_memcpy >> 16)
      00015F 12r00r00         [24] 1414 	lcall	__sdcc_banked_call
      000162 E5 81            [12] 1415 	mov	a,sp
      000164 24 FB            [12] 1416 	add	a,#0xfb
      000166 F5 81            [12] 1417 	mov	sp,a
      000168 D0 04            [24] 1418 	pop	ar4
      00016A D0 05            [24] 1419 	pop	ar5
      00016C D0 06            [24] 1420 	pop	ar6
                                   1421 ;	/opt/contiki/core/net/ip/uip-udp-packet.c:95: c->rport = toport;
      00016E 8C 82            [24] 1422 	mov	dpl,r4
      000170 8D 83            [24] 1423 	mov	dph,r5
      000172 8E F0            [24] 1424 	mov	b,r6
      000174 E5 81            [12] 1425 	mov	a,sp
      000176 24 DB            [12] 1426 	add	a,#0xdb
      000178 F8               [12] 1427 	mov	r0,a
      000179 E6               [12] 1428 	mov	a,@r0
      00017A 12r00r00         [24] 1429 	lcall	__gptrput
      00017D A3               [24] 1430 	inc	dptr
      00017E 08               [12] 1431 	inc	r0
      00017F E6               [12] 1432 	mov	a,@r0
      000180 12r00r00         [24] 1433 	lcall	__gptrput
                                   1434 ;	/opt/contiki/core/net/ip/uip-udp-packet.c:97: uip_udp_packet_send(c, data, len);
      000183 E5 81            [12] 1435 	mov	a,sp
      000185 24 E0            [12] 1436 	add	a,#0xe0
      000187 F8               [12] 1437 	mov	r0,a
      000188 E6               [12] 1438 	mov	a,@r0
      000189 C0 E0            [24] 1439 	push	acc
      00018B 08               [12] 1440 	inc	r0
      00018C E6               [12] 1441 	mov	a,@r0
      00018D C0 E0            [24] 1442 	push	acc
      00018F E5 81            [12] 1443 	mov	a,sp
      000191 24 E0            [12] 1444 	add	a,#0xe0
      000193 F8               [12] 1445 	mov	r0,a
      000194 E6               [12] 1446 	mov	a,@r0
      000195 C0 E0            [24] 1447 	push	acc
      000197 08               [12] 1448 	inc	r0
      000198 E6               [12] 1449 	mov	a,@r0
      000199 C0 E0            [24] 1450 	push	acc
      00019B 08               [12] 1451 	inc	r0
      00019C E6               [12] 1452 	mov	a,@r0
      00019D C0 E0            [24] 1453 	push	acc
      00019F E5 81            [12] 1454 	mov	a,sp
      0001A1 24 E3            [12] 1455 	add	a,#0xe3
      0001A3 F8               [12] 1456 	mov	r0,a
      0001A4 86 82            [24] 1457 	mov	dpl,@r0
      0001A6 08               [12] 1458 	inc	r0
      0001A7 86 83            [24] 1459 	mov	dph,@r0
      0001A9 08               [12] 1460 	inc	r0
      0001AA 86 F0            [24] 1461 	mov	b,@r0
      0001AC 78r00            [12] 1462 	mov	r0,#_uip_udp_packet_send
      0001AE 79s00            [12] 1463 	mov	r1,#(_uip_udp_packet_send >> 8)
      0001B0 7As00            [12] 1464 	mov	r2,#(_uip_udp_packet_send >> 16)
      0001B2 12r00r00         [24] 1465 	lcall	__sdcc_banked_call
      0001B5 E5 81            [12] 1466 	mov	a,sp
      0001B7 24 FB            [12] 1467 	add	a,#0xfb
                                   1468 ;	/opt/contiki/core/net/ip/uip-udp-packet.c:100: uip_ipaddr_copy(&c->ripaddr, &curaddr);
      0001B9 F5 81            [12] 1469 	mov	sp,a
      0001BB 24 EE            [12] 1470 	add	a,#0xee
      0001BD F8               [12] 1471 	mov	r0,a
      0001BE 86 07            [24] 1472 	mov	ar7,@r0
      0001C0 7E 00            [12] 1473 	mov	r6,#0x00
      0001C2 7D 40            [12] 1474 	mov	r5,#0x40
      0001C4 E5 81            [12] 1475 	mov	a,sp
      0001C6 24 E8            [12] 1476 	add	a,#0xe8
      0001C8 F8               [12] 1477 	mov	r0,a
      0001C9 86 02            [24] 1478 	mov	ar2,@r0
      0001CB 08               [12] 1479 	inc	r0
      0001CC 86 03            [24] 1480 	mov	ar3,@r0
      0001CE 08               [12] 1481 	inc	r0
      0001CF 86 04            [24] 1482 	mov	ar4,@r0
      0001D1 74 10            [12] 1483 	mov	a,#0x10
      0001D3 C0 E0            [24] 1484 	push	acc
      0001D5 E4               [12] 1485 	clr	a
      0001D6 C0 E0            [24] 1486 	push	acc
      0001D8 C0 07            [24] 1487 	push	ar7
      0001DA C0 06            [24] 1488 	push	ar6
      0001DC C0 05            [24] 1489 	push	ar5
      0001DE 8A 82            [24] 1490 	mov	dpl,r2
      0001E0 8B 83            [24] 1491 	mov	dph,r3
      0001E2 8C F0            [24] 1492 	mov	b,r4
      0001E4 78r00            [12] 1493 	mov	r0,#_memcpy
      0001E6 79s00            [12] 1494 	mov	r1,#(_memcpy >> 8)
      0001E8 7As00            [12] 1495 	mov	r2,#(_memcpy >> 16)
      0001EA 12r00r00         [24] 1496 	lcall	__sdcc_banked_call
      0001ED E5 81            [12] 1497 	mov	a,sp
      0001EF 24 FB            [12] 1498 	add	a,#0xfb
                                   1499 ;	/opt/contiki/core/net/ip/uip-udp-packet.c:101: c->rport = curport;
      0001F1 F5 81            [12] 1500 	mov	sp,a
      0001F3 24 E8            [12] 1501 	add	a,#0xe8
      0001F5 F8               [12] 1502 	mov	r0,a
      0001F6 74 12            [12] 1503 	mov	a,#0x12
      0001F8 26               [12] 1504 	add	a,@r0
      0001F9 FD               [12] 1505 	mov	r5,a
      0001FA E4               [12] 1506 	clr	a
      0001FB 08               [12] 1507 	inc	r0
      0001FC 36               [12] 1508 	addc	a,@r0
      0001FD FE               [12] 1509 	mov	r6,a
      0001FE 08               [12] 1510 	inc	r0
      0001FF 86 07            [24] 1511 	mov	ar7,@r0
      000201 8D 82            [24] 1512 	mov	dpl,r5
      000203 8E 83            [24] 1513 	mov	dph,r6
      000205 8F F0            [24] 1514 	mov	b,r7
      000207 A8 81            [24] 1515 	mov	r0,sp
      000209 18               [12] 1516 	dec	r0
      00020A E6               [12] 1517 	mov	a,@r0
      00020B 12r00r00         [24] 1518 	lcall	__gptrput
      00020E A3               [24] 1519 	inc	dptr
      00020F 08               [12] 1520 	inc	r0
      000210 E6               [12] 1521 	mov	a,@r0
      000211 12r00r00         [24] 1522 	lcall	__gptrput
      000214                       1523 00103$:
      000214 E5 81            [12] 1524 	mov	a,sp
      000216 24 E7            [12] 1525 	add	a,#0xE7
      000218 F5 81            [12] 1526 	mov	sp,a
      00021A 02r00r00         [24] 1527 	ljmp	__sdcc_banked_ret
                                   1528 	.area CSEG    (CODE)
                                   1529 	.area CONST   (CODE)
                                   1530 	.area XINIT   (CODE)
                                   1531 	.area CABS    (ABS,CODE)
