                                      1 ;--------------------------------------------------------
                                      2 ; File Created by SDCC : free open source ANSI-C Compiler
                                      3 ; Version 3.5.5 #9380 (Linux)
                                      4 ; This file was generated Wed Nov 18 02:57:30 2015
                                      5 ;--------------------------------------------------------
                                      6 	.module unicast
                                      7 	.optsdcc -mmcs51 --model-huge
                                      8 	
                                      9 ;--------------------------------------------------------
                                     10 ; Public variables in this module
                                     11 ;--------------------------------------------------------
                                     12 	.globl _broadcast_send
                                     13 	.globl _broadcast_close
                                     14 	.globl _broadcast_open
                                     15 	.globl _channel_set_attributes
                                     16 	.globl _packetbuf_addr
                                     17 	.globl _packetbuf_set_addr
                                     18 	.globl _linkaddr_cmp
                                     19 	.globl _ACTIVE
                                     20 	.globl _TX_BYTE
                                     21 	.globl _RX_BYTE
                                     22 	.globl _ERR
                                     23 	.globl _FE
                                     24 	.globl _SLAVE
                                     25 	.globl _RE
                                     26 	.globl _MODE
                                     27 	.globl _T3OVFIF
                                     28 	.globl _T3CH0IF
                                     29 	.globl _T3CH1IF
                                     30 	.globl _T4OVFIF
                                     31 	.globl _T4CH0IF
                                     32 	.globl _T4CH1IF
                                     33 	.globl _OVFIM
                                     34 	.globl _B_0
                                     35 	.globl _B_1
                                     36 	.globl _B_2
                                     37 	.globl _B_3
                                     38 	.globl _B_4
                                     39 	.globl _B_5
                                     40 	.globl _B_6
                                     41 	.globl _B_7
                                     42 	.globl _P2IF
                                     43 	.globl _UTX0IF
                                     44 	.globl _UTX1IF
                                     45 	.globl _P1IF
                                     46 	.globl _WDTIF
                                     47 	.globl _ACC_0
                                     48 	.globl _ACC_1
                                     49 	.globl _ACC_2
                                     50 	.globl _ACC_3
                                     51 	.globl _ACC_4
                                     52 	.globl _ACC_5
                                     53 	.globl _ACC_6
                                     54 	.globl _ACC_7
                                     55 	.globl _P
                                     56 	.globl _F1
                                     57 	.globl _OV
                                     58 	.globl _RS0
                                     59 	.globl _RS1
                                     60 	.globl _F0
                                     61 	.globl _AC
                                     62 	.globl _CY
                                     63 	.globl _DMAIF
                                     64 	.globl _T1IF
                                     65 	.globl _T2IF
                                     66 	.globl _T3IF
                                     67 	.globl _T4IF
                                     68 	.globl _P0IF
                                     69 	.globl _STIF
                                     70 	.globl _DMAIE
                                     71 	.globl _T1IE
                                     72 	.globl _T2IE
                                     73 	.globl _T3IE
                                     74 	.globl _T4IE
                                     75 	.globl _P0IE
                                     76 	.globl _RFERRIE
                                     77 	.globl _ADCIE
                                     78 	.globl _URX0IE
                                     79 	.globl _URX1IE
                                     80 	.globl _ENCIE
                                     81 	.globl _STIE
                                     82 	.globl _EA
                                     83 	.globl _P2_0
                                     84 	.globl _P2_1
                                     85 	.globl _P2_2
                                     86 	.globl _P2_3
                                     87 	.globl _P2_4
                                     88 	.globl _P2_5
                                     89 	.globl _P2_6
                                     90 	.globl _P2_7
                                     91 	.globl _ENCIF_0
                                     92 	.globl _ENCIF_1
                                     93 	.globl _P1_0
                                     94 	.globl _P1_1
                                     95 	.globl _P1_2
                                     96 	.globl _P1_3
                                     97 	.globl _P1_4
                                     98 	.globl _P1_5
                                     99 	.globl _P1_6
                                    100 	.globl _P1_7
                                    101 	.globl _IT0
                                    102 	.globl _RFERRIF
                                    103 	.globl _IT1
                                    104 	.globl _URX0IF
                                    105 	.globl _ADCIF
                                    106 	.globl _URX1IF
                                    107 	.globl _P0_0
                                    108 	.globl _P0_1
                                    109 	.globl _P0_2
                                    110 	.globl _P0_3
                                    111 	.globl _P0_4
                                    112 	.globl _P0_5
                                    113 	.globl _P0_6
                                    114 	.globl _P0_7
                                    115 	.globl _WDCTL
                                    116 	.globl _U1GCR
                                    117 	.globl _U1UCR
                                    118 	.globl _U1BAUD
                                    119 	.globl _U1DBUF
                                    120 	.globl _U1CSR
                                    121 	.globl _U0GCR
                                    122 	.globl _U0UCR
                                    123 	.globl _U0BAUD
                                    124 	.globl _U0DBUF
                                    125 	.globl _U0CSR
                                    126 	.globl _TIMIF
                                    127 	.globl _T4CC1
                                    128 	.globl _T4CCTL1
                                    129 	.globl _T4CC0
                                    130 	.globl _T4CCTL0
                                    131 	.globl _T4CTL
                                    132 	.globl _T4CNT
                                    133 	.globl _T3CC1
                                    134 	.globl _T3CCTL1
                                    135 	.globl _T3CC0
                                    136 	.globl _T3CCTL0
                                    137 	.globl _T3CTL
                                    138 	.globl _T3CNT
                                    139 	.globl _T2MSEL
                                    140 	.globl _T2IRQM
                                    141 	.globl _T2MOVF2
                                    142 	.globl _T2MOVF1
                                    143 	.globl _T2MOVF0
                                    144 	.globl _T2M1
                                    145 	.globl _T2M0
                                    146 	.globl _T2IRQF
                                    147 	.globl _T2EVTCFG
                                    148 	.globl _T2CTRL
                                    149 	.globl _T1STAT
                                    150 	.globl _T1CCTL2
                                    151 	.globl _T1CCTL1
                                    152 	.globl _T1CCTL0
                                    153 	.globl _T1CTL
                                    154 	.globl _T1CNTH
                                    155 	.globl _T1CNTL
                                    156 	.globl _T1CC2H
                                    157 	.globl _T1CC2L
                                    158 	.globl _T1CC1H
                                    159 	.globl _T1CC1L
                                    160 	.globl _T1CC0H
                                    161 	.globl _T1CC0L
                                    162 	.globl _CLKCONSTA
                                    163 	.globl _CLKCONCMD
                                    164 	.globl _SLEEPSTA
                                    165 	.globl _SLEEPCMD
                                    166 	.globl _STLOAD
                                    167 	.globl _ST2
                                    168 	.globl _ST1
                                    169 	.globl _ST0
                                    170 	.globl _RFERRF
                                    171 	.globl _RFIRQF0
                                    172 	.globl _RFST
                                    173 	.globl _RFD
                                    174 	.globl _RFIRQF1
                                    175 	.globl _PSBANK
                                    176 	.globl _FMAP
                                    177 	.globl _MEMCTR
                                    178 	.globl __XPAGE
                                    179 	.globl _MPAGE
                                    180 	.globl _PMUX
                                    181 	.globl _P2DIR
                                    182 	.globl _P1DIR
                                    183 	.globl _P0DIR
                                    184 	.globl _P2INP
                                    185 	.globl _P1INP
                                    186 	.globl _P2SEL
                                    187 	.globl _P1SEL
                                    188 	.globl _P0SEL
                                    189 	.globl _APCFG
                                    190 	.globl _PERCFG
                                    191 	.globl _P0INP
                                    192 	.globl _P2IEN
                                    193 	.globl _P1IEN
                                    194 	.globl _P0IEN
                                    195 	.globl _PICTL
                                    196 	.globl _P2IFG
                                    197 	.globl _P1IFG
                                    198 	.globl _P0IFG
                                    199 	.globl _DMAREQ
                                    200 	.globl _DMAARM
                                    201 	.globl _DMA0CFGH
                                    202 	.globl _DMA0CFGL
                                    203 	.globl _DMA1CFGH
                                    204 	.globl _DMA1CFGL
                                    205 	.globl _DMAIRQ
                                    206 	.globl _ENCCS
                                    207 	.globl _ENCDO
                                    208 	.globl _ENCDI
                                    209 	.globl _RNDH
                                    210 	.globl _RNDL
                                    211 	.globl _ADCH
                                    212 	.globl _ADCL
                                    213 	.globl _ADCCON3
                                    214 	.globl _ADCCON2
                                    215 	.globl _ADCCON1
                                    216 	.globl _B
                                    217 	.globl _IRCON2
                                    218 	.globl _ACC
                                    219 	.globl _PSW
                                    220 	.globl _IRCON
                                    221 	.globl _IP1
                                    222 	.globl _IEN1
                                    223 	.globl _IP0
                                    224 	.globl _IEN0
                                    225 	.globl _P2
                                    226 	.globl _S1CON
                                    227 	.globl _IEN2
                                    228 	.globl _S0CON
                                    229 	.globl _DPS
                                    230 	.globl _P1
                                    231 	.globl _TCON
                                    232 	.globl _PCON
                                    233 	.globl _DPH1
                                    234 	.globl _DPL1
                                    235 	.globl _DPH0
                                    236 	.globl _DPL0
                                    237 	.globl _SP
                                    238 	.globl _P0
                                    239 	.globl _X_IEEE_ADDR
                                    240 	.globl _X_INFOPAGE
                                    241 	.globl _X_P2DIR
                                    242 	.globl _X_P1DIR
                                    243 	.globl _X_P0DIR
                                    244 	.globl _X_U1GCR
                                    245 	.globl _X_U1UCR
                                    246 	.globl _X_U1BAUD
                                    247 	.globl _X_U1DBUF
                                    248 	.globl _X_U1CSR
                                    249 	.globl _X_P2INP
                                    250 	.globl _X_P1INP
                                    251 	.globl _X_P2SEL
                                    252 	.globl _X_P1SEL
                                    253 	.globl _X_P0SEL
                                    254 	.globl _X_APCFG
                                    255 	.globl _X_PERCFG
                                    256 	.globl _X_T4CC1
                                    257 	.globl _X_T4CCTL1
                                    258 	.globl _X_T4CC0
                                    259 	.globl _X_T4CCTL0
                                    260 	.globl _X_T4CTL
                                    261 	.globl _X_T4CNT
                                    262 	.globl _X_RFIRQF0
                                    263 	.globl _X_T1CCTL2
                                    264 	.globl _X_T1CCTL1
                                    265 	.globl _X_T1CCTL0
                                    266 	.globl _X_T1CTL
                                    267 	.globl _X_T1CNTH
                                    268 	.globl _X_T1CNTL
                                    269 	.globl _X_RFST
                                    270 	.globl _X_T1CC2H
                                    271 	.globl _X_T1CC2L
                                    272 	.globl _X_T1CC1H
                                    273 	.globl _X_T1CC1L
                                    274 	.globl _X_T1CC0H
                                    275 	.globl _X_T1CC0L
                                    276 	.globl _X_RFD
                                    277 	.globl _X_TIMIF
                                    278 	.globl _X_DMAREQ
                                    279 	.globl _X_DMAARM
                                    280 	.globl _X_DMA0CFGH
                                    281 	.globl _X_DMA0CFGL
                                    282 	.globl _X_DMA1CFGH
                                    283 	.globl _X_DMA1CFGL
                                    284 	.globl _X_DMAIRQ
                                    285 	.globl _X_T3CC1
                                    286 	.globl _X_T3CCTL1
                                    287 	.globl _X_T3CC0
                                    288 	.globl _X_T3CCTL0
                                    289 	.globl _X_T3CTL
                                    290 	.globl _X_T3CNT
                                    291 	.globl _X_WDCTL
                                    292 	.globl _X_MEMCTR
                                    293 	.globl _X_CLKCONCMD
                                    294 	.globl _X_U0GCR
                                    295 	.globl _X_U0UCR
                                    296 	.globl _X_T2MSEL
                                    297 	.globl _X_U0BAUD
                                    298 	.globl _X_U0DBUF
                                    299 	.globl _X_RFERRF
                                    300 	.globl _X_SLEEPCMD
                                    301 	.globl _X_RNDH
                                    302 	.globl _X_RNDL
                                    303 	.globl _X_ADCH
                                    304 	.globl _X_ADCL
                                    305 	.globl _X_ADCCON3
                                    306 	.globl _X_ADCCON2
                                    307 	.globl _X_ADCCON1
                                    308 	.globl _X_ENCCS
                                    309 	.globl _X_ENCDO
                                    310 	.globl _X_ENCDI
                                    311 	.globl _X_T1STAT
                                    312 	.globl _X_PMUX
                                    313 	.globl _X_STLOAD
                                    314 	.globl _X_P2IEN
                                    315 	.globl _X_P0IEN
                                    316 	.globl _X_T2IRQM
                                    317 	.globl _X_T2MOVF2
                                    318 	.globl _X_T2MOVF1
                                    319 	.globl _X_T2MOVF0
                                    320 	.globl _X_T2M1
                                    321 	.globl _X_T2M0
                                    322 	.globl _X_T2IRQF
                                    323 	.globl _X_P2
                                    324 	.globl _X_PSBANK
                                    325 	.globl _X_FMAP
                                    326 	.globl _X_CLKCONSTA
                                    327 	.globl _X_SLEEPSTA
                                    328 	.globl _X_T2EVTCFG
                                    329 	.globl _X_ST2
                                    330 	.globl _X_ST1
                                    331 	.globl _X_ST0
                                    332 	.globl _X_T2CTRL
                                    333 	.globl _X__XPAGE
                                    334 	.globl _X_MPAGE
                                    335 	.globl _X_RFIRQF1
                                    336 	.globl _X_P1
                                    337 	.globl _X_P0INP
                                    338 	.globl _X_P1IEN
                                    339 	.globl _X_PICTL
                                    340 	.globl _X_P2IFG
                                    341 	.globl _X_P1IFG
                                    342 	.globl _X_P0IFG
                                    343 	.globl _X_U0CSR
                                    344 	.globl _X_P0
                                    345 	.globl _USBF5
                                    346 	.globl _USBF4
                                    347 	.globl _USBF3
                                    348 	.globl _USBF2
                                    349 	.globl _USBF1
                                    350 	.globl _USBF0
                                    351 	.globl _USBCNTH
                                    352 	.globl _USBCNTL
                                    353 	.globl _USBCNT0
                                    354 	.globl _USBCSOH
                                    355 	.globl _USBCSOL
                                    356 	.globl _USBMAXO
                                    357 	.globl _USBCSIH
                                    358 	.globl _USBCSIL
                                    359 	.globl _USBCS0
                                    360 	.globl _USBMAXI
                                    361 	.globl _USBCTRL
                                    362 	.globl _USBINDEX
                                    363 	.globl _USBFRMH
                                    364 	.globl _USBFRML
                                    365 	.globl _USBCIE
                                    366 	.globl _USBOIE
                                    367 	.globl _USBIIE
                                    368 	.globl _USBCIF
                                    369 	.globl _USBOIF
                                    370 	.globl _USBIIF
                                    371 	.globl _USBPOW
                                    372 	.globl _USBADDR
                                    373 	.globl _CSPT
                                    374 	.globl _CSPZ
                                    375 	.globl _CSPY
                                    376 	.globl _CSPX
                                    377 	.globl _CSPSTAT
                                    378 	.globl _CSPCTRL
                                    379 	.globl _CSPPROG23
                                    380 	.globl _CSPPROG22
                                    381 	.globl _CSPPROG21
                                    382 	.globl _CSPPROG20
                                    383 	.globl _CSPPROG19
                                    384 	.globl _CSPPROG18
                                    385 	.globl _CSPPROG17
                                    386 	.globl _CSPPROG16
                                    387 	.globl _CSPPROG15
                                    388 	.globl _CSPPROG14
                                    389 	.globl _CSPPROG13
                                    390 	.globl _CSPPROG12
                                    391 	.globl _CSPPROG11
                                    392 	.globl _CSPPROG10
                                    393 	.globl _CSPPROG9
                                    394 	.globl _CSPPROG8
                                    395 	.globl _CSPPROG7
                                    396 	.globl _CSPPROG6
                                    397 	.globl _CSPPROG5
                                    398 	.globl _CSPPROG4
                                    399 	.globl _CSPPROG3
                                    400 	.globl _CSPPROG2
                                    401 	.globl _CSPPROG1
                                    402 	.globl _CSPPROG0
                                    403 	.globl _RFC_OBS_CTRL2
                                    404 	.globl _RFC_OBS_CTRL1
                                    405 	.globl _RFC_OBS_CTRL0
                                    406 	.globl _TXFILTCFG
                                    407 	.globl _PTEST1
                                    408 	.globl _PTEST0
                                    409 	.globl _ATEST
                                    410 	.globl _DACTEST2
                                    411 	.globl _DACTEST1
                                    412 	.globl _DACTEST0
                                    413 	.globl _MDMTEST1
                                    414 	.globl _MDMTEST0
                                    415 	.globl _ADCTEST2
                                    416 	.globl _ADCTEST1
                                    417 	.globl _ADCTEST0
                                    418 	.globl _AGCCTRL3
                                    419 	.globl _AGCCTRL2
                                    420 	.globl _AGCCTRL1
                                    421 	.globl _AGCCTRL0
                                    422 	.globl _FSCAL3
                                    423 	.globl _FSCAL2
                                    424 	.globl _FSCAL1
                                    425 	.globl _FSCAL0
                                    426 	.globl _FSCTRL
                                    427 	.globl _RXCTRL
                                    428 	.globl _FREQEST
                                    429 	.globl _MDMCTRL1
                                    430 	.globl _MDMCTRL0
                                    431 	.globl _RFRND
                                    432 	.globl _RFERRM
                                    433 	.globl _RFIRQM1
                                    434 	.globl _RFIRQM0
                                    435 	.globl _TXLAST_PTR
                                    436 	.globl _TXFIRST_PTR
                                    437 	.globl _RXP1_PTR
                                    438 	.globl _RXLAST_PTR
                                    439 	.globl _RXFIRST_PTR
                                    440 	.globl _TXFIFOCNT
                                    441 	.globl _RXFIFOCNT
                                    442 	.globl _RXFIRST
                                    443 	.globl _RSSISTAT
                                    444 	.globl _RSSI
                                    445 	.globl _CCACTRL1
                                    446 	.globl _CCACTRL0
                                    447 	.globl _FSMCTRL
                                    448 	.globl _FIFOPCTRL
                                    449 	.globl _FSMSTAT1
                                    450 	.globl _FSMSTAT0
                                    451 	.globl _TXCTRL
                                    452 	.globl _TXPOWER
                                    453 	.globl _FREQCTRL
                                    454 	.globl _FREQTUNE
                                    455 	.globl _RXMASKCLR
                                    456 	.globl _RXMASKSET
                                    457 	.globl _RXENABLE
                                    458 	.globl _FRMCTRL1
                                    459 	.globl _FRMCTRL0
                                    460 	.globl _SRCEXTEN2
                                    461 	.globl _SRCEXTEN1
                                    462 	.globl _SRCEXTEN0
                                    463 	.globl _SRCSHORTEN2
                                    464 	.globl _SRCSHORTEN1
                                    465 	.globl _SRCSHORTEN0
                                    466 	.globl _SRCMATCH
                                    467 	.globl _FRMFILT1
                                    468 	.globl _FRMFILT0
                                    469 	.globl _SHORT_ADDR1
                                    470 	.globl _SHORT_ADDR0
                                    471 	.globl _PAN_ID1
                                    472 	.globl _PAN_ID0
                                    473 	.globl _EXT_ADDR7
                                    474 	.globl _EXT_ADDR6
                                    475 	.globl _EXT_ADDR5
                                    476 	.globl _EXT_ADDR4
                                    477 	.globl _EXT_ADDR3
                                    478 	.globl _EXT_ADDR2
                                    479 	.globl _EXT_ADDR1
                                    480 	.globl _EXT_ADDR0
                                    481 	.globl _SRCSHORTPENDEN2
                                    482 	.globl _SRCSHORTPENDEN1
                                    483 	.globl _SRCSHORTPENDEN0
                                    484 	.globl _SRCEXTPENDEN2
                                    485 	.globl _SRCEXTPENDEN1
                                    486 	.globl _SRCEXTPENDEN0
                                    487 	.globl _SRCRESINDEX
                                    488 	.globl _SRCRESMASK2
                                    489 	.globl _SRCRESMASK1
                                    490 	.globl _SRCRESMASK0
                                    491 	.globl _SRC_ADDR_TABLE
                                    492 	.globl _TXFIFO
                                    493 	.globl _RXFIFO
                                    494 	.globl _RFCORE_RAM
                                    495 	.globl _CMPCTL
                                    496 	.globl _OPAMPS
                                    497 	.globl _OPAMPC
                                    498 	.globl _STCV2
                                    499 	.globl _STCV1
                                    500 	.globl _STCV0
                                    501 	.globl _STCS
                                    502 	.globl _STCC
                                    503 	.globl _T1CC4H
                                    504 	.globl _T1CC4L
                                    505 	.globl _T1CC3H
                                    506 	.globl _T1CC3L
                                    507 	.globl _XX_T1CC2H
                                    508 	.globl _XX_T1CC2L
                                    509 	.globl _XX_T1CC1H
                                    510 	.globl _XX_T1CC1L
                                    511 	.globl _XX_T1CC0H
                                    512 	.globl _XX_T1CC0L
                                    513 	.globl _T1CCTL4
                                    514 	.globl _T1CCTL3
                                    515 	.globl _XX_T1CCTL2
                                    516 	.globl _XX_T1CCTL1
                                    517 	.globl _XX_T1CCTL0
                                    518 	.globl _CLD
                                    519 	.globl _IRCTL
                                    520 	.globl _CHIPINFO1
                                    521 	.globl _CHIPINFO0
                                    522 	.globl _FWDATA
                                    523 	.globl _FADDRH
                                    524 	.globl _FADDRL
                                    525 	.globl _FCTL
                                    526 	.globl _IVCTRL
                                    527 	.globl _BATTMON
                                    528 	.globl _SRCRC
                                    529 	.globl _DBGDATA
                                    530 	.globl _TESTREG0
                                    531 	.globl _CHIPID
                                    532 	.globl _CHVER
                                    533 	.globl _OBSSEL5
                                    534 	.globl _OBSSEL4
                                    535 	.globl _OBSSEL3
                                    536 	.globl _OBSSEL2
                                    537 	.globl _OBSSEL1
                                    538 	.globl _OBSSEL0
                                    539 	.globl _I2CIO
                                    540 	.globl _I2CWC
                                    541 	.globl _I2CADDR
                                    542 	.globl _I2CDATA
                                    543 	.globl _I2CSTAT
                                    544 	.globl _I2CCFG
                                    545 	.globl _OPAMPMC
                                    546 	.globl _MONMUX
                                    547 	.globl _unicast_open
                                    548 	.globl _unicast_close
                                    549 	.globl _unicast_send
                                    550 ;--------------------------------------------------------
                                    551 ; special function registers
                                    552 ;--------------------------------------------------------
                                    553 	.area RSEG    (ABS,DATA)
      000000                        554 	.org 0x0000
                           000080   555 _P0	=	0x0080
                           000081   556 _SP	=	0x0081
                           000082   557 _DPL0	=	0x0082
                           000083   558 _DPH0	=	0x0083
                           000084   559 _DPL1	=	0x0084
                           000085   560 _DPH1	=	0x0085
                           000087   561 _PCON	=	0x0087
                           000088   562 _TCON	=	0x0088
                           000090   563 _P1	=	0x0090
                           000092   564 _DPS	=	0x0092
                           000098   565 _S0CON	=	0x0098
                           00009A   566 _IEN2	=	0x009a
                           00009B   567 _S1CON	=	0x009b
                           0000A0   568 _P2	=	0x00a0
                           0000A8   569 _IEN0	=	0x00a8
                           0000A9   570 _IP0	=	0x00a9
                           0000B8   571 _IEN1	=	0x00b8
                           0000B9   572 _IP1	=	0x00b9
                           0000C0   573 _IRCON	=	0x00c0
                           0000D0   574 _PSW	=	0x00d0
                           0000E0   575 _ACC	=	0x00e0
                           0000E8   576 _IRCON2	=	0x00e8
                           0000F0   577 _B	=	0x00f0
                           0000B4   578 _ADCCON1	=	0x00b4
                           0000B5   579 _ADCCON2	=	0x00b5
                           0000B6   580 _ADCCON3	=	0x00b6
                           0000BA   581 _ADCL	=	0x00ba
                           0000BB   582 _ADCH	=	0x00bb
                           0000BC   583 _RNDL	=	0x00bc
                           0000BD   584 _RNDH	=	0x00bd
                           0000B1   585 _ENCDI	=	0x00b1
                           0000B2   586 _ENCDO	=	0x00b2
                           0000B3   587 _ENCCS	=	0x00b3
                           0000D1   588 _DMAIRQ	=	0x00d1
                           0000D2   589 _DMA1CFGL	=	0x00d2
                           0000D3   590 _DMA1CFGH	=	0x00d3
                           0000D4   591 _DMA0CFGL	=	0x00d4
                           0000D5   592 _DMA0CFGH	=	0x00d5
                           0000D6   593 _DMAARM	=	0x00d6
                           0000D7   594 _DMAREQ	=	0x00d7
                           000089   595 _P0IFG	=	0x0089
                           00008A   596 _P1IFG	=	0x008a
                           00008B   597 _P2IFG	=	0x008b
                           00008C   598 _PICTL	=	0x008c
                           0000AB   599 _P0IEN	=	0x00ab
                           00008D   600 _P1IEN	=	0x008d
                           0000AC   601 _P2IEN	=	0x00ac
                           00008F   602 _P0INP	=	0x008f
                           0000F1   603 _PERCFG	=	0x00f1
                           0000F2   604 _APCFG	=	0x00f2
                           0000F3   605 _P0SEL	=	0x00f3
                           0000F4   606 _P1SEL	=	0x00f4
                           0000F5   607 _P2SEL	=	0x00f5
                           0000F6   608 _P1INP	=	0x00f6
                           0000F7   609 _P2INP	=	0x00f7
                           0000FD   610 _P0DIR	=	0x00fd
                           0000FE   611 _P1DIR	=	0x00fe
                           0000FF   612 _P2DIR	=	0x00ff
                           0000AE   613 _PMUX	=	0x00ae
                           000093   614 _MPAGE	=	0x0093
                           000093   615 __XPAGE	=	0x0093
                           0000C7   616 _MEMCTR	=	0x00c7
                           00009F   617 _FMAP	=	0x009f
                           00009F   618 _PSBANK	=	0x009f
                           000091   619 _RFIRQF1	=	0x0091
                           0000D9   620 _RFD	=	0x00d9
                           0000E1   621 _RFST	=	0x00e1
                           0000E9   622 _RFIRQF0	=	0x00e9
                           0000BF   623 _RFERRF	=	0x00bf
                           000095   624 _ST0	=	0x0095
                           000096   625 _ST1	=	0x0096
                           000097   626 _ST2	=	0x0097
                           0000AD   627 _STLOAD	=	0x00ad
                           0000BE   628 _SLEEPCMD	=	0x00be
                           00009D   629 _SLEEPSTA	=	0x009d
                           0000C6   630 _CLKCONCMD	=	0x00c6
                           00009E   631 _CLKCONSTA	=	0x009e
                           0000DA   632 _T1CC0L	=	0x00da
                           0000DB   633 _T1CC0H	=	0x00db
                           0000DC   634 _T1CC1L	=	0x00dc
                           0000DD   635 _T1CC1H	=	0x00dd
                           0000DE   636 _T1CC2L	=	0x00de
                           0000DF   637 _T1CC2H	=	0x00df
                           0000E2   638 _T1CNTL	=	0x00e2
                           0000E3   639 _T1CNTH	=	0x00e3
                           0000E4   640 _T1CTL	=	0x00e4
                           0000E5   641 _T1CCTL0	=	0x00e5
                           0000E6   642 _T1CCTL1	=	0x00e6
                           0000E7   643 _T1CCTL2	=	0x00e7
                           0000AF   644 _T1STAT	=	0x00af
                           000094   645 _T2CTRL	=	0x0094
                           00009C   646 _T2EVTCFG	=	0x009c
                           0000A1   647 _T2IRQF	=	0x00a1
                           0000A2   648 _T2M0	=	0x00a2
                           0000A3   649 _T2M1	=	0x00a3
                           0000A4   650 _T2MOVF0	=	0x00a4
                           0000A5   651 _T2MOVF1	=	0x00a5
                           0000A6   652 _T2MOVF2	=	0x00a6
                           0000A7   653 _T2IRQM	=	0x00a7
                           0000C3   654 _T2MSEL	=	0x00c3
                           0000CA   655 _T3CNT	=	0x00ca
                           0000CB   656 _T3CTL	=	0x00cb
                           0000CC   657 _T3CCTL0	=	0x00cc
                           0000CD   658 _T3CC0	=	0x00cd
                           0000CE   659 _T3CCTL1	=	0x00ce
                           0000CF   660 _T3CC1	=	0x00cf
                           0000EA   661 _T4CNT	=	0x00ea
                           0000EB   662 _T4CTL	=	0x00eb
                           0000EC   663 _T4CCTL0	=	0x00ec
                           0000ED   664 _T4CC0	=	0x00ed
                           0000EE   665 _T4CCTL1	=	0x00ee
                           0000EF   666 _T4CC1	=	0x00ef
                           0000D8   667 _TIMIF	=	0x00d8
                           000086   668 _U0CSR	=	0x0086
                           0000C1   669 _U0DBUF	=	0x00c1
                           0000C2   670 _U0BAUD	=	0x00c2
                           0000C4   671 _U0UCR	=	0x00c4
                           0000C5   672 _U0GCR	=	0x00c5
                           0000F8   673 _U1CSR	=	0x00f8
                           0000F9   674 _U1DBUF	=	0x00f9
                           0000FA   675 _U1BAUD	=	0x00fa
                           0000FB   676 _U1UCR	=	0x00fb
                           0000FC   677 _U1GCR	=	0x00fc
                           0000C9   678 _WDCTL	=	0x00c9
                                    679 ;--------------------------------------------------------
                                    680 ; special function bits
                                    681 ;--------------------------------------------------------
                                    682 	.area RSEG    (ABS,DATA)
      000000                        683 	.org 0x0000
                           000087   684 _P0_7	=	0x0087
                           000086   685 _P0_6	=	0x0086
                           000085   686 _P0_5	=	0x0085
                           000084   687 _P0_4	=	0x0084
                           000083   688 _P0_3	=	0x0083
                           000082   689 _P0_2	=	0x0082
                           000081   690 _P0_1	=	0x0081
                           000080   691 _P0_0	=	0x0080
                           00008F   692 _URX1IF	=	0x008f
                           00008D   693 _ADCIF	=	0x008d
                           00008B   694 _URX0IF	=	0x008b
                           00008A   695 _IT1	=	0x008a
                           000089   696 _RFERRIF	=	0x0089
                           000088   697 _IT0	=	0x0088
                           000097   698 _P1_7	=	0x0097
                           000096   699 _P1_6	=	0x0096
                           000095   700 _P1_5	=	0x0095
                           000094   701 _P1_4	=	0x0094
                           000093   702 _P1_3	=	0x0093
                           000092   703 _P1_2	=	0x0092
                           000091   704 _P1_1	=	0x0091
                           000090   705 _P1_0	=	0x0090
                           000099   706 _ENCIF_1	=	0x0099
                           000098   707 _ENCIF_0	=	0x0098
                           0000A7   708 _P2_7	=	0x00a7
                           0000A6   709 _P2_6	=	0x00a6
                           0000A5   710 _P2_5	=	0x00a5
                           0000A4   711 _P2_4	=	0x00a4
                           0000A3   712 _P2_3	=	0x00a3
                           0000A2   713 _P2_2	=	0x00a2
                           0000A1   714 _P2_1	=	0x00a1
                           0000A0   715 _P2_0	=	0x00a0
                           0000AF   716 _EA	=	0x00af
                           0000AD   717 _STIE	=	0x00ad
                           0000AC   718 _ENCIE	=	0x00ac
                           0000AB   719 _URX1IE	=	0x00ab
                           0000AA   720 _URX0IE	=	0x00aa
                           0000A9   721 _ADCIE	=	0x00a9
                           0000A8   722 _RFERRIE	=	0x00a8
                           0000BD   723 _P0IE	=	0x00bd
                           0000BC   724 _T4IE	=	0x00bc
                           0000BB   725 _T3IE	=	0x00bb
                           0000BA   726 _T2IE	=	0x00ba
                           0000B9   727 _T1IE	=	0x00b9
                           0000B8   728 _DMAIE	=	0x00b8
                           0000C7   729 _STIF	=	0x00c7
                           0000C5   730 _P0IF	=	0x00c5
                           0000C4   731 _T4IF	=	0x00c4
                           0000C3   732 _T3IF	=	0x00c3
                           0000C2   733 _T2IF	=	0x00c2
                           0000C1   734 _T1IF	=	0x00c1
                           0000C0   735 _DMAIF	=	0x00c0
                           0000D7   736 _CY	=	0x00d7
                           0000D6   737 _AC	=	0x00d6
                           0000D5   738 _F0	=	0x00d5
                           0000D4   739 _RS1	=	0x00d4
                           0000D3   740 _RS0	=	0x00d3
                           0000D2   741 _OV	=	0x00d2
                           0000D1   742 _F1	=	0x00d1
                           0000D0   743 _P	=	0x00d0
                           0000E7   744 _ACC_7	=	0x00e7
                           0000E6   745 _ACC_6	=	0x00e6
                           0000E5   746 _ACC_5	=	0x00e5
                           0000E4   747 _ACC_4	=	0x00e4
                           0000E3   748 _ACC_3	=	0x00e3
                           0000E2   749 _ACC_2	=	0x00e2
                           0000E1   750 _ACC_1	=	0x00e1
                           0000E0   751 _ACC_0	=	0x00e0
                           0000EC   752 _WDTIF	=	0x00ec
                           0000EB   753 _P1IF	=	0x00eb
                           0000EA   754 _UTX1IF	=	0x00ea
                           0000E9   755 _UTX0IF	=	0x00e9
                           0000E8   756 _P2IF	=	0x00e8
                           0000F7   757 _B_7	=	0x00f7
                           0000F6   758 _B_6	=	0x00f6
                           0000F5   759 _B_5	=	0x00f5
                           0000F4   760 _B_4	=	0x00f4
                           0000F3   761 _B_3	=	0x00f3
                           0000F2   762 _B_2	=	0x00f2
                           0000F1   763 _B_1	=	0x00f1
                           0000F0   764 _B_0	=	0x00f0
                           0000DE   765 _OVFIM	=	0x00de
                           0000DD   766 _T4CH1IF	=	0x00dd
                           0000DC   767 _T4CH0IF	=	0x00dc
                           0000DB   768 _T4OVFIF	=	0x00db
                           0000DA   769 _T3CH1IF	=	0x00da
                           0000D9   770 _T3CH0IF	=	0x00d9
                           0000D8   771 _T3OVFIF	=	0x00d8
                           0000FF   772 _MODE	=	0x00ff
                           0000FE   773 _RE	=	0x00fe
                           0000FD   774 _SLAVE	=	0x00fd
                           0000FC   775 _FE	=	0x00fc
                           0000FB   776 _ERR	=	0x00fb
                           0000FA   777 _RX_BYTE	=	0x00fa
                           0000F9   778 _TX_BYTE	=	0x00f9
                           0000F8   779 _ACTIVE	=	0x00f8
                                    780 ;--------------------------------------------------------
                                    781 ; overlayable register banks
                                    782 ;--------------------------------------------------------
                                    783 	.area REG_BANK_0	(REL,OVR,DATA)
      000000                        784 	.ds 8
                                    785 ;--------------------------------------------------------
                                    786 ; internal ram data
                                    787 ;--------------------------------------------------------
                                    788 	.area DSEG    (DATA)
                                    789 ;--------------------------------------------------------
                                    790 ; overlayable items in internal ram 
                                    791 ;--------------------------------------------------------
                                    792 ;--------------------------------------------------------
                                    793 ; indirectly addressable internal ram data
                                    794 ;--------------------------------------------------------
                                    795 	.area ISEG    (DATA)
                                    796 ;--------------------------------------------------------
                                    797 ; absolute internal ram data
                                    798 ;--------------------------------------------------------
                                    799 	.area IABS    (ABS,DATA)
                                    800 	.area IABS    (ABS,DATA)
                                    801 ;--------------------------------------------------------
                                    802 ; bit data
                                    803 ;--------------------------------------------------------
                                    804 	.area BSEG    (BIT)
                                    805 ;--------------------------------------------------------
                                    806 ; paged external ram data
                                    807 ;--------------------------------------------------------
                                    808 	.area PSEG    (PAG,XDATA)
                                    809 ;--------------------------------------------------------
                                    810 ; external ram data
                                    811 ;--------------------------------------------------------
                                    812 	.area XSEG    (XDATA)
                           0061A6   813 _MONMUX	=	0x61a6
                           0061A6   814 _OPAMPMC	=	0x61a6
                           006230   815 _I2CCFG	=	0x6230
                           006231   816 _I2CSTAT	=	0x6231
                           006232   817 _I2CDATA	=	0x6232
                           006233   818 _I2CADDR	=	0x6233
                           006234   819 _I2CWC	=	0x6234
                           006235   820 _I2CIO	=	0x6235
                           006243   821 _OBSSEL0	=	0x6243
                           006244   822 _OBSSEL1	=	0x6244
                           006245   823 _OBSSEL2	=	0x6245
                           006246   824 _OBSSEL3	=	0x6246
                           006247   825 _OBSSEL4	=	0x6247
                           006248   826 _OBSSEL5	=	0x6248
                           006249   827 _CHVER	=	0x6249
                           00624A   828 _CHIPID	=	0x624a
                           00624B   829 _TESTREG0	=	0x624b
                           006260   830 _DBGDATA	=	0x6260
                           006262   831 _SRCRC	=	0x6262
                           006264   832 _BATTMON	=	0x6264
                           006265   833 _IVCTRL	=	0x6265
                           006270   834 _FCTL	=	0x6270
                           006271   835 _FADDRL	=	0x6271
                           006272   836 _FADDRH	=	0x6272
                           006273   837 _FWDATA	=	0x6273
                           006276   838 _CHIPINFO0	=	0x6276
                           006277   839 _CHIPINFO1	=	0x6277
                           006281   840 _IRCTL	=	0x6281
                           006290   841 _CLD	=	0x6290
                           0062A0   842 _XX_T1CCTL0	=	0x62a0
                           0062A1   843 _XX_T1CCTL1	=	0x62a1
                           0062A2   844 _XX_T1CCTL2	=	0x62a2
                           0062A3   845 _T1CCTL3	=	0x62a3
                           0062A4   846 _T1CCTL4	=	0x62a4
                           0062A6   847 _XX_T1CC0L	=	0x62a6
                           0062A7   848 _XX_T1CC0H	=	0x62a7
                           0062A8   849 _XX_T1CC1L	=	0x62a8
                           0062A9   850 _XX_T1CC1H	=	0x62a9
                           0062AA   851 _XX_T1CC2L	=	0x62aa
                           0062AB   852 _XX_T1CC2H	=	0x62ab
                           0062AC   853 _T1CC3L	=	0x62ac
                           0062AD   854 _T1CC3H	=	0x62ad
                           0062AE   855 _T1CC4L	=	0x62ae
                           0062AF   856 _T1CC4H	=	0x62af
                           0062B0   857 _STCC	=	0x62b0
                           0062B1   858 _STCS	=	0x62b1
                           0062B2   859 _STCV0	=	0x62b2
                           0062B3   860 _STCV1	=	0x62b3
                           0062B4   861 _STCV2	=	0x62b4
                           0062C0   862 _OPAMPC	=	0x62c0
                           0062C1   863 _OPAMPS	=	0x62c1
                           0062D0   864 _CMPCTL	=	0x62d0
                           006000   865 _RFCORE_RAM	=	0x6000
                           006000   866 _RXFIFO	=	0x6000
                           006080   867 _TXFIFO	=	0x6080
                           006100   868 _SRC_ADDR_TABLE	=	0x6100
                           006160   869 _SRCRESMASK0	=	0x6160
                           006161   870 _SRCRESMASK1	=	0x6161
                           006162   871 _SRCRESMASK2	=	0x6162
                           006163   872 _SRCRESINDEX	=	0x6163
                           006164   873 _SRCEXTPENDEN0	=	0x6164
                           006165   874 _SRCEXTPENDEN1	=	0x6165
                           006166   875 _SRCEXTPENDEN2	=	0x6166
                           006167   876 _SRCSHORTPENDEN0	=	0x6167
                           006168   877 _SRCSHORTPENDEN1	=	0x6168
                           006169   878 _SRCSHORTPENDEN2	=	0x6169
                           00616A   879 _EXT_ADDR0	=	0x616a
                           00616B   880 _EXT_ADDR1	=	0x616b
                           00616C   881 _EXT_ADDR2	=	0x616c
                           00616D   882 _EXT_ADDR3	=	0x616d
                           00616E   883 _EXT_ADDR4	=	0x616e
                           00616F   884 _EXT_ADDR5	=	0x616f
                           006170   885 _EXT_ADDR6	=	0x6170
                           006171   886 _EXT_ADDR7	=	0x6171
                           006172   887 _PAN_ID0	=	0x6172
                           006173   888 _PAN_ID1	=	0x6173
                           006174   889 _SHORT_ADDR0	=	0x6174
                           006175   890 _SHORT_ADDR1	=	0x6175
                           006180   891 _FRMFILT0	=	0x6180
                           006181   892 _FRMFILT1	=	0x6181
                           006182   893 _SRCMATCH	=	0x6182
                           006183   894 _SRCSHORTEN0	=	0x6183
                           006184   895 _SRCSHORTEN1	=	0x6184
                           006185   896 _SRCSHORTEN2	=	0x6185
                           006186   897 _SRCEXTEN0	=	0x6186
                           006187   898 _SRCEXTEN1	=	0x6187
                           006188   899 _SRCEXTEN2	=	0x6188
                           006189   900 _FRMCTRL0	=	0x6189
                           00618A   901 _FRMCTRL1	=	0x618a
                           00618B   902 _RXENABLE	=	0x618b
                           00618C   903 _RXMASKSET	=	0x618c
                           00618D   904 _RXMASKCLR	=	0x618d
                           00618E   905 _FREQTUNE	=	0x618e
                           00618F   906 _FREQCTRL	=	0x618f
                           006190   907 _TXPOWER	=	0x6190
                           006191   908 _TXCTRL	=	0x6191
                           006192   909 _FSMSTAT0	=	0x6192
                           006193   910 _FSMSTAT1	=	0x6193
                           006194   911 _FIFOPCTRL	=	0x6194
                           006195   912 _FSMCTRL	=	0x6195
                           006196   913 _CCACTRL0	=	0x6196
                           006197   914 _CCACTRL1	=	0x6197
                           006198   915 _RSSI	=	0x6198
                           006199   916 _RSSISTAT	=	0x6199
                           00619A   917 _RXFIRST	=	0x619a
                           00619B   918 _RXFIFOCNT	=	0x619b
                           00619C   919 _TXFIFOCNT	=	0x619c
                           00619D   920 _RXFIRST_PTR	=	0x619d
                           00619E   921 _RXLAST_PTR	=	0x619e
                           00619F   922 _RXP1_PTR	=	0x619f
                           0061A1   923 _TXFIRST_PTR	=	0x61a1
                           0061A2   924 _TXLAST_PTR	=	0x61a2
                           0061A3   925 _RFIRQM0	=	0x61a3
                           0061A4   926 _RFIRQM1	=	0x61a4
                           0061A5   927 _RFERRM	=	0x61a5
                           0061A7   928 _RFRND	=	0x61a7
                           0061A8   929 _MDMCTRL0	=	0x61a8
                           0061A9   930 _MDMCTRL1	=	0x61a9
                           0061AA   931 _FREQEST	=	0x61aa
                           0061AB   932 _RXCTRL	=	0x61ab
                           0061AC   933 _FSCTRL	=	0x61ac
                           0061AD   934 _FSCAL0	=	0x61ad
                           0061AE   935 _FSCAL1	=	0x61ae
                           0061AF   936 _FSCAL2	=	0x61af
                           0061B0   937 _FSCAL3	=	0x61b0
                           0061B1   938 _AGCCTRL0	=	0x61b1
                           0061B2   939 _AGCCTRL1	=	0x61b2
                           0061B3   940 _AGCCTRL2	=	0x61b3
                           0061B4   941 _AGCCTRL3	=	0x61b4
                           0061B5   942 _ADCTEST0	=	0x61b5
                           0061B6   943 _ADCTEST1	=	0x61b6
                           0061B7   944 _ADCTEST2	=	0x61b7
                           0061B8   945 _MDMTEST0	=	0x61b8
                           0061B9   946 _MDMTEST1	=	0x61b9
                           0061BA   947 _DACTEST0	=	0x61ba
                           0061BB   948 _DACTEST1	=	0x61bb
                           0061BC   949 _DACTEST2	=	0x61bc
                           0061BD   950 _ATEST	=	0x61bd
                           0061BE   951 _PTEST0	=	0x61be
                           0061BF   952 _PTEST1	=	0x61bf
                           0061FA   953 _TXFILTCFG	=	0x61fa
                           0061EB   954 _RFC_OBS_CTRL0	=	0x61eb
                           0061EC   955 _RFC_OBS_CTRL1	=	0x61ec
                           0061ED   956 _RFC_OBS_CTRL2	=	0x61ed
                           0061C0   957 _CSPPROG0	=	0x61c0
                           0061C1   958 _CSPPROG1	=	0x61c1
                           0061C2   959 _CSPPROG2	=	0x61c2
                           0061C3   960 _CSPPROG3	=	0x61c3
                           0061C4   961 _CSPPROG4	=	0x61c4
                           0061C5   962 _CSPPROG5	=	0x61c5
                           0061C6   963 _CSPPROG6	=	0x61c6
                           0061C7   964 _CSPPROG7	=	0x61c7
                           0061C8   965 _CSPPROG8	=	0x61c8
                           0061C9   966 _CSPPROG9	=	0x61c9
                           0061CA   967 _CSPPROG10	=	0x61ca
                           0061CB   968 _CSPPROG11	=	0x61cb
                           0061CC   969 _CSPPROG12	=	0x61cc
                           0061CD   970 _CSPPROG13	=	0x61cd
                           0061CE   971 _CSPPROG14	=	0x61ce
                           0061CF   972 _CSPPROG15	=	0x61cf
                           0061D0   973 _CSPPROG16	=	0x61d0
                           0061D1   974 _CSPPROG17	=	0x61d1
                           0061D2   975 _CSPPROG18	=	0x61d2
                           0061D3   976 _CSPPROG19	=	0x61d3
                           0061D4   977 _CSPPROG20	=	0x61d4
                           0061D5   978 _CSPPROG21	=	0x61d5
                           0061D6   979 _CSPPROG22	=	0x61d6
                           0061D7   980 _CSPPROG23	=	0x61d7
                           0061E0   981 _CSPCTRL	=	0x61e0
                           0061E1   982 _CSPSTAT	=	0x61e1
                           0061E2   983 _CSPX	=	0x61e2
                           0061E3   984 _CSPY	=	0x61e3
                           0061E4   985 _CSPZ	=	0x61e4
                           0061E5   986 _CSPT	=	0x61e5
                           006200   987 _USBADDR	=	0x6200
                           006201   988 _USBPOW	=	0x6201
                           006202   989 _USBIIF	=	0x6202
                           006204   990 _USBOIF	=	0x6204
                           006206   991 _USBCIF	=	0x6206
                           006207   992 _USBIIE	=	0x6207
                           006209   993 _USBOIE	=	0x6209
                           00620B   994 _USBCIE	=	0x620b
                           00620C   995 _USBFRML	=	0x620c
                           00620D   996 _USBFRMH	=	0x620d
                           00620E   997 _USBINDEX	=	0x620e
                           00620F   998 _USBCTRL	=	0x620f
                           006210   999 _USBMAXI	=	0x6210
                           006211  1000 _USBCS0	=	0x6211
                           006211  1001 _USBCSIL	=	0x6211
                           006212  1002 _USBCSIH	=	0x6212
                           006213  1003 _USBMAXO	=	0x6213
                           006214  1004 _USBCSOL	=	0x6214
                           006215  1005 _USBCSOH	=	0x6215
                           006216  1006 _USBCNT0	=	0x6216
                           006216  1007 _USBCNTL	=	0x6216
                           006217  1008 _USBCNTH	=	0x6217
                           006220  1009 _USBF0	=	0x6220
                           006222  1010 _USBF1	=	0x6222
                           006224  1011 _USBF2	=	0x6224
                           006226  1012 _USBF3	=	0x6226
                           006228  1013 _USBF4	=	0x6228
                           00622A  1014 _USBF5	=	0x622a
                           007080  1015 _X_P0	=	0x7080
                           007086  1016 _X_U0CSR	=	0x7086
                           007089  1017 _X_P0IFG	=	0x7089
                           00708A  1018 _X_P1IFG	=	0x708a
                           00708B  1019 _X_P2IFG	=	0x708b
                           00708C  1020 _X_PICTL	=	0x708c
                           00708D  1021 _X_P1IEN	=	0x708d
                           00708F  1022 _X_P0INP	=	0x708f
                           007090  1023 _X_P1	=	0x7090
                           007091  1024 _X_RFIRQF1	=	0x7091
                           007093  1025 _X_MPAGE	=	0x7093
                           007093  1026 _X__XPAGE	=	0x7093
                           007094  1027 _X_T2CTRL	=	0x7094
                           007095  1028 _X_ST0	=	0x7095
                           007096  1029 _X_ST1	=	0x7096
                           007097  1030 _X_ST2	=	0x7097
                           00709C  1031 _X_T2EVTCFG	=	0x709c
                           00709D  1032 _X_SLEEPSTA	=	0x709d
                           00709E  1033 _X_CLKCONSTA	=	0x709e
                           00709F  1034 _X_FMAP	=	0x709f
                           00709F  1035 _X_PSBANK	=	0x709f
                           0070A0  1036 _X_P2	=	0x70a0
                           0070A1  1037 _X_T2IRQF	=	0x70a1
                           0070A2  1038 _X_T2M0	=	0x70a2
                           0070A3  1039 _X_T2M1	=	0x70a3
                           0070A4  1040 _X_T2MOVF0	=	0x70a4
                           0070A5  1041 _X_T2MOVF1	=	0x70a5
                           0070A6  1042 _X_T2MOVF2	=	0x70a6
                           0070A7  1043 _X_T2IRQM	=	0x70a7
                           0070AB  1044 _X_P0IEN	=	0x70ab
                           0070AC  1045 _X_P2IEN	=	0x70ac
                           0070AD  1046 _X_STLOAD	=	0x70ad
                           0070AE  1047 _X_PMUX	=	0x70ae
                           0070AF  1048 _X_T1STAT	=	0x70af
                           0070B1  1049 _X_ENCDI	=	0x70b1
                           0070B2  1050 _X_ENCDO	=	0x70b2
                           0070B3  1051 _X_ENCCS	=	0x70b3
                           0070B4  1052 _X_ADCCON1	=	0x70b4
                           0070B5  1053 _X_ADCCON2	=	0x70b5
                           0070B6  1054 _X_ADCCON3	=	0x70b6
                           0070BA  1055 _X_ADCL	=	0x70ba
                           0070BB  1056 _X_ADCH	=	0x70bb
                           0070BC  1057 _X_RNDL	=	0x70bc
                           0070BD  1058 _X_RNDH	=	0x70bd
                           0070BE  1059 _X_SLEEPCMD	=	0x70be
                           0070BF  1060 _X_RFERRF	=	0x70bf
                           0070C1  1061 _X_U0DBUF	=	0x70c1
                           0070C2  1062 _X_U0BAUD	=	0x70c2
                           0070C3  1063 _X_T2MSEL	=	0x70c3
                           0070C4  1064 _X_U0UCR	=	0x70c4
                           0070C5  1065 _X_U0GCR	=	0x70c5
                           0070C6  1066 _X_CLKCONCMD	=	0x70c6
                           0070C7  1067 _X_MEMCTR	=	0x70c7
                           0070C9  1068 _X_WDCTL	=	0x70c9
                           0070CA  1069 _X_T3CNT	=	0x70ca
                           0070CB  1070 _X_T3CTL	=	0x70cb
                           0070CC  1071 _X_T3CCTL0	=	0x70cc
                           0070CD  1072 _X_T3CC0	=	0x70cd
                           0070CE  1073 _X_T3CCTL1	=	0x70ce
                           0070CF  1074 _X_T3CC1	=	0x70cf
                           0070D1  1075 _X_DMAIRQ	=	0x70d1
                           0070D2  1076 _X_DMA1CFGL	=	0x70d2
                           0070D3  1077 _X_DMA1CFGH	=	0x70d3
                           0070D4  1078 _X_DMA0CFGL	=	0x70d4
                           0070D5  1079 _X_DMA0CFGH	=	0x70d5
                           0070D6  1080 _X_DMAARM	=	0x70d6
                           0070D7  1081 _X_DMAREQ	=	0x70d7
                           0070D8  1082 _X_TIMIF	=	0x70d8
                           0070D9  1083 _X_RFD	=	0x70d9
                           0070DA  1084 _X_T1CC0L	=	0x70da
                           0070DB  1085 _X_T1CC0H	=	0x70db
                           0070DC  1086 _X_T1CC1L	=	0x70dc
                           0070DD  1087 _X_T1CC1H	=	0x70dd
                           0070DE  1088 _X_T1CC2L	=	0x70de
                           0070DF  1089 _X_T1CC2H	=	0x70df
                           0070E1  1090 _X_RFST	=	0x70e1
                           0070E2  1091 _X_T1CNTL	=	0x70e2
                           0070E3  1092 _X_T1CNTH	=	0x70e3
                           0070E4  1093 _X_T1CTL	=	0x70e4
                           0070E5  1094 _X_T1CCTL0	=	0x70e5
                           0070E6  1095 _X_T1CCTL1	=	0x70e6
                           0070E7  1096 _X_T1CCTL2	=	0x70e7
                           0070E9  1097 _X_RFIRQF0	=	0x70e9
                           0070EA  1098 _X_T4CNT	=	0x70ea
                           0070EB  1099 _X_T4CTL	=	0x70eb
                           0070EC  1100 _X_T4CCTL0	=	0x70ec
                           0070ED  1101 _X_T4CC0	=	0x70ed
                           0070EE  1102 _X_T4CCTL1	=	0x70ee
                           0070EF  1103 _X_T4CC1	=	0x70ef
                           0070F1  1104 _X_PERCFG	=	0x70f1
                           0070F2  1105 _X_APCFG	=	0x70f2
                           0070F3  1106 _X_P0SEL	=	0x70f3
                           0070F4  1107 _X_P1SEL	=	0x70f4
                           0070F5  1108 _X_P2SEL	=	0x70f5
                           0070F6  1109 _X_P1INP	=	0x70f6
                           0070F7  1110 _X_P2INP	=	0x70f7
                           0070F8  1111 _X_U1CSR	=	0x70f8
                           0070F9  1112 _X_U1DBUF	=	0x70f9
                           0070FA  1113 _X_U1BAUD	=	0x70fa
                           0070FB  1114 _X_U1UCR	=	0x70fb
                           0070FC  1115 _X_U1GCR	=	0x70fc
                           0070FD  1116 _X_P0DIR	=	0x70fd
                           0070FE  1117 _X_P1DIR	=	0x70fe
                           0070FF  1118 _X_P2DIR	=	0x70ff
                           007800  1119 _X_INFOPAGE	=	0x7800
                           00780C  1120 _X_IEEE_ADDR	=	0x780c
                                   1121 ;--------------------------------------------------------
                                   1122 ; absolute external ram data
                                   1123 ;--------------------------------------------------------
                                   1124 	.area XABS    (ABS,XDATA)
                                   1125 ;--------------------------------------------------------
                                   1126 ; external initialized ram data
                                   1127 ;--------------------------------------------------------
                                   1128 	.area XISEG   (XDATA)
                                   1129 	.area HOME    (CODE)
                                   1130 	.area GSINIT0 (CODE)
                                   1131 	.area GSINIT1 (CODE)
                                   1132 	.area GSINIT2 (CODE)
                                   1133 	.area GSINIT3 (CODE)
                                   1134 	.area GSINIT4 (CODE)
                                   1135 	.area GSINIT5 (CODE)
                                   1136 	.area GSINIT  (CODE)
                                   1137 	.area GSFINAL (CODE)
                                   1138 	.area CSEG    (CODE)
                                   1139 ;--------------------------------------------------------
                                   1140 ; global & static initialisations
                                   1141 ;--------------------------------------------------------
                                   1142 	.area HOME    (CODE)
                                   1143 	.area GSINIT  (CODE)
                                   1144 	.area GSFINAL (CODE)
                                   1145 	.area GSINIT  (CODE)
                                   1146 ;--------------------------------------------------------
                                   1147 ; Home
                                   1148 ;--------------------------------------------------------
                                   1149 	.area HOME    (CODE)
                                   1150 	.area HOME    (CODE)
                                   1151 ;--------------------------------------------------------
                                   1152 ; code
                                   1153 ;--------------------------------------------------------
                                   1154 	.area BANK1   (CODE)
                                   1155 ;------------------------------------------------------------
                                   1156 ;Allocation info for local variables in function 'recv_from_broadcast'
                                   1157 ;------------------------------------------------------------
                                   1158 ;from                      Allocated to stack - sp -5
                                   1159 ;broadcast                 Allocated to registers r5 r6 r7 
                                   1160 ;c                         Allocated to registers r5 r6 r7 
                                   1161 ;------------------------------------------------------------
                                   1162 ;	/opt/contiki/core/net/rime/unicast.c:65: recv_from_broadcast(struct broadcast_conn *broadcast, const linkaddr_t *from)
                                   1163 ;	-----------------------------------------
                                   1164 ;	 function recv_from_broadcast
                                   1165 ;	-----------------------------------------
      000000                       1166 _recv_from_broadcast:
                           000007  1167 	ar7 = 0x07
                           000006  1168 	ar6 = 0x06
                           000005  1169 	ar5 = 0x05
                           000004  1170 	ar4 = 0x04
                           000003  1171 	ar3 = 0x03
                           000002  1172 	ar2 = 0x02
                           000001  1173 	ar1 = 0x01
                           000000  1174 	ar0 = 0x00
      000000 AD 82            [24] 1175 	mov	r5,dpl
      000002 AE 83            [24] 1176 	mov	r6,dph
      000004 AF F0            [24] 1177 	mov	r7,b
                                   1178 ;	/opt/contiki/core/net/rime/unicast.c:67: struct unicast_conn *c = (struct unicast_conn *)broadcast;
                                   1179 ;	/opt/contiki/core/net/rime/unicast.c:73: if(linkaddr_cmp(packetbuf_addr(PACKETBUF_ADDR_RECEIVER), &linkaddr_node_addr)) {
      000006 75 82 1B         [24] 1180 	mov	dpl,#0x1B
      000009 C0 07            [24] 1181 	push	ar7
      00000B C0 06            [24] 1182 	push	ar6
      00000D C0 05            [24] 1183 	push	ar5
      00000F 78r00            [12] 1184 	mov	r0,#_packetbuf_addr
      000011 79s00            [12] 1185 	mov	r1,#(_packetbuf_addr >> 8)
      000013 7As00            [12] 1186 	mov	r2,#(_packetbuf_addr >> 16)
      000015 12r00r00         [24] 1187 	lcall	__sdcc_banked_call
      000018 AA 82            [24] 1188 	mov	r2,dpl
      00001A AB 83            [24] 1189 	mov	r3,dph
      00001C AC F0            [24] 1190 	mov	r4,b
      00001E 74r00            [12] 1191 	mov	a,#_linkaddr_node_addr
      000020 C0 E0            [24] 1192 	push	acc
      000022 74s00            [12] 1193 	mov	a,#(_linkaddr_node_addr >> 8)
      000024 C0 E0            [24] 1194 	push	acc
      000026 E4               [12] 1195 	clr	a
      000027 C0 E0            [24] 1196 	push	acc
      000029 8A 82            [24] 1197 	mov	dpl,r2
      00002B 8B 83            [24] 1198 	mov	dph,r3
      00002D 8C F0            [24] 1199 	mov	b,r4
      00002F 78r00            [12] 1200 	mov	r0,#_linkaddr_cmp
      000031 79s00            [12] 1201 	mov	r1,#(_linkaddr_cmp >> 8)
      000033 7As00            [12] 1202 	mov	r2,#(_linkaddr_cmp >> 16)
      000035 12r00r00         [24] 1203 	lcall	__sdcc_banked_call
      000038 AB 82            [24] 1204 	mov	r3,dpl
      00003A AC 83            [24] 1205 	mov	r4,dph
      00003C 15 81            [12] 1206 	dec	sp
      00003E 15 81            [12] 1207 	dec	sp
      000040 15 81            [12] 1208 	dec	sp
      000042 D0 05            [24] 1209 	pop	ar5
      000044 D0 06            [24] 1210 	pop	ar6
      000046 D0 07            [24] 1211 	pop	ar7
      000048 EB               [12] 1212 	mov	a,r3
      000049 4C               [12] 1213 	orl	a,r4
      00004A 60 6C            [24] 1214 	jz	00105$
                                   1215 ;	/opt/contiki/core/net/rime/unicast.c:74: if(c->u->recv) {
      00004C 74 0F            [12] 1216 	mov	a,#0x0F
      00004E 2D               [12] 1217 	add	a,r5
      00004F FA               [12] 1218 	mov	r2,a
      000050 E4               [12] 1219 	clr	a
      000051 3E               [12] 1220 	addc	a,r6
      000052 FB               [12] 1221 	mov	r3,a
      000053 8F 04            [24] 1222 	mov	ar4,r7
      000055 8A 82            [24] 1223 	mov	dpl,r2
      000057 8B 83            [24] 1224 	mov	dph,r3
      000059 8C F0            [24] 1225 	mov	b,r4
      00005B 12r00r00         [24] 1226 	lcall	__gptrget
      00005E FA               [12] 1227 	mov	r2,a
      00005F A3               [24] 1228 	inc	dptr
      000060 12r00r00         [24] 1229 	lcall	__gptrget
      000063 FB               [12] 1230 	mov	r3,a
      000064 A3               [24] 1231 	inc	dptr
      000065 12r00r00         [24] 1232 	lcall	__gptrget
      000068 FC               [12] 1233 	mov	r4,a
      000069 8A 82            [24] 1234 	mov	dpl,r2
      00006B 8B 83            [24] 1235 	mov	dph,r3
      00006D 8C F0            [24] 1236 	mov	b,r4
      00006F 12r00r00         [24] 1237 	lcall	__gptrget
      000072 FA               [12] 1238 	mov	r2,a
      000073 A3               [24] 1239 	inc	dptr
      000074 12r00r00         [24] 1240 	lcall	__gptrget
      000077 FB               [12] 1241 	mov	r3,a
      000078 A3               [24] 1242 	inc	dptr
      000079 12r00r00         [24] 1243 	lcall	__gptrget
      00007C FC               [12] 1244 	mov	r4,a
      00007D EA               [12] 1245 	mov	a,r2
      00007E 4B               [12] 1246 	orl	a,r3
      00007F 60 37            [24] 1247 	jz	00105$
                                   1248 ;	/opt/contiki/core/net/rime/unicast.c:75: c->u->recv(c, from);
      000081 C0 04            [24] 1249 	push	ar4
      000083 C0 03            [24] 1250 	push	ar3
      000085 C0 02            [24] 1251 	push	ar2
      000087 E5 81            [12] 1252 	mov	a,sp
      000089 24 F8            [12] 1253 	add	a,#0xf8
      00008B F8               [12] 1254 	mov	r0,a
      00008C E6               [12] 1255 	mov	a,@r0
      00008D C0 E0            [24] 1256 	push	acc
      00008F 08               [12] 1257 	inc	r0
      000090 E6               [12] 1258 	mov	a,@r0
      000091 C0 E0            [24] 1259 	push	acc
      000093 08               [12] 1260 	inc	r0
      000094 E6               [12] 1261 	mov	a,@r0
      000095 C0 E0            [24] 1262 	push	acc
      000097 C0 02            [24] 1263 	push	ar2
      000099 C0 03            [24] 1264 	push	ar3
      00009B C0 04            [24] 1265 	push	ar4
      00009D 8D 82            [24] 1266 	mov	dpl,r5
      00009F 8E 83            [24] 1267 	mov	dph,r6
      0000A1 8F F0            [24] 1268 	mov	b,r7
      0000A3 D0 02            [24] 1269 	pop	ar2
      0000A5 D0 01            [24] 1270 	pop	ar1
      0000A7 D0 00            [24] 1271 	pop	ar0
      0000A9 12r00r00         [24] 1272 	lcall	__sdcc_banked_call
      0000AC 15 81            [12] 1273 	dec	sp
      0000AE 15 81            [12] 1274 	dec	sp
      0000B0 15 81            [12] 1275 	dec	sp
      0000B2 D0 02            [24] 1276 	pop	ar2
      0000B4 D0 03            [24] 1277 	pop	ar3
      0000B6 D0 04            [24] 1278 	pop	ar4
      0000B8                       1279 00105$:
      0000B8 02r00r00         [24] 1280 	ljmp	__sdcc_banked_ret
                                   1281 ;------------------------------------------------------------
                                   1282 ;Allocation info for local variables in function 'sent_by_broadcast'
                                   1283 ;------------------------------------------------------------
                                   1284 ;status                    Allocated to stack - sp -4
                                   1285 ;num_tx                    Allocated to stack - sp -6
                                   1286 ;broadcast                 Allocated to registers r5 r6 r7 
                                   1287 ;c                         Allocated to registers r5 r6 r7 
                                   1288 ;------------------------------------------------------------
                                   1289 ;	/opt/contiki/core/net/rime/unicast.c:81: sent_by_broadcast(struct broadcast_conn *broadcast, int status, int num_tx)
                                   1290 ;	-----------------------------------------
                                   1291 ;	 function sent_by_broadcast
                                   1292 ;	-----------------------------------------
      0000BB                       1293 _sent_by_broadcast:
      0000BB AD 82            [24] 1294 	mov	r5,dpl
      0000BD AE 83            [24] 1295 	mov	r6,dph
      0000BF AF F0            [24] 1296 	mov	r7,b
                                   1297 ;	/opt/contiki/core/net/rime/unicast.c:83: struct unicast_conn *c = (struct unicast_conn *)broadcast;
                                   1298 ;	/opt/contiki/core/net/rime/unicast.c:90: if(c->u->sent) {
      0000C1 74 0F            [12] 1299 	mov	a,#0x0F
      0000C3 2D               [12] 1300 	add	a,r5
      0000C4 FA               [12] 1301 	mov	r2,a
      0000C5 E4               [12] 1302 	clr	a
      0000C6 3E               [12] 1303 	addc	a,r6
      0000C7 FB               [12] 1304 	mov	r3,a
      0000C8 8F 04            [24] 1305 	mov	ar4,r7
      0000CA 8A 82            [24] 1306 	mov	dpl,r2
      0000CC 8B 83            [24] 1307 	mov	dph,r3
      0000CE 8C F0            [24] 1308 	mov	b,r4
      0000D0 12r00r00         [24] 1309 	lcall	__gptrget
      0000D3 FA               [12] 1310 	mov	r2,a
      0000D4 A3               [24] 1311 	inc	dptr
      0000D5 12r00r00         [24] 1312 	lcall	__gptrget
      0000D8 FB               [12] 1313 	mov	r3,a
      0000D9 A3               [24] 1314 	inc	dptr
      0000DA 12r00r00         [24] 1315 	lcall	__gptrget
      0000DD FC               [12] 1316 	mov	r4,a
      0000DE 74 03            [12] 1317 	mov	a,#0x03
      0000E0 2A               [12] 1318 	add	a,r2
      0000E1 FA               [12] 1319 	mov	r2,a
      0000E2 E4               [12] 1320 	clr	a
      0000E3 3B               [12] 1321 	addc	a,r3
      0000E4 FB               [12] 1322 	mov	r3,a
      0000E5 8A 82            [24] 1323 	mov	dpl,r2
      0000E7 8B 83            [24] 1324 	mov	dph,r3
      0000E9 8C F0            [24] 1325 	mov	b,r4
      0000EB 12r00r00         [24] 1326 	lcall	__gptrget
      0000EE FA               [12] 1327 	mov	r2,a
      0000EF A3               [24] 1328 	inc	dptr
      0000F0 12r00r00         [24] 1329 	lcall	__gptrget
      0000F3 FB               [12] 1330 	mov	r3,a
      0000F4 A3               [24] 1331 	inc	dptr
      0000F5 12r00r00         [24] 1332 	lcall	__gptrget
      0000F8 FC               [12] 1333 	mov	r4,a
      0000F9 EA               [12] 1334 	mov	a,r2
      0000FA 4B               [12] 1335 	orl	a,r3
      0000FB 60 3F            [24] 1336 	jz	00103$
                                   1337 ;	/opt/contiki/core/net/rime/unicast.c:91: c->u->sent(c, status, num_tx);
      0000FD C0 04            [24] 1338 	push	ar4
      0000FF C0 03            [24] 1339 	push	ar3
      000101 C0 02            [24] 1340 	push	ar2
      000103 E5 81            [12] 1341 	mov	a,sp
      000105 24 F7            [12] 1342 	add	a,#0xf7
      000107 F8               [12] 1343 	mov	r0,a
      000108 E6               [12] 1344 	mov	a,@r0
      000109 C0 E0            [24] 1345 	push	acc
      00010B 08               [12] 1346 	inc	r0
      00010C E6               [12] 1347 	mov	a,@r0
      00010D C0 E0            [24] 1348 	push	acc
      00010F E5 81            [12] 1349 	mov	a,sp
      000111 24 F7            [12] 1350 	add	a,#0xf7
      000113 F8               [12] 1351 	mov	r0,a
      000114 E6               [12] 1352 	mov	a,@r0
      000115 C0 E0            [24] 1353 	push	acc
      000117 08               [12] 1354 	inc	r0
      000118 E6               [12] 1355 	mov	a,@r0
      000119 C0 E0            [24] 1356 	push	acc
      00011B C0 02            [24] 1357 	push	ar2
      00011D C0 03            [24] 1358 	push	ar3
      00011F C0 04            [24] 1359 	push	ar4
      000121 8D 82            [24] 1360 	mov	dpl,r5
      000123 8E 83            [24] 1361 	mov	dph,r6
      000125 8F F0            [24] 1362 	mov	b,r7
      000127 D0 02            [24] 1363 	pop	ar2
      000129 D0 01            [24] 1364 	pop	ar1
      00012B D0 00            [24] 1365 	pop	ar0
      00012D 12r00r00         [24] 1366 	lcall	__sdcc_banked_call
      000130 E5 81            [12] 1367 	mov	a,sp
      000132 24 FC            [12] 1368 	add	a,#0xfc
      000134 F5 81            [12] 1369 	mov	sp,a
      000136 D0 02            [24] 1370 	pop	ar2
      000138 D0 03            [24] 1371 	pop	ar3
      00013A D0 04            [24] 1372 	pop	ar4
      00013C                       1373 00103$:
      00013C 02r00r00         [24] 1374 	ljmp	__sdcc_banked_ret
                                   1375 ;------------------------------------------------------------
                                   1376 ;Allocation info for local variables in function 'unicast_open'
                                   1377 ;------------------------------------------------------------
                                   1378 ;channel                   Allocated to stack - sp -4
                                   1379 ;u                         Allocated to stack - sp -7
                                   1380 ;c                         Allocated to registers r5 r6 r7 
                                   1381 ;------------------------------------------------------------
                                   1382 ;	/opt/contiki/core/net/rime/unicast.c:99: unicast_open(struct unicast_conn *c, uint16_t channel,
                                   1383 ;	-----------------------------------------
                                   1384 ;	 function unicast_open
                                   1385 ;	-----------------------------------------
      00013F                       1386 _unicast_open:
      00013F AD 82            [24] 1387 	mov	r5,dpl
      000141 AE 83            [24] 1388 	mov	r6,dph
      000143 AF F0            [24] 1389 	mov	r7,b
                                   1390 ;	/opt/contiki/core/net/rime/unicast.c:102: broadcast_open(&c->c, channel, &uc);
      000145 C0 07            [24] 1391 	push	ar7
      000147 C0 06            [24] 1392 	push	ar6
      000149 C0 05            [24] 1393 	push	ar5
      00014B 74r06            [12] 1394 	mov	a,#_uc
      00014D C0 E0            [24] 1395 	push	acc
      00014F 74s00            [12] 1396 	mov	a,#(_uc >> 8)
      000151 C0 E0            [24] 1397 	push	acc
      000153 74 80            [12] 1398 	mov	a,#0x80
      000155 C0 E0            [24] 1399 	push	acc
      000157 E5 81            [12] 1400 	mov	a,sp
      000159 24 F6            [12] 1401 	add	a,#0xf6
      00015B F8               [12] 1402 	mov	r0,a
      00015C E6               [12] 1403 	mov	a,@r0
      00015D C0 E0            [24] 1404 	push	acc
      00015F 08               [12] 1405 	inc	r0
      000160 E6               [12] 1406 	mov	a,@r0
      000161 C0 E0            [24] 1407 	push	acc
      000163 8D 82            [24] 1408 	mov	dpl,r5
      000165 8E 83            [24] 1409 	mov	dph,r6
      000167 8F F0            [24] 1410 	mov	b,r7
      000169 78r00            [12] 1411 	mov	r0,#_broadcast_open
      00016B 79s00            [12] 1412 	mov	r1,#(_broadcast_open >> 8)
      00016D 7As00            [12] 1413 	mov	r2,#(_broadcast_open >> 16)
      00016F 12r00r00         [24] 1414 	lcall	__sdcc_banked_call
      000172 E5 81            [12] 1415 	mov	a,sp
      000174 24 FB            [12] 1416 	add	a,#0xfb
      000176 F5 81            [12] 1417 	mov	sp,a
      000178 D0 05            [24] 1418 	pop	ar5
      00017A D0 06            [24] 1419 	pop	ar6
      00017C D0 07            [24] 1420 	pop	ar7
                                   1421 ;	/opt/contiki/core/net/rime/unicast.c:103: c->u = u;
      00017E 74 0F            [12] 1422 	mov	a,#0x0F
      000180 2D               [12] 1423 	add	a,r5
      000181 FD               [12] 1424 	mov	r5,a
      000182 E4               [12] 1425 	clr	a
      000183 3E               [12] 1426 	addc	a,r6
      000184 FE               [12] 1427 	mov	r6,a
      000185 8D 82            [24] 1428 	mov	dpl,r5
      000187 8E 83            [24] 1429 	mov	dph,r6
      000189 8F F0            [24] 1430 	mov	b,r7
      00018B E5 81            [12] 1431 	mov	a,sp
      00018D 24 F9            [12] 1432 	add	a,#0xf9
      00018F F8               [12] 1433 	mov	r0,a
      000190 E6               [12] 1434 	mov	a,@r0
      000191 12r00r00         [24] 1435 	lcall	__gptrput
      000194 A3               [24] 1436 	inc	dptr
      000195 08               [12] 1437 	inc	r0
      000196 E6               [12] 1438 	mov	a,@r0
      000197 12r00r00         [24] 1439 	lcall	__gptrput
      00019A A3               [24] 1440 	inc	dptr
      00019B 08               [12] 1441 	inc	r0
      00019C E6               [12] 1442 	mov	a,@r0
      00019D 12r00r00         [24] 1443 	lcall	__gptrput
                                   1444 ;	/opt/contiki/core/net/rime/unicast.c:104: channel_set_attributes(channel, attributes);
      0001A0 74r00            [12] 1445 	mov	a,#_attributes
      0001A2 C0 E0            [24] 1446 	push	acc
      0001A4 74s00            [12] 1447 	mov	a,#(_attributes >> 8)
      0001A6 C0 E0            [24] 1448 	push	acc
      0001A8 74 80            [12] 1449 	mov	a,#0x80
      0001AA C0 E0            [24] 1450 	push	acc
      0001AC E5 81            [12] 1451 	mov	a,sp
      0001AE 24 F9            [12] 1452 	add	a,#0xf9
      0001B0 F8               [12] 1453 	mov	r0,a
      0001B1 86 82            [24] 1454 	mov	dpl,@r0
      0001B3 08               [12] 1455 	inc	r0
      0001B4 86 83            [24] 1456 	mov	dph,@r0
      0001B6 78r00            [12] 1457 	mov	r0,#_channel_set_attributes
      0001B8 79s00            [12] 1458 	mov	r1,#(_channel_set_attributes >> 8)
      0001BA 7As00            [12] 1459 	mov	r2,#(_channel_set_attributes >> 16)
      0001BC 12r00r00         [24] 1460 	lcall	__sdcc_banked_call
      0001BF 15 81            [12] 1461 	dec	sp
      0001C1 15 81            [12] 1462 	dec	sp
      0001C3 15 81            [12] 1463 	dec	sp
      0001C5 02r00r00         [24] 1464 	ljmp	__sdcc_banked_ret
                                   1465 ;------------------------------------------------------------
                                   1466 ;Allocation info for local variables in function 'unicast_close'
                                   1467 ;------------------------------------------------------------
                                   1468 ;c                         Allocated to registers r5 r6 r7 
                                   1469 ;------------------------------------------------------------
                                   1470 ;	/opt/contiki/core/net/rime/unicast.c:108: unicast_close(struct unicast_conn *c)
                                   1471 ;	-----------------------------------------
                                   1472 ;	 function unicast_close
                                   1473 ;	-----------------------------------------
      0001C8                       1474 _unicast_close:
                                   1475 ;	/opt/contiki/core/net/rime/unicast.c:110: broadcast_close(&c->c);
      0001C8 78r00            [12] 1476 	mov	r0,#_broadcast_close
      0001CA 79s00            [12] 1477 	mov	r1,#(_broadcast_close >> 8)
      0001CC 7As00            [12] 1478 	mov	r2,#(_broadcast_close >> 16)
      0001CE 12r00r00         [24] 1479 	lcall	__sdcc_banked_call
      0001D1 02r00r00         [24] 1480 	ljmp	__sdcc_banked_ret
                                   1481 ;------------------------------------------------------------
                                   1482 ;Allocation info for local variables in function 'unicast_send'
                                   1483 ;------------------------------------------------------------
                                   1484 ;receiver                  Allocated to stack - sp -5
                                   1485 ;c                         Allocated to registers r5 r6 r7 
                                   1486 ;------------------------------------------------------------
                                   1487 ;	/opt/contiki/core/net/rime/unicast.c:114: unicast_send(struct unicast_conn *c, const linkaddr_t *receiver)
                                   1488 ;	-----------------------------------------
                                   1489 ;	 function unicast_send
                                   1490 ;	-----------------------------------------
      0001D4                       1491 _unicast_send:
      0001D4 AD 82            [24] 1492 	mov	r5,dpl
      0001D6 AE 83            [24] 1493 	mov	r6,dph
      0001D8 AF F0            [24] 1494 	mov	r7,b
                                   1495 ;	/opt/contiki/core/net/rime/unicast.c:119: packetbuf_set_addr(PACKETBUF_ADDR_RECEIVER, receiver);
      0001DA C0 07            [24] 1496 	push	ar7
      0001DC C0 06            [24] 1497 	push	ar6
      0001DE C0 05            [24] 1498 	push	ar5
      0001E0 E5 81            [12] 1499 	mov	a,sp
      0001E2 24 F8            [12] 1500 	add	a,#0xf8
      0001E4 F8               [12] 1501 	mov	r0,a
      0001E5 E6               [12] 1502 	mov	a,@r0
      0001E6 C0 E0            [24] 1503 	push	acc
      0001E8 08               [12] 1504 	inc	r0
      0001E9 E6               [12] 1505 	mov	a,@r0
      0001EA C0 E0            [24] 1506 	push	acc
      0001EC 08               [12] 1507 	inc	r0
      0001ED E6               [12] 1508 	mov	a,@r0
      0001EE C0 E0            [24] 1509 	push	acc
      0001F0 75 82 1B         [24] 1510 	mov	dpl,#0x1B
      0001F3 78r00            [12] 1511 	mov	r0,#_packetbuf_set_addr
      0001F5 79s00            [12] 1512 	mov	r1,#(_packetbuf_set_addr >> 8)
      0001F7 7As00            [12] 1513 	mov	r2,#(_packetbuf_set_addr >> 16)
      0001F9 12r00r00         [24] 1514 	lcall	__sdcc_banked_call
      0001FC 15 81            [12] 1515 	dec	sp
      0001FE 15 81            [12] 1516 	dec	sp
      000200 15 81            [12] 1517 	dec	sp
      000202 D0 05            [24] 1518 	pop	ar5
      000204 D0 06            [24] 1519 	pop	ar6
      000206 D0 07            [24] 1520 	pop	ar7
                                   1521 ;	/opt/contiki/core/net/rime/unicast.c:120: return broadcast_send(&c->c);
      000208 8D 82            [24] 1522 	mov	dpl,r5
      00020A 8E 83            [24] 1523 	mov	dph,r6
      00020C 8F F0            [24] 1524 	mov	b,r7
      00020E 78r00            [12] 1525 	mov	r0,#_broadcast_send
      000210 79s00            [12] 1526 	mov	r1,#(_broadcast_send >> 8)
      000212 7As00            [12] 1527 	mov	r2,#(_broadcast_send >> 16)
      000214 12r00r00         [24] 1528 	lcall	__sdcc_banked_call
      000217 AE 82            [24] 1529 	mov	r6,dpl
      000219 AF 83            [24] 1530 	mov  r7,dph
      00021B 02r00r00         [24] 1531 	ljmp	__sdcc_banked_ret
                                   1532 	.area CSEG    (CODE)
                                   1533 	.area CONST   (CODE)
      000000                       1534 _attributes:
      000000 1B                    1535 	.db #0x1B	; 27
      000001 40                    1536 	.db #0x40	; 64
      000002 1A                    1537 	.db #0x1A	; 26
      000003 40                    1538 	.db #0x40	; 64
      000004 00                    1539 	.db #0x00	; 0
      000005 00                    1540 	.db #0x00	; 0
      000006                       1541 _uc:
      000006r00s00s00              1542 	.byte _recv_from_broadcast, (_recv_from_broadcast >> 8), (_recv_from_broadcast >> 16)
      000009rBBs00s00              1543 	.byte _sent_by_broadcast, (_sent_by_broadcast >> 8), (_sent_by_broadcast >> 16)
                                   1544 	.area XINIT   (CODE)
                                   1545 	.area CABS    (ABS,CODE)
